2014/08/25 00:23:18 [I][::1] get /web/home
2014/08/25 00:23:23 [I][::1] access /webmaster/dashboard
2014/08/25 00:23:23 [I][::1] get /webmaster/errorpage
2014/08/25 00:23:24 [I][::1] get /webmaster/login
2014/08/25 00:23:27 [I][::1] post /webmaster/login
2014/08/25 00:23:27 [I][::1] admin logged
2014/08/25 00:23:27 [I][::1] get /webmaster/dashboard
2014/08/25 00:23:28 [I][::1] get /webmaster/setting
2014/08/25 00:23:34 [I][::1] get /webmaster/shop
2014/08/25 00:23:35 [I][::1] get /webmaster/user
2014/08/25 00:23:36 [I][::1] get /webmaster/link
2014/08/25 00:23:37 [I][::1] get /webmaster/article
2014/08/25 00:23:37 [I][::1] get /webmaster/goods
2014/08/25 00:23:39 [I][::1] get /webmaster/goodscategory
2014/08/25 00:23:54 [I][::1] get /webmaster/setting
2014/08/25 01:02:09 [I][::1] access /webmaster/setting
2014/08/25 01:02:09 [I][::1] get /webmaster/errorpage
2014/08/25 01:02:10 [I][::1] get /webmaster/login
2014/08/25 01:02:13 [I][::1] post /webmaster/login
2014/08/25 01:02:13 [I][::1] admin logged
2014/08/25 01:02:13 [I][::1] get /webmaster/dashboard
2014/08/25 01:02:15 [I][::1] get /webmaster/setting
2014/08/25 01:02:17 [I][::1] get /webmaster/setting/gcatpage
2014/08/25 01:02:17 [I][::1] get /webmaster/errorpage
2014/08/25 01:02:24 [I][::1] get /webmaster/setting
2014/08/25 01:02:27 [I][::1] get /webmaster/logout
2014/08/25 01:02:27 [I][::1] admin logged out
2014/08/25 01:02:27 [I][::1] get /webmaster/login
2014/08/25 01:02:30 [I][::1] post /webmaster/login
2014/08/25 01:02:30 [I][::1] admin logged
2014/08/25 01:02:30 [I][::1] get /webmaster/dashboard
2014/08/25 01:02:31 [I][::1] get /webmaster/system
2014/08/25 01:03:26 [I][::1] access /webmaster/setting
2014/08/25 01:03:26 [I][::1] get /webmaster/errorpage
2014/08/25 01:03:27 [I][::1] get /webmaster/login
2014/08/25 01:03:30 [I][::1] post /webmaster/login
2014/08/25 01:03:30 [I][::1] admin logged
2014/08/25 01:03:30 [I][::1] get /webmaster/dashboard
2014/08/25 01:03:31 [I][::1] get /webmaster/system
2014/08/25 01:03:33 [I][::1] get /webmaster/setting
2014/08/25 01:03:35 [I][::1] get /webmaster/setting/gcatpage
2014/08/25 01:03:39 [I][::1] get /webmaster/setting/gcatpage
2014/08/25 01:04:36 [I][::1] get /webmaster/setting/gcatpage
2014/08/25 01:04:46 [I][::1] get /web/home
2014/08/25 01:06:05 [I][::1] get /web/gcat
2014/08/25 01:06:35 [I][::1] get /web/gcat
2014/08/25 01:10:54 [I][::1] post /webmaster/goodscategory/create
2014/08/25 01:10:54 [E]Error 1366: Incorrect integer value: '' for column 'Ordering' at row 1
2014/08/25 01:10:54 [I][::1] get /webmaster/setting/gcatpage
2014/08/25 01:11:00 [I][::1] get /webmaster/setting
2014/08/25 01:11:01 [I][::1] get /webmaster/setting/gcatpage
2014/08/25 01:13:37 [I][::1] access /webmaster/setting
2014/08/25 01:13:37 [I][::1] get /webmaster/errorpage
2014/08/25 01:13:38 [I][::1] get /webmaster/login
2014/08/25 01:13:41 [I][::1] post /webmaster/login
2014/08/25 01:13:41 [I][::1] admin logged
2014/08/25 01:13:41 [I][::1] get /webmaster/dashboard
2014/08/25 01:13:42 [I][::1] get /webmaster/setting
2014/08/25 01:13:44 [I][::1] get /webmaster/setting/gcatpage
2014/08/25 01:14:00 [I][::1] post /webmaster/setting/gcatpage/create
2014/08/25 01:14:00 [I][::1] get /webmaster/setting/gcatpage
2014/08/25 01:14:00 [E]sql: Scan error on column index 2: converting string "/uploads/other/1.png" to a int: strconv.ParseInt: parsing "/uploads/other/1.png": invalid syntax
2014/08/25 01:14:18 [I][::1] get /webmaster/setting/gcatpage
2014/08/25 01:14:18 [E]sql: Scan error on column index 2: converting string "/uploads/other/1.png" to a int: strconv.ParseInt: parsing "/uploads/other/1.png": invalid syntax
2014/08/25 01:14:24 [I][::1] get /webmaster/setting
2014/08/25 01:14:25 [I][::1] get /webmaster/setting/gcatpage
2014/08/25 01:14:25 [E]sql: Scan error on column index 2: converting string "/uploads/other/1.png" to a int: strconv.ParseInt: parsing "/uploads/other/1.png": invalid syntax
2014/08/25 01:16:36 [I][::1] access /webmaster/setting/gcatpage
2014/08/25 01:16:36 [I][::1] get /webmaster/errorpage
2014/08/25 01:16:39 [I][::1] get /webmaster/login
2014/08/25 01:16:43 [I][::1] post /webmaster/login
2014/08/25 01:16:43 [I][::1] root logged
2014/08/25 01:16:43 [I][::1] get /webmaster/dashboard
2014/08/25 01:16:44 [I][::1] get /webmaster/setting
2014/08/25 01:16:45 [I][::1] get /webmaster/setting/gcatpage
2014/08/25 01:16:55 [I][::1] post /webmaster/setting/gcatpage/edit
2014/08/25 01:16:55 [E]Error 1054: Unknown column 'Name' in 'where clause'
2014/08/25 01:16:55 [I][::1] get /webmaster/setting/gcatpage
2014/08/25 01:17:48 [I][::1] access /webmaster/setting/gcatpage
2014/08/25 01:17:48 [I][::1] get /webmaster/errorpage
2014/08/25 01:17:49 [I][::1] get /webmaster/login
2014/08/25 01:17:52 [I][::1] post /webmaster/login
2014/08/25 01:17:52 [I][::1] root logged
2014/08/25 01:17:52 [I][::1] get /webmaster/dashboard
2014/08/25 01:17:53 [I][::1] get /webmaster/setting
2014/08/25 01:17:54 [I][::1] get /webmaster/setting/gcatpage
2014/08/25 01:18:03 [I][::1] post /webmaster/setting/gcatpage/edit
2014/08/25 01:18:03 [I][::1] get /webmaster/setting/gcatpage
2014/08/25 01:18:10 [I][::1] post /webmaster/setting/gcatpage/edit
2014/08/25 01:18:10 [I][::1] get /webmaster/setting/gcatpage
2014/08/25 01:18:16 [I][::1] post /webmaster/setting/gcatpage/create
2014/08/25 01:18:17 [I][::1] get /webmaster/setting/gcatpage
2014/08/25 01:18:19 [I][::1] post /webmaster/setting/gcatpage/delete
2014/08/25 01:18:19 [I][::1] get /webmaster/setting/gcatpage
2014/08/25 01:18:25 [I][::1] get /webmaster/dashboard
2014/08/25 01:28:41 [I][::1] get /web/gcat
2014/08/25 01:28:48 [I][::1] access /webmaster/setting
2014/08/25 01:28:48 [I][::1] get /webmaster/errorpage
2014/08/25 01:28:49 [I][::1] get /webmaster/login
2014/08/25 01:28:52 [I][::1] post /webmaster/login
2014/08/25 01:28:52 [I][::1] admin logged
2014/08/25 01:28:52 [I][::1] get /webmaster/dashboard
2014/08/25 01:28:53 [I][::1] get /webmaster/system
2014/08/25 01:28:53 [I][::1] get /webmaster/setting
2014/08/25 01:28:55 [I][::1] get /webmaster/setting/gcatpage
2014/08/25 01:29:02 [I][::1] post /webmaster/setting/gcatpage/edit
2014/08/25 01:29:02 [I][::1] get /webmaster/setting/gcatpage
2014/08/25 01:29:05 [I][::1] get /web/gcat
2014/08/25 01:29:09 [I][::1] get /web/gcat
2014/08/25 01:29:10 [I][::1] get /web/home
2014/08/25 01:29:11 [I][::1] get /web/gcat
2014/08/25 01:29:12 [I][::1] get /web/gcat
2014/08/25 01:29:12 [E]template: gcat.html:43:50: executing "gcat.html" at <.goodsCategoryInfo.C...>: nil pointer evaluating interface {}.CategoryInfo
2014/08/25 01:29:15 [I][::1] get /web/gcat
2014/08/25 01:29:15 [E]template: gcat.html:43:50: executing "gcat.html" at <.goodsCategoryInfo.C...>: nil pointer evaluating interface {}.CategoryInfo
2014/08/25 01:29:16 [I][::1] get /web/gcat
2014/08/25 01:29:18 [I][::1] get /web/gcat
2014/08/25 01:29:19 [I][::1] get /web/gcat
2014/08/25 01:29:20 [I][::1] get /web/gcat
2014/08/25 01:29:21 [I][::1] get /web/gcat
2014/08/25 01:29:22 [I][::1] get /web/gcat
2014/08/25 01:29:23 [I][::1] get /web/gcat
2014/08/25 01:29:24 [I][::1] get /web/gcat
2014/08/25 01:29:24 [I][::1] get /web/gcat
2014/08/25 01:29:26 [I][::1] get /web/gcat
2014/08/25 01:29:26 [I][::1] get /web/gcat
2014/08/25 01:29:27 [I][::1] get /web/gcat
2014/08/25 01:29:28 [I][::1] get /web/gcat
2014/08/25 01:29:28 [E]template: gcat.html:43:50: executing "gcat.html" at <.goodsCategoryInfo.C...>: nil pointer evaluating interface {}.CategoryInfo
2014/08/25 01:30:59 [I][::1] get /web/gcat
