2014/07/14 00:00:09 [I][::1] get /webmaster/goods/create
2014/07/14 00:00:39 [I][::1] post /webmaster/goods/create
2014/07/14 00:00:39 [E]Error 1366: Incorrect decimal value: '' for column 'Price' at row 1
2014/07/14 00:00:39 [I][::1] get /webmaster/goods/create
2014/07/14 00:01:05 [I][::1] get /webmaster/goods/create
2014/07/14 00:01:17 [I][::1] post /webmaster/goods/create
2014/07/14 00:01:17 [E]Error 1366: Incorrect decimal value: '' for column 'Price' at row 1
2014/07/14 00:01:17 [I][::1] get /webmaster/goods/create
2014/07/14 00:01:19 [I][::1] get /webmaster/goods
2014/07/14 00:01:22 [I][::1] get /webmaster/goods/create
2014/07/14 00:01:30 [I][::1] post /webmaster/goods/create
2014/07/14 00:01:30 [E]Error 1366: Incorrect decimal value: '' for column 'Price' at row 1
2014/07/14 00:01:30 [I][::1] get /webmaster/goods/create
2014/07/14 00:01:32 [I][::1] get /webmaster/goods
2014/07/14 00:01:34 [I][::1] get /webmaster/goods/create
2014/07/14 00:02:05 [I][::1] post /webmaster/goods/create
2014/07/14 00:02:05 [I][::1] get /webmaster/goods/create
2014/07/14 00:02:08 [I][::1] get /webmaster/goods
2014/07/14 00:02:11 [I][::1] post /webmaster/goods/delete
2014/07/14 00:02:11 [I][::1] get /webmaster/goods
2014/07/14 00:12:06 [I][::1] get /webmaster/goods
2014/07/14 00:12:10 [I][::1] get /webmaster/goods/edit
2014/07/14 01:05:52 [I][::1] get /webmaster/goods/edit
2014/07/14 01:07:36 [I][::1] get /webmaster/goods/edit
2014/07/14 01:08:08 [I][::1] get /webmaster/goods/edit
2014/07/14 01:09:30 [I][::1] get /webmaster/goods/edit
2014/07/14 01:12:41 [I][::1] get /webmaster/goods/edit
2014/07/14 01:13:15 [I][::1] get /webmaster/goods/edit
2014/07/14 01:13:48 [I][::1] get /webmaster/goods/edit
2014/07/14 01:14:36 [I][::1] get /webmaster/goods/edit
2014/07/14 01:15:00 [I][::1] get /webmaster/goods/edit
2014/07/14 01:15:37 [I][::1] get /webmaster/goods/edit
2014/07/14 01:15:42 [I][::1] post /webmaster/goods/edit
2014/07/14 01:15:42 [I][::1] get /webmaster/goods/edit
2014/07/14 01:15:44 [I][::1] get /webmaster/goods
2014/07/14 01:15:48 [I][::1] get /webmaster/goods/edit
2014/07/14 01:15:54 [I][::1] post /webmaster/goods/edit
2014/07/14 01:15:54 [I][::1] get /webmaster/goods/edit
2014/07/14 01:15:57 [I][::1] get /webmaster/goods
