2014/07/29 01:22:58 [I][::1] access /webmaster/dashboard
2014/07/29 01:22:58 [I][::1] get /webmaster/errorpage
2014/07/29 01:23:08 [I][::1] access /webmaster/dashboard
2014/07/29 01:23:08 [I][::1] get /webmaster/errorpage
2014/07/29 01:23:18 [I][::1] get /webmaster/login
2014/07/29 01:23:24 [I][::1] post /webmaster/login
2014/07/29 01:23:24 [I][::1] admin logged
2014/07/29 01:23:24 [I][::1] get /webmaster/dashboard
2014/07/29 01:23:30 [I][::1] post /webmaster/shop
2014/07/29 01:23:30 [I][::1] post /webmaster/shop
2014/07/29 01:23:30 [I][::1] post /webmaster/shop
2014/07/29 01:23:30 [I][::1] post /webmaster/shop
2014/07/29 01:23:57 [I][::1] post /webmaster/shop
2014/07/29 01:23:58 [I][::1] post /webmaster/shop
2014/07/29 01:27:09 [I][::1] post /webmaster/shop
2014/07/29 01:27:09 [I][::1] post /webmaster/shop
2014/07/29 01:27:10 [I][::1] post /webmaster/shop
2014/07/29 01:29:12 [I][::1] access /webmaster/shop
2014/07/29 01:29:12 [I][::1] get /webmaster/errorpage
2014/07/29 01:29:16 [I][::1] get /webmaster/login
2014/07/29 01:29:20 [I][::1] post /webmaster/login
2014/07/29 01:29:20 [I][::1] admin logged
2014/07/29 01:29:20 [I][::1] get /webmaster/dashboard
2014/07/29 01:29:24 [I][::1] get /webmaster/shop
2014/07/29 01:29:31 [I][::1] get /webmaster/user/create
2014/07/29 01:37:48 [I][::1] get /webmaster/shop
2014/07/29 01:38:03 [I][::1] get /webmaster/shop
2014/07/29 01:38:22 [I][::1] get /webmaster/shop
2014/07/29 01:38:26 [I][::1] get /webmaster/shop
2014/07/29 01:38:27 [I][::1] get /webmaster/user/create
2014/07/29 01:38:30 [I][::1] get /webmaster/shop
2014/07/29 01:38:35 [I][::1] get /webmaster/link
2014/07/29 01:38:35 [I][::1] get /webmaster/article
2014/07/29 01:38:36 [I][::1] get /webmaster/setting
2014/07/29 01:38:37 [I][::1] get /webmaster/shop
2014/07/29 13:36:12 [I][::1] access /webmaster/dashboard
2014/07/29 13:36:12 [I][::1] get /webmaster/errorpage
2014/07/29 13:36:14 [I][::1] get /webmaster/login
2014/07/29 13:36:17 [I][::1] post /webmaster/login
2014/07/29 13:36:17 [I][::1] admin logged
2014/07/29 13:36:17 [I][::1] get /webmaster/dashboard
2014/07/29 13:36:18 [I][::1] get /webmaster/shop
2014/07/29 13:36:20 [I][::1] get /webmaster/setting
2014/07/29 13:36:20 [I][::1] get /webmaster/system
2014/07/29 13:36:21 [I][::1] get /webmaster/shop
2014/07/29 13:36:21 [I][::1] get /webmaster/system
2014/07/29 13:36:22 [I][::1] get /webmaster/setting
2014/07/29 13:36:23 [I][::1] get /webmaster/shop
2014/07/29 13:36:24 [I][::1] get /webmaster/setting
2014/07/29 13:36:25 [I][::1] get /webmaster/shop
2014/07/29 13:36:29 [I][::1] get /webmaster/dashboard
2014/07/29 13:36:29 [I][::1] get /webmaster/goods
2014/07/29 13:36:30 [I][::1] get /webmaster/article
2014/07/29 13:36:30 [I][::1] get /webmaster/user
2014/07/29 13:36:31 [I][::1] get /webmaster/link
2014/07/29 13:36:32 [I][::1] get /webmaster/user
2014/07/29 13:36:32 [I][::1] get /webmaster/shop
2014/07/29 13:36:33 [I][::1] get /webmaster/setting
2014/07/29 13:36:33 [I][::1] get /webmaster/system
2014/07/29 13:37:57 [I][::1] get /webmaster/system
2014/07/29 13:38:51 [I][::1] access /webmaster/system
2014/07/29 13:38:51 [I][::1] get /webmaster/errorpage
2014/07/29 13:38:53 [I][::1] get /webmaster/login
2014/07/29 13:38:55 [I][::1] post /webmaster/login
2014/07/29 13:38:55 [I][::1] admin logged
2014/07/29 13:38:55 [I][::1] get /webmaster/dashboard
2014/07/29 13:38:57 [I][::1] get /webmaster/dashboard
2014/07/29 13:38:58 [I][::1] get /webmaster/goods
2014/07/29 13:39:02 [I][::1] get /webmaster/dashboard
2014/07/29 13:39:05 [I][::1] get /webmaster/goods
2014/07/29 13:39:06 [I][::1] get /webmaster/article
2014/07/29 13:39:07 [I][::1] get /webmaster/link
2014/07/29 13:39:07 [I][::1] get /webmaster/user
2014/07/29 13:39:08 [I][::1] get /webmaster/logout
2014/07/29 13:39:08 [I][::1] admin logged out
2014/07/29 13:39:08 [I][::1] get /webmaster/login
2014/07/29 13:39:11 [I][::1] post /webmaster/login
2014/07/29 13:39:11 [I][::1] admin logged
2014/07/29 13:39:11 [I][::1] get /webmaster/dashboard
2014/07/29 13:39:13 [I][::1] get /webmaster/shop
2014/07/29 13:39:14 [I][::1] get /webmaster/setting
2014/07/29 13:39:14 [I][::1] get /webmaster/system
2014/07/29 13:39:15 [I][::1] get /webmaster/shop
2014/07/29 13:39:16 [I][::1] get /webmaster/user
2014/07/29 13:39:16 [I][::1] get /webmaster/link
2014/07/29 13:39:16 [I][::1] get /webmaster/article
2014/07/29 13:39:17 [I][::1] get /webmaster/goods
2014/07/29 13:39:18 [I][::1] get /webmaster/dashboard
2014/07/29 13:39:18 [I][::1] get /webmaster/article
2014/07/29 13:39:19 [I][::1] get /webmaster/shop
2014/07/29 13:39:19 [I][::1] get /webmaster/setting
2014/07/29 13:39:19 [I][::1] get /webmaster/system
2014/07/29 13:39:28 [I][::1] get /webmaster/system
2014/07/29 13:39:33 [I][::1] get /webmaster/dashboard
2014/07/29 13:39:34 [I][::1] get /webmaster/goods
2014/07/29 13:39:35 [I][::1] get /webmaster/article
2014/07/29 13:39:36 [I][::1] get /webmaster/link
2014/07/29 13:39:37 [I][::1] get /webmaster/shop
2014/07/29 13:39:38 [I][::1] get /webmaster/setting
2014/07/29 13:39:39 [I][::1] get /webmaster/system
2014/07/29 13:39:40 [I][::1] get /webmaster/shop
2014/07/29 13:39:42 [I][::1] get /webmaster/user/create
2014/07/29 13:39:44 [I][::1] get /webmaster/goods
2014/07/29 13:39:45 [I][::1] get /webmaster/goodscategory
2014/07/29 13:39:47 [I][::1] get /webmaster/goods
2014/07/29 13:39:50 [I][::1] get /webmaster/goodscategory
2014/07/29 13:40:01 [I][::1] get /webmaster/article
2014/07/29 13:40:02 [I][::1] get /webmaster/dashboard
2014/07/29 13:40:03 [I][::1] get /webmaster/goods
2014/07/29 13:40:03 [I][::1] get /webmaster/article
2014/07/29 13:40:04 [I][::1] get /webmaster/dashboard
2014/07/29 13:40:05 [I][::1] get /webmaster/goods
2014/07/29 13:40:07 [I][::1] get /webmaster/goodscategory
2014/07/29 13:40:20 [I][::1] get /webmaster/article
2014/07/29 13:40:21 [I][::1] get /webmaster/link
2014/07/29 13:40:23 [I][::1] get /webmaster/link
2014/07/29 13:40:26 [I][::1] get /webmaster/goods
2014/07/29 13:40:27 [I][::1] get /webmaster/goodscategory
2014/07/29 13:40:34 [I][::1] get /webmaster/goodscategory
2014/07/29 13:40:41 [I][::1] get /webmaster/shop
2014/07/29 13:40:43 [I][::1] get /webmaster/user/create
2014/07/29 13:44:24 [I][::1] get /webmaster/shop
2014/07/29 13:46:22 [I][::1] get /webmaster/logout
2014/07/29 13:46:22 [I][::1] get /webmaster/errorpage
2014/07/29 13:46:23 [I][::1] get /webmaster/login
2014/07/29 13:46:25 [I][::1] post /webmaster/login
2014/07/29 13:46:25 [I][::1] admin logged
2014/07/29 13:46:25 [I][::1] get /webmaster/dashboard
2014/07/29 13:46:27 [I][::1] get /webmaster/goods
2014/07/29 13:46:27 [I][::1] get /webmaster/article
2014/07/29 13:46:28 [I][::1] get /webmaster/link
2014/07/29 13:46:29 [I][::1] get /webmaster/user
2014/07/29 13:46:29 [I][::1] get /webmaster/dashboard
2014/07/29 13:46:30 [I][::1] get /webmaster/article
2014/07/29 13:46:30 [I][::1] get /webmaster/goods
2014/07/29 13:46:31 [I][::1] get /webmaster/dashboard
2014/07/29 13:46:31 [I][::1] get /webmaster/link
2014/07/29 13:46:32 [I][::1] get /webmaster/shop
2014/07/29 13:46:32 [I][::1] get /webmaster/system
2014/07/29 13:46:33 [I][::1] get /webmaster/setting
2014/07/29 13:46:34 [I][::1] get /webmaster/link
2014/07/29 13:46:34 [I][::1] get /webmaster/goods
2014/07/29 13:46:34 [I][::1] get /webmaster/dashboard
2014/07/29 13:46:35 [I][::1] get /webmaster/link
2014/07/29 13:46:35 [I][::1] get /webmaster/shop
2014/07/29 13:46:36 [I][::1] get /webmaster/link
2014/07/29 13:46:36 [I][::1] get /webmaster/article
2014/07/29 13:46:36 [I][::1] get /webmaster/goods
2014/07/29 13:46:37 [I][::1] get /webmaster/dashboard
2014/07/29 13:47:05 [I][::1] get /webmaster/setting
2014/07/29 13:47:06 [I][::1] get /webmaster/shop
2014/07/29 13:47:07 [I][::1] get /webmaster/shop/create
2014/07/29 13:47:44 [I][::1] get /webmaster/shop/create
2014/07/29 13:48:00 [I][::1] post /webmaster/shop/create
2014/07/29 13:48:00 [I][::1] get /webmaster/shop
2014/07/29 13:48:05 [I][::1] get /webmaster/shop/create
2014/07/29 13:48:09 [I][::1] post /webmaster/shop/create
2014/07/29 13:48:09 [I][::1] get /webmaster/shop
2014/07/29 13:48:25 [I][::1] post /webmaster/shop/delete
2014/07/29 13:48:25 [I][::1] get /webmaster/shop
2014/07/29 13:48:28 [I][::1] get /webmaster/shop/edit
2014/07/29 13:49:06 [I][::1] get /webmaster/user
2014/07/29 13:49:09 [I][::1] get /webmaster/user/edit
2014/07/29 13:53:41 [I][::1] get /webmaster/dashboard
2014/07/29 13:53:41 [I][::1] get /webmaster/goods
2014/07/29 13:53:43 [I][::1] get /webmaster/article
2014/07/29 13:53:44 [I][::1] get /webmaster/link
2014/07/29 13:53:45 [I][::1] get /webmaster/article
2014/07/29 13:53:46 [I][::1] get /webmaster/article/create
2014/07/29 13:53:48 [I][::1] get /webmaster/article/edit
2014/07/29 13:53:50 [I][::1] get /webmaster/user
2014/07/29 13:53:52 [I][::1] get /webmaster/link
2014/07/29 13:53:52 [I][::1] get /webmaster/shop
2014/07/29 13:53:54 [I][::1] get /webmaster/shop/create
2014/07/29 13:53:57 [I][::1] get /webmaster/shop/edit
2014/07/29 14:31:46 [I][::1] get /webmaster/shop
2014/07/29 14:33:22 [I][::1] get /webmaster/dashboard
2014/07/29 14:33:23 [I][::1] get /webmaster/goods
2014/07/29 14:33:24 [I][::1] get /webmaster/link
2014/07/29 14:33:24 [I][::1] get /webmaster/article
2014/07/29 14:33:24 [I][::1] get /webmaster/goods
2014/07/29 14:33:25 [I][::1] get /webmaster/dashboard
2014/07/29 14:36:45 [I][::1] get /webmaster/dashboard
2014/07/29 14:36:46 [I][::1] get /webmaster/goods
2014/07/29 14:36:47 [I][::1] get /webmaster/link
2014/07/29 14:36:47 [I][::1] get /webmaster/article
2014/07/29 14:36:48 [I][::1] get /webmaster/dashboard
2014/07/29 19:40:54 [I][::1] access /webmaster/user
2014/07/29 19:40:54 [I][::1] get /webmaster/errorpage
2014/07/29 19:40:55 [I][::1] get /webmaster/login
2014/07/29 19:41:00 [I][::1] get /webmaster/logout
2014/07/29 19:41:00 [I][::1] get /webmaster/errorpage
2014/07/29 19:41:01 [I][::1] get /webmaster/login
2014/07/29 19:41:05 [I][::1] post /webmaster/login
2014/07/29 19:41:05 [I][::1] admin logged
2014/07/29 19:41:05 [I][::1] get /webmaster/dashboard
2014/07/29 19:41:09 [I][::1] get /webmaster/shop
2014/07/29 19:41:10 [I][::1] get /webmaster/shop/create
2014/07/29 19:41:14 [I][::1] get /webmaster/shop
2014/07/29 19:41:16 [I][::1] get /webmaster/shop/create
2014/07/29 19:41:19 [I][::1] get /webmaster/shop/edit
2014/07/29 20:24:49 [I][::1] get /webmaster/user
2014/07/29 20:24:50 [I][::1] get /webmaster/shop
2014/07/29 20:24:52 [I][::1] get /webmaster/shop/edit
2014/07/29 20:29:40 [I][::1] get /webmaster/shop/edit
2014/07/29 20:29:40 [E]template: edit.html:110:34: executing "edit.html" at <.Shop.Kink>: Kink is not a field of struct type interface {}
2014/07/29 20:29:51 [I][::1] get /webmaster/shop/edit
2014/07/29 20:29:51 [E]template: edit.html:110:34: executing "edit.html" at <.Shop.Kink>: Kink is not a field of struct type interface {}
2014/07/29 20:30:00 [I][::1] get /webmaster/shop/edit
2014/07/29 20:30:00 [E]template: edit.html:110:34: executing "edit.html" at <.Shop.Kink>: Kink is not a field of struct type interface {}
2014/07/29 20:30:17 [I][::1] get /webmaster/shop/edit
2014/07/29 20:30:17 [E]template: edit.html:110:34: executing "edit.html" at <.Shop.Kink>: Kink is not a field of struct type interface {}
2014/07/29 20:30:38 [I][::1] get /webmaster/shop/edit
2014/07/29 20:30:38 [E]template: edit.html:110:34: executing "edit.html" at <.Shop.Kink>: Kink is not a field of struct type interface {}
2014/07/29 20:31:31 [I][::1] get /webmaster/shop/edit
2014/07/29 20:31:31 [E]template: edit.html:107:34: executing "edit.html" at <.Shop.Kink>: Kink is not a field of struct type interface {}
2014/07/29 20:31:35 [I][::1] get /webmaster/shop
2014/07/29 20:31:38 [I][::1] get /webmaster/shop/edit
2014/07/29 20:31:38 [E]template: edit.html:107:34: executing "edit.html" at <.Shop.Kink>: Kink is not a field of struct type interface {}
2014/07/29 20:31:54 [I][::1] get /webmaster/shop/edit
2014/07/29 20:31:54 [E]template: edit.html:107:34: executing "edit.html" at <.Shop.Kink>: Kink is not a field of struct type interface {}
2014/07/29 20:32:14 [I][::1] get /webmaster/shop/edit
2014/07/29 20:32:14 [E]template: edit.html:107:34: executing "edit.html" at <.Shop.Kink>: Kink is not a field of struct type interface {}
2014/07/29 20:34:11 [I][::1] get /webmaster/shop/edit
2014/07/29 20:34:13 [I][::1] get /webmaster/shop/edit
2014/07/29 20:34:54 [I][::1] get /webmaster/shop/edit
2014/07/29 20:35:17 [I][::1] get /webmaster/shop/edit
2014/07/29 20:35:26 [I][::1] get /webmaster/shop/edit
2014/07/29 20:35:48 [I][::1] get /webmaster/shop/edit
2014/07/29 20:36:12 [I][::1] get /webmaster/shop/edit
2014/07/29 20:36:54 [I][::1] get /webmaster/shop/edit
2014/07/29 20:37:12 [I][::1] post /updateprocess/webmaster/ckeditor
2014/07/29 20:37:12 [I]save file: E:\SkyDrive\xianmau\Project\goworkspace\ECPlatform\src\uploads\shop\绿稻人/1406637432.jpg
2014/07/29 20:37:23 [I][::1] post /webmaster/shop/edit
2014/07/29 20:37:23 [I][::1] get /webmaster/shop/edit
2014/07/29 20:37:26 [I][::1] get /webmaster/shop
2014/07/29 20:37:27 [I][::1] get /webmaster/shop/edit
2014/07/29 20:37:36 [I][::1] post /webmaster/shop/edit
2014/07/29 20:37:36 [I][::1] get /webmaster/shop/edit
2014/07/29 20:37:39 [I][::1] post /webmaster/shop/edit
2014/07/29 20:37:39 [I][::1] get /webmaster/shop/edit
2014/07/29 20:37:41 [I][::1] get /webmaster/shop
2014/07/29 20:37:42 [I][::1] get /webmaster/user
2014/07/29 20:37:42 [I][::1] get /webmaster/shop
2014/07/29 20:37:43 [I][::1] get /webmaster/user
2014/07/29 20:37:43 [I][::1] get /webmaster/shop
2014/07/29 20:37:45 [I][::1] get /webmaster/dashboard
