2014/07/05 19:16:18 [I][::1] get /webmaster/dashboard
2014/07/05 19:16:18 [I][::1] get /webmaster/errorpage
2014/07/05 19:16:20 [I][::1] get /webmaster/login
2014/07/05 19:16:24 [I][::1] post /webmaster/login
2014/07/05 19:16:24 [I][::1] admin logged
2014/07/05 19:16:24 [I][::1] get /webmaster/dashboard
2014/07/05 19:16:27 [I][::1] get /webmaster/dashboard
2014/07/05 19:16:27 [I][::1] get /webmaster/goods
2014/07/05 19:16:29 [I][::1] get /webmaster/goodscategory
2014/07/05 19:16:42 [I][::1] get /webmaster/goods
2014/07/05 19:16:44 [I][::1] get /webmaster/goodscategory
2014/07/05 19:43:05 [I][::1] access /webmaster/goodscategory
2014/07/05 19:43:05 [I][::1] get /webmaster/errorpage
2014/07/05 19:43:11 [I][::1] get /webmaster/login
2014/07/05 19:43:14 [I][::1] post /webmaster/login
2014/07/05 19:43:15 [I][::1] admin logged
2014/07/05 19:43:15 [I][::1] get /webmaster/dashboard
2014/07/05 19:43:16 [I][::1] get /webmaster/goods
2014/07/05 19:43:17 [I][::1] get /webmaster/goodscategory
2014/07/05 19:46:53 [I][::1] get /webmaster/goodscategory
2014/07/05 19:47:03 [I][::1] post /webmaster/goodscategory/create
2014/07/05 19:47:03 [E]Error 1054: Unknown column 'Title' in 'field list'
2014/07/05 19:47:03 [I][::1] get /webmaster/goodscategory
2014/07/05 19:47:06 [I][::1] get /webmaster/goodscategory
2014/07/05 19:47:12 [I][::1] get /webmaster/goods
2014/07/05 19:47:14 [I][::1] get /webmaster/goodscategory
2014/07/05 19:51:11 [I][::1] access /webmaster/goodscategory
2014/07/05 19:51:11 [I][::1] get /webmaster/errorpage
2014/07/05 19:51:28 [I][::1] get /webmaster/login
2014/07/05 19:51:33 [I][::1] post /webmaster/login
2014/07/05 19:51:33 [I][::1] admin logged
2014/07/05 19:51:33 [I][::1] get /webmaster/dashboard
2014/07/05 19:51:35 [I][::1] get /webmaster/goods
2014/07/05 19:51:36 [I][::1] get /webmaster/goodscategory
2014/07/05 19:51:41 [I][::1] post /webmaster/goodscategory/create
2014/07/05 19:51:41 [I][::1] get /webmaster/goodscategory
2014/07/05 19:51:51 [I][::1] post /webmaster/goodscategory/create
2014/07/05 19:51:51 [I][::1] get /webmaster/goodscategory
2014/07/05 19:51:58 [I][::1] post /webmaster/goodscategory/create
2014/07/05 19:51:58 [I][::1] get /webmaster/goodscategory
2014/07/05 19:52:06 [I][::1] post /webmaster/goodscategory/create
2014/07/05 19:52:06 [I][::1] get /webmaster/goodscategory
2014/07/05 19:52:13 [I][::1] post /webmaster/goodscategory/create
2014/07/05 19:52:13 [I][::1] get /webmaster/goodscategory
2014/07/05 19:52:20 [I][::1] post /webmaster/goodscategory/create
2014/07/05 19:52:20 [I][::1] get /webmaster/goodscategory
2014/07/05 19:53:37 [I][::1] post /webmaster/goodscategory/create
2014/07/05 19:53:37 [E]Error 1062: Duplicate entry '其它' for key 'PRIMARY'
2014/07/05 19:53:37 [I][::1] get /webmaster/goodscategory
2014/07/05 19:54:24 [I][::1] post /webmaster/goodscategory/create
2014/07/05 19:54:24 [E]Error 1062: Duplicate entry '其它' for key 'PRIMARY'
2014/07/05 19:54:24 [I][::1] get /webmaster/goodscategory
2014/07/05 19:55:49 [I][::1] get /webmaster/goodscategory
2014/07/05 19:57:08 [I][::1] post /webmaster/goodscategory/create
2014/07/05 19:57:08 [I][::1] get /webmaster/goodscategory
2014/07/05 20:05:33 [I][::1] post /webmaster/goodscategory/create
2014/07/05 20:05:33 [E]Error 1062: Duplicate entry '其它' for key 'PRIMARY'
2014/07/05 20:05:33 [I][::1] get /webmaster/goodscategory
2014/07/05 20:05:55 [I][::1] get /webmaster/goodscategory
2014/07/05 20:05:56 [I][::1] get /webmaster/goodscategory
2014/07/05 20:06:01 [I][::1] post /webmaster/goodscategory/create
2014/07/05 20:06:01 [E]Error 1062: Duplicate entry '其它' for key 'PRIMARY'
2014/07/05 20:06:02 [I][::1] get /webmaster/goodscategory
2014/07/05 20:09:04 [I][::1] access /webmaster/goodscategory
2014/07/05 20:09:04 [I][::1] get /webmaster/errorpage
2014/07/05 20:09:09 [I][::1] get /webmaster/login
2014/07/05 20:09:12 [I][::1] post /webmaster/login
2014/07/05 20:09:12 [I][::1] admin logged
2014/07/05 20:09:12 [I][::1] get /webmaster/dashboard
2014/07/05 20:09:13 [I][::1] get /webmaster/goods
2014/07/05 20:09:14 [I][::1] get /webmaster/goodscategory
2014/07/05 20:09:21 [I][::1] post /webmaster/goodscategory/create
2014/07/05 20:09:21 [E]Error 1062: Duplicate entry '其它' for key 'PRIMARY'
2014/07/05 20:09:23 [I][::1] get /webmaster/goodscategory
2014/07/05 20:09:40 [I][::1] post /webmaster/goodscategory/create
2014/07/05 20:09:42 [I][::1] get /webmaster/goodscategory
2014/07/05 21:09:34 [I][::1] get /webmaster/goodscategory
2014/07/05 21:14:16 [I][::1] get /webmaster/goodscategory
2014/07/05 21:16:59 [I][::1] get /webmaster/goodscategory
2014/07/05 21:17:03 [I][::1] get /webmaster/goodscategory
2014/07/05 21:17:05 [I][::1] get /webmaster/goodscategory
2014/07/05 21:17:21 [I][::1] get /webmaster/goodscategory
2014/07/05 21:18:08 [I][::1] get /webmaster/goodscategory
2014/07/05 21:18:36 [I][::1] get /webmaster/goodscategory
2014/07/05 21:19:02 [I][::1] get /webmaster/goodscategory
2014/07/05 21:19:22 [I][::1] access /webmaster/goodscategory
2014/07/05 21:19:22 [I][::1] get /webmaster/errorpage
2014/07/05 21:19:24 [I][::1] get /webmaster/login
2014/07/05 21:19:27 [I][::1] post /webmaster/login
2014/07/05 21:19:27 [I][::1] admin logged
2014/07/05 21:19:27 [I][::1] access /webmaster/dashboard
2014/07/05 21:19:27 [I][::1] get /webmaster/errorpage
2014/07/05 21:19:32 [I][::1] get /webmaster/login
2014/07/05 21:19:36 [I][::1] post /webmaster/login
2014/07/05 21:19:36 [I][::1] admin logged
2014/07/05 21:19:36 [I][::1] access /webmaster/dashboard
2014/07/05 21:19:36 [I][::1] get /webmaster/errorpage
2014/07/05 21:19:44 [I][::1] access /webmaster/dashboard
2014/07/05 21:19:44 [I][::1] get /webmaster/errorpage
2014/07/05 21:20:01 [I][::1] get /webmaster/login
2014/07/05 21:20:08 [I][::1] post /webmaster/login
2014/07/05 21:20:08 [I][::1] admin logged
2014/07/05 21:20:08 [I][::1] access /webmaster/dashboard
2014/07/05 21:20:08 [I][::1] get /webmaster/errorpage
2014/07/05 21:20:53 [I][::1] get /webmaster/errorpage
2014/07/05 21:21:03 [I][::1] access /webmaster/dashboard
2014/07/05 21:21:03 [I][::1] get /webmaster/errorpage
2014/07/05 21:21:42 [I][::1] get /webmaster/errorpage
2014/07/05 21:21:56 [I][::1] access /webmaster/goodscategory
2014/07/05 21:21:56 [I][::1] get /webmaster/errorpage
2014/07/05 21:21:57 [I][::1] get /webmaster/login
2014/07/05 21:22:00 [I][::1] post /webmaster/login
2014/07/05 21:22:00 [I][::1] admin logged
2014/07/05 21:22:00 [I][::1] access /webmaster/dashboard
2014/07/05 21:22:00 [I][::1] get /webmaster/errorpage
2014/07/05 21:22:15 [I][::1] get /webmaster/login
2014/07/05 21:22:19 [I][::1] get /webmaster/logout
2014/07/05 21:22:19 [I][::1] admin logged out
2014/07/05 21:22:19 [I][::1] get /webmaster/login
2014/07/05 21:22:28 [I][::1] get /webmaster/login
2014/07/05 21:22:29 [I][::1] get /webmaster/login
2014/07/05 21:22:32 [I][::1] get /webmaster/login
2014/07/05 21:22:32 [I][::1] get /webmaster/login
2014/07/05 21:22:32 [I][::1] get /webmaster/login
2014/07/05 21:22:32 [I][::1] get /webmaster/login
2014/07/05 21:22:32 [I][::1] get /webmaster/login
2014/07/05 21:22:32 [I][::1] get /webmaster/login
2014/07/05 21:22:32 [I][::1] get /webmaster/login
2014/07/05 21:22:32 [I][::1] get /webmaster/login
2014/07/05 21:22:32 [I][::1] get /webmaster/login
2014/07/05 21:22:32 [I][::1] get /webmaster/login
2014/07/05 21:22:32 [I][::1] get /webmaster/login
2014/07/05 21:22:32 [I][::1] get /webmaster/login
2014/07/05 21:22:32 [I][::1] get /webmaster/login
2014/07/05 21:22:32 [I][::1] get /webmaster/login
2014/07/05 21:22:33 [I][::1] get /webmaster/login
2014/07/05 21:22:33 [I][::1] get /webmaster/login
2014/07/05 21:22:33 [I][::1] get /webmaster/login
2014/07/05 21:22:33 [I][::1] get /webmaster/login
2014/07/05 21:22:33 [I][::1] get /webmaster/login
2014/07/05 21:22:33 [I][::1] get /webmaster/login
2014/07/05 21:22:33 [I][::1] get /webmaster/login
2014/07/05 21:22:33 [I][::1] get /webmaster/login
2014/07/05 21:22:33 [I][::1] get /webmaster/login
2014/07/05 21:22:33 [I][::1] get /webmaster/login
2014/07/05 21:22:33 [I][::1] get /webmaster/login
2014/07/05 21:22:33 [I][::1] get /webmaster/login
2014/07/05 21:22:33 [I][::1] get /webmaster/login
2014/07/05 21:22:33 [I][::1] get /webmaster/login
2014/07/05 21:22:33 [I][::1] get /webmaster/login
2014/07/05 21:22:33 [I][::1] get /webmaster/login
2014/07/05 21:22:33 [I][::1] get /webmaster/login
2014/07/05 21:22:33 [I][::1] get /webmaster/login
2014/07/05 21:22:33 [I][::1] get /webmaster/login
2014/07/05 21:22:33 [I][::1] get /webmaster/login
2014/07/05 21:22:33 [I][::1] get /webmaster/login
2014/07/05 21:22:33 [I][::1] get /webmaster/login
2014/07/05 21:22:33 [I][::1] get /webmaster/login
2014/07/05 21:22:33 [I][::1] get /webmaster/login
2014/07/05 21:22:33 [I][::1] get /webmaster/login
2014/07/05 21:22:33 [I][::1] get /webmaster/login
2014/07/05 21:22:33 [I][::1] get /webmaster/login
2014/07/05 21:22:33 [I][::1] get /webmaster/login
2014/07/05 21:22:33 [I][::1] get /webmaster/login
2014/07/05 21:22:33 [I][::1] get /webmaster/login
2014/07/05 21:22:34 [I][::1] get /webmaster/login
2014/07/05 21:22:34 [I][::1] get /webmaster/login
2014/07/05 21:22:34 [I][::1] get /webmaster/login
2014/07/05 21:22:34 [I][::1] get /webmaster/login
2014/07/05 21:22:34 [I][::1] get /webmaster/login
2014/07/05 21:22:34 [I][::1] get /webmaster/login
2014/07/05 21:22:34 [I][::1] get /webmaster/login
2014/07/05 21:22:34 [I][::1] get /webmaster/login
2014/07/05 21:22:34 [I][::1] get /webmaster/login
2014/07/05 21:22:34 [I][::1] get /webmaster/login
2014/07/05 21:22:34 [I][::1] get /webmaster/login
2014/07/05 21:22:34 [I][::1] get /webmaster/login
2014/07/05 21:22:34 [I][::1] get /webmaster/login
2014/07/05 21:22:34 [I][::1] get /webmaster/login
2014/07/05 21:22:34 [I][::1] get /webmaster/login
2014/07/05 21:22:34 [I][::1] get /webmaster/login
2014/07/05 21:22:34 [I][::1] get /webmaster/login
2014/07/05 21:22:34 [I][::1] get /webmaster/login
2014/07/05 21:22:34 [I][::1] get /webmaster/login
2014/07/05 21:22:34 [I][::1] get /webmaster/login
2014/07/05 21:22:34 [I][::1] get /webmaster/login
2014/07/05 21:22:34 [I][::1] get /webmaster/login
2014/07/05 21:22:34 [I][::1] get /webmaster/login
2014/07/05 21:22:34 [I][::1] get /webmaster/login
2014/07/05 21:22:34 [I][::1] get /webmaster/login
2014/07/05 21:22:34 [I][::1] get /webmaster/login
2014/07/05 21:22:34 [I][::1] get /webmaster/login
2014/07/05 21:22:34 [I][::1] get /webmaster/login
2014/07/05 21:22:34 [I][::1] get /webmaster/login
2014/07/05 21:22:34 [I][::1] get /webmaster/login
2014/07/05 21:22:35 [I][::1] get /webmaster/login
2014/07/05 21:22:35 [I][::1] get /webmaster/login
2014/07/05 21:22:35 [I][::1] get /webmaster/login
2014/07/05 21:22:35 [I][::1] get /webmaster/login
2014/07/05 21:22:35 [I][::1] get /webmaster/login
2014/07/05 21:22:35 [I][::1] get /webmaster/login
2014/07/05 21:22:35 [I][::1] get /webmaster/login
2014/07/05 21:22:35 [I][::1] get /webmaster/login
2014/07/05 21:22:35 [I][::1] get /webmaster/login
2014/07/05 21:22:35 [I][::1] get /webmaster/login
2014/07/05 21:22:35 [I][::1] get /webmaster/login
2014/07/05 21:22:35 [I][::1] get /webmaster/login
2014/07/05 21:22:35 [I][::1] get /webmaster/login
2014/07/05 21:22:35 [I][::1] get /webmaster/login
2014/07/05 21:22:35 [I][::1] get /webmaster/login
2014/07/05 21:22:35 [I][::1] get /webmaster/login
2014/07/05 21:22:35 [I][::1] get /webmaster/login
2014/07/05 21:22:35 [I][::1] get /webmaster/login
2014/07/05 21:22:35 [I][::1] get /webmaster/login
2014/07/05 21:22:35 [I][::1] get /webmaster/login
2014/07/05 21:22:35 [I][::1] get /webmaster/login
2014/07/05 21:22:35 [I][::1] get /webmaster/login
2014/07/05 21:22:35 [I][::1] get /webmaster/login
2014/07/05 21:22:35 [I][::1] get /webmaster/login
2014/07/05 21:22:35 [I][::1] get /webmaster/login
2014/07/05 21:22:35 [I][::1] get /webmaster/login
2014/07/05 21:22:35 [I][::1] get /webmaster/login
2014/07/05 21:22:35 [I][::1] get /webmaster/login
2014/07/05 21:22:35 [I][::1] get /webmaster/login
2014/07/05 21:22:35 [I][::1] get /webmaster/login
2014/07/05 21:22:36 [I][::1] get /webmaster/login
2014/07/05 21:22:36 [I][::1] get /webmaster/login
2014/07/05 21:22:36 [I][::1] get /webmaster/login
2014/07/05 21:22:36 [I][::1] get /webmaster/login
2014/07/05 21:22:36 [I][::1] get /webmaster/login
2014/07/05 21:22:36 [I][::1] get /webmaster/login
2014/07/05 21:22:36 [I][::1] get /webmaster/login
2014/07/05 21:22:36 [I][::1] get /webmaster/login
2014/07/05 21:22:36 [I][::1] get /webmaster/login
2014/07/05 21:22:36 [I][::1] get /webmaster/login
2014/07/05 21:22:36 [I][::1] get /webmaster/login
2014/07/05 21:22:36 [I][::1] get /webmaster/login
2014/07/05 21:22:36 [I][::1] get /webmaster/login
2014/07/05 21:22:36 [I][::1] get /webmaster/login
2014/07/05 21:22:36 [I][::1] get /webmaster/login
2014/07/05 21:22:36 [I][::1] get /webmaster/login
2014/07/05 21:22:36 [I][::1] get /webmaster/login
2014/07/05 21:22:36 [I][::1] get /webmaster/login
2014/07/05 21:22:36 [I][::1] get /webmaster/login
2014/07/05 21:22:36 [I][::1] get /webmaster/login
2014/07/05 21:22:36 [I][::1] get /webmaster/login
2014/07/05 21:22:36 [I][::1] get /webmaster/login
2014/07/05 21:22:36 [I][::1] get /webmaster/login
2014/07/05 21:22:36 [I][::1] get /webmaster/login
2014/07/05 21:22:36 [I][::1] get /webmaster/login
2014/07/05 21:22:36 [I][::1] get /webmaster/login
2014/07/05 21:22:36 [I][::1] get /webmaster/login
2014/07/05 21:22:36 [I][::1] get /webmaster/login
2014/07/05 21:22:36 [I][::1] get /webmaster/login
2014/07/05 21:22:36 [I][::1] get /webmaster/login
2014/07/05 21:22:37 [I][::1] get /webmaster/login
2014/07/05 21:22:37 [I][::1] get /webmaster/login
2014/07/05 21:22:37 [I][::1] get /webmaster/login
2014/07/05 21:22:37 [I][::1] get /webmaster/login
2014/07/05 21:22:37 [I][::1] get /webmaster/login
2014/07/05 21:22:37 [I][::1] get /webmaster/login
2014/07/05 21:22:37 [I][::1] get /webmaster/login
2014/07/05 21:22:37 [I][::1] get /webmaster/login
2014/07/05 21:22:37 [I][::1] get /webmaster/login
2014/07/05 21:22:37 [I][::1] get /webmaster/login
2014/07/05 21:22:37 [I][::1] get /webmaster/login
2014/07/05 21:22:37 [I][::1] get /webmaster/login
2014/07/05 21:22:39 [I][::1] get /webmaster/logout
2014/07/05 21:22:39 [I][::1] get /webmaster/errorpage
2014/07/05 21:22:43 [I][::1] get /webmaster/login
2014/07/05 21:22:46 [I][::1] post /webmaster/login
2014/07/05 21:22:46 [I][::1] admin logged
2014/07/05 21:22:46 [I][::1] access /webmaster/dashboard
2014/07/05 21:22:46 [I][::1] get /webmaster/errorpage
2014/07/05 21:22:50 [I][::1] get /webmaster/errorpage
2014/07/05 21:22:51 [I][::1] get /webmaster/errorpage
2014/07/05 21:22:51 [I][::1] get /webmaster/errorpage
2014/07/05 21:22:51 [I][::1] get /webmaster/errorpage
2014/07/05 21:22:51 [I][::1] get /webmaster/errorpage
2014/07/05 21:22:51 [I][::1] get /webmaster/errorpage
2014/07/05 21:22:51 [I][::1] get /webmaster/errorpage
2014/07/05 21:22:51 [I][::1] get /webmaster/errorpage
2014/07/05 21:22:51 [I][::1] get /webmaster/errorpage
2014/07/05 21:22:51 [I][::1] get /webmaster/errorpage
2014/07/05 21:22:51 [I][::1] get /webmaster/errorpage
2014/07/05 21:22:51 [I][::1] get /webmaster/errorpage
2014/07/05 21:22:51 [I][::1] get /webmaster/errorpage
2014/07/05 21:22:51 [I][::1] get /webmaster/errorpage
2014/07/05 21:22:51 [I][::1] get /webmaster/errorpage
2014/07/05 21:22:51 [I][::1] get /webmaster/errorpage
2014/07/05 21:22:51 [I][::1] get /webmaster/errorpage
2014/07/05 21:22:51 [I][::1] get /webmaster/errorpage
2014/07/05 21:22:51 [I][::1] get /webmaster/errorpage
2014/07/05 21:22:51 [I][::1] get /webmaster/errorpage
2014/07/05 21:22:51 [I][::1] get /webmaster/errorpage
2014/07/05 21:22:51 [I][::1] get /webmaster/errorpage
2014/07/05 21:22:51 [I][::1] get /webmaster/errorpage
2014/07/05 21:22:51 [I][::1] get /webmaster/errorpage
2014/07/05 21:22:51 [I][::1] get /webmaster/errorpage
2014/07/05 21:22:51 [I][::1] get /webmaster/errorpage
2014/07/05 21:22:52 [I][::1] get /webmaster/errorpage
2014/07/05 21:22:52 [I][::1] get /webmaster/errorpage
2014/07/05 21:22:52 [I][::1] get /webmaster/errorpage
2014/07/05 21:22:52 [I][::1] get /webmaster/errorpage
2014/07/05 21:22:52 [I][::1] get /webmaster/errorpage
2014/07/05 21:22:52 [I][::1] get /webmaster/errorpage
2014/07/05 21:22:52 [I][::1] get /webmaster/errorpage
2014/07/05 21:22:52 [I][::1] get /webmaster/errorpage
2014/07/05 21:22:52 [I][::1] get /webmaster/errorpage
2014/07/05 21:22:52 [I][::1] get /webmaster/errorpage
2014/07/05 21:22:52 [I][::1] get /webmaster/errorpage
2014/07/05 21:22:52 [I][::1] get /webmaster/errorpage
2014/07/05 21:22:52 [I][::1] get /webmaster/errorpage
2014/07/05 21:22:52 [I][::1] get /webmaster/errorpage
2014/07/05 21:22:52 [I][::1] get /webmaster/errorpage
2014/07/05 21:22:52 [I][::1] get /webmaster/errorpage
2014/07/05 21:22:52 [I][::1] get /webmaster/errorpage
2014/07/05 21:22:52 [I][::1] get /webmaster/errorpage
2014/07/05 21:22:52 [I][::1] get /webmaster/errorpage
2014/07/05 21:22:52 [I][::1] get /webmaster/errorpage
2014/07/05 21:22:52 [I][::1] get /webmaster/errorpage
2014/07/05 21:22:52 [I][::1] get /webmaster/errorpage
2014/07/05 21:22:52 [I][::1] get /webmaster/errorpage
2014/07/05 21:22:52 [I][::1] get /webmaster/errorpage
2014/07/05 21:22:52 [I][::1] get /webmaster/errorpage
2014/07/05 21:22:52 [I][::1] get /webmaster/errorpage
2014/07/05 21:22:52 [I][::1] get /webmaster/errorpage
2014/07/05 21:22:52 [I][::1] get /webmaster/errorpage
2014/07/05 21:22:52 [I][::1] get /webmaster/errorpage
2014/07/05 21:22:53 [I][::1] get /webmaster/errorpage
2014/07/05 21:22:53 [I][::1] get /webmaster/errorpage
2014/07/05 21:22:53 [I][::1] get /webmaster/errorpage
2014/07/05 21:22:53 [I][::1] get /webmaster/errorpage
2014/07/05 21:22:53 [I][::1] get /webmaster/errorpage
2014/07/05 21:22:53 [I][::1] get /webmaster/errorpage
2014/07/05 21:22:53 [I][::1] get /webmaster/errorpage
2014/07/05 21:22:53 [I][::1] get /webmaster/errorpage
2014/07/05 21:22:53 [I][::1] get /webmaster/errorpage
2014/07/05 21:22:53 [I][::1] get /webmaster/errorpage
2014/07/05 21:22:53 [I][::1] get /webmaster/errorpage
2014/07/05 21:22:53 [I][::1] get /webmaster/errorpage
2014/07/05 21:22:53 [I][::1] get /webmaster/errorpage
2014/07/05 21:22:53 [I][::1] get /webmaster/errorpage
2014/07/05 21:22:53 [I][::1] get /webmaster/errorpage
2014/07/05 21:22:53 [I][::1] get /webmaster/errorpage
2014/07/05 21:22:53 [I][::1] get /webmaster/errorpage
2014/07/05 21:22:53 [I][::1] get /webmaster/errorpage
2014/07/05 21:22:53 [I][::1] get /webmaster/errorpage
2014/07/05 21:22:53 [I][::1] get /webmaster/errorpage
2014/07/05 21:22:53 [I][::1] get /webmaster/errorpage
2014/07/05 21:22:53 [I][::1] get /webmaster/errorpage
2014/07/05 21:22:53 [I][::1] get /webmaster/errorpage
2014/07/05 21:22:53 [I][::1] get /webmaster/errorpage
2014/07/05 21:22:53 [I][::1] get /webmaster/errorpage
2014/07/05 21:22:53 [I][::1] get /webmaster/errorpage
2014/07/05 21:22:53 [I][::1] get /webmaster/errorpage
2014/07/05 21:22:53 [I][::1] get /webmaster/errorpage
2014/07/05 21:22:53 [I][::1] get /webmaster/errorpage
2014/07/05 21:22:53 [I][::1] get /webmaster/errorpage
2014/07/05 21:22:54 [I][::1] get /webmaster/errorpage
2014/07/05 21:22:54 [I][::1] get /webmaster/errorpage
2014/07/05 21:22:54 [I][::1] get /webmaster/errorpage
2014/07/05 21:22:54 [I][::1] get /webmaster/errorpage
2014/07/05 21:22:54 [I][::1] get /webmaster/errorpage
2014/07/05 21:22:54 [I][::1] get /webmaster/errorpage
2014/07/05 21:22:54 [I][::1] get /webmaster/errorpage
2014/07/05 21:22:54 [I][::1] get /webmaster/errorpage
2014/07/05 21:22:54 [I][::1] get /webmaster/errorpage
2014/07/05 21:22:54 [I][::1] get /webmaster/errorpage
2014/07/05 21:22:54 [I][::1] get /webmaster/errorpage
2014/07/05 21:22:54 [I][::1] get /webmaster/errorpage
2014/07/05 21:22:54 [I][::1] get /webmaster/errorpage
2014/07/05 21:22:54 [I][::1] get /webmaster/errorpage
2014/07/05 21:22:54 [I][::1] get /webmaster/errorpage
2014/07/05 21:22:54 [I][::1] get /webmaster/errorpage
2014/07/05 21:22:54 [I][::1] get /webmaster/errorpage
2014/07/05 21:22:54 [I][::1] get /webmaster/errorpage
2014/07/05 21:22:54 [I][::1] get /webmaster/errorpage
2014/07/05 21:22:54 [I][::1] get /webmaster/errorpage
2014/07/05 21:22:59 [I][::1] access /webmaster/dashboard
2014/07/05 21:22:59 [I][::1] get /webmaster/errorpage
2014/07/05 21:38:53 [I][::1] access /webmaster/goodscategory
2014/07/05 21:38:53 [I][::1] get /webmaster/errorpage
2014/07/05 21:38:54 [I][::1] get /webmaster/login
2014/07/05 21:38:57 [I][::1] post /webmaster/login
2014/07/05 21:38:57 [I][::1] admin logged
2014/07/05 21:38:57 [I][::1] access /webmaster/dashboard
2014/07/05 21:38:57 [I][::1] get /webmaster/errorpage
2014/07/05 21:39:08 [I][::1] get /webmaster/login
2014/07/05 21:39:13 [I][::1] post /webmaster/login
2014/07/05 21:39:13 [I][::1] admin logged
2014/07/05 21:39:13 [I][::1] access /webmaster/dashboard
2014/07/05 21:39:13 [I][::1] get /webmaster/errorpage
2014/07/05 21:39:34 [I][::1] access /webmaster/dashboard
2014/07/05 21:39:34 [I][::1] get /webmaster/errorpage
2014/07/05 21:39:36 [I][::1] get /webmaster/login
2014/07/05 21:39:39 [I][::1] post /webmaster/login
2014/07/05 21:39:39 [I][::1] admin logged
2014/07/05 21:39:39 [I][::1] get /webmaster/dashboard
2014/07/05 21:40:02 [I][::1] access /webmaster/goodscategory
2014/07/05 21:40:02 [I][::1] get /webmaster/errorpage
2014/07/05 21:40:04 [I][::1] get /webmaster/login
2014/07/05 21:40:10 [I][::1] post /webmaster/login
2014/07/05 21:40:10 [I][::1] admin logged
2014/07/05 21:40:10 [I][::1] access /webmaster/dashboard
2014/07/05 21:40:10 [I][::1] get /webmaster/errorpage
2014/07/05 21:40:18 [I][::1] access /webmaster/dashboard
2014/07/05 21:40:18 [I][::1] get /webmaster/errorpage
2014/07/05 21:40:27 [I][::1] get /webmaster/login
2014/07/05 21:40:30 [I][::1] post /webmaster/login
2014/07/05 21:40:30 [I][::1] admin logged
2014/07/05 21:40:30 [I][::1] access /webmaster/dashboard
2014/07/05 21:40:30 [I][::1] get /webmaster/errorpage
2014/07/05 21:40:37 [I][::1] access /webmaster/goodscategory
2014/07/05 21:40:37 [I][::1] get /webmaster/errorpage
2014/07/05 21:40:39 [I][::1] get /webmaster/login
2014/07/05 21:40:42 [I][::1] post /webmaster/login
2014/07/05 21:40:42 [I][::1] get /webmaster/login
2014/07/05 21:40:46 [I][::1] post /webmaster/login
2014/07/05 21:40:46 [I][::1] admin logged
2014/07/05 21:40:46 [I][::1] get /webmaster/dashboard
2014/07/05 21:42:36 [I][::1] access /webmaster/dashboard
2014/07/05 21:42:36 [I][::1] get /webmaster/errorpage
2014/07/05 21:42:42 [I][::1] get /webmaster/errorpage
2014/07/05 21:45:07 [I][::1] access /webmaster/dashboard
2014/07/05 21:45:07 [I][::1] get /webmaster/errorpage
2014/07/05 21:45:20 [I][::1] get /webmaster/goodscategory
2014/07/05 21:45:25 [I][::1] get /webmaster/goodscategory
2014/07/05 21:45:28 [I][::1] get /webmaster/logout
2014/07/05 21:45:28 [I][::1] admin logged out
2014/07/05 21:45:28 [I][::1] get /webmaster/login
2014/07/05 21:45:33 [I][::1] get /webmaster/logout
2014/07/05 21:45:33 [I][::1] get /webmaster/errorpage
2014/07/05 21:45:38 [I][::1] get /webmaster/login
2014/07/05 21:45:42 [I][::1] get /webmaster/logout
2014/07/05 21:45:42 [I][::1] get /webmaster/errorpage
2014/07/05 21:45:44 [I][::1] get /webmaster/login
2014/07/05 21:45:50 [I][::1] post /webmaster/login
2014/07/05 21:45:50 [I][::1] admin logged
2014/07/05 21:45:50 [I][::1] access /webmaster/dashboard
2014/07/05 21:45:50 [I][::1] get /webmaster/errorpage
2014/07/05 21:45:58 [I][::1] get /webmaster/goodscategory
2014/07/05 21:46:01 [I][::1] access /webmaster/dashboard
2014/07/05 21:46:01 [I][::1] get /webmaster/errorpage
2014/07/05 21:46:21 [I][::1] get /webmaster/logout
2014/07/05 21:46:21 [I][::1] admin logged out
2014/07/05 21:46:21 [I][::1] get /webmaster/login
2014/07/05 21:46:25 [I][::1] access /webmaster/goodscategory
2014/07/05 21:46:25 [I][::1] get /webmaster/errorpage
2014/07/05 21:46:28 [I][::1] get /webmaster/login
2014/07/05 21:46:35 [I][::1] access /webmaster/dashboard
2014/07/05 21:46:35 [I][::1] get /webmaster/errorpage
2014/07/05 21:46:37 [I][::1] get /webmaster/login
2014/07/05 21:46:41 [I][::1] post /webmaster/login
2014/07/05 21:46:41 [I][::1] admin logged
2014/07/05 21:46:41 [I][::1] access /webmaster/dashboard
2014/07/05 21:46:41 [I][::1] get /webmaster/errorpage
2014/07/05 21:46:46 [I][::1] get /webmaster/goodscategory
2014/07/05 21:46:53 [I][::1] access /webmaster/dashboard
2014/07/05 21:46:53 [I][::1] get /webmaster/errorpage
2014/07/05 21:47:05 [I][::1] get /webmaster/dashboard
2014/07/05 21:48:08 [I][::1] access /webmaster/dashboard
2014/07/05 21:48:08 [I][::1] get /webmaster/errorpage
2014/07/05 21:48:19 [I][::1] access /webmaster/goodscategory
2014/07/05 21:48:19 [I][::1] get /webmaster/errorpage
2014/07/05 21:48:28 [I][::1] access /webmaster/dashboard
2014/07/05 21:48:28 [I][::1] get /webmaster/errorpage
2014/07/05 21:48:29 [I][::1] get /webmaster/login
2014/07/05 21:48:33 [I][::1] post /webmaster/login
2014/07/05 21:48:33 [I][::1] admin logged
2014/07/05 21:48:33 [I][::1] get /webmaster/dashboard
2014/07/05 21:48:37 [I][::1] get /webmaster/dashboard
2014/07/05 21:48:40 [I][::1] get /webmaster/goods
2014/07/05 21:48:41 [I][::1] get /webmaster/dashboard
2014/07/05 21:48:50 [I][::1] get /webmaster/dashboard
2014/07/05 21:49:08 [I][::1] get /webmaster/logout
2014/07/05 21:49:08 [I][::1] get /webmaster/errorpage
2014/07/05 21:49:10 [I][::1] get /webmaster/login
2014/07/05 21:49:13 [I][::1] post /webmaster/login
2014/07/05 21:49:13 [I][::1] admin logged
2014/07/05 21:49:13 [I][::1] access /webmaster/dashboard
2014/07/05 21:49:13 [I][::1] get /webmaster/errorpage
2014/07/05 21:51:32 [I][::1] get /webmaster/errorpage
2014/07/05 21:54:03 [I][::1] get /webmaster/goods
2014/07/05 21:54:03 [I][::1] get /webmaster/goodscategory
2014/07/05 21:56:37 [I][::1] get /webmaster/login
2014/07/05 21:56:51 [I][::1] get /webmaster/login
2014/07/05 21:56:55 [I][::1] post /webmaster/login
2014/07/05 21:56:55 [I][::1] admin logged
2014/07/05 21:56:55 [I][::1] access /webmaster/dashboard
2014/07/05 21:56:55 [I][::1] get /webmaster/errorpage
2014/07/05 21:57:10 [I][::1] access /webmaster/dashboard
2014/07/05 21:57:10 [I][::1] get /webmaster/errorpage
2014/07/05 21:57:23 [I][::1] get /webmaster/dashboard
2014/07/05 21:57:30 [I][::1] get /webmaster/dashboard
2014/07/05 21:59:15 [I][::1] get /webmaster/dashboard
2014/07/05 22:01:18 [I][::1] access /webmaster/dashboard
2014/07/05 22:01:18 [I][::1] get /webmaster/errorpage
2014/07/05 22:01:20 [I][::1] get /webmaster/login
2014/07/05 22:01:24 [I][::1] post /webmaster/login
2014/07/05 22:01:24 [I][::1] admin logged
2014/07/05 22:01:24 [I][::1] access /webmaster/dashboard
2014/07/05 22:01:24 [I][::1] get /webmaster/errorpage
2014/07/05 22:01:34 [I][::1] get /webmaster/dashboard
2014/07/05 22:01:37 [I][::1] get /webmaster/dashboard
2014/07/05 22:03:09 [I][::1] access /webmaster/dashboard
2014/07/05 22:03:09 [I][::1] get /webmaster/errorpage
2014/07/05 22:03:11 [I][::1] get /webmaster/login
2014/07/05 22:03:13 [I][::1] post /webmaster/login
2014/07/05 22:03:13 [I][::1] admin logged
2014/07/05 22:03:13 [I][::1] access /webmaster/dashboard
2014/07/05 22:03:13 [I][::1] get /webmaster/errorpage
2014/07/05 22:03:15 [I][::1] get /webmaster/login
2014/07/05 22:03:19 [I][::1] post /webmaster/login
2014/07/05 22:03:19 [I][::1] admin logged
2014/07/05 22:03:19 [I][::1] access /webmaster/dashboard
2014/07/05 22:03:19 [I][::1] get /webmaster/errorpage
2014/07/05 22:03:41 [I][::1] get /webmaster/dashboard
2014/07/05 22:03:41 [I][::1] get /webmaster/dashboard
2014/07/05 22:03:42 [I][::1] get /webmaster/goods
2014/07/05 22:03:43 [I][::1] get /webmaster/goodscategory
2014/07/05 22:07:59 [I][::1] access /webmaster/dashboard
2014/07/05 22:07:59 [I][::1] get /webmaster/errorpage
2014/07/05 22:08:03 [I][::1] get /webmaster/login
2014/07/05 22:08:09 [I][::1] post /webmaster/login
2014/07/05 22:08:09 [I][::1] admin logged
2014/07/05 22:08:09 [I][::1] get /webmaster/dashboard
2014/07/05 22:08:18 [I][::1] get /webmaster/dashboard
2014/07/05 22:08:19 [I][::1] get /webmaster/goods
2014/07/05 22:08:24 [I][::1] get /webmaster/dashboard
2014/07/05 22:09:00 [I][::1] access /webmaster/dashboard
2014/07/05 22:09:00 [I][::1] get /webmaster/errorpage
2014/07/05 22:09:09 [I][::1] get /webmaster/login
2014/07/05 22:09:21 [I][::1] post /webmaster/login
2014/07/05 22:09:21 [I][::1] admin logged
2014/07/05 22:09:21 [I][::1] access /webmaster/dashboard
2014/07/05 22:09:21 [I][::1] get /webmaster/errorpage
2014/07/05 22:17:28 [I][::1] access /webmaster/goodscategory
2014/07/05 22:17:28 [I][::1] get /webmaster/errorpage
2014/07/05 22:17:40 [I][::1] get /webmaster/login
2014/07/05 22:17:42 [I][::1] post /webmaster/login
2014/07/05 22:17:43 [I][::1] admin logged
2014/07/05 22:17:43 [I][::1] get /webmaster/dashboard
2014/07/05 22:23:32 [I][::1] access /webmaster/dashboard
2014/07/05 22:23:32 [I][::1] get /webmaster/errorpage
2014/07/05 22:23:44 [I][::1] get /webmaster/login
2014/07/05 22:23:53 [I][::1] post /webmaster/login
2014/07/05 22:23:53 [I][::1] admin logged
2014/07/05 22:23:53 [I][::1] get /webmaster/dashboard
2014/07/05 22:28:41 [I][::1] get /webmaster/dashboard
2014/07/05 22:29:01 [I][::1] access /webmaster/dashboard
2014/07/05 22:29:01 [I][::1] get /webmaster/errorpage
2014/07/05 22:29:15 [I][::1] access /webmaster/dashboard
2014/07/05 22:29:15 [I][::1] get /webmaster/errorpage
2014/07/05 22:31:08 [I][::1] get /webmaster/login
2014/07/05 22:31:32 [I][::1] post /webmaster/login
2014/07/05 22:31:32 [I][::1] admin logged
2014/07/05 22:31:32 [I][::1] access /webmaster/dashboard
2014/07/05 22:31:32 [I][::1] get /webmaster/errorpage
2014/07/05 22:34:39 [I][::1] access /webmaster/dashboard
2014/07/05 22:34:39 [I][::1] get /webmaster/errorpage
2014/07/05 22:35:58 [I][::1] get /webmaster/login
2014/07/05 22:36:52 [I][::1] post /webmaster/login
2014/07/05 22:36:52 [I][::1] admin logged
2014/07/05 22:36:52 [I][::1] access /webmaster/dashboard
2014/07/05 22:36:52 [I][::1] get /webmaster/errorpage
2014/07/05 22:48:06 [I][::1] access /webmaster/goods
2014/07/05 22:48:06 [I][::1] get /webmaster/errorpage
2014/07/05 22:48:28 [I][::1] get /webmaster/errorpage
2014/07/05 22:48:34 [I][::1] get /webmaster/login
2014/07/05 22:48:41 [I][::1] access /webmaster/dashboard
2014/07/05 22:48:41 [I][::1] get /webmaster/errorpage
2014/07/05 22:48:51 [I][::1] get /webmaster/errorpage
2014/07/05 23:00:17 [I][::1] get /webmaster/login
2014/07/05 23:00:32 [I][::1] post /webmaster/login
2014/07/05 23:00:32 [I][::1] admin logged
2014/07/05 23:00:32 [I][::1] get /webmaster/dashboard
2014/07/05 23:00:35 [I][::1] get /webmaster/dashboard
2014/07/05 23:00:36 [I][::1] get /webmaster/goods
2014/07/05 23:00:37 [I][::1] get /webmaster/dashboard
2014/07/05 23:01:00 [I][::1] access /webmaster/goodscategory
2014/07/05 23:01:00 [I][::1] get /webmaster/errorpage
2014/07/05 23:01:23 [I][::1] get /webmaster/login
2014/07/05 23:01:36 [I][::1] get /webmaster/login
2014/07/05 23:01:41 [I][::1] post /webmaster/login
2014/07/05 23:01:41 [I][::1] admin logged
2014/07/05 23:01:41 [I][::1] access /webmaster/dashboard
2014/07/05 23:01:41 [I][::1] get /webmaster/errorpage
2014/07/05 23:03:30 [I][::1] get /webmaster/login
2014/07/05 23:03:38 [I][::1] get /webmaster/login
2014/07/05 23:03:44 [I][::1] access /webmaster/dashboard
2014/07/05 23:03:44 [I][::1] get /webmaster/errorpage
2014/07/05 23:03:50 [I][::1] get /webmaster/dashboard
2014/07/05 23:03:52 [I][::1] get /webmaster/dashboard
2014/07/05 23:03:54 [I][::1] get /webmaster/dashboard
2014/07/05 23:04:09 [I][::1] get /webmaster/logout
2014/07/05 23:04:09 [I][::1] admin logged out
2014/07/05 23:04:09 [I][::1] get /webmaster/login
2014/07/05 23:04:16 [I][::1] get /webmaster/login
2014/07/05 23:04:19 [I][::1] access /webmaster/dashboard
2014/07/05 23:04:19 [I][::1] get /webmaster/errorpage
2014/07/05 23:04:33 [I][::1] get /webmaster/login
2014/07/05 23:04:45 [I][::1] post /webmaster/login
2014/07/05 23:04:45 [I][::1] admin logged
2014/07/05 23:04:45 [I][::1] access /webmaster/dashboard
2014/07/05 23:04:45 [I][::1] get /webmaster/errorpage
2014/07/05 23:07:44 [I][::1] get /webmaster/login
2014/07/05 23:07:50 [I][::1] post /webmaster/login
2014/07/05 23:07:50 [I][::1] admin logged
2014/07/05 23:07:50 [I][::1] access /webmaster/dashboard
2014/07/05 23:07:50 [I][::1] get /webmaster/errorpage
2014/07/05 23:07:52 [I][::1] get /webmaster/login
2014/07/05 23:08:55 [I][::1] post /webmaster/login
2014/07/05 23:08:55 [I][::1] admin logged
2014/07/05 23:08:55 [I][::1] access /webmaster/dashboard
2014/07/05 23:08:55 [I][::1] get /webmaster/errorpage
2014/07/05 23:12:12 [I][::1] access /webmaster/goodscategory
2014/07/05 23:12:12 [I][::1] get /webmaster/errorpage
2014/07/05 23:13:26 [I][::1] get /webmaster/login
2014/07/05 23:13:54 [I][::1] post /webmaster/login
2014/07/05 23:13:54 [I][::1] admin logged
2014/07/05 23:13:54 [I][::1] access /webmaster/dashboard
2014/07/05 23:13:54 [I][::1] get /webmaster/errorpage
2014/07/05 23:22:28 [I][::1] post /webmaster/login
2014/07/05 23:22:28 [I][::1] admin logged
2014/07/05 23:22:28 [I][::1] get /webmaster/dashboard
2014/07/05 23:50:08 [I][::1] get /webmaster/logout
2014/07/05 23:50:08 [I][::1] admin logged out
2014/07/05 23:50:08 [I][::1] get /webmaster/login
2014/07/05 23:50:14 [I][::1] get /webmaster/login
2014/07/05 23:50:31 [I][::1] post /webmaster/login
2014/07/05 23:50:31 [I][::1] admin logged
2014/07/05 23:50:31 [I][::1] get /webmaster/dashboard
2014/07/05 23:52:44 [I][::1] get /webmaster/logout
2014/07/05 23:52:44 [I][::1] admin logged out
2014/07/05 23:52:44 [I][::1] get /webmaster/login
2014/07/05 23:54:27 [I][::1] access /webmaster/goods
2014/07/05 23:54:27 [I][::1] get /webmaster/errorpage
2014/07/05 23:54:46 [I][::1] get /webmaster/login
2014/07/05 23:54:58 [I][::1] post /webmaster/login
2014/07/05 23:54:58 [I][::1] admin logged
2014/07/05 23:54:58 [I][::1] access /webmaster/dashboard
2014/07/05 23:54:58 [I][::1] get /webmaster/errorpage
2014/07/05 23:56:09 [I][::1] access /webmaster/dashboard
2014/07/05 23:56:09 [I][::1] get /webmaster/errorpage
2014/07/05 23:56:32 [I][::1] get /webmaster/login
2014/07/05 23:56:46 [I][::1] post /webmaster/login
2014/07/05 23:56:46 [I][::1] admin logged
2014/07/05 23:56:46 [I][::1] get /webmaster/dashboard
2014/07/05 23:58:45 [I][::1] access /webmaster/goods
2014/07/05 23:58:45 [I][::1] get /webmaster/errorpage
2014/07/05 23:59:18 [I][::1] access /webmaster/goods
2014/07/05 23:59:18 [I][::1] get /webmaster/errorpage
2014/07/05 23:59:44 [I][::1] access /webmaster/goodscategory
2014/07/05 23:59:44 [I][::1] get /webmaster/errorpage
