2014/08/23 00:03:47 [I][::1] get /webmaster/goods/edit
2014/08/23 00:03:53 [I][::1] get /webmaster/article
2014/08/23 00:03:54 [I][::1] get /webmaster/dashboard
2014/08/23 00:03:56 [I][::1] get /webmaster/article
2014/08/23 00:03:57 [I][::1] get /webmaster/goods
2014/08/23 00:04:00 [I][::1] get /webmaster/goods
2014/08/23 00:04:05 [I][::1] get /webmaster/goods/edit
2014/08/23 00:04:22 [I][::1] get /webmaster/goods
2014/08/23 00:04:33 [I][::1] get /webmaster/goodscategory
2014/08/23 00:04:35 [I][::1] get /webmaster/goods
2014/08/23 00:04:36 [I][::1] get /webmaster/goods/edit
2014/08/23 00:05:33 [I][::1] get /webmaster/dashboard
2014/08/23 00:05:38 [I][::1] get /webmaster/goods
2014/08/23 00:05:43 [I][::1] get /webmaster/goods/edit
2014/08/23 00:06:23 [I][::1] get /webmaster/article
2014/08/23 00:06:24 [I][::1] get /webmaster/link
2014/08/23 00:06:26 [I][::1] get /webmaster/user
2014/08/23 00:06:28 [I][::1] get /webmaster/shop
2014/08/23 00:06:29 [I][::1] get /webmaster/setting
2014/08/23 00:06:30 [I][::1] get /webmaster/system
2014/08/23 00:07:15 [I][::1] get /webmaster/dashboard
2014/08/23 00:07:16 [I][::1] get /webmaster/goods
2014/08/23 00:07:17 [I][::1] get /webmaster/article
2014/08/23 00:07:17 [I][::1] get /webmaster/link
2014/08/23 00:07:18 [I][::1] get /webmaster/user
2014/08/23 00:07:19 [I][::1] get /webmaster/shop
2014/08/23 00:07:19 [I][::1] get /webmaster/setting
2014/08/23 00:07:20 [I][::1] get /webmaster/system
2014/08/23 00:07:21 [I][::1] get /webmaster/dashboard
2014/08/23 00:07:21 [I][::1] get /webmaster/goods
2014/08/23 00:07:55 [I][::1] get /web/gcat
2014/08/23 00:07:58 [I][::1] get /web/gcat
2014/08/23 00:07:59 [I][::1] get /web/gcat
2014/08/23 00:09:20 [I][::1] get /webmaster/article
2014/08/23 00:09:22 [I][::1] get /webmaster/articlecategory
2014/08/23 00:10:09 [I][::1] post /webmaster/articlecategory/create
2014/08/23 00:10:09 [I][::1] get /webmaster/articlecategory
2014/08/23 00:10:27 [I][::1] post /webmaster/articlecategory/delete
2014/08/23 00:10:27 [I][::1] get /webmaster/articlecategory
2014/08/23 00:10:31 [I][::1] get /webmaster/articlecategory
2014/08/23 00:10:41 [I][::1] post /webmaster/articlecategory/create
2014/08/23 00:10:41 [I][::1] get /webmaster/articlecategory
2014/08/23 00:10:50 [I][::1] get /webmaster/article
2014/08/23 00:10:57 [I][::1] get /webmaster/article/edit
2014/08/23 00:11:10 [I][::1] get /webmaster/article
2014/08/23 00:11:12 [I][::1] get /webmaster/article/create
2014/08/23 00:11:14 [I][::1] get /webmaster/article
2014/08/23 00:11:19 [I][::1] get /webmaster/article/edit
2014/08/23 00:11:55 [I][::1] get /webmaster/article
2014/08/23 00:11:57 [I][::1] get /webmaster/article/create
2014/08/23 00:22:26 [I][::1] get /webmaster/article
2014/08/23 00:22:28 [I][::1] get /webmaster/article/edit
2014/08/23 00:22:34 [I][::1] get /webmaster/goods
2014/08/23 00:22:36 [I][::1] get /webmaster/goods/edit
2014/08/23 00:37:07 [I][::1] get /webmaster/goods/edit
2014/08/23 00:37:08 [I][::1] get /webmaster/link
2014/08/23 00:37:09 [I][::1] get /webmaster/article
2014/08/23 00:37:13 [I][::1] get /webmaster/article/edit
2014/08/23 00:37:13 [E]template: edit.html:101:45: executing "edit.html" at <.Article.UserName>: UserName is not a field of struct type interface {}
2014/08/23 00:38:57 [I][::1] get /webmaster/article/edit
2014/08/23 00:38:57 [E]template: edit.html:103:45: executing "edit.html" at <.Article.UserName>: UserName is not a field of struct type interface {}
2014/08/23 00:38:59 [I][::1] get /webmaster/article
2014/08/23 00:39:00 [I][::1] get /webmaster/article/edit
2014/08/23 00:39:00 [E]template: edit.html:103:45: executing "edit.html" at <.Article.UserName>: UserName is not a field of struct type interface {}
2014/08/23 00:40:13 [I][::1] get /webmaster/article/edit
2014/08/23 00:40:13 [E]template: edit.html:103:45: executing "edit.html" at <.Article.UserName>: UserName is not a field of struct type interface {}
2014/08/23 00:41:44 [I][::1] get /webmaster/article/edit
2014/08/23 00:41:44 [E]template: edit.html:172:45: executing "edit.html" at <.Article.UserName>: UserName is not a field of struct type interface {}
2014/08/23 00:42:23 [I][::1] get /webmaster/article/edit
2014/08/23 00:44:02 [I][::1] get /webmaster/article/edit
2014/08/23 00:44:13 [I][::1] post /updateprocess/webmaster/ckeditor
2014/08/23 00:44:13 [I]save file: E:\SkyDrive\xianmau\Project\goworkspace\ECPlatform\src\uploads\article/1408725853.jpg
2014/08/23 00:44:20 [I][::1] post /webmaster/article/edit
2014/08/23 00:44:20 [I][::1] get /webmaster/article/edit
2014/08/23 00:53:11 [I][::1] get /webmaster/article
2014/08/23 00:53:14 [I][::1] get /webmaster/article/edit
2014/08/23 00:53:23 [I][::1] get /webmaster/link
2014/08/23 00:54:09 [I][::1] get /web/gcat
2014/08/23 00:54:09 [I][::1] get /web/gcat
2014/08/23 00:56:53 [I][::1] get /webmaster/article
2014/08/23 00:56:56 [I][::1] get /webmaster/articlecategory
2014/08/23 00:58:00 [I][::1] post /webmaster/articlecategory/create
2014/08/23 00:58:00 [I][::1] get /webmaster/articlecategory
2014/08/23 01:00:05 [I][::1] get /web/goods
2014/08/23 01:00:10 [I][::1] get /web/goods
2014/08/23 01:02:15 [I][::1] get /web/goods
2014/08/23 01:02:26 [I][::1] get /web/goods
2014/08/23 01:02:28 [I][::1] get /web/goods
2014/08/23 01:02:56 [I][::1] get /web/goods
2014/08/23 01:06:07 [I][::1] get /web/goods
2014/08/23 01:06:28 [I][::1] get /web/goods
2014/08/23 01:19:37 [I][::1] get /webmaster/goods
2014/08/23 01:19:37 [E]sql: expected 13 destination arguments in Scan, not 12
2014/08/23 01:19:52 [I][::1] get /webmaster/dashboard
2014/08/23 01:19:58 [I][::1] get /webmaster/goods
2014/08/23 01:19:58 [E]sql: expected 13 destination arguments in Scan, not 12
2014/08/23 01:20:03 [I][::1] get /webmaster/goods/create
2014/08/23 01:21:20 [I][::1] get /webmaster/goods/create
2014/08/23 01:21:30 [I][::1] get /webmaster/goods/create
2014/08/23 01:23:20 [I][::1] get /webmaster/goods/create
2014/08/23 01:23:22 [I][::1] get /webmaster/goods
2014/08/23 01:23:22 [E]sql: expected 13 destination arguments in Scan, not 12
2014/08/23 01:23:31 [I][::1] access /webmaster/goods
2014/08/23 01:23:31 [I][::1] get /webmaster/errorpage
2014/08/23 01:23:34 [I][::1] get /webmaster/login
2014/08/23 01:23:36 [I][::1] post /webmaster/login
2014/08/23 01:23:36 [I][::1] admin logged
2014/08/23 01:23:36 [I][::1] get /webmaster/dashboard
2014/08/23 01:23:38 [I][::1] get /webmaster/goods
2014/08/23 01:23:40 [I][::1] get /webmaster/goods/edit
2014/08/23 01:23:48 [I][::1] get /webmaster/goods/create
2014/08/23 01:26:30 [I][::1] get /webmaster/goods
2014/08/23 01:26:33 [I][::1] get /webmaster/goods/edit
2014/08/23 01:26:38 [I][::1] get /webmaster/goods
2014/08/23 01:26:41 [I][::1] get /webmaster/goods/edit
2014/08/23 01:28:48 [I][::1] post /webmaster/goods/edit
2014/08/23 01:28:48 [I][::1] get /webmaster/goods/edit
2014/08/23 01:28:51 [I][::1] get /web/goods
2014/08/23 01:29:04 [I][::1] get /webmaster/goods
2014/08/23 01:29:07 [I][::1] get /webmaster/goods/edit
2014/08/23 01:29:27 [I][::1] get /web/goods
2014/08/23 01:29:55 [I][::1] post /webmaster/goods/edit
2014/08/23 01:29:55 [I][::1] get /webmaster/goods/edit
2014/08/23 01:29:58 [I][::1] get /web/goods
2014/08/23 01:30:29 [I][::1] post /webmaster/goods/edit
2014/08/23 01:30:29 [I][::1] get /webmaster/goods/edit
2014/08/23 01:30:31 [I][::1] get /web/goods
2014/08/23 01:32:00 [I][::1] post /webmaster/goods/edit
2014/08/23 01:32:00 [I][::1] get /webmaster/goods/edit
2014/08/23 01:32:03 [I][::1] get /web/goods
2014/08/23 01:32:06 [I][::1] get /web/goods
2014/08/23 01:32:15 [I][::1] get /web/gcat
2014/08/23 01:32:17 [I][::1] get /web/goods
2014/08/23 01:33:15 [I][::1] get /web/gcat
2014/08/23 01:33:25 [I][::1] get /webmaster/goods
2014/08/23 01:33:28 [I][::1] get /webmaster/goods/create
2014/08/23 01:34:43 [I][::1] post /webmaster/goods/create
2014/08/23 01:34:43 [I][::1] get /webmaster/goods
2014/08/23 01:34:47 [I][::1] get /webmaster/goods/edit
2014/08/23 01:34:58 [I][::1] get /web/gcat
2014/08/23 01:34:59 [I][::1] get /web/goods
2014/08/23 01:35:09 [I][::1] get /webmaster/goods
2014/08/23 01:35:12 [I][::1] get /webmaster/dashboard
2014/08/23 01:35:51 [I][::1] get /webmaster/dashboard
2014/08/23 01:49:18 [I][::1] get /webmaster/goods
2014/08/23 01:55:40 [I][::1] access /webmaster/goods
2014/08/23 01:55:40 [I][::1] get /webmaster/errorpage
2014/08/23 01:55:44 [I][::1] get /web/home
2014/08/23 01:55:45 [I][::1] get /web/gcat
2014/08/23 01:55:48 [I][::1] get /web/gcat
2014/08/23 01:55:48 [E]template: gcat.html:16:13: executing "gcat.html" at <ne .currentCategory....>: error calling ne: invalid type for comparison
2014/08/23 01:55:50 [I][::1] get /web/gcat
2014/08/23 01:55:51 [I][::1] get /web/gcat
2014/08/23 01:55:55 [I][::1] get /webmaster/login
2014/08/23 01:56:00 [I][::1] post /webmaster/login
2014/08/23 01:56:00 [I][::1] admin logged
2014/08/23 01:56:00 [I][::1] get /webmaster/dashboard
2014/08/23 01:56:02 [I][::1] get /webmaster/goods
2014/08/23 01:56:02 [I][::1] get /webmaster/article
2014/08/23 01:56:03 [I][::1] get /webmaster/link
2014/08/23 01:56:22 [I][::1] get /web/home
2014/08/23 01:56:36 [I][::1] get /web/gcat
2014/08/23 01:56:36 [E]template: gcat.html:16:13: executing "gcat.html" at <ne .currentCategory....>: error calling ne: invalid type for comparison
2014/08/23 01:56:37 [I][::1] get /web/gcat
2014/08/23 01:56:37 [I][::1] get /web/gcat
2014/08/23 01:56:38 [I][::1] get /web/gcat
2014/08/23 01:56:38 [I][::1] get /web/gcat
2014/08/23 01:56:38 [I][::1] get /web/home
2014/08/23 01:56:41 [I][::1] get /web/gcat
2014/08/23 01:56:41 [I][::1] get /web/gcat
2014/08/23 01:56:42 [I][::1] get /web/gcat
2014/08/23 01:56:42 [E]template: gcat.html:16:13: executing "gcat.html" at <ne .currentCategory....>: error calling ne: invalid type for comparison
2014/08/23 01:56:53 [I][::1] get /web/gcat
2014/08/23 01:56:53 [E]template: gcat.html:16:13: executing "gcat.html" at <ne .currentCategory....>: error calling ne: invalid type for comparison
2014/08/23 02:14:16 [I][::1] get /web/acat
2014/08/23 02:14:16 [E]template: acat.html:68: function "GetJsonData" not defined
2014/08/23 02:16:28 [I][::1] get /web/acat
2014/08/23 02:16:34 [I][::1] get /web/gcat
2014/08/23 02:16:34 [E]template: gcat.html:16:13: executing "gcat.html" at <ne .currentCategory....>: error calling ne: invalid type for comparison
2014/08/23 02:17:24 [I][::1] get /web/gcat
2014/08/23 02:17:24 [E]template: gcat.html:16:13: executing "gcat.html" at <ne .currentCategory....>: error calling ne: invalid type for comparison
2014/08/23 02:17:29 [I][::1] get /web/acat
2014/08/23 02:17:37 [I][::1] get /web/acat
2014/08/23 02:17:38 [I][::1] get /web/gcat
