2014/08/17 20:48:20 [I][::1] access /webmaster/dashboard
2014/08/17 20:48:20 [I][::1] get /webmaster/errorpage
2014/08/17 20:48:24 [I][::1] get /webmaster/login
2014/08/17 20:48:32 [I][::1] post /webmaster/login
2014/08/17 20:48:32 [I][::1] admin logged
2014/08/17 20:48:32 [I][::1] get /webmaster/dashboard
2014/08/17 20:48:34 [I][::1] get /webmaster/goods
2014/08/17 20:48:35 [I][::1] get /webmaster/article
2014/08/17 20:48:36 [I][::1] get /webmaster/link
2014/08/17 20:48:37 [I][::1] get /webmaster/user
2014/08/17 20:48:37 [I][::1] get /webmaster/shop
2014/08/17 20:48:38 [I][::1] get /webmaster/setting
2014/08/17 20:48:39 [I][::1] get /webmaster/shop
2014/08/17 20:48:45 [I][::1] get /webmaster/shop/edit
2014/08/17 20:48:49 [I][::1] get /webmaster/user
2014/08/17 20:48:50 [I][::1] get /webmaster/article
2014/08/17 20:48:51 [I][::1] get /webmaster/goods
2014/08/17 20:49:05 [I][::1] get /web/home
2014/08/17 20:50:33 [I][::1] get /web/gcat
2014/08/17 20:50:39 [I][::1] get /webmaster/article
2014/08/17 20:50:41 [I][::1] get /webmaster/articlecategory
2014/08/17 20:50:43 [I][::1] get /webmaster/article/create
2014/08/17 20:50:54 [I][::1] get /webmaster/goods
2014/08/17 20:50:55 [I][::1] get /webmaster/user
2014/08/17 20:50:55 [I][::1] get /webmaster/shop
2014/08/17 20:50:56 [I][::1] get /webmaster/setting
2014/08/17 20:51:31 [I][::1] get /web/home
2014/08/17 20:51:32 [I][::1] get /web/gcat
2014/08/17 20:51:46 [I][::1] get /webmaster/goods
2014/08/17 20:51:48 [I][::1] get /webmaster/goodscategory
2014/08/17 20:52:21 [I][::1] post /webmaster/goodscategory/create
2014/08/17 20:52:22 [I][::1] get /webmaster/goodscategory
2014/08/17 20:52:32 [I][::1] post /webmaster/goodscategory/delete
2014/08/17 20:52:32 [I][::1] get /webmaster/goodscategory
2014/08/17 20:53:01 [I][::1] post /webmaster/goodscategory/create
2014/08/17 20:53:01 [I][::1] get /webmaster/goodscategory
2014/08/17 20:53:07 [I][::1] post /webmaster/goodscategory/delete
2014/08/17 20:53:07 [I][::1] get /webmaster/goodscategory
2014/08/17 20:53:25 [I][::1] post /webmaster/goodscategory/create
2014/08/17 20:53:26 [I][::1] get /webmaster/goodscategory
2014/08/17 20:53:31 [I][::1] post /webmaster/goodscategory/delete
2014/08/17 20:53:31 [I][::1] get /webmaster/goodscategory
2014/08/17 20:53:57 [I][::1] post /webmaster/goodscategory/edit
2014/08/17 20:53:57 [I][::1] get /webmaster/goodscategory
2014/08/17 20:59:44 [I][::1] get /webmaster/article
2014/08/17 20:59:45 [I][::1] get /webmaster/goods
2014/08/17 20:59:51 [I][::1] get /webmaster/goodscategory
2014/08/17 21:00:02 [I][::1] post /webmaster/goodscategory/delete
2014/08/17 21:00:02 [I][::1] get /webmaster/goodscategory
2014/08/17 21:00:23 [I][::1] get /web/home
2014/08/17 21:04:50 [I][::1] post /webmaster/goodscategory/create
2014/08/17 21:04:50 [I][::1] get /webmaster/goodscategory
2014/08/17 21:06:11 [I][::1] post /webmaster/goodscategory/create
2014/08/17 21:06:11 [I][::1] get /webmaster/goodscategory
2014/08/17 21:07:13 [I][::1] post /webmaster/goodscategory/create
2014/08/17 21:07:13 [I][::1] get /webmaster/goodscategory
2014/08/17 21:07:21 [I][::1] post /webmaster/goodscategory/edit
2014/08/17 21:07:21 [I][::1] get /webmaster/goodscategory
2014/08/17 21:07:28 [I][::1] get /webmaster/goodscategory
2014/08/17 21:07:33 [I][::1] post /webmaster/goodscategory/delete
2014/08/17 21:07:33 [I][::1] get /webmaster/goodscategory
2014/08/17 21:07:37 [I][::1] post /webmaster/goodscategory/delete
2014/08/17 21:07:37 [I][::1] get /webmaster/goodscategory
2014/08/17 21:07:58 [I][::1] post /webmaster/goodscategory/create
2014/08/17 21:07:58 [I][::1] get /webmaster/goodscategory
2014/08/17 21:08:20 [I][::1] post /webmaster/goodscategory/create
2014/08/17 21:08:20 [I][::1] get /webmaster/goodscategory
2014/08/17 21:08:28 [I][::1] post /webmaster/goodscategory/edit
2014/08/17 21:08:28 [I][::1] get /webmaster/goodscategory
2014/08/17 21:10:07 [I][::1] post /webmaster/goodscategory/create
2014/08/17 21:10:07 [I][::1] get /webmaster/goodscategory
2014/08/17 21:10:23 [I][::1] post /webmaster/goodscategory/create
2014/08/17 21:10:23 [I][::1] get /webmaster/goodscategory
2014/08/17 21:19:46 [I][::1] post /webmaster/goodscategory/create
2014/08/17 21:19:47 [I][::1] get /webmaster/goodscategory
2014/08/17 21:20:37 [I][::1] post /webmaster/goodscategory/create
2014/08/17 21:20:37 [I][::1] get /webmaster/goodscategory
2014/08/17 21:20:57 [I][::1] post /webmaster/goodscategory/create
2014/08/17 21:20:57 [I][::1] get /webmaster/goodscategory
2014/08/17 21:22:15 [I][::1] get /webmaster/dashboard
2014/08/17 21:22:16 [I][::1] get /webmaster/goods
2014/08/17 21:22:17 [I][::1] get /webmaster/goodscategory
2014/08/17 21:22:31 [I][::1] post /webmaster/goodscategory/create
2014/08/17 21:22:31 [I][::1] get /webmaster/goodscategory
2014/08/17 21:22:45 [I][::1] post /webmaster/goodscategory/create
2014/08/17 21:22:45 [I][::1] get /webmaster/goodscategory
2014/08/17 21:23:01 [I][::1] post /webmaster/goodscategory/create
2014/08/17 21:23:01 [I][::1] get /webmaster/goodscategory
2014/08/17 21:23:15 [I][::1] post /webmaster/goodscategory/create
2014/08/17 21:23:15 [I][::1] get /webmaster/goodscategory
2014/08/17 21:23:28 [I][::1] post /webmaster/goodscategory/create
2014/08/17 21:23:28 [I][::1] get /webmaster/goodscategory
2014/08/17 21:23:31 [I][::1] get /webmaster/goods
2014/08/17 21:23:36 [I][::1] get /webmaster/goodscategory
2014/08/17 21:24:13 [I][::1] post /webmaster/goodscategory/edit
2014/08/17 21:24:13 [I][::1] get /webmaster/goodscategory
2014/08/17 21:24:18 [I][::1] post /webmaster/goodscategory/edit
2014/08/17 21:24:18 [I][::1] get /webmaster/goodscategory
2014/08/17 21:24:28 [I][::1] post /webmaster/goodscategory/edit
2014/08/17 21:24:28 [I][::1] get /webmaster/goodscategory
2014/08/17 21:24:38 [I][::1] get /webmaster/goods
2014/08/17 21:25:02 [I][::1] get /webmaster/goods
2014/08/17 21:25:05 [I][::1] get /web/gcat
2014/08/17 21:25:06 [I][::1] get /web/gcat
2014/08/17 21:25:06 [I][::1] get /web/gcat
2014/08/17 21:52:48 [I][::1] get /webmaster/goods
2014/08/17 22:07:14 [I][::1] get /web/gcat
2014/08/17 22:08:58 [I][::1] get /web/gcat
2014/08/17 22:08:58 [E]template: gcat.html:25: function "k" not defined
2014/08/17 22:09:35 [I][::1] get /web/gcat
2014/08/17 22:09:35 [E]template: gcat.html:25: function "k" not defined
2014/08/17 22:09:53 [I][::1] get /web/gcat
2014/08/17 22:10:09 [I][::1] get /web/gcat
2014/08/17 22:10:11 [I][::1] get /web/gcat
2014/08/17 22:10:12 [I][::1] get /web/gcat
2014/08/17 22:10:13 [I][::1] get /web/gcat
2014/08/17 22:10:13 [I][::1] get /web/gcat
2014/08/17 22:16:46 [I][::1] get /web/gcat
2014/08/17 22:16:48 [I][::1] get /web/gcat
2014/08/17 22:16:48 [I][::1] get /web/gcat
2014/08/17 22:16:48 [I][::1] get /web/gcat
2014/08/17 23:06:46 [I][::1] get /web/gcat
2014/08/17 23:06:48 [I][::1] get /web/gcat
2014/08/17 23:06:49 [I][::1] get /web/gcat
2014/08/17 23:06:50 [I][::1] get /web/gcat
2014/08/17 23:08:28 [I][::1] get /web/gcat
2014/08/17 23:08:28 [E]template: gcat.html:30:54: executing "gcat.html" at <$e2.Name>: can't evaluate field Name in type interface {}
2014/08/17 23:10:07 [I][::1] get /web/gcat
2014/08/17 23:10:09 [I][::1] get /web/gcat
2014/08/17 23:10:10 [I][::1] get /web/gcat
2014/08/17 23:10:11 [I][::1] get /web/gcat
2014/08/17 23:10:12 [I][::1] get /web/gcat
2014/08/17 23:10:13 [I][::1] get /web/gcat
2014/08/17 23:17:28 [I][::1] get /web/gcat
2014/08/17 23:17:29 [I][::1] get /web/gcat
2014/08/17 23:17:32 [I][::1] get /web/gcat
2014/08/17 23:17:33 [I][::1] get /web/gcat
2014/08/17 23:27:14 [I][::1] get /web/gcat
2014/08/17 23:27:16 [I][::1] get /web/gcat
2014/08/17 23:27:42 [I][::1] get /web/gcat
2014/08/17 23:29:05 [I][::1] get /web/gcat
2014/08/17 23:33:14 [I][::1] get /web/gcat
2014/08/17 23:40:08 [I][::1] get /web/gcat
2014/08/17 23:40:16 [I][::1] get /web/gcat
2014/08/17 23:40:17 [I][::1] get /web/gcat
2014/08/17 23:40:18 [I][::1] get /web/gcat
2014/08/17 23:40:20 [I][::1] get /web/gcat
2014/08/17 23:40:21 [I][::1] get /web/gcat
2014/08/17 23:40:24 [I][::1] get /web/gcat
2014/08/17 23:40:24 [I][::1] get /web/gcat
2014/08/17 23:40:24 [I][::1] get /web/gcat
2014/08/17 23:40:25 [I][::1] get /web/gcat
2014/08/17 23:40:25 [I][::1] get /web/gcat
2014/08/17 23:40:27 [I][::1] get /web/gcat
2014/08/17 23:40:34 [I][::1] get /web/gcat
2014/08/17 23:40:35 [I][::1] get /web/home
2014/08/17 23:40:37 [I][::1] get /web/gcat
2014/08/17 23:40:57 [I][::1] access /webmaster/goods
2014/08/17 23:40:57 [I][::1] get /webmaster/errorpage
2014/08/17 23:40:59 [I][::1] get /webmaster/login
2014/08/17 23:41:03 [I][::1] post /webmaster/login
2014/08/17 23:41:03 [I][::1] admin logged
2014/08/17 23:41:03 [I][::1] get /webmaster/dashboard
2014/08/17 23:41:04 [I][::1] get /webmaster/goods
2014/08/17 23:41:07 [I][::1] get /webmaster/goodscategory
2014/08/17 23:41:15 [I][::1] post /webmaster/goodscategory/delete
2014/08/17 23:41:15 [I][::1] get /webmaster/goodscategory
2014/08/17 23:41:37 [I][::1] post /webmaster/goodscategory/create
2014/08/17 23:41:37 [I][::1] get /webmaster/goodscategory
2014/08/17 23:41:41 [I][::1] get /web/gcat
2014/08/17 23:41:43 [I][::1] get /web/gcat
2014/08/17 23:41:44 [I][::1] get /web/gcat
2014/08/17 23:41:45 [I][::1] get /web/gcat
2014/08/17 23:41:46 [I][::1] get /web/gcat
2014/08/17 23:41:48 [I][::1] get /web/gcat
2014/08/17 23:41:58 [I][::1] post /webmaster/goodscategory/edit
2014/08/17 23:41:58 [I][::1] get /webmaster/goodscategory
2014/08/17 23:42:05 [I][::1] get /webmaster/goodscategory
2014/08/17 23:42:10 [I][::1] post /webmaster/goodscategory/edit
2014/08/17 23:42:10 [I][::1] get /webmaster/goodscategory
2014/08/17 23:42:16 [I][::1] post /webmaster/goodscategory/edit
2014/08/17 23:42:16 [I][::1] get /webmaster/goodscategory
2014/08/17 23:42:24 [I][::1] post /webmaster/goodscategory/edit
2014/08/17 23:42:24 [I][::1] get /webmaster/goodscategory
2014/08/17 23:42:29 [I][::1] post /webmaster/goodscategory/edit
2014/08/17 23:42:29 [I][::1] get /webmaster/goodscategory
2014/08/17 23:42:38 [I][::1] get /web/gcat
2014/08/17 23:42:39 [I][::1] get /web/gcat
2014/08/17 23:42:40 [I][::1] get /web/gcat
2014/08/17 23:42:41 [I][::1] get /web/gcat
2014/08/17 23:42:42 [I][::1] get /web/gcat
2014/08/17 23:42:43 [I][::1] get /web/gcat
2014/08/17 23:42:45 [I][::1] get /web/gcat
2014/08/17 23:42:47 [I][::1] get /web/home
2014/08/17 23:42:47 [I][::1] get /web/gcat
2014/08/17 23:42:48 [I][::1] get /web/gcat
2014/08/17 23:43:31 [I][::1] get /web/gcat
2014/08/17 23:43:32 [I][::1] get /web/home
2014/08/17 23:43:36 [I][::1] get /web/gcat
2014/08/17 23:44:31 [I][::1] get /web/gcat
2014/08/17 23:45:51 [I][::1] get /web/gcat
2014/08/17 23:45:58 [I][::1] get /web/gcat
2014/08/17 23:46:00 [I][::1] get /web/gcat
2014/08/17 23:46:02 [I][::1] get /web/gcat
2014/08/17 23:46:05 [I][::1] get /web/gcat
2014/08/17 23:46:06 [I][::1] get /web/gcat
2014/08/17 23:46:08 [I][::1] get /web/home
2014/08/17 23:46:09 [I][::1] get /web/gcat
2014/08/17 23:49:28 [I][::1] get /web/gcat
2014/08/17 23:49:31 [I][::1] get /web/gcat
2014/08/17 23:55:10 [I][::1] get /web/gcat
2014/08/17 23:55:12 [I][::1] get /web/gcat
2014/08/17 23:55:52 [I][::1] get /web/gcat
2014/08/17 23:55:53 [I][::1] get /web/gcat
2014/08/17 23:56:09 [I][::1] get /web/gcat
2014/08/17 23:57:53 [I][::1] get /web/gcat
2014/08/17 23:57:55 [I][::1] get /web/gcat
2014/08/17 23:59:22 [I][::1] get /web/gcat
