2014/06/29 03:59:19 [I]a client visit /webmaster/dashboard
2014/06/29 03:59:23 E:/SkyDrive/xianmau/Project/goworkspace/ECPlatform/src/utils/logger/logger.go:116: [F]html/template:login.html:10: no such template "leftside"
2014/06/29 04:00:31 [I]a client visit /webmaster/login
2014/06/29 04:00:33 [I]a client visit /webmaster/login
2014/06/29 04:00:42 [I]a client visit /webmaster/login
2014/06/29 04:32:14 [I][ get /webmaster/login
2014/06/29 04:32:25 [I][ post /webmaster/login
2014/06/29 04:33:19 [I][ get /webmaster/login
2014/06/29 04:33:30 [I][ post /webmaster/login
2014/06/29 04:45:54 [I][ get /webmaster/login
2014/06/29 04:46:02 [I][ post /webmaster/login
2014/06/29 04:46:02 [I][ get /webmaster/login
2014/06/29 04:46:11 [I][ get /webmaster/login
2014/06/29 04:51:52 [I][ post /webmaster/login
2014/06/29 04:51:52 [I][ get /webmaster/login
2014/06/29 04:52:35 [I][ post /webmaster/login
2014/06/29 04:52:35 [I][ get /webmaster/login
2014/06/29 04:53:19 [I][ post /webmaster/login
2014/06/29 04:53:19 [I][ get /webmaster/login
2014/06/29 04:54:00 [I][ get /webmaster/login
2014/06/29 04:54:03 [I][ post /webmaster/login
2014/06/29 04:54:03 [I][ get /webmaster/login
2014/06/29 04:54:42 [I][ get /webmaster/login
2014/06/29 04:54:45 [I][ post /webmaster/login
2014/06/29 04:54:45 [I][ get /webmaster/login
2014/06/29 04:56:02 [I][ get /webmaster/login
2014/06/29 04:56:05 [I][ post /webmaster/login
2014/06/29 04:56:05 [I][ get /webmaster/login
2014/06/29 21:16:30 [I][ get /webmaster/login
2014/06/29 21:16:36 [I][ post /webmaster/login
2014/06/29 21:16:36 [I][ get /webmaster/login
2014/06/29 21:17:14 [I][ get /webmaster/login
2014/06/29 21:17:17 [I][ post /webmaster/login
2014/06/29 21:17:17 [I][ get /webmaster/login
2014/06/29 21:17:20 [I][ post /webmaster/login
2014/06/29 21:17:20 [I][ get /webmaster/login
2014/06/29 21:17:25 [I][ post /webmaster/login
2014/06/29 21:17:25 [I][ get /webmaster/login
