2014/07/13 22:03:54 [I][::1] get /webmaster/logout
2014/07/13 22:03:54 [I][::1] get /webmaster/errorpage
2014/07/13 22:03:55 [I][::1] get /webmaster/login
2014/07/13 22:03:58 [I][::1] post /webmaster/login
2014/07/13 22:03:58 [I][::1] admin logged
2014/07/13 22:03:58 [I][::1] get /webmaster/dashboard
2014/07/13 22:04:00 [I][::1] get /webmaster/goods
2014/07/13 22:04:01 [I][::1] get /webmaster/goods/create
2014/07/13 22:10:13 [I][::1] get /webmaster/goods/edit
2014/07/13 22:36:11 [I][::1] get /webmaster/logout
2014/07/13 22:36:11 [I][::1] get /webmaster/errorpage
2014/07/13 22:36:13 [I][::1] get /webmaster/login
2014/07/13 22:36:15 [I][::1] post /webmaster/login
2014/07/13 22:36:15 [I][::1] admin logged
2014/07/13 22:36:15 [I][::1] get /webmaster/dashboard
2014/07/13 22:36:17 [I][::1] get /webmaster/goods
2014/07/13 22:36:18 [I][::1] get /webmaster/goods/create
2014/07/13 22:36:24 [I][::1] get /webmaster/goods/create
2014/07/13 22:36:37 [I][::1] get /webmaster/goods/create
2014/07/13 22:37:03 [I][::1] get /webmaster/goods/create
2014/07/13 22:38:41 [I][::1] get /webmaster/goods/create
2014/07/13 22:38:49 [I][::1] get /webmaster/goods/create
2014/07/13 22:39:15 [I][::1] get /webmaster/goods/edit
2014/07/13 22:40:00 [I][::1] get /webmaster/dashboard
2014/07/13 22:44:24 [I][::1] get /webmaster/dashboard
2014/07/13 22:44:32 [I][::1] get /webmaster/goods
2014/07/13 22:44:33 [I][::1] get /webmaster/goods/create
2014/07/13 22:44:38 [I][::1] get /webmaster/goods/edit
2014/07/13 22:45:00 [I][::1] get /webmaster/goods/edit
2014/07/13 22:45:06 [I][::1] get /webmaster/goods/edit
2014/07/13 22:45:10 [I][::1] get /webmaster/goods/edit
2014/07/13 22:45:25 [I][::1] get /webmaster/goods/edit
2014/07/13 22:45:37 [I][::1] post /updateprocess/webmaster/ckeditor
2014/07/13 22:45:43 [I][::1] get /webmaster/logout
2014/07/13 22:45:43 [I][::1] admin logged out
2014/07/13 22:45:43 [I][::1] get /webmaster/login
2014/07/13 22:45:46 [I][::1] post /webmaster/login
2014/07/13 22:45:46 [I][::1] root logged
2014/07/13 22:45:46 [I][::1] get /webmaster/dashboard
2014/07/13 22:45:48 [I][::1] get /webmaster/goods
2014/07/13 22:45:49 [I][::1] get /webmaster/goods/edit
2014/07/13 22:46:00 [I][::1] post /updateprocess/webmaster/ckeditor
2014/07/13 22:46:00 [I]save file: E:\SkyDrive\xianmau\Project\goworkspace\ECPlatform\src\uploads\goods\2\1405262760.jpg
2014/07/13 22:46:00 [E]invalid argument
2014/07/13 22:46:11 [I][::1] post /updateprocess/webmaster/ckeditor
2014/07/13 22:46:11 [I]save file: E:\SkyDrive\xianmau\Project\goworkspace\ECPlatform\src\uploads\goods\2\1405262771.jpg
2014/07/13 22:46:11 [E]invalid argument
2014/07/13 22:47:03 [I][::1] get /webmaster/goods
2014/07/13 22:47:06 [I][::1] get /webmaster/goods/edit
2014/07/13 22:47:13 [I][::1] post /updateprocess/webmaster/ckeditor
2014/07/13 22:47:13 [I]save file: E:\SkyDrive\xianmau\Project\goworkspace\ECPlatform\src\uploads\goods\1\1405262833.jpg
2014/07/13 22:47:13 [E]invalid argument
2014/07/13 22:47:33 [I][::1] get /webmaster/goods
2014/07/13 22:47:35 [I][::1] get /webmaster/goods/create
2014/07/13 22:47:40 [I][::1] post /updateprocess/webmaster/ckeditor
2014/07/13 22:47:40 [I]save file: E:\SkyDrive\xianmau\Project\goworkspace\ECPlatform\src\uploads\goods\1\1405262860.jpg
2014/07/13 22:47:40 [E]invalid argument
2014/07/13 22:49:09 [I][::1] get /webmaster/goods
2014/07/13 22:49:11 [I][::1] get /webmaster/goods/edit
2014/07/13 22:49:14 [I][::1] get /webmaster/goods
2014/07/13 22:49:15 [I][::1] get /webmaster/goods/edit
2014/07/13 22:49:21 [I][::1] post /updateprocess/webmaster/ckeditor
2014/07/13 22:49:21 [I]save file: E:\SkyDrive\xianmau\Project\goworkspace\ECPlatform\src\uploads\goods\1\1405262961.jpg
2014/07/13 22:49:32 [I][::1] get /webmaster/goods
2014/07/13 23:21:25 [I][::1] access /webmaster/goods
2014/07/13 23:21:25 [I][::1] get /webmaster/errorpage
2014/07/13 23:21:26 [I][::1] get /webmaster/login
2014/07/13 23:21:34 [I][::1] post /webmaster/login
2014/07/13 23:21:34 [I][::1] root logged
2014/07/13 23:21:34 [I][::1] get /webmaster/dashboard
2014/07/13 23:21:35 [I][::1] get /webmaster/goods
2014/07/13 23:21:37 [I][::1] get /webmaster/goods/edit
2014/07/13 23:21:43 [I][::1] post /updateprocess/webmaster/ckeditor
2014/07/13 23:21:43 [I]save file: E:\SkyDrive\xianmau\Project\goworkspace\ECPlatform\src\uploads\goods\21405264903.jpg
2014/07/13 23:24:18 [I][::1] get /webmaster/goods/edit
2014/07/13 23:24:28 [I][::1] post /updateprocess/webmaster/ckeditor
2014/07/13 23:24:28 [I]save file: E:\SkyDrive\xianmau\Project\goworkspace\ECPlatform\src\uploads\goods\21405265068.jpg
2014/07/13 23:31:55 [I][::1] get /webmaster/logout
2014/07/13 23:31:55 [I][::1] get /webmaster/errorpage
2014/07/13 23:31:57 [I][::1] get /webmaster/login
2014/07/13 23:31:59 [I][::1] post /webmaster/login
2014/07/13 23:31:59 [I][::1] root logged
2014/07/13 23:31:59 [I][::1] get /webmaster/dashboard
2014/07/13 23:32:01 [I][::1] get /webmaster/goods
2014/07/13 23:32:02 [I][::1] get /webmaster/goods/edit
2014/07/13 23:32:05 [I][::1] get /webmaster/goods/edit
2014/07/13 23:32:12 [I][::1] post /updateprocess/webmaster/ckeditor
2014/07/13 23:32:12 [I]save file: E:\SkyDrive\xianmau\Project\goworkspace\ECPlatform\src\uploads\goods\2/1405265532.jpg
2014/07/13 23:32:39 [I][::1] post /updateprocess/webmaster/ckeditor
2014/07/13 23:32:39 [I]save file: E:\SkyDrive\xianmau\Project\goworkspace\ECPlatform\src\uploads\goods\2/1405265559.jpg
2014/07/13 23:34:17 [I][::1] get /webmaster/logout
2014/07/13 23:34:17 [I][::1] get /webmaster/errorpage
2014/07/13 23:34:18 [I][::1] get /webmaster/login
2014/07/13 23:34:22 [I][::1] post /webmaster/login
2014/07/13 23:34:22 [I][::1] root logged
2014/07/13 23:34:22 [I][::1] get /webmaster/dashboard
2014/07/13 23:34:23 [I][::1] get /webmaster/goods
2014/07/13 23:34:25 [I][::1] get /webmaster/goods/edit
2014/07/13 23:34:31 [I][::1] post /updateprocess/webmaster/ckeditor
2014/07/13 23:34:31 [I]save file: E:\SkyDrive\xianmau\Project\goworkspace\ECPlatform\src\uploads\goods\2/1405265671.jpg
2014/07/13 23:34:54 [I][::1] get /webmaster/dashboard
2014/07/13 23:34:55 [I][::1] get /webmaster/goods
2014/07/13 23:36:19 [I][::1] get /webmaster/goods/edit
2014/07/13 23:36:22 [I][::1] get /webmaster/goods/edit
2014/07/13 23:37:17 [I][::1] post /webmaster/goods/edit
2014/07/13 23:37:17 [I][::1] get /webmaster/goods/edit
2014/07/13 23:37:24 [I][::1] get /webmaster/goods/edit
2014/07/13 23:37:32 [I][::1] get /webmaster/goods/edit
2014/07/13 23:37:37 [I][::1] get /webmaster/goods/edit
2014/07/13 23:37:42 [I][::1] post /webmaster/goods/edit
2014/07/13 23:37:42 [I][::1] get /webmaster/goods/edit
2014/07/13 23:50:30 [I][::1] get /webmaster/goods/edit
2014/07/13 23:50:48 [I][::1] get /webmaster/goods/create
2014/07/13 23:50:49 [I][::1] get /webmaster/goodscategory
2014/07/13 23:51:03 [I][::1] get /webmaster/goods/create
2014/07/13 23:54:54 [I][::1] get /webmaster/goods/create
2014/07/13 23:55:28 [I][::1] get /webmaster/goods/create
2014/07/13 23:56:01 [I][::1] get /webmaster/goods/create
2014/07/13 23:57:02 [I][::1] post /webmaster/goods/create
2014/07/13 23:57:02 [I][::1] get /webmaster/goods/create
2014/07/13 23:57:06 [I][::1] get /webmaster/goods
2014/07/13 23:57:13 [I][::1] get /webmaster/goods/edit
2014/07/13 23:57:22 [I][::1] post /webmaster/goods/edit
2014/07/13 23:57:22 [I][::1] get /webmaster/goods/edit
2014/07/13 23:57:26 [I][::1] get /webmaster/goods
2014/07/13 23:57:34 [I][::1] get /webmaster/goods/edit
2014/07/13 23:59:56 [I][::1] get /webmaster/goods
