2014/07/12 11:34:44 [I][::1] access /webmaster/goods
2014/07/12 11:34:44 [I][::1] get /webmaster/errorpage
2014/07/12 11:34:46 [I][::1] get /webmaster/login
2014/07/12 11:34:51 [I][::1] post /webmaster/login
2014/07/12 11:34:51 [I][::1] admin logged
2014/07/12 11:34:51 [I][::1] get /webmaster/dashboard
2014/07/12 11:34:53 [I][::1] get /webmaster/goods
2014/07/12 11:34:54 [I][::1] get /webmaster/goods/create
2014/07/12 12:09:51 [I][::1] get /webmaster/goods/create
2014/07/12 12:10:02 [I][::1] get /webmaster/goods/create
2014/07/12 12:10:51 [I][::1] get /webmaster/goods/create
2014/07/12 12:12:15 [I][::1] get /webmaster/goods/create
2014/07/12 12:15:15 [I][::1] get /webmaster/goods/create
2014/07/12 12:15:25 [I][::1] get /webmaster/goods/create
2014/07/12 12:16:39 [I][::1] get /webmaster/goods/create
2014/07/12 12:18:08 [I][::1] get /webmaster/goods/create
2014/07/12 12:19:19 [I][::1] get /webmaster/goods/create
2014/07/12 12:25:35 [I][::1] get /webmaster/goods/create
2014/07/12 12:25:59 [I][::1] get /webmaster/goods/create
2014/07/12 12:44:26 [I][::1] get /webmaster/goods/create
2014/07/12 12:57:09 [I][::1] get /webmaster/goods/create
2014/07/12 12:57:29 [I][::1] get /webmaster/goods/create
2014/07/12 12:58:41 [I][::1] get /webmaster/goods/create
2014/07/12 12:58:52 [I][::1] get /webmaster/goods/create
2014/07/12 13:04:36 [I][::1] get /webmaster/goods/create
2014/07/12 13:06:31 [I][::1] get /webmaster/goods/create
2014/07/12 13:07:52 [I][::1] get /webmaster/goods/create
2014/07/12 13:08:59 [I][::1] get /webmaster/goods/create
2014/07/12 13:16:05 [I][::1] get /webmaster/goods/create
2014/07/12 13:24:49 [I][::1] get /webmaster/goods/create
2014/07/12 13:26:00 [I][::1] get /webmaster/goods/create
2014/07/12 13:27:07 [I][::1] get /webmaster/goods/create
2014/07/12 13:28:10 [I][::1] get /webmaster/goods/create
2014/07/12 13:28:31 [I][::1] get /webmaster/goods/create
2014/07/12 13:29:01 [I][::1] get /webmaster/goods/create
2014/07/12 13:29:38 [I][::1] get /webmaster/goods/create
2014/07/12 22:26:23 [I][::1] access /webmaster/goods/create
2014/07/12 22:26:23 [I][::1] get /webmaster/errorpage
2014/07/12 22:26:25 [I][::1] get /webmaster/login
2014/07/12 22:26:27 [I][::1] post /webmaster/login
2014/07/12 22:26:27 [I][::1] admin logged
2014/07/12 22:26:27 [I][::1] get /webmaster/dashboard
2014/07/12 22:26:29 [I][::1] get /webmaster/dashboard
2014/07/12 22:26:29 [I][::1] get /webmaster/goods
2014/07/12 22:26:34 [I][::1] get /webmaster/goods
2014/07/12 22:26:35 [I][::1] get /webmaster/goods/create
2014/07/12 22:50:50 [I][::1] get /webmaster/goods
2014/07/12 22:50:51 [I][::1] get /webmaster/goods/create
2014/07/12 22:52:12 [I][::1] get /webmaster/goods/create
2014/07/12 22:52:41 [I][::1] get /webmaster/goods/create
2014/07/12 22:54:39 [I][::1] get /webmaster/goods/create
2014/07/12 23:23:03 [I][::1] get /webmaster/goods
2014/07/12 23:23:05 [I][::1] get /webmaster/goods/create
2014/07/12 23:43:31 [I][::1] get /webmaster/goods
