2014/08/24 17:58:33 [I][::1] access /webmaster/dashboard
2014/08/24 17:58:33 [I][::1] get /webmaster/errorpage
2014/08/24 18:02:35 [I][::1] get /web/home
2014/08/24 18:02:51 [I][::1] get /web/gcat
2014/08/24 18:02:55 [I][::1] get /web/goods
2014/08/24 18:08:23 [I][::1] access /webmaster/dashboard
2014/08/24 18:08:23 [I][::1] get /webmaster/errorpage
2014/08/24 18:08:27 [I][::1] get /webmaster/login
2014/08/24 18:08:30 [I][::1] post /webmaster/login
2014/08/24 18:08:30 [I][::1] admin logged
2014/08/24 18:08:30 [I][::1] get /webmaster/dashboard
2014/08/24 18:08:31 [I][::1] get /webmaster/goods
2014/08/24 18:08:34 [I][::1] get /webmaster/goods/edit
2014/08/24 18:29:56 [I][::1] post /webmaster/goods/edit
2014/08/24 18:29:56 [I][::1] get /webmaster/goods/edit
2014/08/24 18:34:47 [I][::1] post /webmaster/goods/edit
2014/08/24 18:34:47 [I][::1] get /webmaster/goods/edit
2014/08/24 18:35:00 [I][::1] get /web/home
2014/08/24 18:35:05 [I][::1] get /web/gcat
2014/08/24 18:35:07 [I][::1] get /web/goods
2014/08/24 18:37:01 [I][::1] post /webmaster/goods/edit
2014/08/24 18:37:01 [E]Error 1406: Data too long for column 'BuyLink' at row 1
2014/08/24 18:37:01 [I][::1] get /webmaster/goods/edit
2014/08/24 18:37:06 [I][::1] get /web/goods
2014/08/24 18:37:12 [I][::1] get /web/goods
2014/08/24 18:37:14 [I][::1] get /web/goods
2014/08/24 18:37:34 [I][::1] post /webmaster/goods/edit
2014/08/24 18:37:34 [I][::1] get /webmaster/goods/edit
2014/08/24 18:37:40 [I][::1] get /web/goods
2014/08/24 18:40:27 [I][::1] post /updateprocess/webmaster/uploadify
2014/08/24 18:40:27 [I]save file: E:\SkyDrive\xianmau\Project\goworkspace\ECPlatform\src\uploads\goods\23/1408876827.jpg
2014/08/24 18:40:36 [I][::1] post /updateprocess/webmaster/uploadify
2014/08/24 18:40:36 [I]save file: E:\SkyDrive\xianmau\Project\goworkspace\ECPlatform\src\uploads\goods\23/1408876836.jpg
2014/08/24 18:40:40 [I][::1] post /updateprocess/webmaster/uploadify
2014/08/24 18:40:40 [I]save file: E:\SkyDrive\xianmau\Project\goworkspace\ECPlatform\src\uploads\goods\23/1408876840.jpg
2014/08/24 18:40:46 [I][::1] post /updateprocess/webmaster/uploadify
2014/08/24 18:40:46 [I]save file: E:\SkyDrive\xianmau\Project\goworkspace\ECPlatform\src\uploads\goods\23/1408876846.jpg
2014/08/24 18:40:59 [I][::1] post /webmaster/goods/edit
2014/08/24 18:40:59 [I][::1] get /webmaster/goods/edit
2014/08/24 18:41:07 [I][::1] get /web/goods
2014/08/24 18:42:53 [I][::1] post /updateprocess/webmaster/uploadify
2014/08/24 18:42:53 [I]save file: E:\SkyDrive\xianmau\Project\goworkspace\ECPlatform\src\uploads\goods\23/1408876973.jpg
2014/08/24 18:43:05 [I][::1] post /webmaster/goods/edit
2014/08/24 18:43:05 [I][::1] get /webmaster/goods/edit
2014/08/24 18:43:11 [I][::1] get /web/goods
2014/08/24 18:43:13 [I][::1] get /web/home
2014/08/24 18:43:14 [I][::1] get /web/gcat
2014/08/24 18:45:15 [I][::1] get /web/gcat
2014/08/24 18:45:22 [I][::1] get /webmaster/goods
2014/08/24 18:45:25 [I][::1] get /webmaster/goods/edit
2014/08/24 18:45:32 [I][::1] get /web/goods
2014/08/24 18:48:25 [I][::1] post /webmaster/goods/edit
2014/08/24 18:48:25 [I][::1] get /webmaster/goods/edit
2014/08/24 18:48:28 [I][::1] get /web/goods
2014/08/24 18:49:00 [I][::1] get /web/goods
2014/08/24 19:02:46 [I][::1] get /web/goods
2014/08/24 19:02:47 [I][::1] get /web/goods
2014/08/24 19:03:03 [I][::1] get /web/goods
2014/08/24 19:08:16 [I][::1] get /web/goods
2014/08/24 19:08:51 [I][::1] get /web/goods
2014/08/24 19:09:09 [I][::1] get /web/goods
2014/08/24 19:09:32 [I][::1] get /web/goods
2014/08/24 19:09:32 [I][::1] get /web/goods
2014/08/24 19:13:07 [I][::1] get /web/goods
2014/08/24 19:13:31 [I][::1] get /web/goods
2014/08/24 19:14:00 [I][::1] get /web/goods
2014/08/24 19:14:29 [I][::1] get /web/goods
2014/08/24 19:15:16 [I][::1] get /web/goods
2014/08/24 19:16:06 [I][::1] get /web/goods
2014/08/24 19:16:06 [I][::1] get /web/goods
2014/08/24 19:17:53 [I][::1] get /web/goods
2014/08/24 19:21:22 [I][::1] get /web/goods
2014/08/24 19:22:32 [I][::1] get /web/goods
2014/08/24 19:22:36 [I][::1] get /web/goods
2014/08/24 19:22:39 [I][::1] get /web/goods
2014/08/24 19:22:47 [I][::1] get /web/goods
2014/08/24 19:59:12 [I][::1] get /webmaster/goods
2014/08/24 19:59:14 [I][::1] get /webmaster/goods/edit
2014/08/24 19:59:32 [I][::1] post /webmaster/goods/edit
2014/08/24 19:59:32 [E]Error 1406: Data too long for column 'BuyLink' at row 1
2014/08/24 19:59:32 [I][::1] get /webmaster/goods/edit
2014/08/24 20:01:03 [I][::1] post /webmaster/goods/edit
2014/08/24 20:01:03 [I][::1] get /webmaster/goods/edit
2014/08/24 20:01:11 [I][::1] get /web/goods
2014/08/24 20:02:14 [I][::1] get /web/goods
2014/08/24 20:02:14 [E]template: goods.html:144: function "a" not defined
2014/08/24 20:02:37 [I][::1] get /web/goods
2014/08/24 20:02:37 [E]template: goods.html:144: function "a" not defined
2014/08/24 20:05:24 [I][::1] get /web/goods
2014/08/24 20:05:24 [E]template: goods.html:144: function "k" not defined
2014/08/24 20:05:34 [I][::1] get /web/goods
2014/08/24 20:05:34 [E]template: goods.html:144: function "k" not defined
2014/08/24 20:05:47 [I][::1] get /web/goods
2014/08/24 20:07:07 [I][::1] get /web/goods
2014/08/24 20:16:33 [I][::1] get /web/goods
2014/08/24 20:18:42 [I][::1] get /web/goods
2014/08/24 20:18:42 [E]template: goods.html:158: unexpected {{end}}
2014/08/24 20:20:14 [I][::1] get /web/goods
2014/08/24 20:20:19 [I][::1] get /web/goods
2014/08/24 20:20:28 [I][::1] get /web/goods
2014/08/24 20:20:28 [E]template: goods.html:138: function "nq" not defined
2014/08/24 20:20:39 [I][::1] get /web/goods
2014/08/24 20:27:21 [I][::1] get /web/goods
2014/08/24 20:27:24 [I][::1] get /web/goods
2014/08/24 21:25:15 [I][::1] access /webmaster/goods
2014/08/24 21:25:15 [I][::1] get /webmaster/errorpage
2014/08/24 21:25:16 [I][::1] get /webmaster/login
2014/08/24 21:25:20 [I][::1] post /webmaster/login
2014/08/24 21:25:20 [I][::1] admin logged
2014/08/24 21:25:20 [I][::1] get /webmaster/dashboard
2014/08/24 21:29:47 [I][::1] get /web/goods
2014/08/24 21:29:48 [I][::1] get /web/goods
2014/08/24 21:37:13 [I][::1] get /web/goods
2014/08/24 21:39:27 [I][::1] get /web/goods
2014/08/24 21:39:54 [I][::1] get /web/goods
2014/08/24 21:44:15 [I][::1] get /web/goods
2014/08/24 21:47:40 [I][::1] get /web/goods
2014/08/24 21:48:41 [I][::1] get /web/goods
2014/08/24 21:49:36 [I][::1] get /web/goods
2014/08/24 21:50:09 [I][::1] get /web/goods
2014/08/24 21:54:09 [I][::1] get /web/goods
2014/08/24 22:42:28 [I][::1] get /web/goods
2014/08/24 22:43:51 [I][::1] get /web/goods
2014/08/24 22:44:08 [I][::1] access /web/comment/create
2014/08/24 22:44:08 [I][::1] get /web/goods
2014/08/24 22:44:35 [I][::1] access /web/comment/create
2014/08/24 22:44:35 [I][::1] get /web/goods
2014/08/24 22:49:36 [I][::1] get /web/goods
2014/08/24 22:50:07 [I][::1] access /web/comment/create
2014/08/24 22:50:07 [I][::1] post /web/comment/create
2014/08/24 22:50:07 [E]Error 1136: Column count doesn't match value count at row 1
2014/08/24 22:50:07 [I][::1] get /web/goods
2014/08/24 22:56:03 [I][::1] get /web/goods
2014/08/24 22:56:25 [I][::1] access /web/comment/create
2014/08/24 22:56:25 [I][::1] post /web/comment/create
2014/08/24 22:56:25 [I][::1] get /web/goods
2014/08/24 23:03:47 [I][::1] access /webmaster/shop
2014/08/24 23:03:47 [I][::1] get /webmaster/errorpage
2014/08/24 23:03:49 [I][::1] get /webmaster/login
2014/08/24 23:03:52 [I][::1] post /webmaster/login
2014/08/24 23:03:52 [I][::1] admin logged
2014/08/24 23:03:52 [I][::1] get /webmaster/dashboard
2014/08/24 23:03:53 [I][::1] get /webmaster/shop
2014/08/24 23:03:55 [I][::1] get /webmaster/shop/create
2014/08/24 23:03:58 [I][::1] get /webmaster/shop/edit
2014/08/24 23:06:36 [I][::1] post /webmaster/shop/edit
2014/08/24 23:06:36 [I][::1] get /webmaster/shop/edit
2014/08/24 23:06:43 [I][::1] get /webmaster/user
2014/08/24 23:06:47 [I][::1] get /webmaster/user/edit
2014/08/24 23:09:39 [I][::1] get /web/home
2014/08/24 23:09:43 [I][::1] get /web/gcat
2014/08/24 23:09:51 [I][::1] get /web/goods
2014/08/24 23:09:53 [I][::1] get /web/goods
2014/08/24 23:10:02 [I][::1] get /web/gcat
2014/08/24 23:10:05 [I][::1] get /web/goods
2014/08/24 23:10:15 [I][::1] get /webmaster/dashboard
2014/08/24 23:10:16 [I][::1] get /webmaster/goods
2014/08/24 23:10:16 [I][::1] get /webmaster/article
2014/08/24 23:10:16 [I][::1] get /webmaster/link
2014/08/24 23:10:17 [I][::1] get /webmaster/user
2014/08/24 23:10:17 [I][::1] get /webmaster/setting
2014/08/24 23:10:18 [I][::1] get /webmaster/system
2014/08/24 23:10:18 [I][::1] get /webmaster/shop
2014/08/24 23:10:18 [I][::1] get /webmaster/link
2014/08/24 23:10:19 [I][::1] get /webmaster/article
2014/08/24 23:10:19 [I][::1] get /webmaster/goods
2014/08/24 23:10:19 [I][::1] get /webmaster/dashboard
2014/08/24 23:10:30 [I][::1] get /webmaster/logout
2014/08/24 23:10:30 [I][::1] admin logged out
2014/08/24 23:10:30 [I][::1] get /webmaster/login
