2014/08/28 22:30:28 [I][::1] access /webmaster/dashboard
2014/08/28 22:30:29 [I][::1] get /webmaster/errorpage
2014/08/28 22:30:30 [I][::1] get /webmaster/login
2014/08/28 22:30:32 [I][::1] post /webmaster/login
2014/08/28 22:30:33 [I][::1] get /webmaster/login
2014/08/28 22:30:36 [I][::1] post /webmaster/login
2014/08/28 22:30:36 [I][::1] get /webmaster/login
2014/08/28 22:30:42 [I][::1] post /webmaster/login
2014/08/28 22:30:42 [I][::1] get /webmaster/login
2014/08/28 22:30:47 [I][::1] get /webmaster/login
2014/08/28 22:30:57 [I][::1] post /webmaster/login
2014/08/28 22:30:57 [I][::1] get /webmaster/login
2014/08/28 22:31:02 [I][::1] post /webmaster/login
2014/08/28 22:31:02 [I][::1] get /webmaster/login
2014/08/28 22:37:35 [I][::1] get /web/home
2014/08/28 22:37:42 [I][::1] access /webmaster/dashboard
2014/08/28 22:37:42 [I][::1] get /webmaster/errorpage
2014/08/28 22:37:43 [I][::1] get /webmaster/login
2014/08/28 22:37:47 [I][::1] post /webmaster/login
2014/08/28 22:37:47 [I][::1] admin logged
2014/08/28 22:37:47 [I][::1] get /webmaster/dashboard
2014/08/28 22:37:49 [I][::1] get /webmaster/goods
2014/08/28 22:37:49 [I][::1] get /webmaster/article
2014/08/28 22:37:51 [I][::1] get /webmaster/link
2014/08/28 22:37:52 [I][::1] get /webmaster/user
2014/08/28 22:37:53 [I][::1] get /webmaster/article
2014/08/28 22:37:55 [I][::1] get /webmaster/article/create
2014/08/28 22:38:07 [I][::1] post /updateprocess/webmaster/ckeditor
2014/08/28 22:38:07 [I]save file: E:\SkyDrive\xianmau\Project\goworkspace\ECPlatform\src\uploads\article/1409236687.jpg
