2014/08/22 22:34:34 [I][::1] access /webmaster/dashboard
2014/08/22 22:34:34 [I][::1] get /webmaster/errorpage
2014/08/22 22:34:35 [I][::1] get /webmaster/login
2014/08/22 22:34:42 [I][::1] post /webmaster/login
2014/08/22 22:34:43 [I][::1] admin logged
2014/08/22 22:34:43 [I][::1] get /webmaster/dashboard
2014/08/22 22:34:44 [I][::1] get /webmaster/goods
2014/08/22 22:34:50 [I][::1] post /webmaster/goods/delete
2014/08/22 22:34:50 [I][::1] get /webmaster/goods
2014/08/22 22:34:53 [I][::1] post /webmaster/goods/delete
2014/08/22 22:34:53 [I][::1] get /webmaster/goods
2014/08/22 22:34:54 [I][::1] post /webmaster/goods/delete
2014/08/22 22:34:55 [I][::1] get /webmaster/goods
2014/08/22 22:34:56 [I][::1] post /webmaster/goods/delete
2014/08/22 22:34:56 [I][::1] get /webmaster/goods
2014/08/22 22:34:57 [I][::1] post /webmaster/goods/delete
2014/08/22 22:34:57 [I][::1] get /webmaster/goods
2014/08/22 22:34:59 [I][::1] post /webmaster/goods/delete
2014/08/22 22:34:59 [I][::1] get /webmaster/goods
2014/08/22 22:35:00 [I][::1] post /webmaster/goods/delete
2014/08/22 22:35:00 [I][::1] get /webmaster/goods
2014/08/22 22:35:02 [I][::1] post /webmaster/goods/delete
2014/08/22 22:35:02 [I][::1] get /webmaster/goods
2014/08/22 22:35:03 [I][::1] post /webmaster/goods/delete
2014/08/22 22:35:03 [I][::1] get /webmaster/goods
2014/08/22 22:35:04 [I][::1] post /webmaster/goods/delete
2014/08/22 22:35:04 [I][::1] get /webmaster/goods
2014/08/22 22:35:06 [I][::1] post /webmaster/goods/delete
2014/08/22 22:35:06 [I][::1] get /webmaster/goods
2014/08/22 22:35:07 [I][::1] post /webmaster/goods/delete
2014/08/22 22:35:07 [I][::1] get /webmaster/goods
2014/08/22 22:35:09 [I][::1] post /webmaster/goods/delete
2014/08/22 22:35:09 [I][::1] get /webmaster/goods
2014/08/22 22:35:10 [I][::1] post /webmaster/goods/delete
2014/08/22 22:35:11 [I][::1] get /webmaster/goods
2014/08/22 22:35:12 [I][::1] post /webmaster/goods/delete
2014/08/22 22:35:12 [I][::1] get /webmaster/goods
2014/08/22 22:35:14 [I][::1] post /webmaster/goods/delete
2014/08/22 22:35:14 [I][::1] get /webmaster/goods
2014/08/22 22:35:15 [I][::1] post /webmaster/goods/delete
2014/08/22 22:35:15 [I][::1] get /webmaster/goods
2014/08/22 22:35:17 [I][::1] post /webmaster/goods/delete
2014/08/22 22:35:17 [I][::1] get /webmaster/goods
2014/08/22 22:35:18 [I][::1] post /webmaster/goods/delete
2014/08/22 22:35:18 [I][::1] get /webmaster/goods
2014/08/22 22:35:20 [I][::1] post /webmaster/goods/delete
2014/08/22 22:35:20 [I][::1] get /webmaster/goods
2014/08/22 22:35:22 [I][::1] get /webmaster/goodscategory
2014/08/22 22:36:38 [I][::1] get /webmaster/article
2014/08/22 22:36:41 [I][::1] get /webmaster/goods
2014/08/22 22:36:42 [I][::1] get /webmaster/dashboard
2014/08/22 22:36:43 [I][::1] get /webmaster/link
2014/08/22 22:36:43 [I][::1] get /webmaster/article
2014/08/22 22:36:44 [I][::1] get /webmaster/shop
2014/08/22 22:36:46 [I][::1] get /webmaster/user
2014/08/22 22:36:47 [I][::1] get /webmaster/link
2014/08/22 22:36:48 [I][::1] get /webmaster/article
2014/08/22 22:36:48 [I][::1] get /webmaster/goods
2014/08/22 22:36:50 [I][::1] get /webmaster/link
2014/08/22 22:36:50 [I][::1] get /webmaster/user
2014/08/22 22:36:51 [I][::1] get /webmaster/shop
2014/08/22 22:36:55 [I][::1] get /webmaster/shop/edit
2014/08/22 22:36:59 [I][::1] get /webmaster/shop
2014/08/22 22:37:04 [I][::1] get /webmaster/shop/edit
2014/08/22 22:37:16 [I][::1] get /webmaster/user
2014/08/22 22:37:17 [I][::1] get /webmaster/link
2014/08/22 22:37:17 [I][::1] get /webmaster/article
2014/08/22 22:37:17 [I][::1] get /webmaster/article
2014/08/22 22:37:18 [I][::1] get /webmaster/dashboard
2014/08/22 22:37:18 [I][::1] get /webmaster/goods
2014/08/22 22:37:20 [I][::1] get /webmaster/goodscategory
2014/08/22 22:37:22 [I][::1] get /webmaster/goods/create
2014/08/22 22:40:04 [I][::1] post /webmaster/goods/create
2014/08/22 22:40:04 [I][::1] get /webmaster/goods
2014/08/22 22:40:06 [I][::1] get /webmaster/goods/edit
2014/08/22 22:40:31 [I][::1] post /updateprocess/webmaster/uploadify
2014/08/22 22:40:31 [I]save file: E:\SkyDrive\xianmau\Project\goworkspace\ECPlatform\src\uploads\goods\21/1408718431.jpg
2014/08/22 22:40:35 [I][::1] post /updateprocess/webmaster/uploadify
2014/08/22 22:40:35 [I]save file: E:\SkyDrive\xianmau\Project\goworkspace\ECPlatform\src\uploads\goods\21/1408718435.jpg
2014/08/22 22:40:37 [I][::1] post /updateprocess/webmaster/uploadify
2014/08/22 22:40:37 [I]save file: E:\SkyDrive\xianmau\Project\goworkspace\ECPlatform\src\uploads\goods\21/1408718437.jpg
2014/08/22 22:40:39 [I][::1] post /updateprocess/webmaster/uploadify
2014/08/22 22:40:39 [I]save file: E:\SkyDrive\xianmau\Project\goworkspace\ECPlatform\src\uploads\goods\21/1408718439.jpg
2014/08/22 22:40:42 [I][::1] post /updateprocess/webmaster/uploadify
2014/08/22 22:40:42 [I]save file: E:\SkyDrive\xianmau\Project\goworkspace\ECPlatform\src\uploads\goods\21/1408718442.jpg
2014/08/22 22:40:45 [I][::1] post /updateprocess/webmaster/uploadify
2014/08/22 22:40:45 [I]save file: E:\SkyDrive\xianmau\Project\goworkspace\ECPlatform\src\uploads\goods\21/1408718445.jpg
2014/08/22 22:40:49 [I][::1] post /updateprocess/webmaster/uploadify
2014/08/22 22:40:49 [I]save file: E:\SkyDrive\xianmau\Project\goworkspace\ECPlatform\src\uploads\goods\21/1408718449.jpg
2014/08/22 22:40:56 [I][::1] get /webmaster/goods/edit
2014/08/22 22:41:21 [I][::1] post /updateprocess/webmaster/uploadify
2014/08/22 22:41:21 [I]save file: E:\SkyDrive\xianmau\Project\goworkspace\ECPlatform\src\uploads\goods\21/1408718481.jpg
2014/08/22 22:41:24 [I][::1] post /updateprocess/webmaster/uploadify
2014/08/22 22:41:24 [I]save file: E:\SkyDrive\xianmau\Project\goworkspace\ECPlatform\src\uploads\goods\21/1408718484.jpg
2014/08/22 22:41:25 [I][::1] post /updateprocess/webmaster/uploadify
2014/08/22 22:41:25 [I]save file: E:\SkyDrive\xianmau\Project\goworkspace\ECPlatform\src\uploads\goods\21/1408718485.jpg
2014/08/22 22:41:28 [I][::1] post /updateprocess/webmaster/uploadify
2014/08/22 22:41:28 [I]save file: E:\SkyDrive\xianmau\Project\goworkspace\ECPlatform\src\uploads\goods\21/1408718488.jpg
2014/08/22 22:41:31 [I][::1] post /updateprocess/webmaster/uploadify
2014/08/22 22:41:31 [I]save file: E:\SkyDrive\xianmau\Project\goworkspace\ECPlatform\src\uploads\goods\21/1408718491.jpg
2014/08/22 22:41:34 [I][::1] post /updateprocess/webmaster/uploadify
2014/08/22 22:41:34 [I]save file: E:\SkyDrive\xianmau\Project\goworkspace\ECPlatform\src\uploads\goods\21/1408718494.jpg
2014/08/22 22:41:37 [I][::1] post /updateprocess/webmaster/uploadify
2014/08/22 22:41:37 [I]save file: E:\SkyDrive\xianmau\Project\goworkspace\ECPlatform\src\uploads\goods\21/1408718497.jpg
2014/08/22 22:41:40 [I][::1] post /updateprocess/webmaster/uploadify
2014/08/22 22:41:40 [I]save file: E:\SkyDrive\xianmau\Project\goworkspace\ECPlatform\src\uploads\goods\21/1408718500.jpg
2014/08/22 22:41:44 [I][::1] post /webmaster/goods/edit
2014/08/22 22:41:44 [I][::1] get /webmaster/goods/edit
2014/08/22 22:43:05 [I][::1] get /web/home
2014/08/22 22:43:08 [I][::1] get /web/gcat
2014/08/22 22:43:29 [I][::1] get /web/gcat
2014/08/22 22:43:31 [I][::1] get /web/gcat
2014/08/22 22:43:34 [I][::1] get /web/goods
2014/08/22 22:48:02 [I][::1] get /webmaster/goods
2014/08/22 22:53:26 [I][::1] get /web/goods
2014/08/22 22:53:28 [I][::1] get /webmaster/goods
2014/08/22 22:53:29 [I][::1] get /webmaster/goods/create
2014/08/22 22:56:30 [I][::1] post /webmaster/goods/create
2014/08/22 22:56:30 [I][::1] get /webmaster/goods
2014/08/22 22:56:34 [I][::1] get /webmaster/goods/edit
2014/08/22 22:56:56 [I][::1] post /updateprocess/webmaster/uploadify
2014/08/22 22:56:56 [I]save file: E:\SkyDrive\xianmau\Project\goworkspace\ECPlatform\src\uploads\goods\22/1408719416.jpg
2014/08/22 22:56:59 [I][::1] post /updateprocess/webmaster/uploadify
2014/08/22 22:56:59 [I]save file: E:\SkyDrive\xianmau\Project\goworkspace\ECPlatform\src\uploads\goods\22/1408719419.jpg
2014/08/22 22:57:02 [I][::1] post /updateprocess/webmaster/uploadify
2014/08/22 22:57:02 [I]save file: E:\SkyDrive\xianmau\Project\goworkspace\ECPlatform\src\uploads\goods\22/1408719422.jpg
2014/08/22 22:57:06 [I][::1] post /updateprocess/webmaster/uploadify
2014/08/22 22:57:06 [I]save file: E:\SkyDrive\xianmau\Project\goworkspace\ECPlatform\src\uploads\goods\22/1408719426.jpg
2014/08/22 22:57:13 [I][::1] post /updateprocess/webmaster/uploadify
2014/08/22 22:57:13 [I]save file: E:\SkyDrive\xianmau\Project\goworkspace\ECPlatform\src\uploads\goods\22/1408719433.jpg
2014/08/22 22:57:16 [I][::1] post /updateprocess/webmaster/uploadify
2014/08/22 22:57:16 [I]save file: E:\SkyDrive\xianmau\Project\goworkspace\ECPlatform\src\uploads\goods\22/1408719436.jpg
2014/08/22 22:57:20 [I][::1] post /updateprocess/webmaster/uploadify
2014/08/22 22:57:20 [I]save file: E:\SkyDrive\xianmau\Project\goworkspace\ECPlatform\src\uploads\goods\22/1408719440.jpg
2014/08/22 22:57:23 [I][::1] post /updateprocess/webmaster/uploadify
2014/08/22 22:57:23 [I]save file: E:\SkyDrive\xianmau\Project\goworkspace\ECPlatform\src\uploads\goods\22/1408719443.jpg
2014/08/22 22:57:25 [I][::1] post /webmaster/goods/edit
2014/08/22 22:57:25 [I][::1] get /webmaster/goods/edit
2014/08/22 22:57:33 [I][::1] get /web/home
2014/08/22 22:57:35 [I][::1] get /web/gcat
2014/08/22 22:57:37 [I][::1] get /web/goods
2014/08/22 22:58:57 [I][::1] get /web/goods
2014/08/22 22:59:16 [I][::1] get /web/goods
2014/08/22 22:59:29 [I][::1] get /web/goods
2014/08/22 23:00:11 [I][::1] get /web/goods
2014/08/22 23:58:52 [I][::1] get /webmaster/goods
2014/08/22 23:58:58 [I][::1] get /web/goods
