2014/07/28 00:25:55 [I][::1] access /webmaster/setting
2014/07/28 00:25:55 [I][::1] get /webmaster/errorpage
2014/07/28 00:25:56 [I][::1] get /webmaster/login
2014/07/28 00:25:59 [I][::1] post /webmaster/login
2014/07/28 00:25:59 [I][::1] admin logged
2014/07/28 00:25:59 [I][::1] get /webmaster/dashboard
2014/07/28 01:18:58 [I][::1] access /webmaster/dashboard
2014/07/28 01:18:58 [I][::1] get /webmaster/errorpage
2014/07/28 01:18:59 [I][::1] get /webmaster/login
2014/07/28 01:19:03 [I][::1] post /webmaster/login
2014/07/28 01:19:03 [I][::1] admin logged
2014/07/28 01:19:03 [I][::1] get /webmaster/dashboard
2014/07/28 01:19:04 [I][::1] post /webmaster/shop
2014/07/28 01:19:06 [I][::1] post /webmaster/user
2014/07/28 01:19:06 [I][::1] post /webmaster/shop
2014/07/28 01:19:07 [I][::1] post /webmaster/user
2014/07/28 01:19:07 [I][::1] get /webmaster/link
2014/07/28 01:19:07 [I][::1] get /webmaster/article
2014/07/28 01:19:08 [I][::1] get /webmaster/goods
2014/07/28 01:19:08 [I][::1] get /webmaster/dashboard
2014/07/28 01:19:09 [I][::1] post /webmaster/user
2014/07/28 01:19:09 [I][::1] get /webmaster/setting
2014/07/28 01:19:09 [I][::1] get /webmaster/system
2014/07/28 01:19:10 [I][::1] post /webmaster/shop
2014/07/28 01:19:10 [I][::1] post /webmaster/user
2014/07/28 01:19:11 [I][::1] get /webmaster/link
2014/07/28 01:19:11 [I][::1] get /webmaster/article
2014/07/28 01:19:11 [I][::1] get /webmaster/goods
2014/07/28 01:19:12 [I][::1] get /webmaster/goods
2014/07/28 01:19:12 [I][::1] get /webmaster/dashboard
2014/07/28 01:19:13 [I][::1] get /webmaster/logout
2014/07/28 01:19:13 [I][::1] admin logged out
2014/07/28 01:19:13 [I][::1] get /webmaster/login
