2014/08/30 00:57:39 [I][::1] get /web/home
2014/08/30 00:57:42 [I][::1] get /web/acat
2014/08/30 00:57:43 [I][::1] get /web/article
2014/08/30 01:25:33 [I][::1] get /web/article
2014/08/30 01:25:36 [I][::1] get /web/article
2014/08/30 01:25:38 [I][::1] get /web/article
2014/08/30 01:25:39 [I][::1] get /web/article
2014/08/30 01:25:50 [I][::1] get /web/gcat
2014/08/30 01:25:51 [I][::1] get /web/acat
2014/08/30 01:25:52 [I][::1] get /web/gcat
2014/08/30 01:25:53 [I][::1] get /web/gcat
2014/08/30 01:25:53 [I][::1] get /web/gcat
2014/08/30 01:25:55 [I][::1] get /web/home
2014/08/30 01:25:56 [I][::1] get /web/acat
2014/08/30 01:25:58 [I][::1] get /web/article
2014/08/30 01:38:42 [I][::1] get /web/home
2014/08/30 01:38:45 [I][::1] access /webmaster/dashboard
2014/08/30 01:38:45 [I][::1] get /webmaster/errorpage
2014/08/30 01:38:47 [I][::1] get /webmaster/login
2014/08/30 01:38:50 [I][::1] post /webmaster/login
2014/08/30 01:38:50 [I][::1] admin logged
2014/08/30 01:38:50 [I][::1] get /webmaster/dashboard
2014/08/30 01:38:51 [I][::1] get /webmaster/article
2014/08/30 01:38:53 [I][::1] get /webmaster/article/create
2014/08/30 01:39:05 [I][::1] post /webmaster/article/create
2014/08/30 01:39:05 [I][::1] get /webmaster/article
2014/08/30 01:39:07 [I][::1] get /webmaster/article/create
2014/08/30 01:39:18 [I][::1] post /webmaster/article/create
2014/08/30 01:39:18 [I][::1] get /webmaster/article
2014/08/30 01:39:25 [I][::1] get /webmaster/article/create
2014/08/30 01:39:44 [I][::1] post /webmaster/article/create
2014/08/30 01:39:44 [I][::1] get /webmaster/article
2014/08/30 01:41:25 [I][::1] get /webmaster/article/edit
2014/08/30 01:41:32 [I][::1] get /webmaster/article/edit
2014/08/30 01:41:36 [I][::1] get /webmaster/article/edit
2014/08/30 01:41:45 [I][::1] post /webmaster/article/edit
2014/08/30 01:41:45 [I][::1] get /webmaster/article/edit
2014/08/30 01:41:52 [I][::1] get /webmaster/article/edit
2014/08/30 01:41:56 [I][::1] get /webmaster/article/edit
2014/08/30 01:43:23 [I][::1] get /webmaster/article
2014/08/30 01:43:32 [I][::1] get /web/acat
2014/08/30 01:43:32 [I][::1] get /web/acat
2014/08/30 01:43:32 [I][::1] get /web/acat
2014/08/30 01:43:32 [I][::1] get /web/acat
2014/08/30 01:43:32 [I][::1] get /web/acat
2014/08/30 01:43:46 [I][::1] get /web/acat
2014/08/30 01:44:39 [I][::1] get /web/acat
2014/08/30 01:44:42 [I][::1] get /web/home
2014/08/30 01:44:45 [I][::1] get /web/acat
2014/08/30 01:44:45 [I][::1] get /web/acat
2014/08/30 01:45:24 [I][::1] get /web/home
2014/08/30 01:45:25 [I][::1] get /web/gcat
2014/08/30 01:45:26 [I][::1] get /web/gcat
2014/08/30 01:45:27 [I][::1] get /web/gcat
2014/08/30 01:45:28 [I][::1] get /web/message
2014/08/30 01:45:29 [I][::1] get /web/acat
2014/08/30 01:45:29 [I][::1] get /web/acat
2014/08/30 01:45:29 [I][::1] get /web/acat
2014/08/30 01:45:29 [I][::1] get /web/acat
2014/08/30 01:45:29 [I][::1] get /web/acat
2014/08/30 01:45:29 [I][::1] get /web/acat
2014/08/30 01:45:29 [I][::1] get /web/acat
2014/08/30 01:50:11 [I][::1] get /web/gcat
2014/08/30 01:50:13 [I][::1] get /web/acat
2014/08/30 01:50:13 [I][::1] get /web/acat
2014/08/30 01:53:03 [I][::1] get /web/acat
2014/08/30 01:53:07 [I][::1] get /web/home
2014/08/30 01:53:08 [I][::1] get /web/home
2014/08/30 01:53:10 [I][::1] get /web/acat
2014/08/30 01:53:10 [I][::1] get /web/acat
2014/08/30 01:53:10 [I][::1] get /web/acat
2014/08/30 01:53:10 [I][::1] get /web/acat
2014/08/30 01:53:10 [I][::1] get /web/acat
2014/08/30 01:53:10 [I][::1] get /web/acat
2014/08/30 01:53:10 [I][::1] get /web/acat
2014/08/30 01:53:14 [I][::1] get /web/acat
2014/08/30 01:53:22 [I][::1] access /webmaster/article
2014/08/30 01:53:22 [I][::1] get /webmaster/errorpage
2014/08/30 01:53:24 [I][::1] get /webmaster/login
2014/08/30 01:53:27 [I][::1] post /webmaster/login
2014/08/30 01:53:27 [I][::1] admin logged
2014/08/30 01:53:27 [I][::1] get /webmaster/dashboard
2014/08/30 01:53:29 [I][::1] get /webmaster/goods
2014/08/30 01:53:30 [I][::1] get /webmaster/article
2014/08/30 01:53:33 [I][::1] get /webmaster/article/edit
2014/08/30 01:53:42 [I][::1] post /webmaster/article/edit
2014/08/30 01:53:42 [I][::1] get /webmaster/article/edit
2014/08/30 01:53:51 [I][::1] get /web/acat
2014/08/30 01:53:51 [I][::1] get /web/acat
2014/08/30 01:53:51 [I][::1] get /web/acat
2014/08/30 01:53:51 [I][::1] get /web/acat
2014/08/30 01:53:51 [I][::1] get /web/acat
2014/08/30 01:53:52 [I][::1] get /web/acat
2014/08/30 01:53:53 [I][::1] get /web/acat
2014/08/30 01:53:53 [I][::1] get /web/acat
2014/08/30 01:53:53 [I][::1] get /web/acat
2014/08/30 01:53:53 [I][::1] get /web/acat
2014/08/30 01:53:54 [I][::1] get /web/acat
2014/08/30 01:54:04 [I][::1] get /web/acat
2014/08/30 01:54:11 [I][::1] get /web/acat
2014/08/30 01:55:22 [I][::1] get /web/acat
2014/08/30 01:55:57 [I][::1] get /web/acat
2014/08/30 01:57:22 [I][::1] get /web/acat
2014/08/30 01:57:27 [I][::1] get /web/acat
2014/08/30 01:57:39 [I][::1] get /web/article
2014/08/30 01:57:41 [I][::1] get /web/acat
2014/08/30 01:57:42 [I][::1] get /web/article
2014/08/30 01:57:43 [I][::1] get /web/acat
2014/08/30 01:59:06 [I][::1] get /web/acat
2014/08/30 01:59:29 [I][::1] get /web/acat
2014/08/30 01:59:46 [I][::1] get /web/acat
2014/08/30 02:00:08 [I][::1] get /web/acat
2014/08/30 02:00:09 [I][::1] get /web/acat
2014/08/30 02:00:09 [I][::1] get /web/acat
2014/08/30 02:00:23 [I][::1] get /web/acat
2014/08/30 02:00:24 [I][::1] get /web/acat
2014/08/30 02:00:37 [I][::1] get /web/acat
2014/08/30 02:01:17 [I][::1] get /web/acat
2014/08/30 02:03:51 [I][::1] get /web/acat
2014/08/30 02:07:07 [I][::1] get /web/acat
2014/08/30 02:09:24 [I][::1] get /web/acat
2014/08/30 02:09:40 [I][::1] get /web/acat
2014/08/30 02:09:42 [I][::1] get /web/acat
2014/08/30 02:10:21 [I][::1] get /web/acat
2014/08/30 02:10:22 [I][::1] get /web/acat
2014/08/30 02:10:22 [I][::1] get /web/acat
2014/08/30 02:10:22 [I][::1] get /web/acat
2014/08/30 02:10:24 [I][::1] get /web/acat
2014/08/30 02:10:25 [I][::1] get /web/acat
2014/08/30 02:10:25 [I][::1] get /web/acat
2014/08/30 02:10:25 [I][::1] get /web/acat
2014/08/30 02:10:25 [I][::1] get /web/acat
2014/08/30 02:10:25 [I][::1] get /web/acat
2014/08/30 02:10:25 [I][::1] get /web/acat
2014/08/30 02:10:25 [I][::1] get /web/acat
2014/08/30 02:10:25 [I][::1] get /web/acat
2014/08/30 02:10:25 [I][::1] get /web/acat
2014/08/30 02:10:25 [I][::1] get /web/acat
2014/08/30 02:10:27 [I][::1] get /web/acat
2014/08/30 02:10:29 [I][::1] get /web/gcat
2014/08/30 02:10:33 [I][::1] get /web/acat
2014/08/30 02:10:35 [I][::1] get /web/acat
2014/08/30 02:10:37 [I][::1] get /web/article
2014/08/30 02:10:38 [I][::1] get /web/acat
2014/08/30 02:11:46 [I][::1] get /web/acat
2014/08/30 02:11:46 [I][::1] get /web/acat
2014/08/30 02:11:47 [I][::1] get /web/acat
2014/08/30 02:11:47 [I][::1] get /web/acat
2014/08/30 02:11:47 [I][::1] get /web/acat
2014/08/30 02:11:47 [I][::1] get /web/acat
2014/08/30 02:11:47 [I][::1] get /web/acat
2014/08/30 02:11:47 [I][::1] get /web/acat
2014/08/30 02:11:48 [I][::1] get /web/acat
2014/08/30 02:11:48 [I][::1] get /web/acat
2014/08/30 02:11:48 [I][::1] get /web/acat
2014/08/30 02:11:48 [I][::1] get /web/acat
2014/08/30 02:11:48 [I][::1] get /web/acat
2014/08/30 02:11:48 [I][::1] get /web/acat
2014/08/30 02:11:48 [I][::1] get /web/acat
2014/08/30 02:11:48 [I][::1] get /web/acat
2014/08/30 02:11:48 [I][::1] get /web/acat
2014/08/30 02:11:48 [I][::1] get /web/acat
2014/08/30 02:11:48 [I][::1] get /web/acat
2014/08/30 02:11:49 [I][::1] get /web/acat
2014/08/30 02:11:49 [I][::1] get /web/acat
2014/08/30 02:11:49 [I][::1] get /web/acat
2014/08/30 02:11:49 [I][::1] get /web/acat
2014/08/30 02:11:49 [I][::1] get /web/acat
2014/08/30 02:11:49 [I][::1] get /web/acat
2014/08/30 02:11:49 [I][::1] get /web/acat
2014/08/30 02:11:49 [I][::1] get /web/acat
2014/08/30 02:11:49 [I][::1] get /web/acat
2014/08/30 02:11:49 [I][::1] get /web/acat
2014/08/30 02:11:49 [I][::1] get /web/acat
2014/08/30 02:11:49 [I][::1] get /web/acat
2014/08/30 02:11:50 [I][::1] get /web/acat
2014/08/30 02:11:50 [I][::1] get /web/acat
2014/08/30 02:11:50 [I][::1] get /web/acat
2014/08/30 02:11:51 [I][::1] get /web/acat
2014/08/30 02:11:56 [I][::1] get /web/acat
2014/08/30 02:12:34 [I][::1] get /web/acat
2014/08/30 02:12:34 [I][::1] get /web/acat
2014/08/30 02:12:35 [I][::1] get /web/acat
2014/08/30 02:12:35 [I][::1] get /web/acat
2014/08/30 02:12:35 [I][::1] get /web/acat
2014/08/30 02:12:37 [I][::1] get /web/acat
2014/08/30 02:12:38 [I][::1] get /web/acat
2014/08/30 02:12:38 [I][::1] get /web/acat
2014/08/30 02:12:38 [I][::1] get /web/acat
2014/08/30 02:12:38 [I][::1] get /web/acat
2014/08/30 02:12:38 [I][::1] get /web/acat
2014/08/30 02:12:38 [I][::1] get /web/acat
2014/08/30 02:12:38 [I][::1] get /web/acat
2014/08/30 02:12:38 [I][::1] get /web/acat
2014/08/30 02:12:38 [I][::1] get /web/acat
2014/08/30 02:12:38 [I][::1] get /web/acat
2014/08/30 02:12:38 [I][::1] get /web/acat
2014/08/30 02:12:38 [I][::1] get /web/acat
2014/08/30 02:12:38 [I][::1] get /web/acat
2014/08/30 02:12:38 [I][::1] get /web/acat
2014/08/30 02:12:38 [I][::1] get /web/acat
2014/08/30 02:12:38 [I][::1] get /web/acat
2014/08/30 02:12:38 [I][::1] get /web/acat
2014/08/30 02:12:38 [I][::1] get /web/acat
2014/08/30 02:12:39 [I][::1] get /web/acat
2014/08/30 02:12:39 [I][::1] get /web/acat
2014/08/30 02:12:39 [I][::1] get /web/acat
2014/08/30 02:12:39 [I][::1] get /web/acat
2014/08/30 02:12:39 [I][::1] get /web/acat
2014/08/30 02:12:39 [I][::1] get /web/acat
2014/08/30 02:12:40 [I][::1] get /web/acat
2014/08/30 02:12:40 [I][::1] get /web/acat
2014/08/30 02:12:40 [I][::1] get /web/acat
2014/08/30 02:12:40 [I][::1] get /web/acat
2014/08/30 02:12:40 [I][::1] get /web/acat
2014/08/30 02:12:40 [I][::1] get /web/acat
2014/08/30 02:12:40 [I][::1] get /web/acat
2014/08/30 02:12:40 [I][::1] get /web/acat
2014/08/30 02:12:40 [I][::1] get /web/acat
2014/08/30 02:12:40 [I][::1] get /web/acat
2014/08/30 02:12:40 [I][::1] get /web/acat
2014/08/30 02:12:40 [I][::1] get /web/acat
2014/08/30 02:12:40 [I][::1] get /web/acat
2014/08/30 02:12:40 [I][::1] get /web/acat
2014/08/30 02:12:40 [I][::1] get /web/acat
2014/08/30 02:12:40 [I][::1] get /web/acat
2014/08/30 02:12:40 [I][::1] get /web/acat
2014/08/30 02:12:40 [I][::1] get /web/acat
2014/08/30 02:12:40 [I][::1] get /web/acat
2014/08/30 02:12:40 [I][::1] get /web/acat
2014/08/30 02:12:40 [I][::1] get /web/acat
2014/08/30 02:12:40 [I][::1] get /web/acat
2014/08/30 02:12:40 [I][::1] get /web/acat
2014/08/30 02:12:40 [I][::1] get /web/acat
2014/08/30 02:12:40 [I][::1] get /web/acat
2014/08/30 02:12:41 [I][::1] get /web/acat
2014/08/30 02:12:41 [I][::1] get /web/acat
2014/08/30 02:12:41 [I][::1] get /web/acat
2014/08/30 02:12:41 [I][::1] get /web/acat
2014/08/30 02:12:41 [I][::1] get /web/acat
2014/08/30 02:12:41 [I][::1] get /web/acat
2014/08/30 02:12:41 [I][::1] get /web/acat
2014/08/30 02:12:41 [I][::1] get /web/acat
2014/08/30 02:12:41 [I][::1] get /web/acat
2014/08/30 02:12:41 [I][::1] get /web/acat
2014/08/30 02:12:41 [I][::1] get /web/acat
2014/08/30 02:12:41 [I][::1] get /web/acat
2014/08/30 02:12:41 [I][::1] get /web/acat
2014/08/30 02:12:41 [I][::1] get /web/acat
2014/08/30 02:12:41 [I][::1] get /web/acat
2014/08/30 02:12:41 [I][::1] get /web/acat
2014/08/30 02:12:41 [I][::1] get /web/acat
2014/08/30 02:12:41 [I][::1] get /web/acat
2014/08/30 02:12:41 [I][::1] get /web/acat
2014/08/30 02:12:41 [I][::1] get /web/acat
2014/08/30 02:12:41 [I][::1] get /web/acat
2014/08/30 02:12:41 [I][::1] get /web/acat
2014/08/30 02:12:41 [I][::1] get /web/acat
2014/08/30 02:12:42 [I][::1] get /web/acat
2014/08/30 02:12:42 [I][::1] get /web/acat
2014/08/30 02:12:42 [I][::1] get /web/acat
2014/08/30 02:12:42 [I][::1] get /web/acat
2014/08/30 02:12:42 [I][::1] get /web/acat
2014/08/30 02:13:17 [I][::1] get /web/gcat
2014/08/30 02:13:18 [I][::1] get /web/gcat
2014/08/30 02:13:43 [I][::1] get /web/acat
2014/08/30 02:14:25 [I][::1] get /web/acat
2014/08/30 02:14:27 [I][::1] get /web/acat
2014/08/30 02:14:29 [I][::1] get /web/acat
2014/08/30 02:16:11 [I][::1] get /web/acat
2014/08/30 02:16:37 [I][::1] get /web/acat
2014/08/30 02:16:59 [I][::1] get /web/acat
2014/08/30 02:17:34 [I][::1] get /web/acat
2014/08/30 02:18:24 [I][::1] get /web/acat
2014/08/30 02:18:31 [I][::1] get /web/acat
2014/08/30 02:19:56 [I][::1] get /web/acat
2014/08/30 02:20:48 [I][::1] get /web/acat
2014/08/30 02:20:58 [I][::1] get /web/acat
2014/08/30 02:21:42 [I][::1] get /web/acat
2014/08/30 02:21:55 [I][::1] get /web/acat
2014/08/30 02:21:58 [I][::1] get /web/acat
2014/08/30 02:22:58 [I][::1] get /web/acat
2014/08/30 02:23:10 [I][::1] get /web/acat
2014/08/30 02:23:36 [I][::1] get /web/acat
2014/08/30 02:23:55 [I][::1] get /web/acat
2014/08/30 02:24:27 [I][::1] get /web/acat
2014/08/30 02:25:28 [I][::1] get /web/acat
2014/08/30 02:25:57 [I][::1] get /web/acat
2014/08/30 02:26:20 [I][::1] get /web/acat
2014/08/30 02:26:32 [I][::1] get /web/acat
2014/08/30 02:26:47 [I][::1] get /web/acat
2014/08/30 02:26:54 [I][::1] get /web/acat
2014/08/30 02:26:54 [I][::1] get /web/acat
2014/08/30 02:26:54 [I][::1] get /web/acat
2014/08/30 02:27:34 [I][::1] get /web/acat
2014/08/30 02:28:11 [I][::1] get /web/acat
2014/08/30 02:28:24 [I][::1] get /web/acat
2014/08/30 02:29:09 [I][::1] get /web/acat
2014/08/30 02:29:11 [I][::1] get /web/acat
2014/08/30 02:29:12 [I][::1] get /web/acat
2014/08/30 02:29:19 [I][::1] get /web/acat
2014/08/30 02:29:30 [I][::1] get /web/acat
2014/08/30 02:29:59 [I][::1] get /web/acat
2014/08/30 02:30:05 [I][::1] get /web/article
2014/08/30 02:31:08 [I][::1] get /web/acat
2014/08/30 02:31:33 [I][::1] get /web/acat
2014/08/30 02:31:34 [I][::1] get /web/acat
2014/08/30 02:31:34 [I][::1] get /web/article
2014/08/30 02:31:37 [I][::1] get /web/article
2014/08/30 02:31:37 [I][::1] get /web/article
2014/08/30 02:31:39 [I][::1] get /web/article
2014/08/30 02:31:40 [I][::1] get /web/acat
2014/08/30 02:31:42 [I][::1] get /web/acat
2014/08/30 02:31:44 [I][::1] get /web/article
2014/08/30 02:33:10 [I][::1] get /web/acat
2014/08/30 02:33:28 [I][::1] get /web/article
2014/08/30 02:33:32 [I][::1] get /web/article
2014/08/30 02:33:34 [I][::1] get /web/article
2014/08/30 02:33:34 [I][::1] get /web/article
2014/08/30 02:33:34 [I][::1] get /web/article
2014/08/30 02:33:34 [I][::1] get /web/article
2014/08/30 02:33:34 [I][::1] get /web/article
2014/08/30 02:33:34 [E]template: footerpart.html:1:23: executing "footerpart" at <

<div id="footer"...>: WSASend tcp [::1]:9090: An existing connection was forcibly closed by the remote host.
2014/08/30 02:33:34 [E]template: footerpart.html:1:23: executing "footerpart" at <

<div id="footer"...>: WSASend tcp [::1]:9090: An existing connection was forcibly closed by the remote host.
2014/08/30 02:33:36 [I][::1] get /web/article
2014/08/30 02:33:36 [I][::1] get /web/article
2014/08/30 02:33:37 [I][::1] get /web/article
2014/08/30 02:33:37 [I][::1] get /web/article
2014/08/30 02:33:37 [I][::1] get /web/article
2014/08/30 02:33:37 [I][::1] get /web/article
2014/08/30 02:33:37 [I][::1] get /web/article
2014/08/30 02:33:38 [I][::1] get /web/article
2014/08/30 02:33:38 [I][::1] get /web/article
2014/08/30 02:33:38 [I][::1] get /web/article
2014/08/30 02:33:40 [I][::1] get /web/article
2014/08/30 02:33:42 [I][::1] get /web/article
2014/08/30 02:33:43 [I][::1] get /web/article
2014/08/30 02:33:44 [I][::1] get /web/article
2014/08/30 02:33:45 [I][::1] get /web/article
2014/08/30 02:33:46 [I][::1] get /web/article
2014/08/30 02:33:46 [I][::1] get /web/article
2014/08/30 02:33:47 [I][::1] get /web/article
2014/08/30 02:33:48 [I][::1] get /web/article
2014/08/30 02:33:48 [I][::1] get /web/article
2014/08/30 02:33:49 [I][::1] get /web/article
2014/08/30 02:33:49 [I][::1] get /web/article
2014/08/30 02:33:49 [I][::1] get /web/article
2014/08/30 02:33:50 [I][::1] get /web/article
2014/08/30 02:33:50 [I][::1] get /web/article
2014/08/30 02:33:50 [I][::1] get /web/article
2014/08/30 02:33:50 [I][::1] get /web/article
2014/08/30 02:33:50 [I][::1] get /web/article
2014/08/30 02:33:51 [I][::1] get /web/article
2014/08/30 02:33:51 [I][::1] get /web/article
2014/08/30 02:33:51 [I][::1] get /web/article
2014/08/30 02:33:51 [I][::1] get /web/article
2014/08/30 02:33:51 [I][::1] get /web/article
2014/08/30 02:33:52 [I][::1] get /web/article
2014/08/30 02:33:52 [I][::1] get /web/article
2014/08/30 02:33:52 [I][::1] get /web/article
2014/08/30 02:33:52 [I][::1] get /web/article
2014/08/30 02:33:52 [I][::1] get /web/article
2014/08/30 02:33:52 [I][::1] get /web/article
2014/08/30 02:33:53 [I][::1] get /web/article
2014/08/30 02:33:53 [I][::1] get /web/article
2014/08/30 02:33:53 [I][::1] get /web/article
2014/08/30 02:33:53 [I][::1] get /web/article
2014/08/30 02:33:55 [I][::1] get /web/acat
2014/08/30 02:33:57 [I][::1] get /web/article
2014/08/30 02:33:58 [I][::1] get /web/message
2014/08/30 02:34:01 [I][::1] get /web/acat
2014/08/30 02:34:01 [I][::1] get /web/gcat
2014/08/30 02:34:02 [I][::1] get /web/gcat
2014/08/30 02:34:02 [I][::1] get /web/gcat
2014/08/30 02:34:03 [I][::1] get /web/gcat
2014/08/30 02:34:04 [I][::1] get /web/home
2014/08/30 02:34:06 [I][::1] get /web/screening
2014/08/30 02:34:09 [I][::1] get /web/service
2014/08/30 02:34:10 [I][::1] get /user/home
2014/08/30 02:34:11 [I][::1] get /web/help
2014/08/30 02:34:11 [I][::1] get /web/service
2014/08/30 02:34:13 [I][::1] get /web/home
2014/08/30 02:34:14 [I][::1] get /web/gcat
2014/08/30 02:34:14 [I][::1] get /web/gcat
2014/08/30 02:34:15 [I][::1] get /web/gcat
2014/08/30 02:34:20 [I][::1] get /web/home
2014/08/30 02:34:38 [I][::1] get /web/home
2014/08/30 02:34:38 [I][::1] get /web/gcat
2014/08/30 02:34:39 [I][::1] get /web/gcat
2014/08/30 02:34:39 [I][::1] get /web/gcat
2014/08/30 02:34:40 [I][::1] get /web/gcat
2014/08/30 02:34:41 [I][::1] get /web/acat
2014/08/30 02:35:40 [I][::1] access /webmaster/article
2014/08/30 02:35:40 [I][::1] get /webmaster/errorpage
2014/08/30 02:35:41 [I][::1] get /webmaster/login
2014/08/30 02:35:44 [I][::1] post /webmaster/login
2014/08/30 02:35:44 [I][::1] admin logged
2014/08/30 02:35:44 [I][::1] get /webmaster/dashboard
2014/08/30 02:35:45 [I][::1] get /webmaster/goods
2014/08/30 02:35:46 [I][::1] get /webmaster/article
2014/08/30 02:35:50 [I][::1] get /webmaster/article/create
2014/08/30 02:36:23 [I][::1] post /webmaster/article/create
2014/08/30 02:36:23 [I][::1] get /webmaster/article
2014/08/30 02:43:52 [I][::1] get /web/about
2014/08/30 02:43:54 [I][::1] get /web/about
2014/08/30 02:47:02 [I][::1] get /web/about
2014/08/30 02:47:02 [E]template: article.html:16:13: executing "article.html" at <ne .currentCategory....>: error calling ne: invalid type for comparison
2014/08/30 02:47:26 [I][::1] get /web/about
2014/08/30 02:47:26 [E]template: article.html:16:13: executing "article.html" at <ne .currentCategory....>: error calling ne: invalid type for comparison
2014/08/30 02:47:27 [I][::1] get /web/about
2014/08/30 02:47:27 [E]template: article.html:16:13: executing "article.html" at <ne .currentCategory....>: error calling ne: invalid type for comparison
2014/08/30 02:47:27 [I][::1] get /web/about
2014/08/30 02:47:27 [E]template: article.html:16:13: executing "article.html" at <ne .currentCategory....>: error calling ne: invalid type for comparison
2014/08/30 02:47:27 [I][::1] get /web/about
2014/08/30 02:47:27 [E]template: article.html:16:13: executing "article.html" at <ne .currentCategory....>: error calling ne: invalid type for comparison
2014/08/30 02:48:09 [I][::1] get /web/about
2014/08/30 02:48:09 [E]template: article.html:16:13: executing "article.html" at <ne .currentCategory....>: error calling ne: invalid type for comparison
2014/08/30 02:48:16 [I][::1] get /web/acat
2014/08/30 02:48:19 [I][::1] get /web/about
2014/08/30 02:48:19 [E]template: article.html:16:13: executing "article.html" at <ne .currentCategory....>: error calling ne: invalid type for comparison
2014/08/30 02:48:30 [I][::1] get /web/about
2014/08/30 02:48:34 [I][::1] get /web/about
2014/08/30 02:49:33 [I][::1] get /web/about
2014/08/30 02:49:46 [I][::1] get /web/about
2014/08/30 02:49:48 [I][::1] get /webmaster/logout
2014/08/30 02:49:48 [I][::1] get /webmaster/errorpage
2014/08/30 02:50:32 [I][::1] get /web/about
2014/08/30 02:50:33 [I][::1] get /web/about
2014/08/30 02:50:33 [I][::1] get /web/about
2014/08/30 02:50:34 [I][::1] get /web/about
2014/08/30 02:50:56 [I][::1] get /web/about
2014/08/30 02:51:04 [I][::1] get /web/about
2014/08/30 02:53:00 [I][::1] get /web/message
2014/08/30 02:53:01 [I][::1] get /web/gcat
2014/08/30 02:53:01 [I][::1] get /web/gcat
2014/08/30 02:53:02 [I][::1] get /web/gcat
2014/08/30 02:53:02 [I][::1] get /web/gcat
2014/08/30 02:53:03 [I][::1] get /web/home
2014/08/30 02:53:04 [I][::1] get /web/gcat
2014/08/30 02:53:04 [I][::1] get /web/gcat
2014/08/30 02:53:04 [I][::1] get /web/gcat
2014/08/30 02:53:05 [I][::1] get /web/gcat
2014/08/30 02:53:05 [I][::1] get /web/acat
2014/08/30 02:53:06 [I][::1] get /web/message
2014/08/30 02:59:30 [I][::1] access /webmaster/dashboard
2014/08/30 02:59:30 [I][::1] get /webmaster/errorpage
2014/08/30 02:59:32 [I][::1] get /webmaster/login
2014/08/30 02:59:36 [I][::1] post /webmaster/login
2014/08/30 02:59:36 [I][::1] admin logged
2014/08/30 02:59:36 [I][::1] get /webmaster/dashboard
2014/08/30 02:59:37 [I][::1] get /webmaster/article
2014/08/30 02:59:38 [I][::1] get /webmaster/article/create
2014/08/30 02:59:48 [I][::1] post /webmaster/article/create
2014/08/30 02:59:48 [I][::1] get /webmaster/article
2014/08/30 02:59:51 [I][::1] get /webmaster/article/create
2014/08/30 03:00:09 [I][::1] post /webmaster/article/create
2014/08/30 03:00:09 [I][::1] get /webmaster/article
2014/08/30 03:00:16 [I][::1] get /webmaster/article/create
2014/08/30 03:00:22 [I][::1] post /webmaster/article/create
2014/08/30 03:00:22 [I][::1] get /webmaster/article
2014/08/30 03:00:24 [I][::1] get /webmaster/article/create
2014/08/30 03:00:35 [I][::1] post /webmaster/article/create
2014/08/30 03:00:35 [I][::1] get /webmaster/article
2014/08/30 03:00:42 [I][::1] get /webmaster/article/create
2014/08/30 03:00:48 [I][::1] post /webmaster/article/create
2014/08/30 03:00:48 [I][::1] get /webmaster/article
2014/08/30 03:00:58 [I][::1] get /web/home
2014/08/30 03:00:59 [I][::1] get /web/service
2014/08/30 03:00:59 [I][::1] get /web/help
2014/08/30 03:01:00 [I][::1] get /user/home
2014/08/30 03:01:03 [I][::1] get /web/promotion
2014/08/30 03:01:05 [I][::1] get /web/privacy
2014/08/30 03:01:07 [I][::1] get /web/link
2014/08/30 03:02:53 [I][::1] get /webmaster/article/edit
2014/08/30 03:03:22 [I][::1] post /webmaster/article/edit
2014/08/30 03:03:22 [I][::1] get /webmaster/article/edit
2014/08/30 03:03:27 [I][::1] get /web/home
2014/08/30 03:03:30 [I][::1] get /web/privacy
2014/08/30 03:07:17 [I][::1] get /webmaster/article
2014/08/30 03:07:20 [I][::1] get /webmaster/article/edit
2014/08/30 03:07:59 [I][::1] post /webmaster/article/edit
2014/08/30 03:07:59 [I][::1] get /webmaster/article/edit
2014/08/30 03:08:04 [I][::1] get /web/promotion
2014/08/30 03:08:17 [I][::1] get /web/about
2014/08/30 03:08:19 [I][::1] get /web/privacy
2014/08/30 03:08:21 [I][::1] get /web/promotion
2014/08/30 03:08:24 [I][::1] get /web/help
2014/08/30 03:08:57 [I][::1] get /webmaster/article
2014/08/30 03:09:00 [I][::1] get /webmaster/article/edit
2014/08/30 03:09:09 [I][::1] post /webmaster/article/edit
2014/08/30 03:09:09 [I][::1] get /webmaster/article/edit
2014/08/30 03:09:15 [I][::1] get /web/help
2014/08/30 03:09:20 [I][::1] get /web/service
2014/08/30 03:10:41 [I][::1] get /webmaster/article
2014/08/30 03:10:43 [I][::1] get /webmaster/article/edit
2014/08/30 03:11:06 [I][::1] post /webmaster/article/edit
2014/08/30 03:11:07 [I][::1] get /webmaster/article/edit
2014/08/30 03:11:09 [I][::1] get /web/service
2014/08/30 03:11:13 [I][::1] get /web/home
2014/08/30 03:11:14 [I][::1] get /web/gcat
2014/08/30 03:11:14 [I][::1] get /web/gcat
2014/08/30 03:11:15 [I][::1] get /web/gcat
2014/08/30 03:11:15 [I][::1] get /web/gcat
2014/08/30 03:11:15 [I][::1] get /web/acat
2014/08/30 03:11:16 [I][::1] get /web/message
2014/08/30 03:11:18 [I][::1] get /user/home
2014/08/30 03:11:22 [I][::1] get /web/screening
2014/08/30 03:12:36 [I][::1] get /webmaster/article
2014/08/30 03:12:40 [I][::1] get /webmaster/article/edit
2014/08/30 03:12:56 [I][::1] post /webmaster/article/edit
2014/08/30 03:12:57 [I][::1] get /webmaster/article/edit
2014/08/30 03:12:59 [I][::1] get /web/screening
2014/08/30 03:13:12 [I][::1] get /webmaster/dashboard
2014/08/30 03:13:17 [I][::1] get /user/home
2014/08/30 03:13:33 [I][::1] get /user/home
2014/08/30 03:16:59 [I][::1] get /webmaster/dashboard
2014/08/30 03:17:03 [I][::1] get /webmaster/goods
2014/08/30 03:17:09 [I][::1] get /web/home
2014/08/30 03:17:11 [I][::1] get /user/home
2014/08/30 03:17:17 [I][::1] get /user/home
