2014/07/06 00:00:20 [I][::1] access /webmaster/dashboard
2014/07/06 00:00:20 [I][::1] get /webmaster/errorpage
2014/07/06 00:00:50 [I][::1] access /webmaster/dashboard
2014/07/06 00:00:50 [I][::1] get /webmaster/errorpage
2014/07/06 00:02:07 [I][::1] access /webmaster/goodscategory
2014/07/06 00:02:07 [I][::1] get /webmaster/errorpage
2014/07/06 00:02:42 [I][::1] access /webmaster/goodscategory
2014/07/06 00:02:42 [I][::1] get /webmaster/errorpage
2014/07/06 00:02:49 [I][::1] access /webmaster/goodscategory/create
2014/07/06 00:02:49 [I][::1] get /webmaster/errorpage
2014/07/06 00:06:02 [I][::1] access /webmaster/goods
2014/07/06 00:06:02 [I][::1] get /webmaster/errorpage
2014/07/06 00:06:30 [I][::1] access /webmaster/dashboard
2014/07/06 00:06:30 [I][::1] get /webmaster/errorpage
2014/07/06 00:06:44 [I][::1] access /webmaster/dashboard
2014/07/06 00:06:44 [I][::1] get /webmaster/errorpage
2014/07/06 00:07:05 [I][::1] get /webmaster/login
2014/07/06 00:07:18 [I][::1] post /webmaster/login
2014/07/06 00:07:18 [I][::1] admin logged
2014/07/06 00:07:18 [I][::1] get /webmaster/dashboard
2014/07/06 00:08:00 [I][::1] access /webmaster/goodscategory
2014/07/06 00:08:00 [I][::1] get /webmaster/errorpage
2014/07/06 00:08:18 [I][::1] access /webmaster/goodscategory
2014/07/06 00:08:18 [I][::1] get /webmaster/errorpage
2014/07/06 00:08:24 [I][::1] access /webmaster/dashboard
2014/07/06 00:08:24 [I][::1] get /webmaster/errorpage
2014/07/06 00:08:41 [I][::1] access /webmaster/goodscategory
2014/07/06 00:08:41 [I][::1] get /webmaster/errorpage
2014/07/06 00:09:19 [I][::1] access /webmaster/goodscategory
2014/07/06 00:09:33 [I][::1] access /webmaster/dashboard
2014/07/06 00:09:33 [I][::1] get /webmaster/errorpage
2014/07/06 00:09:43 [I][::1] access /webmaster/dashboard
2014/07/06 00:09:43 [I][::1] get /webmaster/errorpage
2014/07/06 00:10:02 [I][::1] access /webmaster/goods
2014/07/06 00:10:02 [I][::1] get /webmaster/errorpage
2014/07/06 00:10:12 [I][::1] access /webmaster/dashboard
2014/07/06 00:10:12 [I][::1] get /webmaster/errorpage
2014/07/06 00:10:29 [I][::1] get /webmaster/login
2014/07/06 00:10:45 [I][::1] access /webmaster/goods
2014/07/06 00:10:45 [I][::1] get /webmaster/errorpage
2014/07/06 00:10:54 [I][::1] access /webmaster/dashboard
2014/07/06 00:10:54 [I][::1] get /webmaster/errorpage
2014/07/06 00:22:35 [I][::1] access /webmaster/goods
2014/07/06 00:22:35 [I][::1] get /webmaster/errorpage
2014/07/06 00:23:24 [I][::1] access /webmaster/dashboard
2014/07/06 00:23:24 [I][::1] get /webmaster/errorpage
2014/07/06 00:23:58 [I][::1] access /webmaster/dashboard
2014/07/06 00:23:58 [I][::1] get /webmaster/errorpage
2014/07/06 00:24:02 [I][::1] access /webmaster/goods
2014/07/06 00:24:02 [I][::1] get /webmaster/errorpage
2014/07/06 00:25:29 [I][::1] access /webmaster/dashboard
2014/07/06 00:25:29 [I][::1] get /webmaster/errorpage
2014/07/06 00:25:33 [I][::1] access /webmaster/goods
2014/07/06 00:25:33 [I][::1] get /webmaster/errorpage
2014/07/06 00:25:59 [I][::1] access /webmaster/dashboard
2014/07/06 00:25:59 [I][::1] get /webmaster/errorpage
2014/07/06 00:34:59 [I][::1] access /webmaster/dashboard
2014/07/06 00:34:59 [I][::1] get /webmaster/errorpage
2014/07/06 00:35:01 [I][::1] access /webmaster/dashboard
2014/07/06 00:35:12 [I][::1] access /webmaster/dashboard
2014/07/06 00:35:12 [I][::1] get /webmaster/errorpage
2014/07/06 00:35:12 [I][::1] access /webmaster/dashboard
2014/07/06 00:35:56 [I][::1] access /webmaster/goods
2014/07/06 00:35:56 [I][::1] get /webmaster/errorpage
2014/07/06 00:35:58 [I][::1] access /webmaster/dashboard
2014/07/06 00:36:11 [I][::1] access /webmaster/dashboard
2014/07/06 00:36:11 [I][::1] get /webmaster/errorpage
2014/07/06 00:36:11 [I][::1] access /webmaster/dashboard
2014/07/06 00:36:40 [I][::1] access /webmaster/dashboard
2014/07/06 00:36:40 [I][::1] get /webmaster/errorpage
2014/07/06 00:37:03 [I][::1] access /webmaster/goods
2014/07/06 00:37:03 [I][::1] get /webmaster/errorpage
2014/07/06 00:37:05 [I][::1] access /webmaster/dashboard
2014/07/06 00:37:20 [I][::1] access /webmaster/dashboard
2014/07/06 00:37:20 [I][::1] get /webmaster/errorpage
2014/07/06 00:37:20 [I][::1] access /webmaster/dashboard
2014/07/06 00:41:02 [I][::1] access /webmaster/goodscategory
2014/07/06 00:41:02 [I][::1] get /webmaster/errorpage
2014/07/06 00:41:02 [I][::1] access /webmaster/dashboard
2014/07/06 00:41:02 [I][::1] get /webmaster/errorpage
2014/07/06 00:41:08 [I][::1] access /webmaster/dashboard
2014/07/06 00:41:08 [I][::1] get /webmaster/errorpage
2014/07/06 00:41:08 [I][::1] access /webmaster/dashboard
2014/07/06 00:41:08 [I][::1] get /webmaster/errorpage
2014/07/06 00:42:02 [I][::1] get /webmaster/errorpage
2014/07/06 00:42:02 [I][::1] access /webmaster/dashboard
2014/07/06 00:42:02 [I][::1] get /webmaster/errorpage
2014/07/06 00:42:34 [I][::1] access /webmaster/goodscategory
2014/07/06 00:42:34 [I][::1] get /webmaster/errorpage
2014/07/06 00:42:45 [I][::1] access /webmaster/dashboard
2014/07/06 00:42:45 [I][::1] get /webmaster/errorpage
2014/07/06 00:43:40 [I][::1] access /webmaster/goodscategory
2014/07/06 00:43:40 [I][::1] get /webmaster/errorpage
2014/07/06 00:43:40 [I][::1] access /webmaster/dashboard
2014/07/06 00:43:40 [I][::1] get /webmaster/errorpage
2014/07/06 00:43:45 [I][::1] access /webmaster/dashboard
2014/07/06 00:43:45 [I][::1] get /webmaster/errorpage
2014/07/06 00:43:45 [I][::1] access /webmaster/dashboard
2014/07/06 00:43:45 [I][::1] get /webmaster/errorpage
2014/07/06 01:02:11 [I][::1] access /webmaster/dashboard
2014/07/06 01:02:11 [I][::1] get /webmaster/errorpage
2014/07/06 01:02:12 [I][::1] access /webmaster/dashboard
2014/07/06 01:02:12 [I][::1] get /webmaster/errorpage
2014/07/06 01:02:23 [I][::1] access /webmaster/goodscategory
2014/07/06 01:02:23 [I][::1] get /webmaster/errorpage
2014/07/06 01:02:23 [I][::1] access /webmaster/dashboard
2014/07/06 01:02:23 [I][::1] get /webmaster/errorpage
2014/07/06 02:13:36 [I][::1] access /webmaster/goodscategory
2014/07/06 02:13:36 [I][::1] get /webmaster/errorpage
2014/07/06 02:13:36 [I][::1] access /webmaster/dashboard
2014/07/06 02:13:36 [I][::1] get /webmaster/errorpage
2014/07/06 02:13:54 [I][::1] get /webmaster/errorpage
2014/07/06 02:13:54 [I][::1] access /webmaster/dashboard
2014/07/06 02:13:54 [I][::1] get /webmaster/errorpage
2014/07/06 02:14:40 [I][::1] get /webmaster/errorpage
2014/07/06 02:14:40 [I][::1] access /webmaster/dashboard
2014/07/06 02:14:40 [I][::1] get /webmaster/errorpage
2014/07/06 02:14:56 [I][::1] get /webmaster/errorpage
2014/07/06 02:14:56 [I][::1] access /webmaster/dashboard
2014/07/06 02:14:56 [I][::1] get /webmaster/errorpage
2014/07/06 02:14:59 [I][::1] get /webmaster/errorpage
2014/07/06 02:14:59 [I][::1] access /webmaster/dashboard
2014/07/06 02:14:59 [I][::1] get /webmaster/errorpage
2014/07/06 02:15:14 [I][::1] get /webmaster/errorpage
2014/07/06 02:15:14 [I][::1] access /webmaster/dashboard
2014/07/06 02:15:14 [I][::1] get /webmaster/errorpage
2014/07/06 02:15:25 [I][::1] get /webmaster/errorpage
2014/07/06 02:15:25 [I][::1] access /webmaster/dashboard
2014/07/06 02:15:25 [I][::1] get /webmaster/errorpage
2014/07/06 02:15:42 [I][::1] get /webmaster/errorpage
2014/07/06 02:15:43 [I][::1] access /webmaster/dashboard
2014/07/06 02:15:43 [I][::1] get /webmaster/errorpage
2014/07/06 02:16:04 [I][::1] get /webmaster/errorpage
2014/07/06 02:16:04 [I][::1] access /webmaster/dashboard
2014/07/06 02:16:04 [I][::1] get /webmaster/errorpage
2014/07/06 02:17:11 [I][::1] get /webmaster/errorpage
2014/07/06 02:17:12 [I][::1] access /webmaster/dashboard
2014/07/06 02:17:12 [I][::1] get /webmaster/errorpage
2014/07/06 02:17:44 [I][::1] get /webmaster/errorpage
2014/07/06 02:17:44 [I][::1] access /webmaster/dashboard
2014/07/06 02:17:44 [I][::1] get /webmaster/errorpage
2014/07/06 02:17:51 [I][::1] get /webmaster/errorpage
2014/07/06 02:17:51 [I][::1] access /webmaster/dashboard
2014/07/06 02:17:51 [I][::1] get /webmaster/errorpage
2014/07/06 02:20:02 [I][::1] get /webmaster/errorpage
2014/07/06 02:20:02 [I][::1] access /webmaster/dashboard
2014/07/06 02:20:02 [I][::1] get /webmaster/errorpage
2014/07/06 02:20:04 [I][::1] get /webmaster/errorpage
2014/07/06 02:20:04 [I][::1] access /webmaster/dashboard
2014/07/06 02:20:04 [I][::1] get /webmaster/errorpage
2014/07/06 02:35:58 [I][::1] get /webmaster/errorpage
2014/07/06 02:35:58 [I][::1] access /webmaster/dashboard
2014/07/06 02:35:58 [I][::1] get /webmaster/errorpage
2014/07/06 02:38:15 [I][::1] get /webmaster/errorpage
2014/07/06 02:38:15 [I][::1] access /webmaster/dashboard
2014/07/06 02:38:15 [I][::1] get /webmaster/errorpage
2014/07/06 02:40:39 [I][::1] get /webmaster/errorpage
2014/07/06 02:40:39 [I][::1] access /webmaster/dashboard
2014/07/06 02:40:39 [I][::1] get /webmaster/errorpage
2014/07/06 02:41:01 [I][::1] access /webmaster/dashboard
2014/07/06 02:41:01 [I][::1] get /webmaster/errorpage
2014/07/06 02:41:01 [I][::1] access /webmaster/dashboard
2014/07/06 02:41:01 [I][::1] get /webmaster/errorpage
2014/07/06 02:41:32 [I][::1] access /webmaster/goodscategory
2014/07/06 02:41:33 [I][::1] get /webmaster/errorpage
2014/07/06 02:41:33 [I][::1] access /webmaster/dashboard
2014/07/06 02:41:33 [I][::1] get /webmaster/errorpage
2014/07/06 02:46:35 [I][::1] access /webmaster/goodscategory
2014/07/06 02:46:35 [I][::1] get /webmaster/errorpage
2014/07/06 02:46:35 [I][::1] access /webmaster/dashboard
2014/07/06 02:46:35 [I][::1] get /webmaster/errorpage
2014/07/06 02:47:16 [I][::1] access /webmaster/goodscategory
2014/07/06 02:47:16 [I][::1] get /webmaster/errorpage
2014/07/06 02:47:16 [I][::1] access /webmaster/dashboard
2014/07/06 02:47:16 [I][::1] get /webmaster/errorpage
2014/07/06 02:56:05 [I][::1] access /webmaster/dashboard
2014/07/06 02:56:05 [I][::1] get /webmaster/errorpage
2014/07/06 02:56:10 [I][::1] access /webmaster/dashboard
2014/07/06 02:56:14 [I][::1] get /webmaster/login
2014/07/06 02:56:14 [I][::1] access /webmaster/dashboard
2014/07/06 02:56:24 [I][::1] get /webmaster/login
2014/07/06 02:56:27 [I][::1] access /webmaster/dashboard
2014/07/06 02:56:27 [I][::1] get /webmaster/errorpage
2014/07/06 02:56:35 [I][::1] post /webmaster/login
2014/07/06 02:56:35 [I][::1] admin logged
2014/07/06 02:56:35 [I][::1] get /webmaster/dashboard
2014/07/06 02:56:36 [I][::1] access /webmaster/dashboard
2014/07/06 03:09:25 [I][::1] get /webmaster/errorpage
2014/07/06 03:09:25 [I][::1] access /webmaster/dashboard
2014/07/06 03:09:25 [I][::1] get /webmaster/errorpage
2014/07/06 03:10:43 [I][::1] get /webmaster/errorpage
2014/07/06 03:10:43 [I][::1] access /webmaster/dashboard
2014/07/06 03:10:43 [I][::1] get /webmaster/errorpage
2014/07/06 03:11:20 [I][::1] access /webmaster/dashboard
2014/07/06 03:11:21 [I][::1] get /webmaster/errorpage
2014/07/06 03:11:21 [I][::1] access /webmaster/dashboard
2014/07/06 03:11:21 [I][::1] get /webmaster/errorpage
2014/07/06 03:11:50 [I][::1] access /webmaster/dashboard
2014/07/06 03:11:50 [I][::1] get /webmaster/errorpage
2014/07/06 03:11:50 [I][::1] access /webmaster/dashboard
2014/07/06 03:11:50 [I][::1] get /webmaster/errorpage
2014/07/06 03:13:44 [I][::1] get /webmaster/errorpage
2014/07/06 03:13:45 [I][::1] access /webmaster/dashboard
2014/07/06 03:13:45 [I][::1] get /webmaster/errorpage
2014/07/06 03:16:06 [I][::1] access /webmaster/dashboard
2014/07/06 03:16:06 [I][::1] get /webmaster/errorpage
2014/07/06 03:16:06 [I][::1] access /webmaster/dashboard
2014/07/06 03:16:06 [I][::1] get /webmaster/errorpage
2014/07/06 03:19:07 [I][::1] access /webmaster/dashboard
2014/07/06 03:19:07 [I][::1] get /webmaster/errorpage
2014/07/06 03:19:40 [I][::1] get /webmaster/errorpage
2014/07/06 03:19:48 [I][::1] get /webmaster/login
2014/07/06 03:20:11 [I][::1] access /webmaster/goodscategory
2014/07/06 03:20:11 [I][::1] get /webmaster/errorpage
2014/07/06 03:20:24 [I][::1] access /webmaster/dashboard
2014/07/06 03:20:24 [I][::1] get /webmaster/errorpage
2014/07/06 03:20:45 [I][::1] access /webmaster/goodscategory
2014/07/06 03:20:45 [I][::1] get /webmaster/errorpage
2014/07/06 03:21:11 [I][::1] access /webmaster/dashboard
2014/07/06 03:21:11 [I][::1] get /webmaster/errorpage
2014/07/06 03:21:42 [I][::1] get /webmaster/errorpage
2014/07/06 03:22:10 [I][::1] access /webmaster/dashboard
2014/07/06 03:22:10 [I][::1] get /webmaster/errorpage
2014/07/06 03:22:51 [I][::1] access /webmaster/goodscategory
2014/07/06 03:22:51 [I][::1] get /webmaster/errorpage
2014/07/06 03:22:59 [I][::1] access /webmaster/dashboard
2014/07/06 03:22:59 [I][::1] get /webmaster/errorpage
2014/07/06 03:23:16 [I][::1] access /webmaster/dashboard
2014/07/06 03:23:16 [I][::1] get /webmaster/errorpage
2014/07/06 03:23:28 [I][::1] access /webmaster/goodscategory
2014/07/06 03:23:28 [I][::1] get /webmaster/errorpage
2014/07/06 03:23:36 [I][::1] access /webmaster/dashboard
2014/07/06 03:23:36 [I][::1] get /webmaster/errorpage
2014/07/06 03:23:57 [I][::1] access /webmaster/dashboard
2014/07/06 03:23:57 [I][::1] get /webmaster/errorpage
2014/07/06 03:24:09 [I][::1] get /webmaster/errorpage
2014/07/06 03:24:10 [I][::1] get /webmaster/errorpage
2014/07/06 03:24:25 [I][::1] access /webmaster/goodscategory
2014/07/06 03:24:25 [I][::1] get /webmaster/errorpage
2014/07/06 03:25:31 [I][::1] access /webmaster/goodscategory
2014/07/06 03:25:31 [I][::1] get /webmaster/errorpage
2014/07/06 03:25:35 [I][::1] access /webmaster/goodscategory
2014/07/06 03:25:35 [I][::1] get /webmaster/errorpage
2014/07/06 03:25:57 [I][::1] access /webmaster/dashboard
2014/07/06 03:25:57 [I][::1] get /webmaster/errorpage
2014/07/06 03:31:57 [I][::1] access /webmaster/goods
2014/07/06 03:31:57 [I][::1] get /webmaster/errorpage
2014/07/06 03:32:07 [I][::1] access /webmaster/dashboard
2014/07/06 03:32:07 [I][::1] get /webmaster/errorpage
2014/07/06 03:32:25 [I][::1] get /webmaster/login
2014/07/06 03:34:11 [I][::1] access /webmaster/goodscategory
2014/07/06 03:34:11 [I][::1] get /webmaster/errorpage
2014/07/06 03:34:19 [I][::1] access /webmaster/dashboard
2014/07/06 03:34:19 [I][::1] get /webmaster/errorpage
2014/07/06 03:34:20 [I][::1] get /webmaster/login
2014/07/06 03:34:24 [I][::1] post /webmaster/login
2014/07/06 03:34:24 [I][::1] admin logged
2014/07/06 03:34:24 [I][::1] get /webmaster/dashboard
2014/07/06 03:34:39 [I][::1] get /webmaster/dashboard
2014/07/06 03:34:39 [I][::1] get /webmaster/goods
2014/07/06 03:34:40 [I][::1] get /webmaster/logout
2014/07/06 03:34:40 [I][::1] admin logged out
2014/07/06 03:34:40 [I][::1] get /webmaster/login
2014/07/06 18:20:42 [I][::1] access /webmaster/goods
2014/07/06 18:20:42 [I][::1] get /webmaster/errorpage
2014/07/06 18:20:44 [I][::1] get /webmaster/login
2014/07/06 18:20:47 [I][::1] post /webmaster/login
2014/07/06 18:20:47 [I][::1] admin logged
2014/07/06 18:20:47 [I][::1] get /webmaster/dashboard
2014/07/06 18:20:51 [I][::1] get /webmaster/goods
2014/07/06 18:20:52 [I][::1] get /webmaster/goodscategory
2014/07/06 18:21:04 [I][::1] get /webmaster/goodscategory
2014/07/06 18:21:14 [I][::1] get /webmaster/dashboard
2014/07/06 18:21:15 [I][::1] get /webmaster/goods
2014/07/06 18:21:17 [I][::1] get /webmaster/goods
2014/07/06 18:21:19 [I][::1] get /webmaster/goods
2014/07/06 18:21:21 [I][::1] get /webmaster/dashboard
2014/07/06 18:21:23 [I][::1] get /webmaster/goods
2014/07/06 18:21:24 [I][::1] get /webmaster/goodscategory
2014/07/06 18:21:27 [I][::1] get /webmaster/goodscategory
2014/07/06 18:21:46 [I][::1] get /webmaster/dashboard
2014/07/06 18:21:47 [I][::1] get /webmaster/goods
2014/07/06 18:21:49 [I][::1] get /webmaster/dashboard
2014/07/06 18:21:49 [I][::1] get /webmaster/goods
2014/07/06 18:21:53 [I][::1] get /webmaster/goods
2014/07/06 18:21:55 [I][::1] get /webmaster/dashboard
2014/07/06 18:21:57 [I][::1] get /webmaster/goods
2014/07/06 18:21:59 [I][::1] get /webmaster/goods
2014/07/06 18:22:01 [I][::1] get /webmaster/goodscategory
2014/07/06 18:34:48 [I][::1] get /webmaster/goodscategory
2014/07/06 18:35:10 [I][::1] get /webmaster/goodscategory
2014/07/06 18:35:45 [I][::1] get /webmaster/goodscategory
2014/07/06 18:35:51 [I][::1] get /webmaster/goodscategory
2014/07/06 18:36:14 [I][::1] get /webmaster/goodscategory
2014/07/06 18:48:46 [I][::1] get /webmaster/goodscategory
2014/07/06 18:49:15 [I][::1] get /webmaster/goodscategory
2014/07/06 18:51:13 [I][::1] get /webmaster/goodscategory
2014/07/06 18:51:52 [I][::1] get /webmaster/goodscategory
2014/07/06 18:52:54 [I][::1] get /webmaster/goodscategory
2014/07/06 18:54:54 [I][::1] get /webmaster/goodscategory
2014/07/06 18:55:59 [I][::1] get /webmaster/goodscategory
2014/07/06 18:56:53 [I][::1] get /webmaster/goodscategory
2014/07/06 18:58:05 [I][::1] get /webmaster/goodscategory
2014/07/06 19:11:17 [I][::1] get /webmaster/goodscategory
2014/07/06 19:11:22 [I][::1] get /webmaster/goodscategory
2014/07/06 19:12:02 [I][::1] get /webmaster/goodscategory
2014/07/06 19:12:56 [I][::1] get /webmaster/goodscategory
2014/07/06 19:23:18 [I][::1] get /webmaster/goodscategory
2014/07/06 19:24:01 [I][::1] get /webmaster/goodscategory
2014/07/06 19:25:39 [I][::1] access /webmaster/goodscategory
2014/07/06 19:25:39 [I][::1] get /webmaster/errorpage
2014/07/06 19:25:40 [I][::1] get /webmaster/login
2014/07/06 19:25:43 [I][::1] post /webmaster/login
2014/07/06 19:25:43 [I][::1] admin logged
2014/07/06 19:25:43 [I][::1] get /webmaster/dashboard
2014/07/06 19:25:44 [I][::1] get /webmaster/goods
2014/07/06 19:25:45 [I][::1] get /webmaster/goodscategory
2014/07/06 19:26:10 [I][::1] get /webmaster/logout
2014/07/06 19:26:10 [I][::1] admin logged out
2014/07/06 19:26:10 [I][::1] get /webmaster/login
2014/07/06 19:26:32 [I][::1] get /webmaster/login
2014/07/06 19:54:23 [I][::1] get /webmaster/goodscategory
2014/07/06 19:56:15 [I][::1] get /webmaster/goodscategory
2014/07/06 19:56:21 [I][::1] post /webmaster/goodscategory/edit
2014/07/06 19:56:21 [I][::1] get /webmaster/goodscategory
2014/07/06 19:56:24 [I][::1] get /webmaster/goodscategory
2014/07/06 19:56:33 [I][::1] post /webmaster/goodscategory/edit
2014/07/06 19:56:33 [I][::1] get /webmaster/goodscategory
2014/07/06 19:56:38 [I][::1] post /webmaster/goodscategory/edit
2014/07/06 19:56:39 [I][::1] get /webmaster/goodscategory
2014/07/06 19:56:44 [I][::1] post /webmaster/goodscategory/edit
2014/07/06 19:56:44 [I][::1] get /webmaster/goodscategory
2014/07/06 19:56:49 [I][::1] post /webmaster/goodscategory/edit
2014/07/06 19:56:49 [I][::1] get /webmaster/goodscategory
2014/07/06 19:56:53 [I][::1] post /webmaster/goodscategory/edit
2014/07/06 19:56:53 [I][::1] get /webmaster/goodscategory
2014/07/06 19:56:57 [I][::1] post /webmaster/goodscategory/edit
2014/07/06 19:56:57 [I][::1] get /webmaster/goodscategory
2014/07/06 19:57:59 [I][::1] post /webmaster/goodscategory/edit
2014/07/06 19:57:59 [I][::1] get /webmaster/goodscategory
2014/07/06 19:58:55 [I][::1] post /webmaster/goodscategory/edit
2014/07/06 19:58:55 [I][::1] get /webmaster/goodscategory
2014/07/06 19:59:02 [I][::1] post /webmaster/goodscategory/edit
2014/07/06 19:59:02 [I][::1] get /webmaster/goodscategory
2014/07/06 19:59:16 [I][::1] post /webmaster/goodscategory/edit
2014/07/06 19:59:16 [I][::1] get /webmaster/goodscategory
2014/07/06 19:59:22 [I][::1] post /webmaster/goodscategory/edit
2014/07/06 19:59:22 [I][::1] get /webmaster/goodscategory
2014/07/06 19:59:27 [I][::1] post /webmaster/goodscategory/edit
2014/07/06 19:59:27 [I][::1] get /webmaster/goodscategory
2014/07/06 19:59:44 [I][::1] get /webmaster/goodscategory
2014/07/06 19:59:48 [I][::1] get /webmaster/dashboard
2014/07/06 19:59:49 [I][::1] get /webmaster/goods
2014/07/06 19:59:50 [I][::1] get /webmaster/dashboard
2014/07/06 19:59:50 [I][::1] get /webmaster/goods
2014/07/06 19:59:51 [I][::1] get /webmaster/dashboard
2014/07/06 19:59:52 [I][::1] get /webmaster/goods
2014/07/06 19:59:53 [I][::1] get /webmaster/goodscategory
2014/07/06 20:00:17 [I][::1] post /webmaster/login
2014/07/06 20:00:17 [I][::1] root logged
2014/07/06 20:00:17 [I][::1] get /webmaster/dashboard
2014/07/06 20:00:20 [I][::1] get /webmaster/goods
2014/07/06 20:00:20 [I][::1] get /webmaster/goodscategory
2014/07/06 20:01:05 [I][::1] get /webmaster/goodscategory
2014/07/06 20:01:27 [I][::1] post /webmaster/goodscategory/create
2014/07/06 20:01:27 [I][::1] get /webmaster/goodscategory
2014/07/06 20:01:39 [I][::1] post /webmaster/goodscategory/create
2014/07/06 20:01:39 [I][::1] get /webmaster/goodscategory
2014/07/06 20:04:53 [I][::1] get /webmaster/goodscategory
2014/07/06 20:05:06 [I][::1] post /webmaster/goodscategory/delete
2014/07/06 20:05:06 [I][::1] get /webmaster/goodscategory
2014/07/06 20:05:09 [I][::1] post /webmaster/goodscategory/delete
2014/07/06 20:05:09 [I][::1] get /webmaster/goodscategory
2014/07/06 20:05:17 [I][::1] get /webmaster/goods
2014/07/06 20:05:17 [I][::1] get /webmaster/dashboard
2014/07/06 20:05:18 [I][::1] get /webmaster/goods
2014/07/06 20:05:20 [I][::1] get /webmaster/dashboard
2014/07/06 20:06:58 [I][::1] get /webmaster/goodscategory
2014/07/06 20:07:03 [I][::1] get /webmaster/logout
2014/07/06 20:07:03 [I][::1] root logged out
2014/07/06 20:07:03 [I][::1] get /webmaster/login
2014/07/06 22:46:30 [I][::1] access /webmaster/dashboard
2014/07/06 22:46:30 [I][::1] get /webmaster/errorpage
2014/07/06 22:46:32 [I][::1] get /webmaster/login
2014/07/06 22:46:35 [I][::1] post /webmaster/login
2014/07/06 22:46:35 [I][::1] admin logged
2014/07/06 22:46:35 [I][::1] get /webmaster/dashboard
2014/07/06 22:46:40 [I][::1] get /webmaster/goods
2014/07/06 22:46:41 [I][::1] get /webmaster/dashboard
2014/07/06 22:46:42 [I][::1] get /webmaster/goods
2014/07/06 22:46:43 [I][::1] get /webmaster/dashboard
2014/07/06 22:46:43 [I][::1] get /webmaster/goods
2014/07/06 22:46:44 [I][::1] get /webmaster/dashboard
2014/07/06 22:46:45 [I][::1] get /webmaster/goods
2014/07/06 22:46:46 [I][::1] get /webmaster/dashboard
2014/07/06 22:46:47 [I][::1] get /webmaster/goods
2014/07/06 22:46:47 [I][::1] get /webmaster/dashboard
2014/07/06 22:46:51 [I][::1] get /webmaster/goods
2014/07/06 22:46:53 [I][::1] get /webmaster/goods
2014/07/06 22:48:56 [I][::1] get /webmaster/goodscategory
2014/07/06 22:50:07 [I][::1] get /webmaster/goodscategory
2014/07/06 22:50:14 [I][::1] get /webmaster/goods
2014/07/06 22:50:16 [I][::1] get /webmaster/goods
2014/07/06 22:50:18 [I][::1] get /webmaster/goodscategory
2014/07/06 22:52:17 [I][::1] get /webmaster/goodscategory
2014/07/06 22:52:42 [I][::1] get /webmaster/dashboard
2014/07/06 22:52:43 [I][::1] get /webmaster/goods
2014/07/06 22:52:44 [I][::1] get /webmaster/goodscategory
2014/07/06 22:55:14 [I][::1] get /webmaster/goodscategory
2014/07/06 22:56:33 [I][::1] get /webmaster/goodscategory
2014/07/06 22:58:49 [I][::1] get /webmaster/goodscategory
2014/07/06 23:02:38 [I][::1] get /webmaster/goodscategory
2014/07/06 23:03:14 [I][::1] get /webmaster/goodscategory
2014/07/06 23:07:26 [I][::1] get /webmaster/goodscategory
2014/07/06 23:10:43 [I][::1] get /webmaster/goodscategory
2014/07/06 23:11:30 [I][::1] get /webmaster/goodscategory
2014/07/06 23:12:08 [I][::1] get /webmaster/goodscategory
2014/07/06 23:12:13 [I][::1] get /webmaster/goodscategory
2014/07/06 23:13:15 [I][::1] get /webmaster/goodscategory
2014/07/06 23:15:14 [I][::1] get /webmaster/goodscategory
2014/07/06 23:15:51 [I][::1] get /webmaster/goodscategory
2014/07/06 23:17:36 [I][::1] get /webmaster/goodscategory
2014/07/06 23:19:21 [I][::1] get /webmaster/goodscategory
2014/07/06 23:19:54 [I][::1] get /webmaster/goodscategory
2014/07/06 23:21:37 [I][::1] get /webmaster/goodscategory
2014/07/06 23:22:01 [I][::1] get /webmaster/goodscategory
2014/07/06 23:22:32 [I][::1] get /webmaster/goodscategory
2014/07/06 23:22:39 [I][::1] get /webmaster/goodscategory
2014/07/06 23:25:52 [I][::1] get /webmaster/goodscategory
2014/07/06 23:29:42 [I][::1] get /webmaster/goodscategory
2014/07/06 23:30:10 [I][::1] get /webmaster/goodscategory
2014/07/06 23:30:39 [I][::1] get /webmaster/goodscategory
2014/07/06 23:31:58 [I][::1] get /webmaster/goodscategory
2014/07/06 23:32:29 [I][::1] get /webmaster/goodscategory
2014/07/06 23:32:34 [I][::1] get /webmaster/dashboard
2014/07/06 23:32:34 [I][::1] get /webmaster/goods
2014/07/06 23:32:36 [I][::1] get /webmaster/goodscategory
2014/07/06 23:33:22 [I][::1] get /webmaster/goods
2014/07/06 23:33:22 [I][::1] get /webmaster/goods
2014/07/06 23:33:23 [I][::1] get /webmaster/dashboard
2014/07/06 23:33:24 [I][::1] get /webmaster/goods
2014/07/06 23:34:00 [I][::1] get /webmaster/dashboard
2014/07/06 23:34:01 [I][::1] get /webmaster/goods
2014/07/06 23:34:02 [I][::1] get /webmaster/goodscategory
2014/07/06 23:34:08 [I][::1] get /webmaster/dashboard
2014/07/06 23:34:08 [I][::1] get /webmaster/goods
2014/07/06 23:57:57 [I][::1] get /webmaster/goods
2014/07/06 23:58:00 [I][::1] get /webmaster/goodscategory
2014/07/06 23:58:34 [I][::1] get /webmaster/goods
2014/07/06 23:58:42 [I][::1] get /webmaster/goods
2014/07/06 23:58:43 [I][::1] get /webmaster/goodscategory
2014/07/06 23:58:50 [I][::1] get /webmaster/goods
2014/07/06 23:58:57 [I][::1] get /webmaster/goods
2014/07/06 23:59:06 [I][::1] get /webmaster/goods
2014/07/06 23:59:08 [I][::1] get /webmaster/goods
2014/07/06 23:59:11 [I][::1] get /webmaster/goodscategory
2014/07/06 23:59:21 [I][::1] get /webmaster/goods
