2014/08/26 00:27:07 [I][::1] get /web/acat
2014/08/26 00:27:08 [I][::1] get /web/home
2014/08/26 00:30:22 [I][::1] get /web/home
2014/08/26 00:30:24 [I][::1] get /web/gcat
2014/08/26 00:30:25 [I][::1] get /web/gcat
2014/08/26 00:30:25 [I][::1] get /web/gcat
2014/08/26 00:30:26 [I][::1] get /web/gcat
2014/08/26 00:30:26 [I][::1] get /web/acat
2014/08/26 00:30:29 [I][::1] get /web/message
2014/08/26 00:30:34 [I][::1] get /web/message
2014/08/26 00:30:35 [I][::1] get /web/home
2014/08/26 00:30:37 [I][::1] get /web/message
2014/08/26 00:32:07 [I][::1] get /web/message
2014/08/26 00:33:57 [I][::1] get /web/message
2014/08/26 00:34:54 [I][::1] get /web/message
2014/08/26 00:35:09 [I][::1] get /web/message
2014/08/26 00:36:16 [I][::1] get /web/message
2014/08/26 00:37:08 [I][::1] get /web/message
2014/08/26 00:37:38 [I][::1] get /web/message
2014/08/26 00:38:26 [I][::1] get /web/message
2014/08/26 00:39:41 [I][::1] get /web/message
2014/08/26 00:39:48 [I][::1] get /web/message
2014/08/26 00:39:50 [I][::1] get /web/message
2014/08/26 00:40:12 [I][::1] get /web/message
2014/08/26 00:40:14 [I][::1] get /web/message
2014/08/26 00:40:41 [I][::1] get /web/message
2014/08/26 00:40:51 [I][::1] get /web/message
2014/08/26 00:41:01 [I][::1] get /web/message
2014/08/26 00:41:07 [I][::1] get /web/message
2014/08/26 00:41:27 [I][::1] get /web/message
2014/08/26 00:41:43 [I][::1] get /web/message
2014/08/26 00:42:26 [I][::1] get /web/message
2014/08/26 00:42:39 [I][::1] get /web/home
2014/08/26 00:42:43 [I][::1] get /web/gcat
2014/08/26 00:42:45 [I][::1] get /web/goods
2014/08/26 00:45:37 [I][::1] get /web/message
2014/08/26 00:45:39 [I][::1] get /web/message
2014/08/26 00:46:07 [I][::1] get /web/message
2014/08/26 00:46:18 [I][::1] get /web/message
2014/08/26 00:46:38 [I][::1] get /web/message
2014/08/26 00:47:27 [I][::1] get /web/message
2014/08/26 00:47:43 [I][::1] get /web/message
2014/08/26 00:47:53 [I][::1] get /web/message
2014/08/26 00:48:02 [I][::1] get /web/message
2014/08/26 00:48:21 [I][::1] get /web/message
2014/08/26 00:48:25 [I][::1] get /web/message
2014/08/26 00:48:44 [I][::1] get /web/message
2014/08/26 00:49:21 [I][::1] get /web/message
2014/08/26 00:49:30 [I][::1] get /web/message
2014/08/26 00:49:32 [I][::1] get /web/acat
2014/08/26 00:49:33 [I][::1] get /web/gcat
2014/08/26 00:49:34 [I][::1] get /web/gcat
2014/08/26 00:49:35 [I][::1] get /web/gcat
2014/08/26 00:49:35 [I][::1] get /web/gcat
2014/08/26 00:49:36 [I][::1] get /web/home
2014/08/26 00:49:40 [I][::1] get /web/acat
2014/08/26 00:53:58 [I][::1] get /web/acat
2014/08/26 00:53:59 [I][::1] get /web/message
2014/08/26 00:54:16 [I][::1] post /web/message/create
2014/08/26 00:54:18 [I][::1] get /web/message
2014/08/26 00:54:35 [I][::1] get /web/acat
2014/08/26 00:54:36 [I][::1] get /web/gcat
2014/08/26 00:54:37 [I][::1] get /web/acat
2014/08/26 00:54:37 [I][::1] get /web/gcat
2014/08/26 00:54:38 [I][::1] get /web/acat
2014/08/26 00:54:51 [I][::1] get /web/home
2014/08/26 01:20:39 [I][::1] get /web/home
2014/08/26 01:20:54 [I][::1] get /web/screening
2014/08/26 01:20:59 [I][::1] get /web/about
2014/08/26 01:20:59 [I][::1] get /web/promotion
2014/08/26 01:21:00 [I][::1] get /web/privacy
2014/08/26 01:21:02 [I][::1] get /web/link
2014/08/26 01:21:03 [I][::1] get /web/privacy
2014/08/26 01:21:03 [I][::1] get /web/promotion
2014/08/26 01:21:03 [I][::1] get /web/about
2014/08/26 01:21:04 [I][::1] get /web/home
2014/08/26 01:21:06 [I][::1] get /web/message
2014/08/26 01:24:40 [I][::1] get /web/message
2014/08/26 01:24:53 [I][::1] get /web/message
2014/08/26 01:25:11 [I][::1] get /web/message
2014/08/26 01:25:36 [I][::1] get /web/message
2014/08/26 01:25:42 [I][::1] get /web/message
2014/08/26 01:25:51 [I][::1] get /web/message
2014/08/26 01:26:11 [I][::1] get /web/message
2014/08/26 01:26:47 [I][::1] get /web/message
2014/08/26 01:27:02 [I][::1] get /web/home
2014/08/26 01:27:04 [I][::1] get /web/acat
2014/08/26 01:27:06 [I][::1] get /web/gcat
2014/08/26 01:27:07 [I][::1] get /web/gcat
2014/08/26 01:27:07 [I][::1] get /web/gcat
2014/08/26 01:27:08 [I][::1] get /web/gcat
2014/08/26 01:27:09 [I][::1] get /web/acat
2014/08/26 01:27:34 [I][::1] get /web/screening
2014/08/26 01:27:52 [I][::1] get /web/home
2014/08/26 01:27:53 [I][::1] get /web/acat
2014/08/26 01:29:58 [I][::1] get /web/acat
2014/08/26 01:30:17 [I][::1] get /web/acat
2014/08/26 01:31:09 [I][::1] get /web/acat
2014/08/26 01:32:01 [I][::1] get /web/acat
2014/08/26 01:32:33 [I][::1] get /web/acat
2014/08/26 01:41:51 [I][::1] get /web/home
2014/08/26 01:41:54 [I][::1] access /webmaster/dashboard
2014/08/26 01:41:54 [I][::1] get /webmaster/errorpage
2014/08/26 01:41:55 [I][::1] get /webmaster/login
2014/08/26 01:41:57 [I][::1] post /webmaster/login
2014/08/26 01:41:57 [I][::1] admin logged
2014/08/26 01:41:58 [I][::1] get /webmaster/dashboard
2014/08/26 01:42:00 [I][::1] get /webmaster/article
2014/08/26 01:42:03 [I][::1] get /webmaster/articlecategory
2014/08/26 01:42:26 [I][::1] get /webmaster/article/create
2014/08/26 01:43:11 [I][::1] post /webmaster/article/create
2014/08/26 01:43:11 [I][::1] get /webmaster/article
2014/08/26 01:43:17 [I][::1] get /web/acat
2014/08/26 01:44:19 [I][::1] get /web/acat
2014/08/26 01:46:04 [I][::1] get /web/acat
2014/08/26 01:46:04 [E]template: acat.html:43: unexpected "(" in operand; missing space?
2014/08/26 01:50:16 [I][::1] get /web/acat
2014/08/26 01:50:16 [E]template: acat.html:43: unexpected "(" in operand; missing space?
2014/08/26 01:50:57 [I][::1] get /web/acat
2014/08/26 02:02:09 [I][::1] get /web/acat
2014/08/26 02:02:27 [I][::1] get /web/acat
2014/08/26 02:03:15 [I][::1] get /web/acat
2014/08/26 02:03:33 [I][::1] get /web/acat
2014/08/26 02:05:03 [I][::1] get /web/acat
2014/08/26 02:05:24 [I][::1] get /web/acat
2014/08/26 02:06:21 [I][::1] get /web/acat
2014/08/26 02:06:21 [I][::1] get /web/acat
2014/08/26 02:06:22 [I][::1] get /web/acat
2014/08/26 02:06:51 [I][::1] get /web/acat
2014/08/26 02:07:15 [I][::1] get /webmaster/article/create
2014/08/26 02:07:40 [I][::1] post /webmaster/article/create
2014/08/26 02:07:40 [I][::1] get /webmaster/article
2014/08/26 02:07:43 [I][::1] get /web/acat
2014/08/26 02:08:02 [I][::1] get /web/acat
2014/08/26 02:08:29 [I][::1] get /web/acat
2014/08/26 02:08:29 [I][::1] get /web/acat
2014/08/26 02:08:30 [I][::1] get /web/acat
2014/08/26 02:08:53 [I][::1] get /web/acat
2014/08/26 02:09:06 [I][::1] get /web/acat
2014/08/26 02:09:23 [I][::1] get /web/acat
2014/08/26 02:10:17 [I][::1] get /web/acat
2014/08/26 02:10:48 [I][::1] get /web/acat
2014/08/26 02:11:33 [I][::1] get /web/acat
2014/08/26 02:12:23 [I][::1] get /web/acat
2014/08/26 02:13:07 [I][::1] get /web/acat
2014/08/26 02:13:11 [I][::1] get /web/article
2014/08/26 02:13:11 [E]template: article.html:29: function "GetJsonData" not defined
2014/08/26 02:14:30 [I][::1] get /web/article
2014/08/26 02:14:30 [E]template: article.html:29:56: executing "article.html" at <.goods.Images>: invalid value; expected string
2014/08/26 02:16:03 [I][::1] get /web/article
2014/08/26 02:16:23 [I][::1] get /web/article
2014/08/26 02:16:24 [I][::1] get /web/article
2014/08/26 02:16:24 [I][::1] get /web/article
2014/08/26 02:16:24 [I][::1] get /web/article
2014/08/26 02:16:24 [I][::1] get /web/article
2014/08/26 02:17:23 [I][::1] get /web/article
2014/08/26 02:17:54 [I][::1] get /web/gcat
2014/08/26 02:17:56 [I][::1] get /web/goods
2014/08/26 02:17:56 [E]template: goods.html:5:16: executing "goods.html" at <.goods.Name>: Name is not a field of struct type interface {}
2014/08/26 02:18:10 [I][::1] get /web/goods
2014/08/26 02:18:37 [I][::1] get /web/gcat
2014/08/26 02:18:45 [I][::1] get /web/gcat
2014/08/26 02:19:14 [I][::1] get /web/acat
2014/08/26 02:19:16 [I][::1] get /web/article
2014/08/26 02:20:00 [I][::1] get /web/article
2014/08/26 02:20:15 [I][::1] get /web/article
2014/08/26 02:20:34 [I][::1] get /web/article
2014/08/26 02:20:35 [I][::1] get /web/article
2014/08/26 02:20:41 [I][::1] get /web/article
2014/08/26 02:22:42 [I][::1] get /web/gcat
2014/08/26 02:22:43 [I][::1] get /web/goods
2014/08/26 02:22:51 [I][::1] get /web/acat
2014/08/26 02:22:52 [I][::1] get /web/article
2014/08/26 02:24:18 [I][::1] get /web/article
2014/08/26 02:24:22 [I][::1] get /web/acat
2014/08/26 02:24:23 [I][::1] get /web/article
2014/08/26 02:26:13 [I][::1] get /web/article
2014/08/26 02:26:24 [I][::1] get /web/article
2014/08/26 02:26:42 [I][::1] get /web/article
2014/08/26 02:27:03 [I][::1] get /web/article
2014/08/26 02:27:05 [I][::1] get /web/article
2014/08/26 02:27:05 [I][::1] get /web/article
2014/08/26 02:27:05 [I][::1] get /web/article
2014/08/26 02:27:55 [I][::1] get /web/article
2014/08/26 02:28:08 [I][::1] get /web/article
2014/08/26 02:29:30 [I][::1] get /web/article
2014/08/26 02:30:03 [I][::1] get /web/article
2014/08/26 02:30:34 [I][::1] get /web/article
2014/08/26 02:30:40 [I][::1] get /web/article
2014/08/26 02:31:02 [I][::1] get /web/acat
2014/08/26 02:31:04 [I][::1] get /web/article
2014/08/26 02:31:09 [I][::1] get /web/message
2014/08/26 02:31:11 [I][::1] get /web/home
