2014/08/18 00:00:30 [I][::1] get /web/gcat
2014/08/18 00:00:55 [I][::1] get /web/gcat
2014/08/18 00:01:28 [I][::1] get /web/gcat
2014/08/18 00:01:40 [I][::1] get /web/gcat
2014/08/18 00:01:41 [I][::1] get /web/gcat
2014/08/18 00:01:48 [I][::1] get /web/gcat
2014/08/18 00:01:49 [I][::1] get /web/gcat
2014/08/18 00:01:50 [I][::1] get /web/gcat
2014/08/18 00:01:51 [I][::1] get /web/gcat
2014/08/18 00:01:51 [I][::1] get /web/gcat
2014/08/18 00:01:51 [I][::1] get /web/gcat
2014/08/18 00:01:52 [I][::1] get /web/gcat
2014/08/18 00:01:53 [I][::1] get /web/gcat
2014/08/18 00:02:09 [I][::1] get /web/gcat
2014/08/18 00:02:12 [I][::1] get /web/gcat
2014/08/18 00:02:15 [I][::1] get /web/gcat
2014/08/18 00:02:19 [I][::1] get /web/gcat
2014/08/18 00:02:22 [I][::1] get /web/gcat
2014/08/18 00:02:55 [I][::1] get /web/home
2014/08/18 00:02:59 [I][::1] get /web/home
2014/08/18 00:03:25 [I][::1] get /web/home
2014/08/18 00:03:28 [I][::1] get /web/gcat
2014/08/18 00:03:29 [I][::1] get /web/gcat
2014/08/18 00:03:47 [I][::1] get /web/home
2014/08/18 00:03:51 [I][::1] access /webmaster/dashboard
2014/08/18 00:03:51 [I][::1] get /webmaster/errorpage
2014/08/18 00:03:53 [I][::1] get /webmaster/login
2014/08/18 00:03:56 [I][::1] post /webmaster/login
2014/08/18 00:03:56 [I][::1] admin logged
2014/08/18 00:03:56 [I][::1] get /webmaster/dashboard
2014/08/18 00:04:00 [I][::1] get /web/home
2014/08/18 00:04:05 [I][::1] get /web/home
2014/08/18 00:04:43 [I][::1] get /web/home
2014/08/18 00:04:53 [I][::1] get /web/home
2014/08/18 00:05:10 [I][::1] get /web/home
2014/08/18 00:05:12 [I][::1] get /web/home
2014/08/18 00:05:15 [I][::1] get /web/home
2014/08/18 00:05:37 [I][::1] get /web/home
2014/08/18 00:10:04 [I][::1] get /web/home
2014/08/18 00:10:06 [I][::1] get /web/home
2014/08/18 00:10:09 [I][::1] get /web/gcat
2014/08/18 00:11:55 [I][::1] get /web/gcat
2014/08/18 00:12:21 [I][::1] get /web/gcat
2014/08/18 00:12:50 [I][::1] get /web/gcat
2014/08/18 00:12:59 [I][::1] get /web/gcat
2014/08/18 00:13:03 [I][::1] get /web/gcat
2014/08/18 00:13:10 [I][::1] get /web/gcat
2014/08/18 00:35:42 [I][::1] get /web/home
2014/08/18 00:35:43 [I][::1] get /web/gcat
2014/08/18 00:35:45 [I][::1] get /web/gcat
2014/08/18 00:35:45 [I][::1] get /web/gcat
2014/08/18 00:35:50 [I][::1] get /web/gcat
2014/08/18 00:35:50 [I][::1] get /web/gcat
2014/08/18 00:35:51 [I][::1] get /web/gcat
2014/08/18 01:21:18 [I][::1] get /web/gcat
2014/08/18 01:21:21 [I][::1] get /web/gcat
2014/08/18 01:21:22 [I][::1] get /web/gcat
2014/08/18 01:21:23 [I][::1] get /web/gcat
2014/08/18 01:21:24 [I][::1] get /web/gcat
2014/08/18 01:21:24 [I][::1] get /web/gcat
2014/08/18 01:21:26 [I][::1] get /web/gcat
2014/08/18 01:21:27 [I][::1] get /web/gcat
2014/08/18 01:21:28 [I][::1] get /web/gcat
2014/08/18 01:21:29 [I][::1] get /web/gcat
2014/08/18 01:21:29 [I][::1] get /web/gcat
2014/08/18 01:21:32 [I][::1] get /web/gcat
2014/08/18 01:21:34 [I][::1] get /web/gcat
2014/08/18 01:21:34 [I][::1] get /web/gcat
2014/08/18 01:21:35 [I][::1] get /web/gcat
2014/08/18 01:21:35 [I][::1] get /web/gcat
2014/08/18 01:21:37 [I][::1] get /web/gcat
2014/08/18 01:22:36 [I][::1] get /web/gcat
2014/08/18 01:22:46 [I][::1] get /web/gcat
2014/08/18 01:22:47 [I][::1] get /web/home
2014/08/18 01:22:48 [I][::1] get /web/gcat
2014/08/18 01:22:49 [I][::1] get /web/gcat
2014/08/18 01:22:49 [I][::1] get /web/gcat
2014/08/18 01:22:53 [I][::1] get /web/gcat
2014/08/18 01:22:53 [I][::1] get /web/gcat
2014/08/18 01:22:55 [I][::1] get /web/gcat
2014/08/18 01:22:55 [I][::1] get /web/gcat
2014/08/18 01:22:57 [I][::1] get /web/gcat
2014/08/18 01:22:57 [I][::1] get /web/gcat
2014/08/18 01:22:58 [I][::1] get /web/gcat
2014/08/18 01:22:59 [I][::1] get /web/gcat
2014/08/18 01:23:00 [I][::1] get /web/gcat
2014/08/18 01:23:00 [I][::1] get /web/gcat
2014/08/18 01:23:53 [I][::1] get /web/gcat
2014/08/18 01:23:54 [I][::1] get /web/gcat
2014/08/18 01:23:55 [I][::1] get /web/gcat
2014/08/18 01:23:55 [I][::1] get /web/gcat
2014/08/18 01:23:57 [I][::1] get /web/gcat
2014/08/18 02:53:51 [I][::1] access /webmaster/dashboard
2014/08/18 02:53:51 [I][::1] get /webmaster/errorpage
2014/08/18 02:53:54 [I][::1] get /web/home
2014/08/18 02:53:56 [I][::1] get /web/gcat
2014/08/18 02:55:50 [I][::1] get /web/gcat
2014/08/18 02:55:50 [E]template: gcat.html:29:55: executing "gcat.html" at <.CurrentCategory.Nam...>: CurrentCategory is not a field of struct type *models.SliceWithName
2014/08/18 02:56:06 [I][::1] get /web/gcat
2014/08/18 02:56:06 [E]template: gcat.html:29:55: executing "gcat.html" at <.CurrentCategory.Nam...>: CurrentCategory is not a field of struct type *models.SliceWithName
2014/08/18 02:56:30 [I][::1] get /web/gcat
2014/08/18 02:56:33 [I][::1] get /web/gcat
2014/08/18 02:56:33 [I][::1] get /web/gcat
2014/08/18 02:56:39 [I][::1] get /web/gcat
2014/08/18 02:56:42 [I][::1] get /web/gcat
2014/08/18 02:56:52 [I][::1] get /web/gcat
2014/08/18 02:56:54 [I][::1] get /web/gcat
2014/08/18 02:56:55 [I][::1] get /web/gcat
2014/08/18 02:56:57 [I][::1] get /web/gcat
2014/08/18 02:57:02 [I][::1] get /web/gcat
2014/08/18 02:57:03 [I][::1] get /web/gcat
2014/08/18 02:57:12 [I][::1] get /web/gcat
2014/08/18 02:57:17 [I][::1] get /web/gcat
2014/08/18 02:57:20 [I][::1] get /web/gcat
2014/08/18 02:57:25 [I][::1] get /web/gcat
2014/08/18 02:57:28 [I][::1] get /web/gcat
2014/08/18 02:58:13 [I][::1] get /web/gcat
2014/08/18 02:58:17 [I][::1] get /web/gcat
2014/08/18 02:58:18 [I][::1] get /web/gcat
2014/08/18 02:58:33 [I][::1] get /web/gcat
2014/08/18 02:58:35 [I][::1] get /web/gcat
2014/08/18 02:58:38 [I][::1] get /web/gcat
2014/08/18 02:58:41 [I][::1] get /web/gcat
2014/08/18 02:58:43 [I][::1] get /web/gcat
2014/08/18 02:58:44 [I][::1] get /web/gcat
2014/08/18 02:58:45 [I][::1] get /web/gcat
2014/08/18 02:58:55 [I][::1] get /web/gcat
2014/08/18 02:58:55 [E]template: gcat.html:32:42: executing "gcat.html" at <$e2.Name>: can't evaluate field Name in type interface {}
2014/08/18 02:58:57 [I][::1] get /web/gcat
2014/08/18 02:58:57 [E]template: gcat.html:32:42: executing "gcat.html" at <$e2.Name>: can't evaluate field Name in type interface {}
2014/08/18 02:59:06 [I][::1] get /web/gcat
2014/08/18 02:59:07 [I][::1] get /web/gcat
2014/08/18 03:00:43 [I][::1] get /web/gcat
2014/08/18 03:00:45 [I][::1] get /web/gcat
2014/08/18 03:00:46 [I][::1] get /web/gcat
2014/08/18 03:00:47 [I][::1] get /web/gcat
2014/08/18 03:00:49 [I][::1] get /web/gcat
2014/08/18 03:00:53 [I][::1] get /web/gcat
2014/08/18 03:00:56 [I][::1] get /web/gcat
2014/08/18 03:02:06 [I][::1] get /web/gcat
2014/08/18 03:02:09 [I][::1] get /web/gcat
2014/08/18 03:02:16 [I][::1] get /web/gcat
2014/08/18 03:02:17 [I][::1] get /web/gcat
2014/08/18 03:02:18 [I][::1] get /web/gcat
2014/08/18 03:02:19 [I][::1] get /web/gcat
2014/08/18 03:02:21 [I][::1] get /web/gcat
2014/08/18 03:02:23 [I][::1] get /web/gcat
2014/08/18 03:02:25 [I][::1] get /web/gcat
2014/08/18 03:02:27 [I][::1] get /web/gcat
2014/08/18 03:03:05 [I][::1] get /web/gcat
2014/08/18 03:03:10 [I][::1] get /web/gcat
2014/08/18 03:03:20 [I][::1] get /web/gcat
2014/08/18 03:03:38 [I][::1] get /web/gcat
2014/08/18 03:03:40 [I][::1] get /web/gcat
2014/08/18 03:03:42 [I][::1] get /web/gcat
2014/08/18 03:03:43 [I][::1] get /web/gcat
2014/08/18 03:03:47 [I][::1] get /web/gcat
2014/08/18 03:03:49 [I][::1] get /web/gcat
2014/08/18 03:03:50 [I][::1] get /web/gcat
2014/08/18 03:09:45 [I][::1] get /web/gcat
2014/08/18 03:09:48 [I][::1] get /web/gcat
2014/08/18 03:09:49 [I][::1] get /web/gcat
2014/08/18 03:13:38 [I][::1] get /web/gcat
2014/08/18 03:13:38 [E]template: gcat.html:70: bad character U+003C '<'
2014/08/18 03:13:53 [I][::1] get /web/gcat
2014/08/18 03:13:58 [I][::1] get /web/gcat
2014/08/18 03:14:02 [I][::1] get /web/gcat
2014/08/18 03:14:07 [I][::1] get /web/home
2014/08/18 03:14:09 [I][::1] access /webmaster/dashboard
2014/08/18 03:14:09 [I][::1] get /webmaster/errorpage
2014/08/18 03:14:11 [I][::1] get /webmaster/login
2014/08/18 03:14:13 [I][::1] post /webmaster/login
2014/08/18 03:14:13 [I][::1] admin logged
2014/08/18 03:14:13 [I][::1] get /webmaster/dashboard
2014/08/18 03:14:15 [I][::1] get /webmaster/goods
2014/08/18 03:14:19 [I][::1] get /webmaster/goods/edit
2014/08/18 03:14:28 [I][::1] post /webmaster/goods/edit
2014/08/18 03:14:28 [I][::1] get /webmaster/goods/edit
2014/08/18 03:14:38 [I][::1] get /webmaster/goods/edit
2014/08/18 03:14:41 [I][::1] get /webmaster/goods/edit
2014/08/18 03:14:53 [I][::1] post /webmaster/goods/edit
2014/08/18 03:14:53 [I][::1] get /webmaster/goods/edit
2014/08/18 03:15:05 [I][::1] get /webmaster/goods/edit
2014/08/18 03:15:13 [I][::1] get /webmaster/dashboard
2014/08/18 03:15:18 [I][::1] get /webmaster/goods
2014/08/18 03:15:23 [I][::1] get /webmaster/goods/edit
2014/08/18 03:15:33 [I][::1] post /webmaster/goods/edit
2014/08/18 03:15:33 [I][::1] get /webmaster/goods/edit
2014/08/18 03:15:51 [I][::1] get /webmaster/goods
2014/08/18 03:15:53 [I][::1] get /web/gcat
2014/08/18 03:15:57 [I][::1] get /web/gcat
2014/08/18 03:16:40 [I][::1] get /web/gcat
2014/08/18 03:16:54 [I][::1] get /web/goods
2014/08/18 03:17:18 [I][::1] get /web/gcat
2014/08/18 03:17:30 [I][::1] get /web/goods
2014/08/18 03:17:47 [I][::1] get /webmaster/goods/edit
2014/08/18 03:18:02 [I][::1] get /web/home
2014/08/18 03:18:05 [I][::1] get /web/gcat
2014/08/18 03:18:09 [I][::1] get /web/gcat
2014/08/18 03:18:10 [I][::1] get /web/gcat
2014/08/18 03:18:15 [I][::1] get /web/goods
2014/08/18 03:30:58 [I][::1] access /webmaster/goods
2014/08/18 03:30:58 [I][::1] get /webmaster/errorpage
2014/08/18 03:31:00 [I][::1] get /webmaster/login
2014/08/18 03:31:03 [I][::1] post /webmaster/login
2014/08/18 03:31:03 [I][::1] admin logged
2014/08/18 03:31:03 [I][::1] get /webmaster/dashboard
2014/08/18 03:31:05 [I][::1] get /webmaster/goods
2014/08/18 03:31:07 [I][::1] get /webmaster/goods/edit
2014/08/18 03:31:10 [I][::1] get /webmaster/goods
2014/08/18 03:31:12 [I][::1] get /webmaster/goods/edit
2014/08/18 03:32:56 [I][::1] get /web/gcat
2014/08/18 03:32:56 [E]template: gcat.html:68: function "GetJsonData" not defined
2014/08/18 03:33:28 [I][::1] get /web/gcat
2014/08/18 03:33:28 [E]template: gcat.html:68: unexpected "," in operand; missing space?
2014/08/18 03:35:44 [I][::1] get /web/gcat
2014/08/18 03:35:44 [E]template: gcat.html:68: function "GetJsonData" not defined
2014/08/18 03:38:50 [I][::1] get /web/gcat
2014/08/18 03:38:50 [E]html/template:views/web/gcat.html: "views/web/gcat.html" is an incomplete or empty template
2014/08/18 03:44:40 [I][::1] get /web/gcat
2014/08/18 03:44:40 [E]template: gcat.html:68: function "GetJsonData" not defined
2014/08/18 03:45:43 [I][::1] get /web/gcat
2014/08/18 03:45:43 [E]template: gcat.html:68: function "GetJsonData" not defined
2014/08/18 03:46:59 [I][::1] get /web/gcat
2014/08/18 03:46:59 [E]html/template: "" is an incomplete or empty template
2014/08/18 03:53:08 [I][::1] get /web/gcat
2014/08/18 03:53:08 [E]template: gcat.html:68: function "GetJsonData" not defined
2014/08/18 03:55:01 [I][::1] get /web/gcat
2014/08/18 03:55:01 [E]template: gcat.html:68: function "GetJsonData" not defined
2014/08/18 04:02:39 [I][::1] get /web/gcat
2014/08/18 04:02:39 [E]template: gcat.html:68: function "GetJsonData" not defined
2014/08/18 04:07:24 [I][::1] get /web/gcat
2014/08/18 04:07:24 [E]template: redefinition of template "gcat.html"
2014/08/18 04:08:25 [I][::1] get /web/gcat
2014/08/18 04:08:25 [E]html/template:views/web/gcat.html: "views/web/gcat.html" is an incomplete or empty template
2014/08/18 04:09:07 [I][::1] get /web/gcat
2014/08/18 04:09:07 [E]template: gcat.html:68:84: executing "gcat.html" at <GetJsonData>: wrong number of args for GetJsonData: want 2 got 1
2014/08/18 04:09:13 [I][::1] get /web/gcat
2014/08/18 04:09:13 [E]template: gcat.html:68:84: executing "gcat.html" at <GetJsonData>: wrong number of args for GetJsonData: want 2 got 1
2014/08/18 04:10:33 [I][::1] get /web/gcat
2014/08/18 04:10:33 [E]template: gcat.html:68: unexpected "/" in operand; missing space?
2014/08/18 04:10:57 [I][::1] get /web/gcat
2014/08/18 04:21:58 [I][::1] get /web/gcat
2014/08/18 04:21:58 [I][::1] get /web/gcat
2014/08/18 04:22:45 [I][::1] get /web/gcat
2014/08/18 04:22:45 [I][::1] get /web/gcat
2014/08/18 04:23:46 [I][::1] get /web/gcat
2014/08/18 04:23:46 [E]{}
2014/08/18 04:23:46 [E]medium
2014/08/18 04:23:46 [E]{}
2014/08/18 04:23:46 [E]{}
2014/08/18 04:23:46 [E]medium
2014/08/18 04:23:46 [E]{}
2014/08/18 04:23:46 [E]{"group_1":"/uploads/goods/1/1405444974.jpg","group_2":"/uploads/goods/1/1405444977.jpg","group_3":"/uploads/goods/1/1405444982.jpg","large":"/uploads/goods/1/1405444985.jpg","mini":"/uploads/goods/1/1405445006.jpg"}
2014/08/18 04:23:46 [E]medium
2014/08/18 04:23:46 [E]{"group_1":"/uploads/goods/1/1405444974.jpg","group_2":"/uploads/goods/1/1405444977.jpg","group_3":"/uploads/goods/1/1405444982.jpg","large":"/uploads/goods/1/1405444985.jpg","mini":"/uploads/goods/1/1405445006.jpg"}
2014/08/18 04:23:46 [I][::1] get /web/gcat
2014/08/18 04:23:46 [E]{}
2014/08/18 04:23:46 [E]medium
2014/08/18 04:23:46 [E]{}
2014/08/18 04:23:46 [E]{}
2014/08/18 04:23:46 [E]medium
2014/08/18 04:23:46 [E]{}
2014/08/18 04:23:46 [E]{"group_1":"/uploads/goods/1/1405444974.jpg","group_2":"/uploads/goods/1/1405444977.jpg","group_3":"/uploads/goods/1/1405444982.jpg","large":"/uploads/goods/1/1405444985.jpg","mini":"/uploads/goods/1/1405445006.jpg"}
2014/08/18 04:23:46 [E]medium
2014/08/18 04:23:46 [E]{"group_1":"/uploads/goods/1/1405444974.jpg","group_2":"/uploads/goods/1/1405444977.jpg","group_3":"/uploads/goods/1/1405444982.jpg","large":"/uploads/goods/1/1405444985.jpg","mini":"/uploads/goods/1/1405445006.jpg"}
2014/08/18 04:24:53 [I][::1] get /web/gcat
2014/08/18 04:24:53 [E]{}
2014/08/18 04:24:53 [E]mini
2014/08/18 04:24:53 [E]{}
2014/08/18 04:24:53 [E]{}
2014/08/18 04:24:53 [E]mini
2014/08/18 04:24:53 [E]{}
2014/08/18 04:24:53 [E]{"group_1":"/uploads/goods/1/1405444974.jpg","group_2":"/uploads/goods/1/1405444977.jpg","group_3":"/uploads/goods/1/1405444982.jpg","large":"/uploads/goods/1/1405444985.jpg","mini":"/uploads/goods/1/1405445006.jpg"}
2014/08/18 04:24:53 [E]mini
2014/08/18 04:24:53 [E]":"/uploads/goods/1/1405445006.jpg"}
2014/08/18 04:24:53 [I][::1] get /web/gcat
2014/08/18 04:24:53 [E]{}
2014/08/18 04:24:54 [E]mini
2014/08/18 04:24:54 [E]{}
2014/08/18 04:24:54 [E]{}
2014/08/18 04:24:54 [E]mini
2014/08/18 04:24:54 [E]{}
2014/08/18 04:24:54 [E]{"group_1":"/uploads/goods/1/1405444974.jpg","group_2":"/uploads/goods/1/1405444977.jpg","group_3":"/uploads/goods/1/1405444982.jpg","large":"/uploads/goods/1/1405444985.jpg","mini":"/uploads/goods/1/1405445006.jpg"}
2014/08/18 04:24:54 [E]mini
2014/08/18 04:24:54 [E]":"/uploads/goods/1/1405445006.jpg"}
2014/08/18 04:27:25 [I][::1] get /web/gcat
2014/08/18 04:27:25 [E]{}
2014/08/18 04:27:25 [E]mini
2014/08/18 04:27:25 [E]
2014/08/18 04:27:25 [E]{}
2014/08/18 04:27:25 [E]mini
2014/08/18 04:27:25 [E]
2014/08/18 04:27:26 [E]{"group_1":"/uploads/goods/1/1405444974.jpg","group_2":"/uploads/goods/1/1405444977.jpg","group_3":"/uploads/goods/1/1405444982.jpg","large":"/uploads/goods/1/1405444985.jpg","mini":"/uploads/goods/1/1405445006.jpg"}
2014/08/18 04:27:26 [E]mini
2014/08/18 04:27:26 [E]"mini"
2014/08/18 04:28:02 [I][::1] get /web/gcat
2014/08/18 04:28:02 [E]{}
2014/08/18 04:28:02 [E]mini
2014/08/18 04:28:02 [E]
2014/08/18 04:28:02 [E]{}
2014/08/18 04:28:02 [E]mini
2014/08/18 04:28:02 [E]
2014/08/18 04:28:02 [E]{"group_1":"/uploads/goods/1/1405444974.jpg","group_2":"/uploads/goods/1/1405444977.jpg","group_3":"/uploads/goods/1/1405444982.jpg","large":"/uploads/goods/1/1405444985.jpg","mini":"/uploads/goods/1/1405445006.jpg"}
2014/08/18 04:28:02 [E]mini
2014/08/18 04:28:02 [E]"mini":"/uploads/goods/1/1405445006.jpg"
2014/08/18 04:28:02 [I][::1] get /web/gcat
2014/08/18 04:28:02 [E]{}
2014/08/18 04:28:02 [E]mini
2014/08/18 04:28:02 [E]
2014/08/18 04:28:02 [E]{}
2014/08/18 04:28:02 [E]mini
2014/08/18 04:28:02 [E]
2014/08/18 04:28:02 [E]{"group_1":"/uploads/goods/1/1405444974.jpg","group_2":"/uploads/goods/1/1405444977.jpg","group_3":"/uploads/goods/1/1405444982.jpg","large":"/uploads/goods/1/1405444985.jpg","mini":"/uploads/goods/1/1405445006.jpg"}
2014/08/18 04:28:02 [E]mini
2014/08/18 04:28:02 [E]"mini":"/uploads/goods/1/1405445006.jpg"
2014/08/18 04:33:47 [I][::1] get /web/gcat
2014/08/18 04:33:47 [E]{}
2014/08/18 04:33:47 [E]mini
2014/08/18 04:33:47 [E]
2014/08/18 04:33:47 [E]{}
2014/08/18 04:33:47 [E]mini
2014/08/18 04:33:47 [E]
2014/08/18 04:33:47 [E]{"group_1":"/uploads/goods/1/1405444974.jpg","group_2":"/uploads/goods/1/1405444977.jpg","group_3":"/uploads/goods/1/1405444982.jpg","large":"/uploads/goods/1/1405444985.jpg","mini":"/uploads/goods/1/1405445006.jpg"}
2014/08/18 04:33:47 [E]mini
2014/08/18 04:33:47 [E]"mini":"/uploads/goods/1/1405445006.jpg"
2014/08/18 04:33:47 [I][::1] get /web/gcat
2014/08/18 04:33:47 [E]{}
2014/08/18 04:33:47 [E]mini
2014/08/18 04:33:47 [E]
2014/08/18 04:33:47 [E]{}
2014/08/18 04:33:47 [E]mini
2014/08/18 04:33:47 [E]
2014/08/18 04:33:47 [E]{"group_1":"/uploads/goods/1/1405444974.jpg","group_2":"/uploads/goods/1/1405444977.jpg","group_3":"/uploads/goods/1/1405444982.jpg","large":"/uploads/goods/1/1405444985.jpg","mini":"/uploads/goods/1/1405445006.jpg"}
2014/08/18 04:33:47 [E]mini
2014/08/18 04:33:47 [E]"mini":"/uploads/goods/1/1405445006.jpg"
2014/08/18 04:33:57 [I][::1] get /web/gcat
2014/08/18 04:33:57 [E]{}
2014/08/18 04:33:57 [E]mini
2014/08/18 04:33:57 [E]
2014/08/18 04:33:57 [E]{}
2014/08/18 04:33:57 [E]mini
2014/08/18 04:33:57 [E]
2014/08/18 04:33:57 [E]{"group_1":"/uploads/goods/1/1405444974.jpg","group_2":"/uploads/goods/1/1405444977.jpg","group_3":"/uploads/goods/1/1405444982.jpg","large":"/uploads/goods/1/1405444985.jpg","mini":"/uploads/goods/1/1405445006.jpg"}
2014/08/18 04:33:57 [E]mini
2014/08/18 04:33:57 [E]"mini":"/uploads/goods/1/1405445006.jpg"
2014/08/18 04:33:57 [I][::1] get /web/gcat
2014/08/18 04:33:57 [E]{}
2014/08/18 04:33:57 [E]mini
2014/08/18 04:33:57 [E]
2014/08/18 04:33:57 [E]{}
2014/08/18 04:33:57 [E]mini
2014/08/18 04:33:57 [E]
2014/08/18 04:33:57 [E]{"group_1":"/uploads/goods/1/1405444974.jpg","group_2":"/uploads/goods/1/1405444977.jpg","group_3":"/uploads/goods/1/1405444982.jpg","large":"/uploads/goods/1/1405444985.jpg","mini":"/uploads/goods/1/1405445006.jpg"}
2014/08/18 04:33:57 [E]mini
2014/08/18 04:33:57 [E]"mini":"/uploads/goods/1/1405445006.jpg"
2014/08/18 04:34:48 [I][::1] get /web/gcat
2014/08/18 04:34:48 [E]{}
2014/08/18 04:34:48 [E]mini
2014/08/18 04:36:51 [I][::1] get /web/gcat
2014/08/18 04:36:51 [E]{}
2014/08/18 04:36:51 [E]mini
2014/08/18 04:36:53 [I][::1] get /web/gcat
2014/08/18 04:36:53 [E]{}
2014/08/18 04:36:53 [E]mini
2014/08/18 04:43:29 [I][::1] get /web/gcat
2014/08/18 04:43:29 [E]{}
2014/08/18 04:43:29 [E]mini
2014/08/18 04:43:29 [E]{}
2014/08/18 04:43:29 [E]mini
2014/08/18 04:43:29 [E]{"group_1":"/uploads/goods/1/1405444974.jpg","group_2":"/uploads/goods/1/1405444977.jpg","group_3":"/uploads/goods/1/1405444982.jpg","large":"/uploads/goods/1/1405444985.jpg","mini":"/uploads/goods/1/1405445006.jpg"}
2014/08/18 04:43:29 [E]mini
2014/08/18 04:43:29 [I][::1] get /web/gcat
2014/08/18 04:43:29 [E]{}
2014/08/18 04:43:29 [E]mini
2014/08/18 04:43:29 [E]{}
2014/08/18 04:43:29 [E]mini
2014/08/18 04:43:29 [E]{"group_1":"/uploads/goods/1/1405444974.jpg","group_2":"/uploads/goods/1/1405444977.jpg","group_3":"/uploads/goods/1/1405444982.jpg","large":"/uploads/goods/1/1405444985.jpg","mini":"/uploads/goods/1/1405445006.jpg"}
2014/08/18 04:43:29 [E]mini
2014/08/18 04:47:44 [I][::1] get /web/gcat
2014/08/18 04:47:44 [E]{}
2014/08/18 04:47:44 [E]mini
2014/08/18 04:47:44 [E]{}
2014/08/18 04:47:44 [E]mini
2014/08/18 04:47:44 [E]{"group_1":"/uploads/goods/1/1405444974.jpg","group_2":"/uploads/goods/1/1405444977.jpg","group_3":"/uploads/goods/1/1405444982.jpg","large":"/uploads/goods/1/1405444985.jpg","mini":"/uploads/goods/1/1405445006.jpg"}
2014/08/18 04:47:44 [E]mini
2014/08/18 04:49:06 [I][::1] get /web/gcat
2014/08/18 04:49:06 [E]{}
2014/08/18 04:49:06 [E]mini
2014/08/18 04:49:06 [E]{}
2014/08/18 04:49:06 [E]mini
2014/08/18 04:49:06 [E]{"group_1":"/uploads/goods/1/1405444974.jpg","group_2":"/uploads/goods/1/1405444977.jpg","group_3":"/uploads/goods/1/1405444982.jpg","large":"/uploads/goods/1/1405444985.jpg","mini":"/uploads/goods/1/1405445006.jpg"}
2014/08/18 04:49:06 [E]mini
