2014/07/07 00:48:52 [I][::1] get /webmaster/goods
2014/07/07 00:48:52 [I][::1] get /webmaster/dashboard
2014/07/07 00:48:53 [I][::1] get /webmaster/goods
2014/07/07 00:48:54 [I][::1] get /webmaster/dashboard
2014/07/07 00:48:54 [I][::1] get /webmaster/goods
2014/07/07 00:48:56 [I][::1] get /webmaster/goodscategory
2014/07/07 00:48:58 [I][::1] get /webmaster/goods
2014/07/07 00:48:59 [I][::1] get /webmaster/goodscategory
2014/07/07 00:49:00 [I][::1] get /webmaster/goods
2014/07/07 00:49:01 [I][::1] get /webmaster/goodscategory
2014/07/07 00:49:02 [I][::1] get /webmaster/goods
2014/07/07 01:01:49 [I][::1] get /webmaster/dashboard
2014/07/07 01:08:32 [I][::1] get /webmaster/dashboard
2014/07/07 01:08:34 [I][::1] get /webmaster/goods
2014/07/07 01:08:41 [I][::1] get /webmaster/goodscategory
2014/07/07 01:08:44 [I][::1] get /webmaster/goods
2014/07/07 01:28:43 [I][::1] get /webmaster/goods
2014/07/07 01:29:36 [I][::1] get /webmaster/goods
2014/07/07 22:22:00 [I][::1] access /webmaster/dashboard
2014/07/07 22:22:00 [I][::1] get /webmaster/errorpage
2014/07/07 22:22:02 [I][::1] get /webmaster/login
2014/07/07 22:22:05 [I][::1] post /webmaster/login
2014/07/07 22:22:05 [I][::1] admin logged
2014/07/07 22:22:05 [I][::1] get /webmaster/dashboard
2014/07/07 22:22:06 [I][::1] get /webmaster/goods
2014/07/07 22:22:08 [I][::1] get /webmaster/goods
2014/07/07 22:22:21 [I][::1] get /webmaster/goodscategory
2014/07/07 22:22:23 [I][::1] get /webmaster/goods
2014/07/07 22:22:24 [I][::1] get /webmaster/goodscategory
2014/07/07 22:22:24 [I][::1] get /webmaster/goods
2014/07/07 22:22:25 [I][::1] get /webmaster/goodscategory
2014/07/07 22:22:29 [I][::1] get /webmaster/goods
2014/07/07 22:22:38 [I][::1] get /webmaster/goods
2014/07/07 22:27:23 [I][::1] get /webmaster/goods
2014/07/07 22:27:27 [I][::1] get /webmaster/goodscategory
2014/07/07 22:29:21 [I][::1] get /webmaster/goodscategory
2014/07/07 22:36:15 [I][::1] get /webmaster/goodscategory
2014/07/07 22:36:18 [I][::1] get /webmaster/dashboard
2014/07/07 22:36:18 [I][::1] get /webmaster/goods
2014/07/07 22:36:19 [I][::1] get /webmaster/goodscategory
2014/07/07 22:36:22 [I][::1] get /webmaster/goodscategory
2014/07/07 22:37:51 [I][::1] get /webmaster/goods
2014/07/07 22:38:40 [I][::1] get /webmaster/goods
2014/07/07 22:38:43 [I][::1] get /webmaster/goodscategory
2014/07/07 22:39:09 [I][::1] get /webmaster/goods
2014/07/07 22:39:11 [I][::1] get /webmaster/goods
2014/07/07 22:39:13 [I][::1] get /webmaster/goodscategory
2014/07/07 22:39:50 [I][::1] get /webmaster/goodscategory
2014/07/07 22:40:02 [I][::1] get /webmaster/goodscategory
2014/07/07 22:40:05 [I][::1] get /webmaster/goods
2014/07/07 22:40:22 [I][::1] get /webmaster/goods
2014/07/07 22:40:57 [I][::1] get /webmaster/goodscategory
2014/07/07 22:41:43 [I][::1] get /webmaster/goods
2014/07/07 22:41:45 [I][::1] get /webmaster/goods
2014/07/07 22:42:03 [I][::1] get /webmaster/goods
2014/07/07 22:43:36 [I][::1] get /webmaster/goodscategory
2014/07/07 22:45:15 [I][::1] get /webmaster/goodscategory
2014/07/07 22:46:58 [I][::1] get /webmaster/goods
2014/07/07 22:46:58 [E]template: list.html:47:72: executing "list.html" at <$item.Name>: Name is not a field of struct type models.Goods
2014/07/07 22:50:03 [I][::1] get /webmaster/goods
2014/07/07 22:50:03 [E]template: list.html:47:72: executing "list.html" at <$item.Name>: Name is not a field of struct type models.Goods
2014/07/07 22:51:48 [I][::1] get /webmaster/goods
2014/07/07 22:52:28 [I][::1] get /webmaster/goods
2014/07/07 22:53:01 [I][::1] get /webmaster/goods
2014/07/07 22:54:26 [I][::1] get /webmaster/goods
2014/07/07 22:55:09 [I][::1] get /webmaster/goodscategory
2014/07/07 22:57:11 [I][::1] get /webmaster/goods
2014/07/07 22:57:14 [I][::1] get /webmaster/goodscategory
2014/07/07 23:01:44 [I][::1] get /webmaster/goods
2014/07/07 23:39:56 [I][::1] access /webmaster/goods
2014/07/07 23:39:56 [I][::1] get /webmaster/errorpage
2014/07/07 23:39:57 [I][::1] get /webmaster/login
2014/07/07 23:40:00 [I][::1] post /webmaster/login
2014/07/07 23:40:00 [I][::1] admin logged
2014/07/07 23:40:00 [I][::1] get /webmaster/dashboard
2014/07/07 23:40:02 [I][::1] get /webmaster/goods
2014/07/07 23:40:03 [I][::1] get /webmaster/goodscategory
2014/07/07 23:40:16 [I][::1] get /webmaster/goodscategory
2014/07/07 23:50:16 [I][::1] access /webmaster/dashboard
2014/07/07 23:50:16 [I][::1] get /webmaster/errorpage
2014/07/07 23:50:17 [I][::1] get /webmaster/login
2014/07/07 23:50:20 [I][::1] post /webmaster/login
2014/07/07 23:50:20 [I][::1] admin logged
2014/07/07 23:50:20 [I][::1] get /webmaster/dashboard
2014/07/07 23:50:22 [I][::1] get /webmaster/goods
2014/07/07 23:50:22 [I][::1] get /webmaster/goodscategory
2014/07/07 23:50:30 [I][::1] post /webmaster/goodscategory/edit
2014/07/07 23:50:30 [I][::1] get /webmaster/goodscategory
2014/07/07 23:50:41 [I][::1] post /webmaster/goodscategory/edit
2014/07/07 23:50:41 [I][::1] get /webmaster/goodscategory
2014/07/07 23:50:56 [I][::1] post /webmaster/goodscategory/create
2014/07/07 23:50:56 [I][::1] get /webmaster/goodscategory
2014/07/07 23:51:01 [I][::1] post /webmaster/goodscategory/delete
2014/07/07 23:51:01 [I][::1] get /webmaster/goodscategory
2014/07/07 23:55:59 [I][::1] access /webmaster/goods
2014/07/07 23:55:59 [I][::1] get /webmaster/errorpage
2014/07/07 23:56:00 [I][::1] get /webmaster/login
2014/07/07 23:56:03 [I][::1] post /webmaster/login
2014/07/07 23:56:03 [I][::1] admin logged
2014/07/07 23:56:03 [I][::1] get /webmaster/dashboard
2014/07/07 23:56:05 [I][::1] get /webmaster/goods
2014/07/07 23:56:05 [E]sql: expected 3 destination arguments in Scan, not 12
2014/07/07 23:56:08 [I][::1] get /webmaster/goods
2014/07/07 23:56:08 [E]sql: expected 3 destination arguments in Scan, not 12
2014/07/07 23:56:15 [I][::1] get /webmaster/dashboard
2014/07/07 23:56:16 [I][::1] get /webmaster/goods
2014/07/07 23:56:16 [E]sql: expected 3 destination arguments in Scan, not 12
2014/07/07 23:58:12 [I][::1] access /webmaster/dashboard
2014/07/07 23:58:12 [I][::1] get /webmaster/errorpage
2014/07/07 23:58:13 [I][::1] get /webmaster/login
2014/07/07 23:58:16 [I][::1] post /webmaster/login
2014/07/07 23:58:16 [I][::1] admin logged
2014/07/07 23:58:16 [I][::1] get /webmaster/dashboard
2014/07/07 23:58:18 [I][::1] get /webmaster/goods
2014/07/07 23:58:21 [I][::1] get /webmaster/goods/create
2014/07/07 23:58:27 [I][::1] get /webmaster/goods
2014/07/07 23:58:28 [I][::1] get /webmaster/goodscategory
2014/07/07 23:58:29 [I][::1] get /webmaster/goods
