2014/07/09 00:01:34 [I][::1] get /webmaster/goodscategory
2014/07/09 00:02:18 [I][::1] get /webmaster/goodscategory
2014/07/09 00:04:23 [I][::1] get /webmaster/goodscategory
2014/07/09 00:04:52 [I][::1] get /webmaster/goodscategory
2014/07/09 00:05:33 [I][::1] get /webmaster/goodscategory
2014/07/09 00:06:21 [I][::1] get /webmaster/goodscategory
2014/07/09 00:06:24 [I][::1] get /webmaster/goods
2014/07/09 00:06:25 [I][::1] get /webmaster/goods/create
2014/07/09 00:06:27 [I][::1] get /webmaster/goodscategory
2014/07/09 00:18:44 [I][::1] get /webmaster/goodscategory
2014/07/09 00:27:06 [I][::1] get /webmaster/goodscategory
2014/07/09 00:27:12 [I][::1] get /webmaster/goodscategory
2014/07/09 00:27:23 [I][::1] get /webmaster/goods
2014/07/09 00:27:25 [I][::1] get /webmaster/goodscategory
2014/07/09 00:28:59 [I][::1] get /webmaster/goodscategory
2014/07/09 00:30:19 [I][::1] get /webmaster/goodscategory
2014/07/09 00:31:12 [I][::1] get /webmaster/goodscategory
2014/07/09 00:32:05 [I][::1] access /webmaster/goodscategory
2014/07/09 00:32:05 [I][::1] get /webmaster/errorpage
2014/07/09 00:32:08 [I][::1] get /webmaster/login
2014/07/09 00:32:11 [I][::1] post /webmaster/login
2014/07/09 00:32:11 [I][::1] admin logged
2014/07/09 00:32:11 [I][::1] get /webmaster/dashboard
2014/07/09 00:32:12 [I][::1] get /webmaster/goods
2014/07/09 00:32:14 [I][::1] get /webmaster/goodscategory
2014/07/09 20:30:26 [I][::1] access /webmaster/dashboard
2014/07/09 20:30:26 [I][::1] get /webmaster/errorpage
2014/07/09 20:30:29 [I][::1] get /webmaster/login
2014/07/09 20:30:32 [I][::1] post /webmaster/login
2014/07/09 20:30:32 [I][::1] admin logged
2014/07/09 20:30:32 [I][::1] get /webmaster/dashboard
2014/07/09 20:30:33 [I][::1] get /webmaster/goods
2014/07/09 20:30:35 [I][::1] get /webmaster/goodscategory
2014/07/09 20:40:07 [I][::1] get /webmaster/goodscategory
2014/07/09 22:30:32 [I][::1] access /webmaster/dashboard
2014/07/09 22:30:32 [I][::1] get /webmaster/errorpage
2014/07/09 22:30:34 [I][::1] get /webmaster/login
2014/07/09 22:30:37 [I][::1] post /webmaster/login
2014/07/09 22:30:37 [I][::1] admin logged
2014/07/09 22:30:37 [I][::1] get /webmaster/dashboard
2014/07/09 22:30:38 [I][::1] get /webmaster/goods
2014/07/09 22:30:39 [I][::1] get /webmaster/goodscategory
2014/07/09 22:30:43 [I][::1] get /webmaster/goods/create
