2014/07/04 00:01:19 [I][::1] get /webmaster/errorpage
2014/07/04 00:01:35 [I][::1] get /webmaster/errorpage
2014/07/04 00:01:37 [I][::1] get /webmaster/errorpage
2014/07/04 00:01:43 [I][::1] get /webmaster/logout
2014/07/04 00:01:43 [I][::1] get /webmaster/errorpage
2014/07/04 00:01:55 [I][::1] get /webmaster/logout
2014/07/04 00:01:55 [I][::1] get /webmaster/errorpage
2014/07/04 00:02:03 [I][::1] get /webmaster/login
2014/07/04 00:02:07 [I][::1] post /webmaster/login
2014/07/04 00:02:07 [I][::1] admin logged
2014/07/04 00:02:07 [I][::1] get /webmaster
2014/07/04 00:02:10 [I][::1] get /webmaster/logout
2014/07/04 00:02:10 [I][::1] admin logged out
2014/07/04 00:02:10 [I][::1] get /webmaster/login
2014/07/04 00:02:16 [I][::1] get /webmaster/logout
2014/07/04 00:02:16 [I][::1] get /webmaster/errorpage
2014/07/04 00:02:41 [I][::1] get /webmaster/logout
2014/07/04 00:02:41 [I][::1] get /webmaster/errorpage
2014/07/04 00:02:43 [I][::1] get /webmaster/login
2014/07/04 00:02:46 [I][::1] post /webmaster/login
2014/07/04 00:02:46 [I][::1] admin logged
2014/07/04 00:02:46 [I][::1] get /webmaster/dashboard
2014/07/04 00:02:46 [I][::1] get /webmaster/errorpage
2014/07/04 00:03:05 [I][::1] get /webmaster/errorpage
2014/07/04 00:03:12 [I][::1] get /webmaster/errorpage
2014/07/04 00:03:22 [I][::1] get /webmaster/dashboard
2014/07/04 00:03:22 [I][::1] get /webmaster/errorpage
2014/07/04 00:03:25 [I][::1] get /webmaster/login
2014/07/04 00:03:44 [I][::1] get /webmaster/login
2014/07/04 00:03:50 [I][::1] get /webmaster/logout
2014/07/04 00:03:50 [I][::1] admin logged out
2014/07/04 00:03:50 [I][::1] get /webmaster/login
2014/07/04 00:04:25 [I][::1] post /webmaster/login
2014/07/04 00:04:25 [I][::1] admin logged
2014/07/04 00:04:25 [I][::1] get /webmaster/dashboard
2014/07/04 00:04:25 [I][::1] get /webmaster/errorpage
2014/07/04 00:05:10 [I][::1] get /webmaster/login
2014/07/04 00:05:13 [I][::1] post /webmaster/login
2014/07/04 00:05:13 [I][::1] admin logged
2014/07/04 00:05:13 [I][::1] get /webmaster/dashboard
2014/07/04 00:05:13 [I][::1] get /webmaster/errorpage
2014/07/04 00:05:15 [I][::1] get /webmaster/login
2014/07/04 00:05:29 [I][::1] get /webmaster/dashboard
2014/07/04 00:05:29 [I][::1] get /webmaster/errorpage
2014/07/04 00:05:51 [I][::1] get /webmaster/login
2014/07/04 00:05:55 [I][::1] post /webmaster/login
2014/07/04 00:05:55 [I][::1] admin logged
2014/07/04 00:05:55 [I][::1] get /webmaster/dashboard
2014/07/04 00:05:55 [I][::1] get /webmaster/errorpage
2014/07/04 00:08:05 [I][::1] get /webmaster/dashboard
2014/07/04 00:08:05 [I][::1] get /webmaster/errorpage
2014/07/04 00:08:38 [I][::1] get /webmaster/dashboard
2014/07/04 00:08:38 [I][::1] get /webmaster/errorpage
2014/07/04 00:08:56 [I][::1] get /webmaster/logout
2014/07/04 00:08:56 [I][::1] get /webmaster/errorpage
2014/07/04 00:09:16 [I][::1] get /webmaster/login
2014/07/04 00:09:20 [I][::1] post /webmaster/login
2014/07/04 00:09:20 [I][::1] admin logged
2014/07/04 00:09:21 [I][::1] get /webmaster/dashboard
2014/07/04 00:09:21 [I][::1] get /webmaster/errorpage
2014/07/04 00:09:55 [I][::1] get /webmaster/errorpage
2014/07/04 00:09:59 [I][::1] get /webmaster/dashboard
2014/07/04 00:09:59 [I][::1] get /webmaster/errorpage
2014/07/04 00:10:05 [I][::1] get /webmaster/login
2014/07/04 00:10:08 [I][::1] post /webmaster/login
2014/07/04 00:10:08 [I][::1] admin logged
2014/07/04 00:10:08 [I][::1] get /webmaster/dashboard
2014/07/04 00:10:08 [I][::1] get /webmaster/errorpage
2014/07/04 00:10:58 [I][::1] get /webmaster/dashboard
2014/07/04 00:10:58 [I][::1] get /webmaster/errorpage
2014/07/04 00:11:10 [I][::1] get /webmaster/dashboard
2014/07/04 00:11:10 [I][::1] get /webmaster/errorpage
2014/07/04 00:12:30 [I][::1] get /webmaster/login
2014/07/04 00:12:36 [I][::1] post /webmaster/login
2014/07/04 00:12:36 [I][::1] admin logged
2014/07/04 00:12:36 [I][::1] get /webmaster
2014/07/04 00:12:42 [I][::1] get /webmaster/logout
2014/07/04 00:12:42 [I][::1] admin logged out
2014/07/04 00:12:42 [I][::1] get /webmaster/login
2014/07/04 00:12:47 [I][::1] get /webmaster/logout
2014/07/04 00:12:47 [I][::1] get /webmaster/errorpage
2014/07/04 00:12:51 [I][::1] get /webmaster/login
2014/07/04 00:12:56 [I][::1] get /webmaster/dashboard
2014/07/04 00:12:56 [I][::1] get /webmaster/errorpage
2014/07/04 00:13:07 [I][::1] get /webmaster/login
2014/07/04 00:13:10 [I][::1] post /webmaster/login
2014/07/04 00:13:10 [I][::1] admin logged
2014/07/04 00:13:10 [I][::1] get /webmaster
2014/07/04 00:13:29 [I][::1] get /webmaster/logout
2014/07/04 00:13:29 [I][::1] admin logged out
2014/07/04 00:13:29 [I][::1] get /webmaster/login
2014/07/04 00:13:37 [I][::1] get /webmaster/dashboard
2014/07/04 00:13:37 [I][::1] get /webmaster/errorpage
2014/07/04 00:13:43 [I][::1] get /webmaster/login
2014/07/04 00:13:46 [I][::1] post /webmaster/login
2014/07/04 00:13:46 [I][::1] get /webmaster/login
2014/07/04 00:13:51 [I][::1] post /webmaster/login
2014/07/04 00:13:51 [I][::1] get /webmaster/login
2014/07/04 00:18:44 [I][::1] get /webmaster/login
2014/07/04 00:32:53 [I][::1] get /webmaster/login
2014/07/04 00:32:58 [I][::1] post /webmaster/login
2014/07/04 00:32:58 [I][::1] get /webmaster/login
2014/07/04 00:33:01 [I][::1] post /webmaster/login
2014/07/04 00:33:01 [I][::1] get /webmaster/login
2014/07/04 00:33:05 [I][::1] get /webmaster/dashboard
2014/07/04 00:33:05 [I][::1] get /webmaster/errorpage
2014/07/04 00:33:09 [I][::1] get /webmaster/errorpage
2014/07/04 00:43:38 [I]127.0.0.1 get /webmaster/dashboard
2014/07/04 00:43:38 [I]127.0.0.1 get /webmaster/errorpage
2014/07/04 00:47:03 [I]127.0.0.1 get /webmaster/dashboard
2014/07/04 00:47:09 [I]127.0.0.1 get /webmaster/dashboard
2014/07/04 00:47:32 [I]127.0.0.1 get /webmaster/dashboard
2014/07/04 00:47:56 [I]127.0.0.1 get /webmaster/dashboard
2014/07/04 00:47:59 [I]127.0.0.1 get /webmaster/dashboard
2014/07/04 00:48:00 [I]127.0.0.1 get /webmaster/dashboard
2014/07/04 00:48:08 [I]127.0.0.1 get /webmaster/dashboard
2014/07/04 00:48:12 [I][::1] get /webmaster/login
2014/07/04 00:48:15 [I][::1] get /webmaster/dashboard
2014/07/04 00:48:55 [I][::1] get /webmaster/dashboard
2014/07/04 00:48:55 [I][::1] get /webmaster/errorpage
2014/07/04 00:49:02 [I]127.0.0.1 get /webmaster/dashboard
2014/07/04 00:49:02 [I]127.0.0.1 get /webmaster/errorpage
2014/07/04 00:49:15 [I]127.0.0.1 get /webmaster/login
2014/07/04 00:49:18 [I]127.0.0.1 post /webmaster/login
2014/07/04 00:49:18 [I]127.0.0.1 admin logged
2014/07/04 00:49:18 [I]127.0.0.1 get /webmaster
2014/07/04 00:49:21 [I]127.0.0.1 get /webmaster/logout
2014/07/04 00:49:21 [I]127.0.0.1 admin logged out
2014/07/04 00:49:21 [I]127.0.0.1 get /webmaster/login
2014/07/04 00:49:24 [I]127.0.0.1 get /webmaster/logout
2014/07/04 00:49:24 [I]127.0.0.1 get /webmaster/errorpage
2014/07/04 00:49:29 [I]127.0.0.1 get /webmaster/login
2014/07/04 00:49:30 [I]127.0.0.1 post /webmaster/login
2014/07/04 00:49:30 [I]127.0.0.1 get /webmaster/login
2014/07/04 00:49:31 [I]127.0.0.1 post /webmaster/login
2014/07/04 00:49:31 [I]127.0.0.1 get /webmaster/login
2014/07/04 00:49:32 [I]127.0.0.1 post /webmaster/login
2014/07/04 00:49:32 [I]127.0.0.1 get /webmaster/login
2014/07/04 00:49:32 [I]127.0.0.1 post /webmaster/login
2014/07/04 00:49:32 [I]127.0.0.1 get /webmaster/login
2014/07/04 00:54:18 [I][::1] get /webmaster/errorpage
2014/07/04 00:54:25 [I][::1] get /webmaster/errorpage
2014/07/04 00:54:50 [I][::1] get /webmaster/errorpage
2014/07/04 00:55:44 [I][::1] get /webmaster/errorpage
2014/07/04 00:57:49 [I][::1] get /webmaster/errorpage
2014/07/04 00:58:19 [I][::1] get /webmaster/errorpage
2014/07/04 00:58:43 [I][::1] get /webmaster/errorpage
2014/07/04 00:59:50 [I][::1] get /webmaster/errorpage
2014/07/04 01:00:08 [I][::1] get /webmaster/errorpage
2014/07/04 01:00:22 [I][::1] get /webmaster/errorpage
2014/07/04 01:00:38 [I][::1] get /webmaster/errorpage
2014/07/04 01:01:14 [I][::1] get /webmaster/errorpage
2014/07/04 01:01:32 [I][::1] get /webmaster/errorpage
2014/07/04 01:02:18 [I][::1] get /webmaster/errorpage
2014/07/04 01:02:28 [I][::1] get /webmaster/errorpage
2014/07/04 01:04:32 [I][::1] get /webmaster/errorpage
2014/07/04 01:04:51 [I][::1] get /webmaster/errorpage
2014/07/04 01:05:05 [I][::1] get /webmaster/login
2014/07/04 01:05:10 [I][::1] get /webmaster/login
2014/07/04 01:05:36 [I][::1] get /webmaster/login
2014/07/04 01:06:50 [I][::1] get /webmaster/login
2014/07/04 01:06:52 [I][::1] get /webmaster/login
2014/07/04 01:07:34 [I][::1] get /webmaster/login
2014/07/04 01:09:48 [I][::1] get /webmaster/login
2014/07/04 01:09:51 [I][::1] get /webmaster/login
2014/07/04 01:10:16 [I][::1] get /webmaster/login
2014/07/04 01:10:27 [I][::1] get /webmaster/login
2014/07/04 01:11:08 [I][::1] get /webmaster/login
2014/07/04 01:11:29 [I][::1] get /webmaster/login
2014/07/04 01:11:41 [I][::1] get /webmaster/login
2014/07/04 01:11:54 [I][::1] get /webmaster/login
2014/07/04 01:12:02 [I][::1] get /webmaster/login
2014/07/04 01:12:53 [I][::1] get /webmaster/login
2014/07/04 01:13:09 [I][::1] get /webmaster/login
2014/07/04 01:13:54 [I][::1] get /webmaster/login
2014/07/04 01:14:15 [I][::1] get /webmaster/login
2014/07/04 01:14:41 [I][::1] get /webmaster/login
2014/07/04 01:15:19 [I][::1] get /webmaster/login
2014/07/04 01:16:18 [I][::1] get /webmaster/login
2014/07/04 01:16:29 [I][::1] get /webmaster/login
2014/07/04 01:16:48 [I][::1] get /webmaster/login
2014/07/04 01:17:08 [I][::1] get /webmaster/login
2014/07/04 01:17:25 [I][::1] get /webmaster/login
2014/07/04 01:19:15 [I][::1] get /webmaster/login
2014/07/04 01:19:23 [I][::1] get /webmaster/login
2014/07/04 01:20:08 [I][::1] get /webmaster/login
2014/07/04 01:20:58 [I][::1] get /webmaster/login
2014/07/04 01:22:59 [I][::1] get /webmaster/login
2014/07/04 01:25:05 [I][::1] get /webmaster/login
2014/07/04 01:25:07 [I][::1] get /webmaster/login
2014/07/04 01:25:23 [I][::1] get /webmaster/login
2014/07/04 01:25:29 [I][::1] get /webmaster/login
2014/07/04 01:26:56 [I][::1] get /webmaster/login
2014/07/04 01:28:05 [I][::1] get /webmaster/login
2014/07/04 01:28:21 [I][::1] get /webmaster/login
2014/07/04 01:30:41 [I][::1] get /webmaster/login
2014/07/04 01:30:44 [I][::1] post /webmaster/login
2014/07/04 01:30:44 [I][::1] get /webmaster/login
2014/07/04 01:31:08 [I][::1] get /webmaster/login
2014/07/04 01:31:09 [I][::1] get /webmaster/login
2014/07/04 01:31:13 [I][::1] post /webmaster/login
2014/07/04 01:31:13 [I][::1] admin logged
2014/07/04 01:31:13 [I][::1] get /webmaster
2014/07/04 01:31:15 [I][::1] get /webmaster/logout
2014/07/04 01:31:15 [I][::1] admin logged out
2014/07/04 01:31:15 [I][::1] get /webmaster/login
2014/07/04 01:31:16 [I][::1] post /webmaster/login
2014/07/04 01:31:16 [I][::1] get /webmaster/login
2014/07/04 01:31:27 [I][::1] post /webmaster/login
2014/07/04 01:31:27 [I][::1] get /webmaster/errorpage
2014/07/04 01:31:31 [I][::1] post /webmaster/login
2014/07/04 01:31:31 [I][::1] get /webmaster/login
2014/07/04 01:31:34 [I][::1] get /webmaster/login
2014/07/04 01:31:49 [I][::1] get /webmaster/login
2014/07/04 01:32:10 [I][::1] get /webmaster/login
2014/07/04 01:32:14 [I][::1] post /webmaster/login
2014/07/04 01:32:14 [I][::1] get /webmaster/login
2014/07/04 01:32:37 [I][::1] get /webmaster/dashboard
2014/07/04 01:32:37 [I][::1] get /webmaster/errorpage
2014/07/04 01:32:40 [I][::1] get /webmaster/login
2014/07/04 01:32:45 [I][::1] post /webmaster/login
2014/07/04 01:32:45 [I][::1] get /webmaster/errorpage
2014/07/04 01:32:51 [I][::1] post /webmaster/login
2014/07/04 01:32:51 [I][::1] admin logged
2014/07/04 01:32:51 [I][::1] get /webmaster
2014/07/04 01:32:55 [I][::1] get /webmaster/logout
2014/07/04 01:32:55 [I][::1] admin logged out
2014/07/04 01:32:55 [I][::1] get /webmaster/login
2014/07/04 01:32:56 [I][::1] post /webmaster/login
2014/07/04 01:32:56 [I][::1] get /webmaster/login
2014/07/04 01:33:06 [I][::1] get /webmaster/logout
2014/07/04 01:33:06 [I][::1] get /webmaster/errorpage
