2014/07/08 00:42:03 [I][::1] access /webmaster/goods
2014/07/08 00:42:03 [I][::1] get /webmaster/errorpage
2014/07/08 00:42:11 [I][::1] access /webmaster/dashboard
2014/07/08 00:42:11 [I][::1] get /webmaster/errorpage
2014/07/08 00:42:13 [I][::1] get /webmaster/login
2014/07/08 00:42:15 [I][::1] post /webmaster/login
2014/07/08 00:42:15 [I][::1] admin logged
2014/07/08 00:42:15 [I][::1] get /webmaster/dashboard
2014/07/08 00:42:17 [I][::1] get /webmaster/goods
2014/07/08 00:42:20 [I][::1] get /webmaster/goods/create
2014/07/08 00:42:47 [I][::1] get /webmaster/goods/edit
2014/07/08 00:42:47 [E]open views/webmaster/goods/edit.html: The system cannot find the file specified.
2014/07/08 00:42:52 [I][::1] get /webmaster/goods/create
2014/07/08 00:43:12 [I][::1] get /webmaster/goods/create
2014/07/08 00:49:54 [I][::1] get /webmaster/goods/create
2014/07/08 00:50:37 [I][::1] get /webmaster/goods/create
2014/07/08 00:51:27 [I][::1] get /webmaster/goods/create
2014/07/08 00:57:28 [I][::1] get /webmaster/goods/create
2014/07/08 00:59:55 [I][::1] get /webmaster/goods/create
2014/07/08 01:03:37 [I][::1] get /webmaster/goods/create
2014/07/08 01:04:13 [I][::1] get /webmaster/goods/create
2014/07/08 01:11:12 [I][::1] get /webmaster/goods/create
2014/07/08 01:11:26 [I][::1] post /webmaster/goodscategory/create
2014/07/08 01:11:26 [E]Error 1366: Incorrect integer value: '' for column 'Ordering' at row 1
2014/07/08 01:11:26 [I][::1] get /webmaster/goods/create
2014/07/08 01:12:19 [I][::1] get /webmaster/goods/create
2014/07/08 01:12:20 [I][::1] get /webmaster/goods/create
2014/07/08 01:14:06 [I][::1] post /webmaster/goods/create
2014/07/08 01:14:06 [I][::1] get /webmaster/goods/create
2014/07/08 01:14:32 [I][::1] get /webmaster/goods
2014/07/08 01:14:36 [I][::1] get /webmaster/goods/edit
2014/07/08 01:14:36 [E]open views/webmaster/goods/edit.html: The system cannot find the file specified.
2014/07/08 01:14:44 [I][::1] get /webmaster/goods/create
2014/07/08 01:15:00 [I][::1] post /webmaster/goods/create
2014/07/08 01:15:00 [I][::1] get /webmaster/goods/create
2014/07/08 01:15:02 [I][::1] get /webmaster/goods
2014/07/08 01:15:18 [I][::1] post /webmaster/goods/delete
2014/07/08 01:15:18 [I][::1] get /webmaster/goods
2014/07/08 01:15:37 [I][::1] get /webmaster/goods
2014/07/08 01:26:04 [I][::1] get /webmaster/goods
2014/07/08 01:26:05 [I][::1] get /webmaster/goods/edit
2014/07/08 01:26:30 [I][::1] get /webmaster/goods/edit
2014/07/08 01:27:43 [I][::1] get /webmaster/goods/edit
2014/07/08 01:27:48 [I][::1] get /webmaster/goods/edit
2014/07/08 01:27:54 [I][::1] get /webmaster/goods/edit
2014/07/08 01:28:12 [I][::1] get /webmaster/goods/edit
2014/07/08 01:28:16 [I][::1] post /webmaster/goods/edit
2014/07/08 01:28:16 [I][::1] get /webmaster/goods/edit
2014/07/08 01:28:26 [I][::1] post /webmaster/goods/edit
2014/07/08 01:28:26 [I][::1] get /webmaster/goods/edit
2014/07/08 01:28:28 [I][::1] get /webmaster/goods
2014/07/08 01:28:31 [I][::1] get /webmaster/goods/edit
2014/07/08 01:28:41 [I][::1] post /webmaster/goods/edit
2014/07/08 01:28:41 [I][::1] get /webmaster/goods/edit
2014/07/08 01:28:43 [I][::1] get /webmaster/goods
2014/07/08 01:29:02 [I][::1] get /webmaster/goods
2014/07/08 01:29:03 [I][::1] get /webmaster/dashboard
2014/07/08 01:29:03 [I][::1] get /webmaster/goods
