2014/07/15 00:52:11 [I][::1] access /webmaster/dashboard
2014/07/15 00:52:11 [I][::1] get /webmaster/errorpage
2014/07/15 00:52:13 [I][::1] get /webmaster/login
2014/07/15 00:52:16 [I][::1] post /webmaster/login
2014/07/15 00:52:17 [I][::1] root logged
2014/07/15 00:52:17 [I][::1] get /webmaster/dashboard
2014/07/15 00:52:18 [I][::1] get /webmaster/goods
2014/07/15 00:52:19 [I][::1] get /webmaster/goods/create
2014/07/15 00:52:30 [I][::1] get /webmaster/goods
2014/07/15 00:52:31 [I][::1] get /webmaster/goods/edit
2014/07/15 00:52:58 [I][::1] post /webmaster/goods/edit
2014/07/15 00:52:59 [I][::1] get /webmaster/goods/edit
2014/07/15 00:53:01 [I][::1] get /webmaster/goods
2014/07/15 00:53:05 [I][::1] get /webmaster/goods/edit
2014/07/15 00:53:07 [I][::1] post /webmaster/goods/edit
2014/07/15 00:53:07 [I][::1] get /webmaster/goods/edit
2014/07/15 00:53:09 [I][::1] get /webmaster/goods
2014/07/15 00:53:14 [I][::1] get /webmaster/goods/create
2014/07/15 00:53:16 [I][::1] get /webmaster/goodscategory
2014/07/15 00:53:22 [I][::1] get /webmaster/goods/edit
2014/07/15 00:53:39 [I][::1] get /webmaster/goods/create
2014/07/15 00:53:40 [I][::1] get /webmaster/goods
2014/07/15 00:54:31 [I][::1] get /webmaster/goods
2014/07/15 00:54:32 [I][::1] get /webmaster/dashboard
2014/07/15 00:54:33 [I][::1] get /webmaster/goods
2014/07/15 00:54:33 [I][::1] get /webmaster/dashboard
2014/07/15 00:54:34 [I][::1] get /webmaster/goods
2014/07/15 00:54:36 [I][::1] get /webmaster/goods/create
2014/07/15 00:54:52 [I][::1] get /webmaster/goods/edit
2014/07/15 00:54:59 [I][::1] post /webmaster/goods/edit
2014/07/15 00:54:59 [I][::1] get /webmaster/goods/edit
2014/07/15 00:55:01 [I][::1] get /webmaster/goods
2014/07/15 00:55:03 [I][::1] get /webmaster/goods/edit
2014/07/15 02:31:54 [I][::1] access /webmaster/goods/edit
2014/07/15 02:31:54 [I][::1] get /webmaster/errorpage
2014/07/15 02:31:55 [I][::1] get /webmaster/login
2014/07/15 02:31:59 [I][::1] post /webmaster/login
2014/07/15 02:31:59 [I][::1] admin logged
2014/07/15 02:31:59 [I][::1] get /webmaster/dashboard
2014/07/15 02:32:00 [I][::1] get /webmaster/goods
2014/07/15 02:32:01 [I][::1] get /webmaster/goods/create
2014/07/15 02:32:03 [I][::1] get /webmaster/goods/edit
2014/07/15 03:03:14 [I][::1] get /webmaster/goods/edit
2014/07/15 03:18:46 [I][::1] get /webmaster/logout
2014/07/15 03:18:46 [I][::1] get /webmaster/errorpage
2014/07/15 03:18:47 [I][::1] get /webmaster/login
2014/07/15 03:18:51 [I][::1] post /webmaster/login
2014/07/15 03:18:51 [I][::1] root logged
2014/07/15 03:18:51 [I][::1] get /webmaster/dashboard
2014/07/15 03:18:52 [I][::1] get /webmaster/goods
2014/07/15 03:18:55 [I][::1] get /webmaster/goods/edit
2014/07/15 03:19:02 [I][::1] post /updateprocess/webmaster/uploadify
2014/07/15 03:19:02 [E]http: no such file
2014/07/15 03:22:52 [I][::1] access /webmaster/goods/edit
2014/07/15 03:22:52 [I][::1] get /webmaster/errorpage
2014/07/15 03:22:58 [I][::1] get /webmaster/login
2014/07/15 03:23:10 [I][::1] post /webmaster/login
2014/07/15 03:23:10 [I][::1] root logged
2014/07/15 03:23:10 [I][::1] get /webmaster/dashboard
2014/07/15 03:23:11 [I][::1] get /webmaster/goods
2014/07/15 03:23:13 [I][::1] get /webmaster/goods/edit
2014/07/15 03:23:18 [I][::1] post /updateprocess/webmaster/uploadify
2014/07/15 03:23:18 [I]save file: E:\SkyDrive\xianmau\Project\goworkspace\ECPlatform\src\uploads\goods\3/1405365798.jpg
2014/07/15 03:27:19 [I][::1] get /webmaster/goods/edit
2014/07/15 03:27:23 [I][::1] get /webmaster/goods/edit
2014/07/15 03:27:52 [I][::1] get /webmaster/goods
2014/07/15 03:27:56 [I][::1] get /webmaster/goods/edit
2014/07/15 03:28:21 [I][::1] post /updateprocess/webmaster/uploadify
2014/07/15 03:28:21 [I]save file: E:\SkyDrive\xianmau\Project\goworkspace\ECPlatform\src\uploads\goods\3/1405366101.jpg
2014/07/15 03:30:14 [I][::1] get /webmaster/goods/edit
2014/07/15 03:30:21 [I][::1] post /updateprocess/webmaster/uploadify
2014/07/15 03:30:21 [I]save file: E:\SkyDrive\xianmau\Project\goworkspace\ECPlatform\src\uploads\goods\3/1405366221.jpg
2014/07/15 03:30:55 [I][::1] get /webmaster/goods/edit
2014/07/15 03:31:01 [I][::1] post /updateprocess/webmaster/uploadify
2014/07/15 03:31:01 [I]save file: E:\SkyDrive\xianmau\Project\goworkspace\ECPlatform\src\uploads\goods\3/1405366261.jpg
2014/07/15 03:32:52 [I][::1] get /webmaster/goods/edit
2014/07/15 03:32:59 [I][::1] post /updateprocess/webmaster/uploadify
2014/07/15 03:32:59 [I]save file: E:\SkyDrive\xianmau\Project\goworkspace\ECPlatform\src\uploads\goods\3/1405366379.jpg
2014/07/15 03:34:45 [I][::1] get /webmaster/goods/edit
2014/07/15 03:35:04 [I][::1] get /webmaster/goods
2014/07/15 03:35:13 [I][::1] post /updateprocess/webmaster/uploadify
2014/07/15 03:35:13 [I]save file: E:\SkyDrive\xianmau\Project\goworkspace\ECPlatform\src\uploads\goods\3/1405366513.jpg
2014/07/15 03:36:18 [I][::1] get /webmaster/goods/edit
2014/07/15 03:36:24 [I][::1] post /updateprocess/webmaster/uploadify
2014/07/15 03:36:24 [I]save file: E:\SkyDrive\xianmau\Project\goworkspace\ECPlatform\src\uploads\goods\1/1405366584.jpg
2014/07/15 03:37:19 [I][::1] get /webmaster/goods/edit
2014/07/15 03:37:28 [I][::1] post /updateprocess/webmaster/uploadify
2014/07/15 03:37:28 [I]save file: E:\SkyDrive\xianmau\Project\goworkspace\ECPlatform\src\uploads\goods\1/1405366648.jpg
2014/07/15 20:57:53 [I][::1] access /webmaster/dashboard
2014/07/15 20:57:53 [I][::1] get /webmaster/errorpage
2014/07/15 20:57:54 [I][::1] get /webmaster/login
2014/07/15 20:57:57 [I][::1] post /webmaster/login
2014/07/15 20:57:57 [I][::1] admin logged
2014/07/15 20:57:57 [I][::1] get /webmaster/dashboard
2014/07/15 20:57:59 [I][::1] get /webmaster/dashboard
2014/07/15 20:58:00 [I][::1] get /webmaster/goods
2014/07/15 20:58:02 [I][::1] get /webmaster/goods/create
2014/07/15 20:58:04 [I][::1] get /webmaster/goods/edit
2014/07/15 20:59:15 [I][::1] get /webmaster/goods/edit
2014/07/15 20:59:28 [I][::1] get /webmaster/goods/edit
2014/07/15 20:59:49 [I][::1] get /webmaster/goods/edit
2014/07/15 20:59:56 [I][::1] get /webmaster/goods/edit
2014/07/15 21:00:40 [I][::1] post /updateprocess/webmaster/uploadify
2014/07/15 22:44:01 [I][::1] access /webmaster/goods/edit
2014/07/15 22:44:01 [I][::1] get /webmaster/errorpage
2014/07/15 22:44:02 [I][::1] get /webmaster/login
2014/07/15 22:44:05 [I][::1] post /webmaster/login
2014/07/15 22:44:05 [I][::1] admin logged
2014/07/15 22:44:06 [I][::1] get /webmaster/dashboard
2014/07/15 22:44:07 [I][::1] get /webmaster/goods
2014/07/15 22:44:09 [I][::1] get /webmaster/goods/edit
2014/07/15 22:45:07 [I][::1] get /webmaster/goods/edit
2014/07/15 22:45:18 [I][::1] get /webmaster/goods/edit
2014/07/15 22:45:22 [I][::1] get /webmaster/goods/edit
2014/07/15 22:46:13 [I][::1] get /webmaster/goods/edit
2014/07/15 22:46:39 [I][::1] get /webmaster/goods/edit
2014/07/15 22:52:35 [I][::1] get /webmaster/goods/edit
2014/07/15 22:53:39 [I][::1] get /webmaster/goods/edit
2014/07/15 22:55:57 [I][::1] get /webmaster/goods/edit
2014/07/15 22:56:30 [I][::1] get /webmaster/goods/edit
2014/07/15 23:19:43 [I][::1] get /webmaster/goods/edit
2014/07/15 23:20:06 [I][::1] get /webmaster/goods/edit
2014/07/15 23:21:19 [I][::1] get /webmaster/goods/edit
2014/07/15 23:23:00 [I][::1] get /webmaster/goods/edit
2014/07/15 23:23:43 [I][::1] get /webmaster/goods/edit
2014/07/15 23:24:31 [I][::1] get /webmaster/goods/edit
2014/07/15 23:24:37 [I][::1] post /updateprocess/webmaster/uploadify
2014/07/15 23:25:19 [I][::1] get /webmaster/goods/edit
2014/07/15 23:25:41 [I][::1] get /webmaster/goods/edit
2014/07/15 23:26:16 [I][::1] get /webmaster/goods/edit
2014/07/15 23:27:25 [I][::1] post /updateprocess/webmaster/uploadify
2014/07/15 23:29:39 [I][::1] get /webmaster/goods/edit
2014/07/15 23:31:11 [I][::1] get /webmaster/goods/edit
2014/07/15 23:31:24 [I][::1] post /updateprocess/webmaster/uploadify
2014/07/15 23:32:00 [I][::1] get /webmaster/goods/edit
2014/07/15 23:32:06 [I][::1] post /updateprocess/webmaster/uploadify
2014/07/15 23:32:42 [I][::1] get /webmaster/goods/edit
2014/07/15 23:33:50 [I][::1] get /webmaster/goods/edit
2014/07/15 23:34:15 [I][::1] get /webmaster/goods/edit
2014/07/15 23:40:49 [I][::1] get /webmaster/goods/edit
2014/07/15 23:40:56 [I][::1] post /updateprocess/webmaster/uploadify
2014/07/15 23:41:30 [I][::1] get /webmaster/goods/edit
2014/07/15 23:41:48 [I][::1] get /webmaster/goods/edit
2014/07/15 23:42:08 [I][::1] post /updateprocess/webmaster/uploadify
2014/07/15 23:42:56 [I][::1] get /webmaster/goods/edit
2014/07/15 23:43:03 [I][::1] post /updateprocess/webmaster/uploadify
2014/07/15 23:45:17 [I][::1] get /webmaster/goods/edit
2014/07/15 23:46:08 [I][::1] get /webmaster/goods/edit
2014/07/15 23:46:15 [I][::1] post /updateprocess/webmaster/uploadify
2014/07/15 23:50:46 [I][::1] get /webmaster/goods/edit
2014/07/15 23:51:24 [I][::1] get /webmaster/goods/edit
2014/07/15 23:57:58 [I][::1] get /webmaster/goods/edit
2014/07/15 23:58:06 [I][::1] post /updateprocess/webmaster/uploadify
