2014/08/29 00:13:34 [I][::1] get /web/goods
2014/08/29 00:13:35 [I][::1] get /web/gcat
2014/08/29 00:41:56 [I][::1] get /web/home
2014/08/29 00:42:00 [I][::1] get /web/home
2014/08/29 00:42:03 [I][::1] get /web/gcat
2014/08/29 00:42:28 [I][::1] get /web/gcat
2014/08/29 00:43:10 [I][::1] get /web/gcat
2014/08/29 00:43:18 [I][::1] get /web/gcat
2014/08/29 00:43:21 [I][::1] get /web/gcat
2014/08/29 00:43:54 [I][::1] get /web/gcat
2014/08/29 00:50:32 [I][::1] get /web/gcat
2014/08/29 00:50:51 [I][::1] get /web/gcat
2014/08/29 00:50:56 [I][::1] get /web/gcat
2014/08/29 00:52:46 [I][::1] get /web/gcat
2014/08/29 00:53:27 [I][::1] get /web/gcat
2014/08/29 00:54:09 [I][::1] get /web/home
2014/08/29 00:54:11 [I][::1] get /web/gcat
2014/08/29 02:55:29 [I][::1] get /web/message
2014/08/29 02:55:29 [I][::1] get /web/home
2014/08/29 02:55:30 [I][::1] get /web/gcat
2014/08/29 02:55:31 [I][::1] get /web/gcat
2014/08/29 02:55:32 [I][::1] get /web/gcat
2014/08/29 02:55:34 [I][::1] get /web/gcat
2014/08/29 02:55:36 [I][::1] get /web/gcat
2014/08/29 02:55:37 [I][::1] get /web/gcat
2014/08/29 02:56:27 [I][::1] get /web/gcat
2014/08/29 02:56:29 [I][::1] get /user/home
2014/08/29 02:56:29 [I][::1] get /web/service
2014/08/29 02:56:30 [I][::1] get /web/help
2014/08/29 02:56:32 [I][::1] get /web/link
2014/08/29 02:56:33 [I][::1] get /user/home
2014/08/29 02:56:35 [I][::1] get /web/service
2014/08/29 02:56:35 [I][::1] get /web/help
2014/08/29 02:56:36 [I][::1] get /web/acat
2014/08/29 02:56:36 [I][::1] get /web/gcat
2014/08/29 02:56:37 [I][::1] get /web/gcat
2014/08/29 02:56:38 [I][::1] get /web/gcat
2014/08/29 02:56:39 [I][::1] get /web/home
