2014/07/26 02:13:54 [I][::1] access /webmaster/user
2014/07/26 02:13:54 [I][::1] get /webmaster/errorpage
2014/07/26 02:13:55 [I][::1] get /webmaster/login
2014/07/26 02:13:58 [I][::1] post /webmaster/login
2014/07/26 02:13:58 [I][::1] admin logged
2014/07/26 02:13:58 [I][::1] get /webmaster/dashboard
2014/07/26 02:13:59 [I][::1] post /webmaster/user
2014/07/26 02:14:03 [I][::1] get /webmaster/article/create
2014/07/26 02:14:07 [I][::1] post /webmaster/user
2014/07/26 02:14:22 [I][::1] post /webmaster/user
2014/07/26 02:14:26 [I][::1] post /webmaster/user
2014/07/26 02:15:21 [I][::1] access /webmaster/user
2014/07/26 02:15:21 [I][::1] get /webmaster/errorpage
2014/07/26 02:15:24 [I][::1] get /webmaster/login
2014/07/26 02:15:27 [I][::1] post /webmaster/login
2014/07/26 02:15:27 [I][::1] admin logged
2014/07/26 02:15:27 [I][::1] get /webmaster/dashboard
2014/07/26 02:15:28 [I][::1] post /webmaster/user
2014/07/26 02:15:34 [I][::1] post /webmaster/user
2014/07/26 02:32:23 [I][::1] access /webmaster/user
2014/07/26 02:32:23 [I][::1] get /webmaster/errorpage
2014/07/26 02:40:31 [I][::1] get /webmaster/login
2014/07/26 02:40:34 [I][::1] post /webmaster/login
2014/07/26 02:40:34 [I][::1] admin logged
2014/07/26 02:40:34 [I][::1] get /webmaster/dashboard
2014/07/26 02:40:36 [I][::1] post /webmaster/user
2014/07/26 02:40:37 [I][::1] get /webmaster/user/create
2014/07/26 02:40:37 [E]template: create.html:43: unexpected "%" in command
2014/07/26 02:42:40 [I][::1] get /webmaster/user/create
2014/07/26 02:42:40 [E]template: create.html:51: unexpected "%" in command
2014/07/26 02:42:41 [I][::1] get /webmaster/user/create
2014/07/26 02:42:41 [E]template: create.html:51: unexpected "%" in command
2014/07/26 02:42:53 [I][::1] post /webmaster/user
2014/07/26 02:42:58 [I][::1] get /webmaster/user/create
2014/07/26 02:42:58 [E]template: create.html:51: undefined variable "$k"
2014/07/26 02:43:16 [I][::1] get /webmaster/user/create
2014/07/26 02:43:43 [I][::1] get /webmaster/user/create
2014/07/26 02:45:46 [I][::1] access /webmaster/user/create
2014/07/26 02:45:46 [I][::1] get /webmaster/errorpage
2014/07/26 02:45:50 [I][::1] get /webmaster/login
2014/07/26 02:45:52 [I][::1] post /webmaster/login
2014/07/26 02:45:52 [I][::1] admin logged
2014/07/26 02:45:52 [I][::1] get /webmaster/dashboard
2014/07/26 02:45:54 [I][::1] post /webmaster/user
2014/07/26 02:45:55 [I][::1] get /webmaster/user/create
2014/07/26 02:46:26 [I][::1] get /webmaster/user/create
2014/07/26 02:46:41 [I][::1] get /webmaster/user/create
2014/07/26 02:47:04 [I][::1] post /webmaster/user/create
2014/07/26 02:47:04 [I][::1] post /webmaster/user
2014/07/26 02:48:28 [I][::1] post /webmaster/user
2014/07/26 02:48:29 [I][::1] get /webmaster/user/create
2014/07/26 02:50:02 [I][::1] access /webmaster/user/create
2014/07/26 02:50:02 [I][::1] get /webmaster/errorpage
2014/07/26 02:50:06 [I][::1] get /webmaster/login
2014/07/26 02:50:08 [I][::1] post /webmaster/login
2014/07/26 02:50:08 [I][::1] admin logged
2014/07/26 02:50:08 [I][::1] get /webmaster/dashboard
2014/07/26 02:50:11 [I][::1] post /webmaster/user
2014/07/26 02:50:12 [I][::1] get /webmaster/user/create
2014/07/26 02:50:26 [I][::1] post /webmaster/user/create
2014/07/26 02:50:26 [E]Error 1062: Duplicate entry '' for key 'PRIMARY'
2014/07/26 02:50:26 [I][::1] post /webmaster/user
2014/07/26 02:54:19 [I][::1] access /webmaster/user
2014/07/26 02:54:19 [I][::1] get /webmaster/errorpage
2014/07/26 02:54:23 [I][::1] get /webmaster/login
2014/07/26 02:54:26 [I][::1] post /webmaster/login
2014/07/26 02:54:26 [I][::1] admin logged
2014/07/26 02:54:26 [I][::1] get /webmaster/dashboard
2014/07/26 02:54:28 [I][::1] post /webmaster/user
2014/07/26 02:54:29 [I][::1] get /webmaster/user/create
2014/07/26 02:54:40 [I][::1] post /webmaster/user/create
2014/07/26 02:54:40 [E]Error 1062: Duplicate entry '' for key 'PRIMARY'
2014/07/26 02:54:40 [I][::1] post /webmaster/user
2014/07/26 02:56:14 [I][::1] post /webmaster/user
2014/07/26 02:56:16 [I][::1] get /webmaster/user/create
2014/07/26 02:56:31 [I][::1] post /webmaster/user/create
2014/07/26 02:56:31 [I][::1] post /webmaster/user
2014/07/26 03:01:02 [I][::1] access /webmaster/user/create
2014/07/26 03:01:02 [I][::1] get /webmaster/errorpage
2014/07/26 03:01:07 [I][::1] get /webmaster/login
2014/07/26 03:01:09 [I][::1] post /webmaster/login
2014/07/26 03:01:09 [I][::1] admin logged
2014/07/26 03:01:09 [I][::1] get /webmaster/dashboard
2014/07/26 03:01:11 [I][::1] post /webmaster/user
2014/07/26 03:01:12 [I][::1] get /webmaster/user/create
2014/07/26 03:01:21 [I][::1] post /webmaster/user/create
2014/07/26 03:01:21 [E]Error 1136: Column count doesn't match value count at row 1
2014/07/26 03:01:21 [I][::1] post /webmaster/user
2014/07/26 03:03:01 [I][::1] access /webmaster/user/create
2014/07/26 03:03:01 [I][::1] get /webmaster/errorpage
2014/07/26 03:03:02 [I][::1] get /webmaster/login
2014/07/26 03:03:05 [I][::1] post /webmaster/login
2014/07/26 03:03:05 [I][::1] admin logged
2014/07/26 03:03:05 [I][::1] get /webmaster/dashboard
2014/07/26 03:03:06 [I][::1] post /webmaster/user
2014/07/26 03:03:07 [I][::1] get /webmaster/user/create
2014/07/26 03:03:16 [I][::1] post /webmaster/user/create
2014/07/26 03:03:16 [E]Error 1364: Field 'BaseInfo' doesn't have a default value
2014/07/26 03:03:16 [I][::1] post /webmaster/user
2014/07/26 03:06:58 [I][::1] get /webmaster/logout
2014/07/26 03:06:58 [I][::1] get /webmaster/errorpage
2014/07/26 03:06:59 [I][::1] get /webmaster/login
2014/07/26 03:07:02 [I][::1] post /webmaster/login
2014/07/26 03:07:02 [I][::1] admin logged
2014/07/26 03:07:02 [I][::1] get /webmaster/dashboard
2014/07/26 03:07:05 [I][::1] post /webmaster/user
2014/07/26 03:07:06 [I][::1] get /webmaster/user/create
2014/07/26 03:07:18 [I][::1] post /webmaster/user/create
2014/07/26 03:07:18 [I][::1] post /webmaster/user
2014/07/26 03:07:22 [I][::1] get /webmaster/user/edit
2014/07/26 03:07:22 [I][::1] get /webmaster/errorpage
2014/07/26 03:10:22 [I][::1] post /webmaster/user
2014/07/26 03:10:30 [I][::1] get /webmaster/user/detail
2014/07/26 03:10:30 [E]open views/webmaster/user/detail.html: The system cannot find the file specified.
2014/07/26 03:11:01 [I][::1] post /webmaster/user
2014/07/26 03:11:02 [I][::1] get /webmaster/user/create
2014/07/26 03:11:05 [I][::1] get /webmaster/user/detail
2014/07/26 03:11:09 [I][::1] post /webmaster/user
2014/07/26 03:11:13 [I][::1] get /webmaster/user/edit
2014/07/26 03:11:13 [I][::1] get /webmaster/errorpage
2014/07/26 03:13:14 [I][::1] get /webmaster/logout
2014/07/26 03:13:14 [I][::1] get /webmaster/errorpage
2014/07/26 03:13:15 [I][::1] get /webmaster/login
2014/07/26 03:13:18 [I][::1] post /webmaster/login
2014/07/26 03:13:18 [I][::1] admin logged
2014/07/26 03:13:18 [I][::1] get /webmaster/dashboard
2014/07/26 03:13:19 [I][::1] post /webmaster/user
2014/07/26 03:13:20 [I][::1] get /webmaster/user/edit
2014/07/26 03:13:23 [I][::1] post /webmaster/user
2014/07/26 03:13:25 [I][::1] get /webmaster/user/create
2014/07/26 03:13:30 [I][::1] post /webmaster/user/create
2014/07/26 03:13:30 [I][::1] post /webmaster/user
2014/07/26 03:13:34 [I][::1] post /webmaster/user/delete
2014/07/26 03:13:34 [I][::1] post /webmaster/user
2014/07/26 03:13:39 [I][::1] get /webmaster/link
2014/07/26 03:13:40 [I][::1] post /webmaster/user
2014/07/26 03:20:38 [I][::1] post /webmaster/user
2014/07/26 03:20:42 [I][::1] get /webmaster/user/edit
2014/07/26 03:21:08 [I][::1] get /webmaster/user/edit
2014/07/26 03:22:39 [I][::1] get /webmaster/user/edit
2014/07/26 03:23:23 [I][::1] get /webmaster/user/edit
2014/07/26 03:23:27 [I][::1] post /webmaster/user/edit
2014/07/26 03:23:28 [I][::1] get /webmaster/user/edit
2014/07/26 03:23:31 [I][::1] post /webmaster/user
2014/07/26 03:23:33 [I][::1] get /webmaster/user/edit
2014/07/26 03:23:35 [I][::1] post /webmaster/user/edit
2014/07/26 03:23:36 [I][::1] get /webmaster/user/edit
2014/07/26 03:23:37 [I][::1] post /webmaster/user
2014/07/26 03:23:38 [I][::1] get /webmaster/user/edit
2014/07/26 03:23:41 [I][::1] post /webmaster/user/edit
2014/07/26 03:23:41 [I][::1] get /webmaster/user/edit
2014/07/26 03:23:43 [I][::1] post /webmaster/user
2014/07/26 03:23:45 [I][::1] get /webmaster/user/edit
2014/07/26 03:23:48 [I][::1] get /webmaster/dashboard
2014/07/26 03:23:50 [I][::1] post /webmaster/user
2014/07/26 03:26:13 [I][::1] post /webmaster/user
2014/07/26 03:30:19 [I][::1] post /webmaster/user
2014/07/26 03:30:53 [I][::1] get /webmaster/logout
2014/07/26 03:30:53 [I][::1] get /webmaster/errorpage
2014/07/26 03:30:54 [I][::1] get /webmaster/login
2014/07/26 03:30:58 [I][::1] post /webmaster/login
2014/07/26 03:30:58 [I][::1] admin logged
2014/07/26 03:30:58 [I][::1] get /webmaster/dashboard
2014/07/26 03:31:36 [I][::1] get /webmaster/link
2014/07/26 03:31:36 [I][::1] post /webmaster/user
2014/07/26 03:31:38 [I][::1] post /webmaster/user/resetpassword
2014/07/26 03:31:38 [I][::1] post /webmaster/user
2014/07/26 03:32:56 [I][::1] post /webmaster/user
2014/07/26 03:34:18 [I][::1] post /webmaster/user
2014/07/26 03:34:42 [I][::1] post /webmaster/user
2014/07/26 03:34:46 [I][::1] post /webmaster/user
2014/07/26 03:35:03 [I][::1] post /webmaster/user
2014/07/26 03:35:11 [I][::1] get /webmaster/user/detail
2014/07/26 03:35:13 [I][::1] get /webmaster/user/detail
2014/07/26 03:35:18 [I][::1] post /webmaster/user/resetpassword
2014/07/26 03:35:18 [I][::1] post /webmaster/user
2014/07/26 03:35:19 [I][::1] get /webmaster/user/edit
2014/07/26 03:35:27 [I][::1] get /webmaster/user/edit
2014/07/26 03:35:30 [I][::1] post /webmaster/user/resetpassword
2014/07/26 03:35:30 [I][::1] post /webmaster/user
