2014/08/19 00:16:13 [I][::1] get /web/home
2014/08/19 00:16:18 [I][::1] get /web/gcat
2014/08/19 00:24:24 [I][::1] get /web/gcat
2014/08/19 00:24:24 [E]sql: expected 15 destination arguments in Scan, not 12
2014/08/19 00:25:06 [I][::1] get /web/gcat
2014/08/19 00:25:07 [E]{}
2014/08/19 00:25:07 [E]mini
2014/08/19 00:25:07 [E]{}
2014/08/19 00:25:07 [E]mini
2014/08/19 00:25:07 [E]{}
2014/08/19 00:25:07 [E]mini
2014/08/19 00:25:07 [E]{}
2014/08/19 00:25:07 [E]mini
2014/08/19 00:25:07 [E]{}
2014/08/19 00:25:07 [E]mini
2014/08/19 00:25:07 [E]{}
2014/08/19 00:25:07 [E]mini
2014/08/19 00:25:07 [E]{}
2014/08/19 00:25:07 [E]mini
2014/08/19 00:25:07 [E]{}
2014/08/19 00:25:07 [E]mini
2014/08/19 00:25:07 [E]{}
2014/08/19 00:25:07 [E]mini
2014/08/19 00:25:07 [E]{}
2014/08/19 00:25:07 [E]mini
2014/08/19 00:25:07 [E]{}
2014/08/19 00:25:07 [E]mini
2014/08/19 00:25:07 [E]{}
2014/08/19 00:25:07 [E]mini
2014/08/19 00:25:07 [E]{}
2014/08/19 00:25:07 [E]mini
2014/08/19 00:25:07 [E]{}
2014/08/19 00:25:07 [E]mini
2014/08/19 00:25:07 [E]{}
2014/08/19 00:25:07 [E]mini
2014/08/19 00:25:07 [E]{}
2014/08/19 00:25:07 [E]mini
2014/08/19 00:25:07 [E]{}
2014/08/19 00:25:07 [E]mini
2014/08/19 00:25:07 [E]{}
2014/08/19 00:25:07 [E]mini
2014/08/19 00:25:07 [E]{}
2014/08/19 00:25:07 [E]mini
2014/08/19 00:25:07 [E]{"group_1":"/uploads/goods/1/1405444974.jpg","group_2":"/uploads/goods/1/1405444977.jpg","group_3":"/uploads/goods/1/1405444982.jpg","large":"/uploads/goods/1/1405444985.jpg","mini":"/uploads/goods/1/1405445006.jpg"}
2014/08/19 00:25:07 [E]mini
2014/08/19 00:25:13 [I][::1] get /web/gcat
2014/08/19 00:25:13 [E]{}
2014/08/19 00:25:13 [E]mini
2014/08/19 00:25:13 [E]{}
2014/08/19 00:25:13 [E]mini
2014/08/19 00:25:13 [E]{}
2014/08/19 00:25:13 [E]mini
2014/08/19 00:25:13 [E]{}
2014/08/19 00:25:13 [E]mini
2014/08/19 00:25:13 [E]{}
2014/08/19 00:25:13 [E]mini
2014/08/19 00:25:13 [E]{}
2014/08/19 00:25:13 [E]mini
2014/08/19 00:25:13 [E]{}
2014/08/19 00:25:13 [E]mini
2014/08/19 00:25:13 [E]{}
2014/08/19 00:25:13 [E]mini
2014/08/19 00:25:13 [E]{}
2014/08/19 00:25:13 [E]mini
2014/08/19 00:25:13 [E]{}
2014/08/19 00:25:13 [E]mini
2014/08/19 00:25:13 [E]{}
2014/08/19 00:25:13 [E]mini
2014/08/19 00:25:13 [E]{}
2014/08/19 00:25:13 [E]mini
2014/08/19 00:25:13 [E]{}
2014/08/19 00:25:13 [E]mini
2014/08/19 00:25:13 [E]{}
2014/08/19 00:25:13 [E]mini
2014/08/19 00:25:13 [E]{}
2014/08/19 00:25:13 [E]mini
2014/08/19 00:25:13 [E]{}
2014/08/19 00:25:13 [E]mini
2014/08/19 00:25:13 [E]{}
2014/08/19 00:25:13 [E]mini
2014/08/19 00:25:16 [I][::1] get /web/gcat
2014/08/19 00:25:16 [E]{}
2014/08/19 00:25:16 [E]mini
2014/08/19 00:25:16 [E]{}
2014/08/19 00:25:16 [E]mini
2014/08/19 00:25:16 [E]{"group_1":"/uploads/goods/1/1405444974.jpg","group_2":"/uploads/goods/1/1405444977.jpg","group_3":"/uploads/goods/1/1405444982.jpg","large":"/uploads/goods/1/1405444985.jpg","mini":"/uploads/goods/1/1405445006.jpg"}
2014/08/19 00:25:16 [E]mini
2014/08/19 00:25:19 [I][::1] get /web/gcat
2014/08/19 00:25:25 [I][::1] get /web/gcat
2014/08/19 00:25:25 [I][::1] get /web/gcat
2014/08/19 00:25:26 [I][::1] get /web/gcat
2014/08/19 00:25:26 [E]{}
2014/08/19 00:25:26 [E]mini
2014/08/19 00:25:26 [E]{}
2014/08/19 00:25:26 [E]mini
2014/08/19 00:25:26 [E]{"group_1":"/uploads/goods/1/1405444974.jpg","group_2":"/uploads/goods/1/1405444977.jpg","group_3":"/uploads/goods/1/1405444982.jpg","large":"/uploads/goods/1/1405444985.jpg","mini":"/uploads/goods/1/1405445006.jpg"}
2014/08/19 00:25:26 [E]mini
2014/08/19 00:25:26 [I][::1] get /web/gcat
2014/08/19 00:25:26 [E]{}
2014/08/19 00:25:26 [E]mini
2014/08/19 00:25:26 [E]{}
2014/08/19 00:25:26 [E]mini
2014/08/19 00:25:26 [E]{}
2014/08/19 00:25:26 [E]mini
2014/08/19 00:25:26 [E]{}
2014/08/19 00:25:26 [E]mini
2014/08/19 00:25:26 [E]{}
2014/08/19 00:25:26 [E]mini
2014/08/19 00:25:26 [E]{}
2014/08/19 00:25:26 [E]mini
2014/08/19 00:25:26 [E]{}
2014/08/19 00:25:26 [E]mini
2014/08/19 00:25:26 [E]{}
2014/08/19 00:25:26 [E]mini
2014/08/19 00:25:26 [E]{}
2014/08/19 00:25:26 [E]mini
2014/08/19 00:25:26 [E]{}
2014/08/19 00:25:26 [E]mini
2014/08/19 00:25:26 [E]{}
2014/08/19 00:25:26 [E]mini
2014/08/19 00:25:26 [E]{}
2014/08/19 00:25:26 [E]mini
2014/08/19 00:25:26 [E]{}
2014/08/19 00:25:26 [E]mini
2014/08/19 00:25:26 [E]{}
2014/08/19 00:25:26 [E]mini
2014/08/19 00:25:26 [E]{}
2014/08/19 00:25:26 [E]mini
2014/08/19 00:25:26 [E]{}
2014/08/19 00:25:26 [E]mini
2014/08/19 00:25:26 [E]{}
2014/08/19 00:25:26 [E]mini
2014/08/19 00:25:27 [I][::1] get /web/gcat
2014/08/19 00:25:27 [E]{}
2014/08/19 00:25:27 [E]mini
2014/08/19 00:25:27 [E]{}
2014/08/19 00:25:27 [E]mini
2014/08/19 00:25:27 [E]{}
2014/08/19 00:25:27 [E]mini
2014/08/19 00:25:27 [E]{}
2014/08/19 00:25:27 [E]mini
2014/08/19 00:25:27 [E]{}
2014/08/19 00:25:27 [E]mini
2014/08/19 00:25:27 [E]{}
2014/08/19 00:25:27 [E]mini
2014/08/19 00:25:27 [E]{}
2014/08/19 00:25:27 [E]mini
2014/08/19 00:25:27 [E]{}
2014/08/19 00:25:27 [E]mini
2014/08/19 00:25:27 [E]{}
2014/08/19 00:25:27 [E]mini
2014/08/19 00:25:27 [E]{}
2014/08/19 00:25:27 [E]mini
2014/08/19 00:25:27 [E]{}
2014/08/19 00:25:27 [E]mini
2014/08/19 00:25:27 [E]{}
2014/08/19 00:25:27 [E]mini
2014/08/19 00:25:27 [E]{}
2014/08/19 00:25:27 [E]mini
2014/08/19 00:25:27 [E]{}
2014/08/19 00:25:27 [E]mini
2014/08/19 00:25:27 [E]{}
2014/08/19 00:25:27 [E]mini
2014/08/19 00:25:27 [E]{}
2014/08/19 00:25:27 [E]mini
2014/08/19 00:25:27 [E]{}
2014/08/19 00:25:27 [E]mini
2014/08/19 00:25:27 [E]{}
2014/08/19 00:25:27 [E]mini
2014/08/19 00:25:27 [E]{}
2014/08/19 00:25:27 [E]mini
2014/08/19 00:25:27 [E]{"group_1":"/uploads/goods/1/1405444974.jpg","group_2":"/uploads/goods/1/1405444977.jpg","group_3":"/uploads/goods/1/1405444982.jpg","large":"/uploads/goods/1/1405444985.jpg","mini":"/uploads/goods/1/1405445006.jpg"}
2014/08/19 00:25:27 [E]mini
2014/08/19 00:25:27 [I][::1] get /web/gcat
2014/08/19 00:25:27 [E]{}
2014/08/19 00:25:27 [E]mini
2014/08/19 00:25:27 [E]{}
2014/08/19 00:25:27 [E]mini
2014/08/19 00:25:27 [E]{}
2014/08/19 00:25:27 [E]mini
2014/08/19 00:25:27 [E]{}
2014/08/19 00:25:27 [E]mini
2014/08/19 00:25:27 [E]{}
2014/08/19 00:25:27 [E]mini
2014/08/19 00:25:27 [E]{}
2014/08/19 00:25:27 [E]mini
2014/08/19 00:25:27 [E]{}
2014/08/19 00:25:27 [E]mini
2014/08/19 00:25:27 [E]{}
2014/08/19 00:25:27 [E]mini
2014/08/19 00:25:27 [E]{}
2014/08/19 00:25:27 [E]mini
2014/08/19 00:25:27 [E]{}
2014/08/19 00:25:27 [E]mini
2014/08/19 00:25:27 [E]{}
2014/08/19 00:25:27 [E]mini
2014/08/19 00:25:27 [E]{}
2014/08/19 00:25:27 [E]mini
2014/08/19 00:25:27 [E]{}
2014/08/19 00:25:27 [E]mini
2014/08/19 00:25:27 [E]{}
2014/08/19 00:25:27 [E]mini
2014/08/19 00:25:27 [E]{}
2014/08/19 00:25:27 [E]mini
2014/08/19 00:25:27 [E]{}
2014/08/19 00:25:27 [E]mini
2014/08/19 00:25:27 [E]{}
2014/08/19 00:25:27 [E]mini
2014/08/19 00:25:28 [I][::1] get /web/gcat
2014/08/19 00:25:28 [E]{}
2014/08/19 00:25:28 [E]mini
2014/08/19 00:25:28 [E]{}
2014/08/19 00:25:28 [E]mini
2014/08/19 00:25:28 [E]{"group_1":"/uploads/goods/1/1405444974.jpg","group_2":"/uploads/goods/1/1405444977.jpg","group_3":"/uploads/goods/1/1405444982.jpg","large":"/uploads/goods/1/1405444985.jpg","mini":"/uploads/goods/1/1405445006.jpg"}
2014/08/19 00:25:28 [E]mini
2014/08/19 00:25:28 [I][::1] get /web/gcat
2014/08/19 00:25:28 [I][::1] get /web/gcat
2014/08/19 00:25:29 [I][::1] get /web/gcat
2014/08/19 00:25:30 [I][::1] get /web/gcat
2014/08/19 00:25:31 [I][::1] get /web/gcat
2014/08/19 00:25:32 [I][::1] get /web/gcat
2014/08/19 00:25:32 [I][::1] get /web/gcat
2014/08/19 00:25:33 [I][::1] get /web/gcat
2014/08/19 00:25:34 [I][::1] get /web/gcat
2014/08/19 00:27:56 [I][::1] get /web/gcat
2014/08/19 00:28:35 [I][::1] get /web/gcat
2014/08/19 00:28:35 [E]{}
2014/08/19 00:28:35 [E]mini
2014/08/19 00:28:35 [E]{}
2014/08/19 00:28:35 [E]mini
2014/08/19 00:28:35 [E]{}
2014/08/19 00:28:35 [E]mini
2014/08/19 00:28:35 [E]{}
2014/08/19 00:28:35 [E]mini
2014/08/19 00:28:35 [E]{}
2014/08/19 00:28:35 [E]mini
2014/08/19 00:28:35 [E]{}
2014/08/19 00:28:35 [E]mini
2014/08/19 00:28:35 [E]{}
2014/08/19 00:28:35 [E]mini
2014/08/19 00:28:35 [E]{}
2014/08/19 00:28:35 [E]mini
2014/08/19 00:28:35 [E]{}
2014/08/19 00:28:35 [E]mini
2014/08/19 00:28:35 [E]{}
2014/08/19 00:28:35 [E]mini
2014/08/19 00:28:35 [E]{}
2014/08/19 00:28:35 [E]mini
2014/08/19 00:28:35 [E]{}
2014/08/19 00:28:35 [E]mini
2014/08/19 00:28:35 [E]{}
2014/08/19 00:28:35 [E]mini
2014/08/19 00:28:35 [E]{}
2014/08/19 00:28:35 [E]mini
2014/08/19 00:28:35 [E]{}
2014/08/19 00:28:35 [E]mini
2014/08/19 00:28:35 [E]{}
2014/08/19 00:28:35 [E]mini
2014/08/19 00:28:35 [E]{}
2014/08/19 00:28:35 [E]mini
2014/08/19 00:28:37 [I][::1] get /web/goods
2014/08/19 00:28:38 [I][::1] get /web/goods
2014/08/19 00:28:58 [I][::1] get /web/gcat
2014/08/19 00:28:58 [E]{}
2014/08/19 00:28:58 [E]mini
2014/08/19 00:28:58 [E]{}
2014/08/19 00:28:58 [E]mini
2014/08/19 00:28:58 [E]{}
2014/08/19 00:28:58 [E]mini
2014/08/19 00:28:58 [E]{}
2014/08/19 00:28:58 [E]mini
2014/08/19 00:28:58 [E]{}
2014/08/19 00:28:58 [E]mini
2014/08/19 00:28:58 [E]{}
2014/08/19 00:28:58 [E]mini
2014/08/19 00:28:58 [E]{}
2014/08/19 00:28:58 [E]mini
2014/08/19 00:28:58 [E]{}
2014/08/19 00:28:58 [E]mini
2014/08/19 00:28:58 [E]{}
2014/08/19 00:28:58 [E]mini
2014/08/19 00:28:58 [E]{}
2014/08/19 00:28:58 [E]mini
2014/08/19 00:28:58 [E]{}
2014/08/19 00:28:58 [E]mini
2014/08/19 00:28:58 [E]{}
2014/08/19 00:28:58 [E]mini
2014/08/19 00:28:58 [E]{}
2014/08/19 00:28:58 [E]mini
2014/08/19 00:28:58 [E]{}
2014/08/19 00:28:58 [E]mini
2014/08/19 00:28:58 [E]{}
2014/08/19 00:28:58 [E]mini
2014/08/19 00:28:58 [E]{}
2014/08/19 00:28:58 [E]mini
2014/08/19 00:28:58 [E]{}
2014/08/19 00:28:58 [E]mini
2014/08/19 00:28:58 [E]{}
2014/08/19 00:28:58 [E]mini
2014/08/19 00:28:58 [E]{}
2014/08/19 00:28:58 [E]mini
2014/08/19 00:28:58 [E]{"group_1":"/uploads/goods/1/1405444974.jpg","group_2":"/uploads/goods/1/1405444977.jpg","group_3":"/uploads/goods/1/1405444982.jpg","large":"/uploads/goods/1/1405444985.jpg","mini":"/uploads/goods/1/1405445006.jpg"}
2014/08/19 00:28:58 [E]mini
2014/08/19 00:29:18 [I][::1] get /web/goods
2014/08/19 00:38:49 [I][::1] get /web/goods
2014/08/19 00:38:51 [I][::1] get /web/gcat
2014/08/19 00:38:55 [I][::1] get /web/goods
2014/08/19 00:39:28 [I][::1] get /web/goods
2014/08/19 00:40:08 [I][::1] get /web/gcat
2014/08/19 00:40:16 [I][::1] get /web/goods
2014/08/19 00:42:09 [I][::1] get /web/goods
2014/08/19 00:42:12 [I][::1] get /web/gcat
2014/08/19 00:42:16 [I][::1] get /web/goods
2014/08/19 00:42:58 [I][::1] get /web/goods
2014/08/19 00:43:48 [I][::1] get /web/goods
2014/08/19 00:44:32 [I][::1] get /web/goods
2014/08/19 00:44:48 [I][::1] get /web/goods
2014/08/19 00:44:48 [I][::1] get /web/goods
2014/08/19 00:45:07 [I][::1] get /web/goods
2014/08/19 00:45:41 [I][::1] get /web/goods
2014/08/19 00:45:57 [I][::1] get /web/goods
2014/08/19 00:46:41 [I][::1] get /web/goods
2014/08/19 00:46:50 [I][::1] get /web/goods
2014/08/19 00:47:08 [I][::1] get /web/goods
2014/08/19 00:47:12 [I][::1] get /web/goods
2014/08/19 00:53:57 [I][::1] get /web/goods
2014/08/19 00:53:58 [I][::1] get /web/goods
2014/08/19 00:53:58 [I][::1] get /web/goods
2014/08/19 00:53:58 [I][::1] get /web/goods
2014/08/19 00:53:58 [I][::1] get /web/goods
2014/08/19 00:53:59 [I][::1] get /web/goods
2014/08/19 00:53:59 [E]template: goods.html:42:45: executing "goods.html" at <
                </...>: WSASend tcp [::1]:9090: An established connection was aborted by the software in your host machine.
2014/08/19 00:53:59 [I][::1] get /web/goods
2014/08/19 00:53:59 [I][::1] get /web/goods
2014/08/19 00:53:59 [I][::1] get /web/goods
2014/08/19 00:53:59 [E]template: goods.html:42:45: executing "goods.html" at <
                </...>: WSASend tcp [::1]:9090: An established connection was aborted by the software in your host machine.
2014/08/19 00:53:59 [I][::1] get /web/goods
2014/08/19 00:53:59 [I][::1] get /web/goods
2014/08/19 00:53:59 [I][::1] get /web/goods
2014/08/19 00:53:59 [I][::1] get /web/goods
2014/08/19 00:53:59 [E]template: goods.html:42:45: executing "goods.html" at <
                </...>: WSASend tcp [::1]:9090: An established connection was aborted by the software in your host machine.
2014/08/19 00:53:59 [E]template: goods.html:42:45: executing "goods.html" at <
                </...>: WSASend tcp [::1]:9090: An established connection was aborted by the software in your host machine.
2014/08/19 00:53:59 [I][::1] get /web/goods
2014/08/19 00:53:59 [I][::1] get /web/goods
2014/08/19 00:53:59 [I][::1] get /web/goods
2014/08/19 00:53:59 [E]template: goods.html:42:45: executing "goods.html" at <
                </...>: WSASend tcp [::1]:9090: An established connection was aborted by the software in your host machine.
2014/08/19 00:53:59 [E]template: goods.html:42:45: executing "goods.html" at <
                </...>: WSASend tcp [::1]:9090: An established connection was aborted by the software in your host machine.
2014/08/19 00:53:59 [I][::1] get /web/goods
2014/08/19 00:53:59 [I][::1] get /web/goods
2014/08/19 00:53:59 [I][::1] get /web/goods
2014/08/19 00:53:59 [I][::1] get /web/goods
2014/08/19 00:53:59 [I][::1] get /web/goods
2014/08/19 00:53:59 [E]template: goods.html:42:45: executing "goods.html" at <
                </...>: WSASend tcp [::1]:9090: An established connection was aborted by the software in your host machine.
2014/08/19 00:53:59 [E]template: goods.html:42:45: executing "goods.html" at <
                </...>: WSASend tcp [::1]:9090: An established connection was aborted by the software in your host machine.
2014/08/19 00:54:00 [I][::1] get /web/goods
2014/08/19 00:54:00 [E]template: goods.html:42:45: executing "goods.html" at <
                </...>: WSASend tcp [::1]:9090: An established connection was aborted by the software in your host machine.
2014/08/19 00:54:00 [I][::1] get /web/goods
2014/08/19 00:54:00 [I][::1] get /web/goods
2014/08/19 00:54:00 [I][::1] get /web/goods
2014/08/19 00:54:00 [E]template: goods.html:42:45: executing "goods.html" at <
                </...>: WSASend tcp [::1]:9090: An established connection was aborted by the software in your host machine.
2014/08/19 00:54:00 [E]template: goods.html:42:45: executing "goods.html" at <
                </...>: WSASend tcp [::1]:9090: An established connection was aborted by the software in your host machine.
2014/08/19 00:54:00 [I][::1] get /web/goods
2014/08/19 00:54:00 [I][::1] get /web/goods
2014/08/19 00:54:00 [I][::1] get /web/goods
2014/08/19 00:54:00 [I][::1] get /web/goods
2014/08/19 00:54:00 [E]template: goods.html:42:45: executing "goods.html" at <
                </...>: WSASend tcp [::1]:9090: An established connection was aborted by the software in your host machine.
2014/08/19 00:54:22 [I][::1] get /web/goods
2014/08/19 00:54:28 [I][::1] get /web/goods
2014/08/19 01:01:08 [I][::1] get /web/goods
2014/08/19 01:01:31 [I][::1] get /web/goods
2014/08/19 01:01:57 [I][::1] get /web/goods
2014/08/19 01:04:16 [I][::1] get /web/goods
2014/08/19 01:04:44 [I][::1] get /web/goods
