2014/07/25 22:47:59 [I][::1] access /webmaster/dashboard
2014/07/25 22:47:59 [I][::1] get /webmaster/errorpage
2014/07/25 22:48:00 [I][::1] get /webmaster/login
2014/07/25 22:48:03 [I][::1] post /webmaster/login
2014/07/25 22:48:03 [I][::1] admin logged
2014/07/25 22:48:03 [I][::1] get /webmaster/dashboard
2014/07/25 22:48:04 [I][::1] get /webmaster/goods
2014/07/25 22:48:05 [I][::1] get /webmaster/article
2014/07/25 22:48:05 [I][::1] get /webmaster/link
2014/07/25 22:48:07 [I][::1] get /webmaster/system
2014/07/25 22:48:08 [I][::1] get /webmaster/setting
2014/07/25 22:48:09 [I][::1] get /webmaster/system
2014/07/25 22:48:10 [I][::1] get /webmaster/setting
2014/07/25 22:48:10 [I][::1] get /webmaster/system
2014/07/25 22:48:48 [I][::1] get /webmaster/system
2014/07/25 22:48:48 [I][::1] get /webmaster/setting
2014/07/25 22:48:51 [I][::1] get /webmaster/link
2014/07/25 22:48:52 [I][::1] get /webmaster/article
2014/07/25 22:48:52 [I][::1] get /webmaster/goods
2014/07/25 22:48:53 [I][::1] get /webmaster/dashboard
2014/07/25 22:48:53 [I][::1] get /webmaster/goods
2014/07/25 22:48:53 [I][::1] get /webmaster/article
2014/07/25 22:48:54 [I][::1] get /webmaster/link
