2014/07/17 22:16:53 [I][::1] access /webmaster/dashboard
2014/07/17 22:16:53 [I][::1] get /webmaster/errorpage
2014/07/17 22:16:55 [I][::1] get /webmaster/login
2014/07/17 22:16:57 [I][::1] post /webmaster/login
2014/07/17 22:16:58 [I][::1] admin logged
2014/07/17 22:16:58 [I][::1] get /webmaster/dashboard
2014/07/17 22:16:59 [I][::1] get /webmaster/goods
2014/07/17 22:17:04 [I][::1] get /webmaster/dashboard
2014/07/17 22:17:05 [I][::1] get /webmaster/goods
2014/07/17 22:17:06 [I][::1] get /webmaster/goods/create
2014/07/17 22:17:10 [I][::1] get /webmaster/goods/edit
2014/07/17 22:18:15 [I][::1] get /webmaster/goodscategory
2014/07/17 22:48:41 [I][::1] get /webmaster/logout
2014/07/17 22:48:41 [I][::1] get /webmaster/errorpage
2014/07/17 22:48:42 [I][::1] get /webmaster/login
2014/07/17 22:48:57 [I][::1] get /web/home
2014/07/17 22:50:31 [I][::1] get /web/home
2014/07/17 22:53:00 [I][::1] get /web/home
2014/07/17 22:54:37 [I][::1] get /web/home
2014/07/17 23:03:34 [I][::1] get /web/join
2014/07/17 23:05:32 [I][::1] get /web/join
2014/07/17 23:05:37 [I][::1] get /web/join
2014/07/17 23:06:12 [I][::1] get /web/join
2014/07/17 23:07:40 [I][::1] get /web/join
2014/07/17 23:07:56 [I][::1] get /web/join
2014/07/17 23:07:58 [I][::1] get /web/join
2014/07/17 23:08:32 [I][::1] get /web/join
2014/07/17 23:12:50 [I][::1] access /webmaster/dashboard
2014/07/17 23:12:50 [I][::1] get /webmaster/errorpage
2014/07/17 23:14:02 [I][::1] get /web/home
