2014/07/27 21:13:12 [I][::1] access /webmaster/dashboard
2014/07/27 21:13:12 [I][::1] get /webmaster/errorpage
2014/07/27 21:13:13 [I][::1] get /webmaster/login
2014/07/27 21:13:16 [I][::1] post /webmaster/login
2014/07/27 21:13:16 [I][::1] admin logged
2014/07/27 21:13:16 [I][::1] get /webmaster/dashboard
2014/07/27 21:13:18 [I][::1] get /webmaster/goods
2014/07/27 21:13:18 [I][::1] get /webmaster/link
2014/07/27 21:13:19 [I][::1] post /webmaster/user
2014/07/27 21:13:20 [I][::1] get /webmaster/setting
2014/07/27 21:13:20 [I][::1] get /webmaster/system
2014/07/27 21:13:23 [I][::1] get /webmaster/setting
2014/07/27 21:16:04 [I][::1] get /webmaster/link
2014/07/27 21:16:04 [I][::1] post /webmaster/user
2014/07/27 21:16:07 [I][::1] get /webmaster/setting
2014/07/27 21:16:09 [I][::1] get /webmaster/system
2014/07/27 21:16:34 [I][::1] post /webmaster/user
2014/07/27 21:49:51 [I][::1] get /webmaster/link
2014/07/27 21:49:52 [I][::1] get /webmaster/setting
2014/07/27 23:07:14 [I][::1] access /webmaster/article
2014/07/27 23:07:14 [I][::1] get /webmaster/errorpage
2014/07/27 23:07:15 [I][::1] get /webmaster/login
2014/07/27 23:07:18 [I][::1] post /webmaster/login
2014/07/27 23:07:18 [I][::1] admin logged
2014/07/27 23:07:18 [I][::1] get /webmaster/dashboard
2014/07/27 23:16:44 [I][::1] get /webmaster/setting
2014/07/27 23:16:45 [I][::1] get /webmaster/system
