2014/08/16 12:02:50 [I][::1] get /web/home
2014/08/16 12:03:25 [I][::1] get /web/gcat
2014/08/16 12:03:37 [I][::1] get /web/home
2014/08/16 12:03:37 [I][::1] get /web/gcat
2014/08/16 12:03:38 [I][::1] get /web/gcat
2014/08/16 12:03:39 [I][::1] get /web/gcat
2014/08/16 12:03:39 [I][::1] get /web/gcat
2014/08/16 12:04:12 [I][::1] get /web/gcat
2014/08/16 12:04:15 [I][::1] get /web/gcat
2014/08/16 12:04:17 [I][::1] get /web/gcat
2014/08/16 12:04:27 [I][::1] get /web/goods
2014/08/16 12:05:34 [I][::1] get /web/home
2014/08/16 12:05:50 [I][::1] access /webmaster/dashboard
2014/08/16 12:05:50 [I][::1] get /webmaster/errorpage
2014/08/16 12:05:53 [I][::1] get /webmaster/login
2014/08/16 12:05:55 [I][::1] post /webmaster/login
2014/08/16 12:05:55 [E]sql: expected 4 destination arguments in Scan, not 5
2014/08/16 12:06:15 [I][::1] get /webmaster/login
2014/08/16 12:06:23 [I][::1] post /webmaster/login
2014/08/16 12:06:23 [E]sql: expected 4 destination arguments in Scan, not 5
2014/08/16 12:09:34 [I][::1] get /webmaster/login
2014/08/16 12:09:37 [I][::1] post /webmaster/login
2014/08/16 12:09:37 [I][::1] admin logged
2014/08/16 12:09:37 [I][::1] get /webmaster/dashboard
2014/08/16 12:09:38 [I][::1] get /webmaster/goods
2014/08/16 12:09:41 [I][::1] get /webmaster/goods
2014/08/16 12:09:41 [I][::1] get /webmaster/link
2014/08/16 12:09:42 [I][::1] get /webmaster/article
2014/08/16 12:09:42 [I][::1] get /webmaster/user
2014/08/16 12:09:43 [I][::1] get /webmaster/shop
2014/08/16 12:09:43 [I][::1] get /webmaster/setting
2014/08/16 12:09:44 [I][::1] get /webmaster/system
2014/08/16 12:09:45 [I][::1] get /webmaster/shop
2014/08/16 12:09:45 [I][::1] get /webmaster/setting
2014/08/16 12:09:46 [I][::1] get /webmaster/system
2014/08/16 12:09:49 [I][::1] get /webmaster/setting
2014/08/16 12:09:50 [I][::1] get /webmaster/shop
2014/08/16 12:09:51 [I][::1] get /webmaster/user
2014/08/16 12:09:51 [I][::1] get /webmaster/link
2014/08/16 12:09:52 [I][::1] get /webmaster/link
2014/08/16 12:09:52 [I][::1] get /webmaster/article
2014/08/16 12:09:53 [I][::1] get /webmaster/goods
2014/08/16 12:09:53 [I][::1] get /webmaster/dashboard
2014/08/16 12:09:54 [I][::1] get /webmaster/goods
2014/08/16 12:09:55 [I][::1] get /webmaster/article
2014/08/16 12:09:56 [I][::1] get /webmaster/dashboard
2014/08/16 12:09:56 [I][::1] get /webmaster/link
2014/08/16 12:09:57 [I][::1] get /webmaster/user
2014/08/16 12:09:58 [I][::1] get /webmaster/link
2014/08/16 12:09:58 [I][::1] get /webmaster/article
2014/08/16 12:09:58 [I][::1] get /webmaster/goods
2014/08/16 12:09:59 [I][::1] get /webmaster/article
2014/08/16 12:10:17 [I][::1] get /webmaster/goods
2014/08/16 12:10:18 [I][::1] get /webmaster/dashboard
2014/08/16 12:10:18 [I][::1] get /webmaster/goods
2014/08/16 12:10:19 [I][::1] get /webmaster/article
2014/08/16 12:10:19 [I][::1] get /webmaster/link
2014/08/16 12:10:20 [I][::1] get /webmaster/user
2014/08/16 12:10:20 [I][::1] get /webmaster/shop
2014/08/16 12:10:20 [I][::1] get /webmaster/setting
2014/08/16 12:10:21 [I][::1] get /webmaster/system
2014/08/16 12:10:21 [I][::1] get /webmaster/setting
2014/08/16 12:10:22 [I][::1] get /webmaster/shop
2014/08/16 12:10:22 [I][::1] get /webmaster/user
2014/08/16 12:10:22 [I][::1] get /webmaster/article
2014/08/16 12:10:23 [I][::1] get /webmaster/goods
2014/08/16 12:10:23 [I][::1] get /webmaster/dashboard
2014/08/16 12:10:24 [I][::1] get /webmaster/article
2014/08/16 12:10:26 [I][::1] get /webmaster/user
2014/08/16 12:10:27 [I][::1] get /webmaster/user
2014/08/16 12:10:27 [I][::1] get /webmaster/link
2014/08/16 12:10:28 [I][::1] get /webmaster/user
2014/08/16 12:10:29 [I][::1] get /webmaster/shop
2014/08/16 12:10:29 [I][::1] get /webmaster/link
2014/08/16 12:10:31 [I][::1] get /webmaster/shop
2014/08/16 12:10:31 [I][::1] get /webmaster/article
2014/08/16 12:10:32 [I][::1] get /webmaster/shop
2014/08/16 12:10:33 [I][::1] get /webmaster/link
2014/08/16 12:10:33 [I][::1] get /webmaster/user
2014/08/16 12:10:35 [I][::1] get /webmaster/link
2014/08/16 12:10:36 [I][::1] get /webmaster/user
2014/08/16 12:10:36 [I][::1] get /webmaster/link
2014/08/16 12:10:39 [I][::1] get /webmaster/link
2014/08/16 12:10:39 [I][::1] get /webmaster/link
2014/08/16 12:10:40 [I][::1] get /webmaster/user
2014/08/16 12:10:40 [I][::1] get /webmaster/link
2014/08/16 12:10:41 [I][::1] get /webmaster/user
2014/08/16 12:10:42 [I][::1] get /webmaster/link
2014/08/16 12:10:42 [I][::1] get /webmaster/user
2014/08/16 12:10:43 [I][::1] get /webmaster/link
2014/08/16 12:10:43 [I][::1] get /webmaster/user
2014/08/16 12:10:44 [I][::1] get /webmaster/link
2014/08/16 12:10:45 [I][::1] get /webmaster/user
2014/08/16 12:10:45 [I][::1] get /webmaster/link
2014/08/16 12:10:46 [I][::1] get /webmaster/user
2014/08/16 12:10:47 [I][::1] get /webmaster/link
2014/08/16 12:10:47 [I][::1] get /webmaster/user
2014/08/16 12:10:48 [I][::1] get /webmaster/link
2014/08/16 12:10:49 [I][::1] get /webmaster/user
2014/08/16 12:11:30 [I][::1] get /webmaster/user/detail
2014/08/16 12:11:38 [I][::1] get /webmaster/user/detail
2014/08/16 12:11:59 [I][::1] get /webmaster/user/edit
2014/08/16 12:12:02 [I][::1] get /webmaster/user
2014/08/16 12:12:03 [I][::1] get /webmaster/shop
2014/08/16 12:12:06 [I][::1] get /webmaster/setting
2014/08/16 12:12:07 [I][::1] get /webmaster/shop
2014/08/16 12:12:08 [I][::1] get /webmaster/setting
2014/08/16 12:12:10 [I][::1] get /webmaster/shop
2014/08/16 12:12:16 [I][::1] get /webmaster/goods
2014/08/16 12:12:17 [I][::1] get /webmaster/setting
2014/08/16 12:12:20 [I][::1] get /webmaster/goods
2014/08/16 12:12:25 [I][::1] get /webmaster/setting
2014/08/16 12:12:49 [I][::1] get /webmaster/goods
2014/08/16 12:14:01 [I][::1] get /web/gcat
2014/08/16 12:14:03 [I][::1] get /web/goods
2014/08/16 12:20:31 [I][::1] get /web/goods
2014/08/16 12:21:30 [I][::1] get /web/goods
2014/08/16 12:21:53 [I][::1] get /web/goods
2014/08/16 12:22:47 [I][::1] get /web/goods
2014/08/16 12:22:57 [I][::1] get /web/goods
2014/08/16 12:23:18 [I][::1] get /web/goods
2014/08/16 12:23:46 [I][::1] get /web/goods
2014/08/16 12:24:07 [I][::1] get /web/goods
2014/08/16 12:24:57 [I][::1] get /web/goods
2014/08/16 12:25:59 [I][::1] get /web/goods
2014/08/16 12:26:20 [I][::1] get /web/goods
2014/08/16 12:26:32 [I][::1] get /web/goods
2014/08/16 12:27:08 [I][::1] get /web/goods
2014/08/16 12:27:44 [I][::1] get /web/goods
2014/08/16 12:28:57 [I][::1] get /web/goods
2014/08/16 12:29:03 [I][::1] get /web/goods
2014/08/16 12:29:17 [I][::1] get /web/goods
2014/08/16 12:29:26 [I][::1] get /web/goods
2014/08/16 12:29:46 [I][::1] get /web/goods
2014/08/16 12:30:16 [I][::1] get /web/goods
2014/08/16 12:31:14 [I][::1] get /web/goods
2014/08/16 12:32:01 [I][::1] get /web/goods
2014/08/16 12:32:22 [I][::1] get /web/goods
2014/08/16 12:32:48 [I][::1] get /web/goods
2014/08/16 12:32:57 [I][::1] get /web/goods
2014/08/16 12:33:30 [I][::1] get /web/goods
2014/08/16 12:34:46 [I][::1] get /webmaster/goods
2014/08/16 12:34:48 [I][::1] get /webmaster/goods
2014/08/16 12:42:47 [I][::1] get /web/goods
2014/08/16 12:43:44 [I][::1] get /web/goods
2014/08/16 12:43:55 [I][::1] get /web/goods
2014/08/16 12:44:52 [I][::1] get /web/goods
2014/08/16 12:45:06 [I][::1] get /web/goods
2014/08/16 12:46:30 [I][::1] get /web/goods
2014/08/16 12:46:49 [I][::1] get /web/goods
2014/08/16 12:47:11 [I][::1] get /web/goods
2014/08/16 12:48:17 [I][::1] get /web/goods
2014/08/16 12:49:08 [I][::1] get /web/goods
2014/08/16 12:49:55 [I][::1] get /web/goods
2014/08/16 12:50:28 [I][::1] get /web/goods
2014/08/16 12:53:43 [I][::1] get /web/goods
2014/08/16 12:54:03 [I][::1] get /web/goods
2014/08/16 12:54:26 [I][::1] get /web/goods
2014/08/16 12:55:12 [I][::1] get /web/goods
2014/08/16 12:55:21 [I][::1] get /web/goods
2014/08/16 12:55:44 [I][::1] get /web/goods
2014/08/16 12:55:55 [I][::1] get /web/goods
2014/08/16 12:56:42 [I][::1] get /web/goods
2014/08/16 12:57:03 [I][::1] get /web/goods
2014/08/16 12:58:14 [I][::1] get /web/goods
2014/08/16 12:58:31 [I][::1] get /web/goods
2014/08/16 12:58:37 [I][::1] get /web/goods
2014/08/16 12:59:06 [I][::1] get /web/goods
2014/08/16 13:00:04 [I][::1] get /web/goods
2014/08/16 13:02:12 [I][::1] get /web/goods
2014/08/16 13:02:34 [I][::1] get /web/goods
2014/08/16 13:02:58 [I][::1] get /web/goods
2014/08/16 13:04:26 [I][::1] get /web/goods
2014/08/16 13:05:06 [I][::1] get /web/goods
2014/08/16 13:05:36 [I][::1] get /web/goods
2014/08/16 13:06:35 [I][::1] get /web/goods
2014/08/16 13:15:29 [I][::1] get /web/goods
2014/08/16 13:15:38 [I][::1] get /web/goods
2014/08/16 13:16:22 [I][::1] get /web/goods
2014/08/16 13:17:10 [I][::1] get /web/goods
2014/08/16 13:17:23 [I][::1] get /web/goods
2014/08/16 13:17:33 [I][::1] get /web/goods
2014/08/16 13:17:58 [I][::1] get /web/goods
2014/08/16 13:18:06 [I][::1] get /web/goods
2014/08/16 13:19:16 [I][::1] get /web/goods
2014/08/16 13:19:54 [I][::1] get /web/goods
2014/08/16 13:20:01 [I][::1] get /web/goods
2014/08/16 13:20:23 [I][::1] get /web/goods
2014/08/16 13:20:47 [I][::1] get /web/goods
2014/08/16 13:21:03 [I][::1] get /web/goods
2014/08/16 13:21:11 [I][::1] get /web/goods
2014/08/16 13:21:33 [I][::1] get /web/goods
2014/08/16 13:22:00 [I][::1] get /web/goods
2014/08/16 13:22:17 [I][::1] get /web/goods
2014/08/16 13:22:41 [I][::1] get /web/goods
2014/08/16 13:22:41 [E]html/template:goods.html: "\"" in attribute name: "clear\"></div>\r\n        </div>\r\n "
2014/08/16 13:22:57 [I][::1] get /web/goods
2014/08/16 13:23:11 [I][::1] get /web/goods
2014/08/16 13:23:20 [I][::1] get /web/goods
2014/08/16 13:23:32 [I][::1] get /web/goods
2014/08/16 13:23:52 [I][::1] get /web/goods
2014/08/16 13:24:26 [I][::1] get /web/goods
2014/08/16 13:24:56 [I][::1] get /web/goods
2014/08/16 13:25:03 [I][::1] get /web/goods
2014/08/16 13:25:37 [I][::1] get /web/goods
2014/08/16 13:25:45 [I][::1] get /web/goods
2014/08/16 13:26:28 [I][::1] get /web/goods
2014/08/16 13:26:35 [I][::1] get /web/goods
2014/08/16 13:27:05 [I][::1] get /web/goods
2014/08/16 13:27:35 [I][::1] get /web/goods
