2014/07/21 00:41:23 [I][::1] access /webmaster/article
2014/07/21 00:41:23 [I][::1] get /webmaster/errorpage
2014/07/21 00:41:24 [I][::1] get /webmaster/login
2014/07/21 00:41:27 [I][::1] post /webmaster/login
2014/07/21 00:41:27 [I][::1] root logged
2014/07/21 00:41:27 [I][::1] get /webmaster/dashboard
2014/07/21 00:41:29 [I][::1] get /webmaster/article
2014/07/21 00:41:35 [I][::1] get /webmaster/article
2014/07/21 00:41:48 [I][::1] get /webmaster/article
2014/07/21 00:42:19 [I][::1] get /webmaster/article
2014/07/21 00:42:23 [I][::1] get /webmaster/article/create
2014/07/21 00:43:54 [I][::1] get /webmaster/article
2014/07/21 00:43:54 [E]template: list.html:43: unexpected "(" in operand; missing space?
2014/07/21 00:44:27 [I][::1] get /webmaster/article
2014/07/21 00:44:27 [E]template: list.html:43: unexpected "(" in operand; missing space?
2014/07/21 00:47:39 [I][::1] access /webmaster/article
2014/07/21 00:47:39 [I][::1] get /webmaster/errorpage
2014/07/21 00:47:40 [I][::1] get /webmaster/login
2014/07/21 00:47:44 [I][::1] post /webmaster/login
2014/07/21 00:47:44 [I][::1] root logged
2014/07/21 00:47:44 [I][::1] get /webmaster/dashboard
2014/07/21 00:47:45 [I][::1] get /webmaster/article
2014/07/21 00:47:45 [E]template: list.html:43: unexpected "(" in operand; missing space?
2014/07/21 00:48:12 [I][::1] get /webmaster/article
2014/07/21 00:48:19 [I][::1] get /webmaster/article/edit
2014/07/21 00:48:34 [I][::1] get /webmaster/article/create
2014/07/21 00:48:36 [I][::1] get /webmaster/article/edit
2014/07/21 00:50:18 [I][::1] get /webmaster/article/edit
2014/07/21 00:51:04 [I][::1] get /webmaster/article/edit
2014/07/21 00:51:10 [I][::1] get /webmaster/article/create
2014/07/21 00:51:48 [I][::1] get /webmaster/article/create
2014/07/21 00:52:14 [I][::1] get /webmaster/article/create
2014/07/21 00:52:30 [I][::1] post /webmaster/article/create
2014/07/21 00:52:30 [I][::1] get /webmaster/article
2014/07/21 00:52:33 [I][::1] get /webmaster/article/edit
2014/07/21 00:52:41 [I][::1] post /webmaster/article/edit
2014/07/21 00:52:41 [I][::1] get /webmaster/article/edit
2014/07/21 00:52:44 [I][::1] get /webmaster/article
2014/07/21 00:52:49 [I][::1] post /webmaster/article/delete
2014/07/21 00:52:49 [I][::1] get /webmaster/article
2014/07/21 00:53:06 [I][::1] get /webmaster/dashboard
2014/07/21 00:53:06 [I][::1] get /webmaster/goods
2014/07/21 00:53:07 [I][::1] get /webmaster/article
2014/07/21 01:25:40 [I][::1] access /webmaster/link
2014/07/21 01:25:40 [I][::1] get /webmaster/errorpage
2014/07/21 01:25:41 [I][::1] get /webmaster/login
2014/07/21 01:25:45 [I][::1] post /webmaster/login
2014/07/21 01:25:45 [I][::1] root logged
2014/07/21 01:25:45 [I][::1] get /webmaster/dashboard
2014/07/21 01:25:46 [I][::1] get /webmaster/link
2014/07/21 01:25:49 [I][::1] get /webmaster/articlecategory
2014/07/21 01:25:56 [I][::1] get /webmaster/linkcategory
2014/07/21 01:26:14 [I][::1] post /webmaster/linkcategory/create
2014/07/21 01:26:14 [I][::1] get /webmaster/linkcategory
2014/07/21 01:26:31 [I][::1] post /webmaster/linkcategory/edit
2014/07/21 01:26:31 [I][::1] get /webmaster/linkcategory
2014/07/21 01:27:18 [I][::1] post /webmaster/linkcategory/create
2014/07/21 01:27:18 [I][::1] get /webmaster/linkcategory
2014/07/21 01:27:27 [I][::1] post /webmaster/linkcategory/edit
2014/07/21 01:27:27 [I][::1] get /webmaster/linkcategory
2014/07/21 01:27:34 [I][::1] post /webmaster/linkcategory/create
2014/07/21 01:27:34 [I][::1] get /webmaster/linkcategory
2014/07/21 01:27:38 [I][::1] post /webmaster/linkcategory/delete
2014/07/21 01:27:38 [I][::1] get /webmaster/linkcategory
2014/07/21 01:27:42 [I][::1] get /webmaster/link
2014/07/21 01:27:43 [I][::1] get /webmaster/link
2014/07/21 01:27:44 [I][::1] get /webmaster/link
2014/07/21 01:27:45 [I][::1] get /webmaster/article
2014/07/21 01:27:45 [I][::1] get /webmaster/link
2014/07/21 01:29:20 [I][::1] get /webmaster/link
2014/07/21 01:34:52 [I][::1] get /webmaster/link
2014/07/21 01:34:54 [I][::1] get /webmaster/link/create
2014/07/21 01:36:13 [I][::1] get /webmaster/link/create
2014/07/21 01:37:01 [I][::1] post /webmaster/link/create
2014/07/21 01:37:02 [I][::1] get /webmaster/link
2014/07/21 01:37:23 [I][::1] get /webmaster/link
2014/07/21 01:37:26 [I][::1] get /webmaster/link/edit
2014/07/21 01:37:44 [I][::1] get /webmaster/link/edit
2014/07/21 01:38:15 [I][::1] get /webmaster/link/edit
2014/07/21 01:39:31 [I][::1] get /webmaster/link
2014/07/21 01:39:35 [I][::1] get /webmaster/link/edit
2014/07/21 01:40:53 [I][::1] get /webmaster/logout
2014/07/21 01:40:53 [I][::1] get /webmaster/errorpage
2014/07/21 01:40:54 [I][::1] get /webmaster/login
2014/07/21 01:40:58 [I][::1] post /webmaster/login
2014/07/21 01:40:58 [I][::1] admin logged
2014/07/21 01:40:58 [I][::1] get /webmaster/dashboard
2014/07/21 01:40:59 [I][::1] get /webmaster/article
2014/07/21 01:41:01 [I][::1] get /webmaster/article/create
2014/07/21 01:41:46 [I][::1] post /updateprocess/webmaster/ckeditor
2014/07/21 01:41:55 [I][::1] get /webmaster/logout
2014/07/21 01:41:55 [I][::1] admin logged out
2014/07/21 01:41:55 [I][::1] get /webmaster/login
2014/07/21 01:41:59 [I][::1] post /webmaster/login
2014/07/21 01:41:59 [I][::1] root logged
2014/07/21 01:41:59 [I][::1] get /webmaster/dashboard
2014/07/21 01:42:00 [I][::1] get /webmaster/article
2014/07/21 01:42:04 [I][::1] get /webmaster/article/edit
2014/07/21 01:42:11 [I][::1] post /updateprocess/webmaster/ckeditor
2014/07/21 01:42:11 [I]save file: E:\SkyDrive\xianmau\Project\goworkspace\ECPlatform\src\uploads\article/1405878131.png
2014/07/21 01:44:13 [I][::1] get /webmaster/article/edit
2014/07/21 01:44:21 [I][::1] post /updateprocess/webmaster/ckeditor
2014/07/21 01:44:21 [I]save file: E:\SkyDrive\xianmau\Project\goworkspace\ECPlatform\src\uploads\article/1405878261.png
2014/07/21 01:44:43 [I][::1] get /webmaster/link
2014/07/21 01:44:46 [I][::1] get /webmaster/link/create
2014/07/21 01:44:52 [I][::1] get /webmaster/link
2014/07/21 01:44:53 [I][::1] get /webmaster/link/edit
2014/07/21 01:47:07 [I][::1] access /webmaster/link
2014/07/21 01:47:07 [I][::1] get /webmaster/errorpage
2014/07/21 01:47:08 [I][::1] get /webmaster/login
2014/07/21 01:47:12 [I][::1] post /webmaster/login
2014/07/21 01:47:12 [I][::1] root logged
2014/07/21 01:47:12 [I][::1] get /webmaster/dashboard
2014/07/21 01:47:13 [I][::1] get /webmaster/article
2014/07/21 01:47:13 [I][::1] get /webmaster/link
2014/07/21 01:47:15 [I][::1] get /webmaster/link/create
2014/07/21 01:47:36 [I][::1] post /webmaster/link/create
2014/07/21 01:47:36 [I][::1] get /webmaster/link
2014/07/21 01:47:38 [I][::1] get /webmaster/link/edit
2014/07/21 01:47:42 [I][::1] get /webmaster/link
2014/07/21 01:47:43 [I][::1] get /webmaster/link/edit
2014/07/21 01:48:09 [I][::1] post /webmaster/link/edit
2014/07/21 01:48:09 [I][::1] get /webmaster/link/edit
2014/07/21 01:48:16 [I][::1] get /webmaster/link
2014/07/21 01:48:18 [I][::1] get /webmaster/link/edit
2014/07/21 01:48:23 [I][::1] get /webmaster/link/create
2014/07/21 01:48:29 [I][::1] post /webmaster/link/create
2014/07/21 01:48:29 [I][::1] get /webmaster/link
2014/07/21 01:48:33 [I][::1] post /webmaster/link/delete
2014/07/21 01:48:33 [I][::1] get /webmaster/link
2014/07/21 01:48:38 [I][::1] get /webmaster/link
2014/07/21 01:48:40 [I][::1] get /webmaster/linkcategory
