2014/07/22 00:37:59 [I][::1] access /webmaster/dashboard
2014/07/22 00:38:00 [I][::1] get /webmaster/errorpage
2014/07/22 00:38:02 [I][::1] get /webmaster/login
2014/07/22 00:38:05 [I][::1] post /webmaster/login
2014/07/22 00:38:05 [I][::1] root logged
2014/07/22 00:38:05 [I][::1] get /webmaster/dashboard
2014/07/22 00:38:11 [I][::1] get /webmaster/article
2014/07/22 00:38:12 [I][::1] get /webmaster/link
2014/07/22 00:38:13 [I][::1] get /webmaster/article
2014/07/22 00:38:14 [I][::1] get /webmaster/goods
2014/07/22 00:38:15 [I][::1] get /webmaster/article
2014/07/22 00:38:18 [I][::1] get /webmaster/articlecategory
2014/07/22 00:38:19 [I][::1] get /webmaster/article
2014/07/22 00:38:53 [I][::1] get /webmaster/article
2014/07/22 00:39:01 [I][::1] get /webmaster/article/edit
2014/07/22 00:40:15 [I][::1] get /webmaster/link
2014/07/22 00:40:16 [I][::1] get /webmaster/article
2014/07/22 00:40:16 [I][::1] get /webmaster/goods
2014/07/22 00:40:17 [I][::1] get /webmaster/article
2014/07/22 00:40:17 [I][::1] get /webmaster/link
2014/07/22 00:40:38 [I][::1] get /webmaster/goods
2014/07/22 00:40:38 [I][::1] get /webmaster/dashboard
2014/07/22 00:40:39 [I][::1] get /webmaster/article
2014/07/22 00:40:40 [I][::1] get /webmaster/goods
2014/07/22 00:40:43 [I][::1] get /webmaster/dashboard
2014/07/22 00:40:44 [I][::1] get /webmaster/dashboard
2014/07/22 00:40:44 [I][::1] get /webmaster/goods
2014/07/22 01:03:23 [I][::1] get /webmaster/goods
2014/07/22 01:05:19 [I][::1] get /webmaster/goods
2014/07/22 01:05:32 [I][::1] access /webmaster/setting
2014/07/22 01:05:32 [I][::1] get /webmaster/errorpage
2014/07/22 01:05:35 [I][::1] get /webmaster/login
2014/07/22 01:05:38 [I][::1] post /webmaster/login
2014/07/22 01:05:38 [I][::1] admin logged
2014/07/22 01:05:38 [I][::1] get /webmaster/dashboard
2014/07/22 01:05:40 [I][::1] get /webmaster/system
2014/07/22 01:05:41 [I][::1] get /webmaster/setting
2014/07/22 01:05:42 [I][::1] get /webmaster/system
2014/07/22 01:05:43 [I][::1] get /webmaster/setting
2014/07/22 01:05:43 [I][::1] get /webmaster/system
2014/07/22 01:05:44 [I][::1] get /webmaster/setting
2014/07/22 01:05:44 [I][::1] get /webmaster/system
2014/07/22 01:05:44 [I][::1] get /webmaster/setting
2014/07/22 01:05:45 [I][::1] get /webmaster/system
2014/07/22 01:05:45 [I][::1] get /webmaster/setting
2014/07/22 01:05:45 [I][::1] get /webmaster/system
2014/07/22 01:05:46 [I][::1] get /webmaster/setting
2014/07/22 01:14:35 [I][::1] get /webmaster/setting
2014/07/22 01:14:43 [I][::1] get /webmaster/system
2014/07/22 01:16:19 [I][::1] get /webmaster/system
2014/07/22 01:16:42 [I][::1] get /webmaster/system
2014/07/22 01:16:45 [I][::1] get /webmaster/setting
2014/07/22 01:19:07 [I][::1] get /webmaster/setting
2014/07/22 01:26:20 [I][::1] access /webmaster/dashboard
2014/07/22 01:26:20 [I][::1] get /webmaster/errorpage
2014/07/22 01:26:21 [I][::1] get /webmaster/login
2014/07/22 01:26:24 [I][::1] post /webmaster/login
2014/07/22 01:26:24 [I][::1] root logged
2014/07/22 01:26:24 [I][::1] get /webmaster/dashboard
2014/07/22 01:26:26 [I][::1] get /webmaster/setting
2014/07/22 01:26:27 [I][::1] get /webmaster/system
2014/07/22 01:26:27 [I][::1] get /webmaster/setting
2014/07/22 01:26:31 [I][::1] get /webmaster/system
2014/07/22 01:26:32 [I][::1] get /webmaster/setting
2014/07/22 01:26:41 [I][::1] get /webmaster/system
2014/07/22 01:26:58 [I][::1] get /webmaster/setting
2014/07/22 01:26:59 [I][::1] get /webmaster/system
2014/07/22 01:34:10 [I][::1] get /webmaster/dashboard
2014/07/22 01:35:20 [I][::1] get /webmaster/dashboard
2014/07/22 01:36:23 [I][::1] get /webmaster/dashboard
2014/07/22 01:36:28 [I][::1] get /webmaster/goods
2014/07/22 01:36:32 [I][::1] get /webmaster/link
2014/07/22 01:36:34 [I][::1] get /webmaster/article
2014/07/22 01:36:35 [I][::1] get /webmaster/goods
2014/07/22 01:36:35 [I][::1] get /webmaster/dashboard
2014/07/22 01:36:39 [I][::1] get /webmaster/system
2014/07/22 01:36:39 [I][::1] get /webmaster/setting
2014/07/22 01:37:50 [I][::1] get /webmaster/dashboard
2014/07/22 01:37:51 [I][::1] get /webmaster/goods
2014/07/22 01:37:51 [I][::1] get /webmaster/article
2014/07/22 01:37:52 [I][::1] get /webmaster/link
2014/07/22 01:37:53 [I][::1] get /webmaster/setting
2014/07/22 01:37:53 [I][::1] get /webmaster/system
2014/07/22 01:38:01 [I][::1] get /webmaster/system
2014/07/22 01:39:06 [I][::1] get /webmaster/system
2014/07/22 01:40:52 [I][::1] get /webmaster/system
2014/07/22 01:40:54 [I][::1] get /webmaster/system
2014/07/22 01:40:56 [I][::1] get /webmaster/system
2014/07/22 01:40:56 [I][::1] get /webmaster/setting
2014/07/22 01:40:59 [I][::1] get /webmaster/link
2014/07/22 01:40:59 [I][::1] get /webmaster/setting
2014/07/22 01:41:00 [I][::1] get /webmaster/system
