2014/08/12 12:14:23 [I][::1] get /web/home
2014/08/12 12:17:47 [I][::1] get /web/home
2014/08/12 12:18:43 [I][::1] get /web/home
2014/08/12 12:18:49 [I][::1] get /web/home
2014/08/12 12:18:55 [I][::1] get /web/home
2014/08/12 12:18:56 [I][::1] get /web/home
2014/08/12 12:18:56 [I][::1] get /web/home
2014/08/12 12:19:13 [I][::1] get /web/home
2014/08/12 12:19:27 [I][::1] get /web/home
2014/08/12 12:22:02 [I][::1] get /web/home
2014/08/12 12:22:12 [I][::1] get /web/home
2014/08/12 13:19:00 [I][::1] get /web/detail
2014/08/12 13:19:04 [I][::1] get /web/cat
2014/08/12 13:27:58 [I][::1] get /web/cat
2014/08/12 13:28:33 [I][::1] get /web/cat
2014/08/12 13:28:52 [I][::1] get /web/cat
2014/08/12 13:29:00 [I][::1] get /web/cat
2014/08/12 13:29:14 [I][::1] get /web/cat
2014/08/12 13:29:40 [I][::1] get /web/cat
2014/08/12 13:30:38 [I][::1] get /web/cat
2014/08/12 13:30:53 [I][::1] get /web/cat
2014/08/12 13:31:14 [I][::1] get /web/cat
2014/08/12 13:32:06 [I][::1] get /web/cat
2014/08/12 13:32:06 [I][::1] get /web/cat
2014/08/12 13:32:06 [I][::1] get /web/cat
2014/08/12 13:32:07 [I][::1] get /web/cat
2014/08/12 13:32:33 [I][::1] get /web/cat
2014/08/12 13:32:35 [I][::1] get /web/cat
2014/08/12 13:32:45 [I][::1] get /web/cat
2014/08/12 13:33:15 [I][::1] get /web/cat
2014/08/12 13:40:38 [I][::1] get /web/cat
2014/08/12 13:41:36 [I][::1] get /web/cat
2014/08/12 13:43:19 [I][::1] get /web/cat
2014/08/12 13:43:38 [I][::1] get /web/cat
2014/08/12 19:28:47 [I][::1] get /web/cat
2014/08/12 19:28:59 [I][::1] get /web/cat
2014/08/12 19:29:02 [I][::1] get /web/cat
2014/08/12 19:29:04 [I][::1] get /web/cat
2014/08/12 19:29:05 [I][::1] get /web/cat
2014/08/12 19:29:07 [I][::1] get /web/cat
2014/08/12 19:29:09 [I][::1] get /web/cat
2014/08/12 19:33:33 [I][::1] get /web/cat
2014/08/12 19:38:53 [I][::1] get /web/cat
2014/08/12 19:39:30 [I][::1] get /web/cat
2014/08/12 19:40:26 [I][::1] get /web/cat
2014/08/12 19:40:44 [I][::1] get /web/cat
2014/08/12 19:41:53 [I][::1] get /web/cat
2014/08/12 19:41:55 [I][::1] get /web/cat
2014/08/12 19:42:18 [I][::1] get /web/cat
2014/08/12 19:42:34 [I][::1] get /web/cat
2014/08/12 19:42:53 [I][::1] get /web/cat
2014/08/12 19:45:20 [I][::1] get /web/cat
2014/08/12 19:50:13 [I][::1] get /web/cat
2014/08/12 19:51:16 [I][::1] get /web/cat
2014/08/12 19:51:47 [I][::1] get /web/cat
2014/08/12 19:52:33 [I][::1] get /web/cat
2014/08/12 19:52:45 [I][::1] get /web/cat
2014/08/12 19:52:46 [I][::1] get /web/cat
2014/08/12 19:52:47 [I][::1] get /web/cat
2014/08/12 19:52:54 [I][::1] get /web/cat
2014/08/12 19:52:55 [I][::1] get /web/cat
2014/08/12 19:53:24 [I][::1] get /web/cat
2014/08/12 19:53:35 [I][::1] get /web/cat
2014/08/12 19:54:40 [I][::1] get /web/cat
2014/08/12 19:55:08 [I][::1] get /web/cat
2014/08/12 19:55:31 [I][::1] get /web/cat
2014/08/12 19:56:37 [I][::1] get /web/cat
2014/08/12 19:56:49 [I][::1] get /web/cat
2014/08/12 20:01:23 [I][::1] get /web/cat
2014/08/12 20:01:52 [I][::1] get /web/cat
2014/08/12 20:02:00 [I][::1] get /web/cat
2014/08/12 20:02:54 [I][::1] get /web/cat
2014/08/12 20:03:12 [I][::1] get /web/cat
2014/08/12 20:03:14 [I][::1] get /web/cat
2014/08/12 20:03:31 [I][::1] get /web/cat
2014/08/12 20:03:31 [I][::1] get /web/cat
2014/08/12 20:03:31 [I][::1] get /web/cat
2014/08/12 20:03:32 [I][::1] get /web/cat
2014/08/12 20:03:32 [I][::1] get /web/cat
2014/08/12 20:03:32 [I][::1] get /web/cat
2014/08/12 20:03:32 [I][::1] get /web/cat
2014/08/12 20:03:32 [I][::1] get /web/cat
2014/08/12 20:03:33 [I][::1] get /web/cat
2014/08/12 20:03:33 [I][::1] get /web/cat
2014/08/12 20:03:33 [I][::1] get /web/cat
2014/08/12 20:06:58 [I][::1] get /web/cat
2014/08/12 20:07:43 [I][::1] get /web/cat
2014/08/12 20:07:57 [I][::1] get /web/cat
2014/08/12 20:09:02 [I][::1] get /web/cat
2014/08/12 20:09:24 [I][::1] get /web/cat
2014/08/12 20:09:35 [I][::1] get /web/cat
2014/08/12 20:09:44 [I][::1] get /web/cat
2014/08/12 20:09:46 [I][::1] get /web/cat
2014/08/12 20:09:50 [I][::1] get /web/cat
2014/08/12 20:18:48 [I][::1] get /web/cat
2014/08/12 20:20:35 [I][::1] get /web/cat
2014/08/12 20:21:30 [I][::1] get /web/cat
2014/08/12 20:21:52 [I][::1] get /web/cat
2014/08/12 20:21:52 [I][::1] get /web/cat
2014/08/12 20:21:53 [I][::1] get /web/cat
2014/08/12 20:21:53 [I][::1] get /web/cat
2014/08/12 20:21:53 [I][::1] get /web/cat
2014/08/12 20:22:05 [I][::1] get /web/cat
2014/08/12 20:22:05 [I][::1] get /web/cat
2014/08/12 20:22:05 [I][::1] get /web/cat
2014/08/12 20:22:35 [I][::1] get /web/cat
2014/08/12 20:22:35 [I][::1] get /web/cat
2014/08/12 20:22:35 [I][::1] get /web/cat
2014/08/12 20:22:35 [I][::1] get /web/cat
2014/08/12 20:22:35 [I][::1] get /web/cat
2014/08/12 20:22:35 [I][::1] get /web/cat
2014/08/12 20:22:36 [I][::1] get /web/cat
2014/08/12 20:24:21 [I][::1] get /web/cat
2014/08/12 20:24:36 [I][::1] get /web/cat
2014/08/12 20:26:58 [I][::1] get /web/cat
2014/08/12 20:27:21 [I][::1] get /web/cat
2014/08/12 20:28:12 [I][::1] get /web/cat
2014/08/12 20:28:17 [I][::1] get /web/cat
2014/08/12 20:28:23 [I][::1] get /web/cat
2014/08/12 20:28:31 [I][::1] get /web/cat
2014/08/12 20:28:35 [I][::1] get /web/cat
2014/08/12 20:28:45 [I][::1] get /web/cat
2014/08/12 20:28:56 [I][::1] get /web/cat
2014/08/12 20:29:02 [I][::1] get /web/cat
2014/08/12 20:29:08 [I][::1] get /web/cat
2014/08/12 20:29:10 [I][::1] get /web/cat
2014/08/12 20:29:12 [I][::1] get /web/cat
2014/08/12 20:29:14 [I][::1] get /web/cat
2014/08/12 20:29:16 [I][::1] get /web/cat
2014/08/12 20:29:20 [I][::1] get /web/cat
2014/08/12 20:29:25 [I][::1] get /web/cat
2014/08/12 20:29:27 [I][::1] get /web/cat
2014/08/12 20:29:29 [I][::1] get /web/cat
2014/08/12 20:30:31 [I][::1] get /web/cat
2014/08/12 20:30:48 [I][::1] get /web/cat
2014/08/12 20:32:29 [I][::1] get /web/cat
2014/08/12 20:33:17 [I][::1] get /web/cat
2014/08/12 20:38:46 [I][::1] get /web/cat
2014/08/12 20:39:44 [I][::1] get /web/cat
2014/08/12 20:40:50 [I][::1] get /web/cat
2014/08/12 20:40:50 [E]template: cat.html:48: function "for" not defined
2014/08/12 20:41:04 [I][::1] get /web/cat
2014/08/12 20:41:04 [E]template: cat.html:48: function "i" not defined
2014/08/12 20:42:06 [I][::1] get /web/cat
2014/08/12 20:44:49 [I][::1] get /web/cat
2014/08/12 20:44:57 [I][::1] get /web/cat
2014/08/12 20:48:49 [I][::1] get /web/cat
2014/08/12 20:48:54 [I][::1] get /web/cat
2014/08/12 20:52:30 [I][::1] get /web/cat
2014/08/12 20:52:32 [I][::1] get /web/cat
2014/08/12 20:52:32 [I][::1] get /web/cat
2014/08/12 20:52:33 [I][::1] get /web/cat
2014/08/12 20:53:01 [I][::1] get /web/cat
2014/08/12 20:53:26 [I][::1] get /web/cat
2014/08/12 20:59:48 [I][::1] get /web/cat
2014/08/12 20:59:57 [I][::1] get /web/cat
2014/08/12 21:00:03 [I][::1] get /web/cat
2014/08/12 21:00:15 [I][::1] get /web/cat
