2014/07/20 20:41:53 [I][::1] access /webmaster/dashboard
2014/07/20 20:41:53 [I][::1] get /webmaster/errorpage
2014/07/20 20:41:55 [I][::1] get /webmaster/login
2014/07/20 20:41:59 [I][::1] post /webmaster/login
2014/07/20 20:42:00 [I][::1] admin logged
2014/07/20 20:42:00 [I][::1] get /webmaster/dashboard
2014/07/20 22:18:33 [I][::1] access /webmaster/dashboard
2014/07/20 22:18:33 [I][::1] get /webmaster/errorpage
2014/07/20 22:18:34 [I][::1] get /webmaster/login
2014/07/20 22:18:41 [I][::1] post /webmaster/login
2014/07/20 22:18:41 [I][::1] root logged
2014/07/20 22:18:41 [I][::1] get /webmaster/dashboard
2014/07/20 22:18:43 [I][::1] get /webmaster/goods
2014/07/20 22:21:13 [I][::1] access /webmaster/dashboard
2014/07/20 22:21:13 [I][::1] get /webmaster/errorpage
2014/07/20 22:21:14 [I][::1] get /webmaster/login
2014/07/20 22:21:20 [I][::1] post /webmaster/login
2014/07/20 22:21:20 [I][::1] root logged
2014/07/20 22:21:20 [I][::1] get /webmaster/dashboard
2014/07/20 22:22:19 [I][::1] access /webmaster/dashboard
2014/07/20 22:22:19 [I][::1] get /webmaster/errorpage
2014/07/20 22:22:21 [I][::1] get /webmaster/login
2014/07/20 22:22:24 [I][::1] post /webmaster/login
2014/07/20 22:22:24 [I][::1] admin logged
2014/07/20 22:22:24 [I][::1] get /webmaster/dashboard
2014/07/20 22:22:25 [I][::1] get /webmaster/goods
2014/07/20 22:34:41 [I][::1] access /webmaster/dashboard
2014/07/20 22:34:41 [I][::1] get /webmaster/errorpage
2014/07/20 22:34:43 [I][::1] get /webmaster/login
2014/07/20 22:34:45 [I][::1] post /webmaster/login
2014/07/20 22:34:45 [I][::1] admin logged
2014/07/20 22:34:45 [I][::1] get /webmaster/dashboard
2014/07/20 22:34:46 [I][::1] get /webmaster/article
2014/07/20 22:34:52 [I][::1] get /webmaster/goodscategory
2014/07/20 22:35:01 [I][::1] get /webmaster/articlecategory
2014/07/20 22:35:52 [I][::1] post /webmaster/articlecategory/create
2014/07/20 22:35:52 [I][::1] get /webmaster/articlecategory
2014/07/20 22:36:18 [I][::1] post /webmaster/articlecategory/create
2014/07/20 22:36:18 [I][::1] get /webmaster/articlecategory
2014/07/20 22:36:20 [I][::1] get /webmaster/dashboard
2014/07/20 22:36:28 [I][::1] get /webmaster/dashboard
2014/07/20 22:36:32 [I][::1] get /web/home
2014/07/20 22:38:24 [I][::1] post /webmaster/articlecategory/create
2014/07/20 22:38:24 [I][::1] get /webmaster/articlecategory
2014/07/20 22:39:40 [I][::1] post /webmaster/articlecategory/edit
2014/07/20 22:39:40 [I][::1] get /webmaster/articlecategory
2014/07/20 22:39:54 [I][::1] post /webmaster/articlecategory/create
2014/07/20 22:39:54 [I][::1] get /webmaster/articlecategory
2014/07/20 22:40:06 [I][::1] post /webmaster/articlecategory/edit
2014/07/20 22:40:06 [I][::1] get /webmaster/articlecategory
2014/07/20 22:40:12 [I][::1] get /webmaster/goods
2014/07/20 22:40:16 [I][::1] get /webmaster/goodscategory
2014/07/20 22:40:17 [I][::1] get /webmaster/article
2014/07/20 22:40:20 [I][::1] get /webmaster/goodscategory
2014/07/20 22:40:27 [I][::1] get /webmaster/articlecategory
2014/07/20 22:40:33 [I][::1] post /webmaster/articlecategory/edit
2014/07/20 22:40:33 [I][::1] get /webmaster/articlecategory
2014/07/20 22:40:42 [I][::1] post /webmaster/articlecategory/edit
2014/07/20 22:40:42 [I][::1] get /webmaster/articlecategory
2014/07/20 22:41:11 [I][::1] post /webmaster/articlecategory/edit
2014/07/20 22:41:11 [I][::1] get /webmaster/articlecategory
2014/07/20 22:41:17 [I][::1] post /webmaster/articlecategory/edit
2014/07/20 22:41:17 [I][::1] get /webmaster/articlecategory
2014/07/20 22:41:32 [I][::1] post /webmaster/articlecategory/create
2014/07/20 22:41:32 [I][::1] get /webmaster/articlecategory
2014/07/20 22:41:34 [I][::1] post /webmaster/articlecategory/delete
2014/07/20 22:41:34 [I][::1] get /webmaster/articlecategory
2014/07/20 22:57:16 [I][::1] get /webmaster/goods
2014/07/20 23:22:59 [I][::1] access /webmaster/article
2014/07/20 23:22:59 [I][::1] get /webmaster/errorpage
2014/07/20 23:23:01 [I][::1] get /webmaster/login
2014/07/20 23:23:07 [I][::1] post /webmaster/login
2014/07/20 23:23:07 [I][::1] root logged
2014/07/20 23:23:07 [I][::1] get /webmaster/dashboard
2014/07/20 23:23:09 [I][::1] get /webmaster/article
2014/07/20 23:23:11 [I][::1] get /webmaster/articlecategory
2014/07/20 23:23:13 [I][::1] get /webmaster/article/create
2014/07/20 23:23:19 [I][::1] get /webmaster/articlecategory
2014/07/20 23:23:21 [I][::1] get /webmaster/article
2014/07/20 23:23:43 [I][::1] get /webmaster/article
2014/07/20 23:23:44 [I][::1] get /webmaster/goods
2014/07/20 23:23:45 [I][::1] get /webmaster/article
2014/07/20 23:23:46 [I][::1] get /webmaster/goods
2014/07/20 23:23:46 [I][::1] get /webmaster/article
2014/07/20 23:23:47 [I][::1] get /webmaster/goods
2014/07/20 23:23:48 [I][::1] get /webmaster/article
2014/07/20 23:23:49 [I][::1] get /webmaster/goods
2014/07/20 23:23:52 [I][::1] get /webmaster/article
2014/07/20 23:23:54 [I][::1] get /webmaster/articlecategory
2014/07/20 23:40:17 [I][::1] get /webmaster/article
2014/07/20 23:40:18 [I][::1] get /webmaster/article
2014/07/20 23:40:19 [I][::1] get /webmaster/articlecategory
2014/07/20 23:40:22 [I][::1] get /webmaster/goods
2014/07/20 23:40:23 [I][::1] get /webmaster/article
2014/07/20 23:40:24 [I][::1] get /webmaster/article/create
2014/07/20 23:41:27 [I][::1] post /webmaster/article/create
2014/07/20 23:41:27 [I][::1] get /webmaster/article
2014/07/20 23:41:27 [E]sql: Scan error on column index 4: unsupported driver -> Scan pair: []uint8 -> *time.Time
2014/07/20 23:41:32 [I][::1] get /webmaster/article
2014/07/20 23:41:32 [E]sql: Scan error on column index 4: unsupported driver -> Scan pair: []uint8 -> *time.Time
2014/07/20 23:41:44 [I][::1] get /webmaster/article
2014/07/20 23:41:44 [E]sql: Scan error on column index 4: unsupported driver -> Scan pair: []uint8 -> *time.Time
2014/07/20 23:41:50 [I][::1] get /webmaster/dashboard
2014/07/20 23:41:51 [I][::1] get /webmaster/article
2014/07/20 23:41:51 [E]sql: Scan error on column index 4: unsupported driver -> Scan pair: []uint8 -> *time.Time
2014/07/20 23:41:55 [I][::1] get /webmaster/article
2014/07/20 23:41:55 [E]sql: Scan error on column index 4: unsupported driver -> Scan pair: []uint8 -> *time.Time
2014/07/20 23:43:20 [I][::1] access /webmaster/goods
2014/07/20 23:43:20 [I][::1] get /webmaster/errorpage
2014/07/20 23:43:21 [I][::1] get /webmaster/login
2014/07/20 23:43:25 [I][::1] post /webmaster/login
2014/07/20 23:43:25 [I][::1] root logged
2014/07/20 23:43:25 [I][::1] get /webmaster/dashboard
2014/07/20 23:43:26 [I][::1] get /webmaster/article
2014/07/20 23:43:26 [E]sql: Scan error on column index 4: unsupported driver -> Scan pair: []uint8 -> *time.Time
2014/07/20 23:51:53 [I][::1] get /webmaster/article
2014/07/20 23:51:53 [E]sql: Scan error on column index 4: unsupported driver -> Scan pair: []uint8 -> *time.Time
2014/07/20 23:52:03 [I][::1] get /webmaster/article
2014/07/20 23:52:03 [E]sql: Scan error on column index 4: unsupported driver -> Scan pair: []uint8 -> *time.Time
2014/07/20 23:52:05 [I][::1] get /webmaster/article
2014/07/20 23:52:05 [E]sql: Scan error on column index 4: unsupported driver -> Scan pair: []uint8 -> *time.Time
