2014/06/27 00:59:44 [I]a client visit /webmaster/dashboard
2014/06/27 00:59:52 [I]a client visit /webmaster/dashboard
2014/06/27 00:59:55 [I]a client visit /webmaster/dashboard
2014/06/27 01:00:23 [I]a client visit /webmaster/dashboard
2014/06/27 01:22:27 [I]a client visit /webmaster/dashboard
2014/06/27 01:22:51 [I]a client visit /webmaster/dashboard
2014/06/27 01:22:53 [I]a client visit /webmaster/dashboard
2014/06/27 01:22:59 [I]a client visit /webmaster/dashboard
2014/06/27 01:23:26 [I]a client visit /webmaster/dashboard
2014/06/27 01:23:41 [I]a client visit /webmaster/dashboard
2014/06/27 01:23:56 [I]a client visit /webmaster/dashboard
2014/06/27 01:24:50 [I]a client visit /webmaster/dashboard
2014/06/27 01:24:54 [I]a client visit /webmaster/dashboard
2014/06/27 01:26:47 [I]a client visit /webmaster/dashboard
2014/06/27 01:26:49 [I]a client visit /webmaster/dashboard
2014/06/27 01:26:50 [I]a client visit /webmaster/dashboard
2014/06/27 01:27:03 [I]a client visit /webmaster/dashboard
2014/06/27 01:31:54 [I]a client visit /webmaster/dashboard
2014/06/27 01:37:59 [I]a client visit /webmaster/dashboard
2014/06/27 01:49:59 [I]a client visit /webmaster/dashboard
2014/06/27 01:53:19 [I]a client visit /webmaster/dashboard
2014/06/27 01:53:25 [I]a client visit /webmaster/dashboard
2014/06/27 02:02:14 [I]a client visit /webmaster/dashboard
2014/06/27 02:05:44 E:/SkyDrive/xianmau/Project/goworkspace/ECPlatform/src/utils/logger/logger.go:116: [F]template: dashboard.html:7: unexpected <template> in command
2014/06/27 02:05:57 E:/SkyDrive/xianmau/Project/goworkspace/ECPlatform/src/utils/logger/logger.go:116: [F]template: dashboard.html:7: unexpected <template> in command
2014/06/27 02:06:10 E:/SkyDrive/xianmau/Project/goworkspace/ECPlatform/src/utils/logger/logger.go:116: [F]template: dashboard.html:7: unexpected <template> in command
2014/06/27 02:15:13 E:/SkyDrive/xianmau/Project/goworkspace/ECPlatform/src/utils/logger/logger.go:116: [F]template: styles.html:4: undefined variable "$data"
2014/06/27 02:17:02 E:/SkyDrive/xianmau/Project/goworkspace/ECPlatform/src/utils/logger/logger.go:116: [F]template: dashboard.html:7: unexpected "$data" in define clause
2014/06/27 02:20:08 [I]a client visit /webmaster/dashboard
2014/06/27 02:22:03 E:/SkyDrive/xianmau/Project/goworkspace/ECPlatform/src/utils/logger/logger.go:116: [F]template: leftside.html:3: undefined variable "$Data"
2014/06/27 02:28:53 [I]a client visit /webmaster/dashboard
