2014/07/10 00:07:58 [I][::1] access /webmaster/goods/create
2014/07/10 00:07:58 [I][::1] get /webmaster/errorpage
2014/07/10 00:08:03 [I][::1] get /webmaster/login
2014/07/10 00:08:08 [I][::1] post /webmaster/login
2014/07/10 00:08:08 [I][::1] get /webmaster/login
2014/07/10 00:08:12 [I][::1] post /webmaster/login
2014/07/10 00:08:12 [I][::1] admin logged
2014/07/10 00:08:12 [I][::1] get /webmaster/dashboard
2014/07/10 00:08:16 [I][::1] get /webmaster/goods
2014/07/10 00:08:21 [I][::1] get /webmaster/goods/create
2014/07/10 01:13:25 [I][::1] access /webmaster/goods/create
2014/07/10 01:13:25 [I][::1] get /webmaster/errorpage
2014/07/10 01:13:26 [I][::1] get /webmaster/login
2014/07/10 01:13:30 [I][::1] post /webmaster/login
2014/07/10 01:13:30 [I][::1] admin logged
2014/07/10 01:13:30 [I][::1] get /webmaster/dashboard
2014/07/10 01:13:34 [I][::1] get /webmaster/goods
2014/07/10 01:13:36 [I][::1] get /webmaster/goods/create
2014/07/10 01:16:55 [I][::1] get /webmaster/goods/create
2014/07/10 01:17:20 [I][::1] get /webmaster/goods/create
2014/07/10 01:26:03 [I][::1] get /webmaster/goods/create
2014/07/10 01:27:23 [I][::1] get /webmaster/goods/create
2014/07/10 01:28:30 [I][::1] get /webmaster/goods/create
2014/07/10 01:32:30 [I][::1] get /webmaster/goods/create
2014/07/10 01:33:06 [I][::1] get /webmaster/goods/create
2014/07/10 01:33:24 [I][::1] get /webmaster/goods/create
2014/07/10 01:33:31 [I][::1] get /webmaster/goods/create
2014/07/10 01:33:59 [I][::1] get /webmaster/goods/create
2014/07/10 01:34:56 [I][::1] get /webmaster/goods/create
2014/07/10 01:43:35 [I][::1] get /webmaster/goods/create
2014/07/10 01:43:37 [I][::1] get /webmaster/goods/create
2014/07/10 01:45:55 [I][::1] get /webmaster/goods/create
2014/07/10 01:51:31 [I][::1] get /webmaster/goods/create
2014/07/10 01:51:44 [I][::1] get /webmaster/goods/create
2014/07/10 01:52:21 [I][::1] get /webmaster/goods/create
2014/07/10 01:55:03 [I][::1] get /webmaster/goods/create
2014/07/10 02:00:54 [I][::1] get /webmaster/goods/create
2014/07/10 02:01:10 [I][::1] get /webmaster/goods/create
2014/07/10 02:01:22 [I][::1] get /webmaster/goods/create
2014/07/10 02:01:57 [I][::1] get /webmaster/goods/create
2014/07/10 02:03:03 [I][::1] get /webmaster/goods/create
2014/07/10 02:03:47 [I][::1] get /webmaster/goods/create
2014/07/10 02:06:36 [I][::1] get /webmaster/goods/create
2014/07/10 02:06:56 [I][::1] get /webmaster/goods/create
2014/07/10 02:07:13 [I][::1] get /webmaster/goods/create
2014/07/10 02:08:37 [I][::1] get /webmaster/goods/create
2014/07/10 02:08:47 [I][::1] get /webmaster/goods/create
2014/07/10 02:09:18 [I][::1] get /webmaster/goods/create
2014/07/10 02:09:22 [I][::1] get /webmaster/goods/create
2014/07/10 02:10:07 [I][::1] get /webmaster/goods/create
2014/07/10 02:10:54 [I][::1] get /webmaster/goods/create
2014/07/10 02:15:56 [I][::1] get /webmaster/goods/create
2014/07/10 02:16:28 [I][::1] get /webmaster/goods/create
2014/07/10 02:16:57 [I][::1] get /webmaster/goods/create
2014/07/10 02:17:28 [I][::1] get /webmaster/goods/create
2014/07/10 02:18:36 [I][::1] get /webmaster/goods/create
2014/07/10 02:41:34 [I][::1] get /webmaster/goods/create
2014/07/10 02:41:50 [I][::1] get /webmaster/goods/create
2014/07/10 02:42:40 [I][::1] get /webmaster/goods/create
2014/07/10 02:43:36 [I][::1] get /webmaster/goods/create
2014/07/10 02:51:00 [I][::1] get /webmaster/goods/create
2014/07/10 02:51:27 [I][::1] get /webmaster/goods/create
2014/07/10 02:52:04 [I][::1] get /webmaster/goods/create
2014/07/10 02:52:27 [I][::1] get /webmaster/goods/create
2014/07/10 02:52:47 [I][::1] get /webmaster/goods/create
2014/07/10 02:53:02 [I][::1] get /webmaster/goods/create
2014/07/10 02:53:28 [I][::1] get /webmaster/goods/create
2014/07/10 02:53:45 [I][::1] get /webmaster/goods/create
2014/07/10 02:54:32 [I][::1] get /webmaster/goods/create
2014/07/10 02:57:23 [I][::1] get /webmaster/goods/create
2014/07/10 02:57:47 [I][::1] get /webmaster/goods/create
2014/07/10 02:59:19 [I][::1] get /webmaster/goods/create
2014/07/10 03:00:25 [I][::1] get /webmaster/goods/create
2014/07/10 03:00:44 [I][::1] get /webmaster/goods/create
2014/07/10 03:01:26 [I][::1] get /webmaster/goods/create
2014/07/10 03:02:09 [I][::1] get /webmaster/goods/create
2014/07/10 03:02:36 [I][::1] get /webmaster/goods/create
2014/07/10 03:05:44 [I][::1] get /webmaster/goods/create
2014/07/10 03:08:06 [I][::1] get /webmaster/goods/create
2014/07/10 03:08:44 [I][::1] get /webmaster/goods/create
2014/07/10 03:09:08 [I][::1] get /webmaster/goods/create
2014/07/10 03:09:52 [I][::1] get /webmaster/goods/create
2014/07/10 03:10:26 [I][::1] get /webmaster/goods/create
2014/07/10 03:10:54 [I][::1] get /webmaster/goods/create
2014/07/10 03:14:01 [I][::1] get /webmaster/goods/create
2014/07/10 03:15:51 [I][::1] get /webmaster/goods/create
2014/07/10 03:15:56 [I][::1] get /webmaster/goods/create
2014/07/10 03:15:58 [I][::1] get /webmaster/goods/create
2014/07/10 03:16:51 [I][::1] get /webmaster/goods/create
2014/07/10 03:17:56 [I][::1] get /webmaster/goods/create
2014/07/10 03:18:16 [I][::1] get /webmaster/goods/create
2014/07/10 03:18:57 [I][::1] get /webmaster/goods/create
2014/07/10 03:19:11 [I][::1] get /webmaster/goods/create
2014/07/10 03:19:31 [I][::1] get /webmaster/goods/create
2014/07/10 03:19:50 [I][::1] get /webmaster/goods/create
2014/07/10 03:20:11 [I][::1] get /webmaster/goods/create
2014/07/10 03:20:23 [I][::1] get /webmaster/goods
2014/07/10 03:20:25 [I][::1] get /webmaster/goods/create
