2014/08/31 00:28:16 [I][::1] get /web/home
2014/08/31 00:28:18 [I][::1] get /web/message
2014/08/31 00:28:19 [I][::1] get /web/acat
2014/08/31 00:28:19 [I][::1] get /web/gcat
2014/08/31 00:28:20 [I][::1] get /web/gcat
2014/08/31 00:28:20 [I][::1] get /web/gcat
2014/08/31 00:29:27 [I][::1] get /web/gcat
2014/08/31 00:29:29 [I][::1] get /web/gcat
2014/08/31 00:31:26 [I][::1] get /web/gcat
2014/08/31 00:31:29 [I][::1] get /web/gcat
2014/08/31 00:31:31 [I][::1] get /web/gcat
2014/08/31 00:31:32 [I][::1] get /web/gcat
2014/08/31 00:31:33 [I][::1] get /web/gcat
2014/08/31 00:31:34 [I][::1] get /web/gcat
2014/08/31 00:31:34 [I][::1] get /web/gcat
2014/08/31 00:31:35 [I][::1] get /web/gcat
2014/08/31 00:31:35 [I][::1] get /web/gcat
2014/08/31 00:31:37 [I][::1] get /web/gcat
2014/08/31 00:31:37 [I][::1] get /web/gcat
2014/08/31 00:31:38 [I][::1] get /web/gcat
2014/08/31 00:31:39 [I][::1] get /web/gcat
2014/08/31 00:31:39 [I][::1] get /web/gcat
2014/08/31 00:31:40 [I][::1] get /web/gcat
2014/08/31 00:31:41 [I][::1] get /web/gcat
2014/08/31 00:31:42 [I][::1] get /web/gcat
2014/08/31 00:31:44 [I][::1] get /web/home
2014/08/31 00:31:45 [I][::1] get /web/home
2014/08/31 00:31:46 [I][::1] get /web/home
2014/08/31 00:31:47 [I][::1] get /web/home
2014/08/31 00:31:48 [I][::1] get /web/home
2014/08/31 00:31:49 [I][::1] get /web/home
2014/08/31 00:31:50 [I][::1] get /web/home
2014/08/31 00:33:41 [I][::1] get /web/home
2014/08/31 00:33:43 [I][::1] get /web/gcat
2014/08/31 00:33:46 [I][::1] get /web/gcat
2014/08/31 00:33:49 [I][::1] get /web/gcat
2014/08/31 00:33:50 [I][::1] get /web/gcat
2014/08/31 00:33:50 [I][::1] get /web/gcat
2014/08/31 00:33:52 [I][::1] get /web/gcat
2014/08/31 00:33:53 [I][::1] get /web/gcat
2014/08/31 00:33:54 [I][::1] get /web/gcat
2014/08/31 00:33:54 [I][::1] get /web/gcat
2014/08/31 00:33:55 [I][::1] get /web/gcat
2014/08/31 01:42:48 [I][::1] get /web/home
2014/08/31 01:42:48 [E]template: headerpart.html:25: function "UrlEncode" not defined
2014/08/31 01:42:56 [I][::1] get /web/home
2014/08/31 01:42:56 [E]template: headerpart.html:25: function "UrlEncode" not defined
2014/08/31 01:45:11 [I][::1] get /web/home
2014/08/31 01:45:11 [E]open /views/web/home.html: The system cannot find the path specified.
2014/08/31 01:48:21 [I][::1] get /web/home
2014/08/31 01:48:23 [I][::1] get /web/home
2014/08/31 01:48:25 [I][::1] get /web/gcat
2014/08/31 01:48:26 [I][::1] get /web/gcat
2014/08/31 01:48:37 [I][::1] get /web/home
2014/08/31 01:48:39 [I][::1] get /web/home
2014/08/31 01:48:41 [I][::1] get /web/gcat
2014/08/31 01:48:42 [I][::1] get /web/gcat
2014/08/31 01:48:44 [I][::1] get /web/gcat
2014/08/31 01:48:44 [I][::1] get /web/gcat
2014/08/31 01:48:45 [I][::1] get /web/acat
2014/08/31 01:48:45 [E]template: headerpart.html:25: function "UrlEncode" not defined
2014/08/31 01:48:55 [I][::1] get /web/gcat
2014/08/31 01:48:55 [I][::1] get /web/gcat
2014/08/31 01:48:56 [I][::1] get /web/gcat
2014/08/31 01:54:09 [I][::1] get /web/gcat
2014/08/31 01:54:10 [I][::1] get /web/gcat
2014/08/31 01:54:12 [I][::1] get /web/gcat
2014/08/31 01:54:16 [I][::1] get /web/gcat
2014/08/31 01:54:21 [I][::1] get /web/home
2014/08/31 01:54:23 [I][::1] get /web/gcat
2014/08/31 01:54:24 [I][::1] get /web/gcat
2014/08/31 01:54:25 [I][::1] get /web/gcat
2014/08/31 01:54:26 [I][::1] get /web/gcat
2014/08/31 01:54:27 [I][::1] get /web/acat
2014/08/31 01:54:27 [E]template: headerpart.html:20: function "UrlEncode" not defined
2014/08/31 01:54:33 [I][::1] get /web/message
2014/08/31 01:54:33 [E]template: headerpart.html:20: function "UrlEncode" not defined
2014/08/31 01:55:50 [I][::1] get /web/home
2014/08/31 01:55:51 [I][::1] get /web/acat
2014/08/31 01:55:53 [I][::1] get /web/message
2014/08/31 01:55:54 [I][::1] get /web/acat
2014/08/31 01:55:55 [I][::1] get /web/gcat
2014/08/31 01:55:55 [I][::1] get /web/gcat
2014/08/31 01:55:56 [I][::1] get /web/acat
2014/08/31 01:55:56 [I][::1] get /web/gcat
2014/08/31 01:55:57 [I][::1] get /web/gcat
2014/08/31 01:55:57 [I][::1] get /web/gcat
2014/08/31 01:55:57 [I][::1] get /web/home
2014/08/31 01:55:58 [I][::1] get /web/gcat
2014/08/31 01:55:58 [I][::1] get /web/gcat
2014/08/31 01:55:59 [I][::1] get /web/gcat
2014/08/31 01:55:59 [I][::1] get /web/gcat
2014/08/31 01:56:00 [I][::1] get /web/acat
2014/08/31 01:56:00 [I][::1] get /web/acat
2014/08/31 01:56:00 [I][::1] get /web/message
2014/08/31 01:56:01 [I][::1] get /web/home
2014/08/31 01:56:51 [I][::1] get /web/gcat
2014/08/31 01:56:52 [I][::1] get /web/gcat
2014/08/31 01:56:53 [I][::1] get /web/gcat
2014/08/31 01:56:54 [I][::1] get /web/gcat
2014/08/31 01:56:54 [I][::1] get /web/gcat
2014/08/31 01:56:55 [I][::1] get /web/gcat
2014/08/31 01:56:56 [I][::1] get /web/gcat
2014/08/31 01:56:57 [I][::1] get /web/gcat
2014/08/31 01:56:57 [I][::1] get /web/gcat
2014/08/31 01:56:58 [I][::1] get /web/gcat
2014/08/31 01:56:58 [I][::1] get /web/gcat
2014/08/31 01:56:59 [I][::1] get /web/gcat
2014/08/31 01:57:00 [I][::1] get /web/gcat
2014/08/31 01:57:00 [I][::1] get /web/gcat
2014/08/31 01:57:01 [I][::1] get /web/gcat
2014/08/31 01:57:04 [I][::1] get /web/gcat
2014/08/31 01:57:04 [I][::1] get /web/gcat
2014/08/31 01:57:05 [I][::1] get /web/gcat
2014/08/31 01:57:09 [I][::1] get /web/gcat
2014/08/31 01:57:10 [I][::1] get /web/gcat
2014/08/31 01:57:14 [I][::1] get /web/gcat
2014/08/31 01:57:32 [I][::1] get /web/home
2014/08/31 01:57:36 [I][::1] get /web/gcat
