2014/07/16 00:01:25 [I][::1] get /webmaster/logout
2014/07/16 00:01:25 [I][::1] get /webmaster/errorpage
2014/07/16 00:01:26 [I][::1] get /webmaster/login
2014/07/16 00:01:33 [I][::1] post /webmaster/login
2014/07/16 00:01:33 [I][::1] root logged
2014/07/16 00:01:33 [I][::1] get /webmaster/dashboard
2014/07/16 00:01:35 [I][::1] get /webmaster/goods
2014/07/16 00:01:38 [I][::1] get /webmaster/goods/edit
2014/07/16 00:01:43 [I][::1] post /updateprocess/webmaster/uploadify
2014/07/16 00:01:43 [I]save file: E:\SkyDrive\xianmau\Project\goworkspace\ECPlatform\src\uploads\goods\1/1405440103.jpg
2014/07/16 00:01:51 [I][::1] post /updateprocess/webmaster/uploadify
2014/07/16 00:01:51 [I]save file: E:\SkyDrive\xianmau\Project\goworkspace\ECPlatform\src\uploads\goods\1/1405440111.jpg
2014/07/16 00:02:00 [I][::1] post /updateprocess/webmaster/uploadify
2014/07/16 00:02:00 [I]save file: E:\SkyDrive\xianmau\Project\goworkspace\ECPlatform\src\uploads\goods\1/1405440120.jpg
2014/07/16 00:02:22 [I][::1] post /updateprocess/webmaster/uploadify
2014/07/16 00:02:22 [I]save file: E:\SkyDrive\xianmau\Project\goworkspace\ECPlatform\src\uploads\goods\1/1405440142.jpg
2014/07/16 00:04:10 [I][::1] get /webmaster/goods/edit
2014/07/16 00:04:17 [I][::1] post /updateprocess/webmaster/uploadify
2014/07/16 00:04:17 [I]save file: E:\SkyDrive\xianmau\Project\goworkspace\ECPlatform\src\uploads\goods\1/1405440257.jpg
2014/07/16 00:14:14 [I][::1] get /webmaster/goods/edit
2014/07/16 00:14:37 [I][::1] get /webmaster/goods/edit
2014/07/16 00:14:44 [I][::1] post /updateprocess/webmaster/uploadify
2014/07/16 00:14:44 [I]save file: E:\SkyDrive\xianmau\Project\goworkspace\ECPlatform\src\uploads\goods\1/1405440884.jpg
2014/07/16 00:17:51 [I][::1] get /webmaster/goods/edit
2014/07/16 00:17:59 [I][::1] post /updateprocess/webmaster/uploadify
2014/07/16 00:17:59 [I]save file: E:\SkyDrive\xianmau\Project\goworkspace\ECPlatform\src\uploads\goods\1/1405441079.jpg
2014/07/16 00:18:34 [I][::1] get /webmaster/goods/edit
2014/07/16 00:18:39 [I][::1] post /updateprocess/webmaster/uploadify
2014/07/16 00:18:39 [I]save file: E:\SkyDrive\xianmau\Project\goworkspace\ECPlatform\src\uploads\goods\1/1405441119.jpg
2014/07/16 00:19:19 [I][::1] get /webmaster/goods/edit
2014/07/16 00:19:26 [I][::1] post /updateprocess/webmaster/uploadify
2014/07/16 00:19:26 [I]save file: E:\SkyDrive\xianmau\Project\goworkspace\ECPlatform\src\uploads\goods\1/1405441166.jpg
2014/07/16 00:19:44 [I][::1] get /webmaster/goods/edit
2014/07/16 00:19:52 [I][::1] post /updateprocess/webmaster/uploadify
2014/07/16 00:19:52 [I]save file: E:\SkyDrive\xianmau\Project\goworkspace\ECPlatform\src\uploads\goods\1/1405441192.jpg
2014/07/16 00:20:47 [I][::1] get /webmaster/goods/edit
2014/07/16 00:20:54 [I][::1] post /updateprocess/webmaster/uploadify
2014/07/16 00:20:54 [I]save file: E:\SkyDrive\xianmau\Project\goworkspace\ECPlatform\src\uploads\goods\1/1405441254.jpg
2014/07/16 00:22:39 [I][::1] get /webmaster/goods/edit
2014/07/16 00:22:46 [I][::1] post /updateprocess/webmaster/uploadify
2014/07/16 00:22:46 [I]save file: E:\SkyDrive\xianmau\Project\goworkspace\ECPlatform\src\uploads\goods\1/1405441366.jpg
2014/07/16 00:23:19 [I][::1] get /webmaster/goods/edit
2014/07/16 00:23:25 [I][::1] post /updateprocess/webmaster/uploadify
2014/07/16 00:23:25 [I]save file: E:\SkyDrive\xianmau\Project\goworkspace\ECPlatform\src\uploads\goods\1/1405441405.jpg
2014/07/16 00:24:13 [I][::1] get /webmaster/goods/edit
2014/07/16 00:24:19 [I][::1] post /updateprocess/webmaster/uploadify
2014/07/16 00:24:19 [I]save file: E:\SkyDrive\xianmau\Project\goworkspace\ECPlatform\src\uploads\goods\1/1405441459.jpg
2014/07/16 00:25:06 [I][::1] get /webmaster/goods/edit
2014/07/16 00:25:13 [I][::1] post /updateprocess/webmaster/uploadify
2014/07/16 00:25:13 [I]save file: E:\SkyDrive\xianmau\Project\goworkspace\ECPlatform\src\uploads\goods\1/1405441513.jpg
2014/07/16 00:26:02 [I][::1] get /webmaster/goods/edit
2014/07/16 00:26:08 [I][::1] post /updateprocess/webmaster/uploadify
2014/07/16 00:26:08 [I]save file: E:\SkyDrive\xianmau\Project\goworkspace\ECPlatform\src\uploads\goods\1/1405441568.jpg
2014/07/16 00:31:25 [I][::1] get /webmaster/goods/edit
2014/07/16 00:31:31 [I][::1] post /updateprocess/webmaster/uploadify
2014/07/16 00:31:31 [I]save file: E:\SkyDrive\xianmau\Project\goworkspace\ECPlatform\src\uploads\goods\1/1405441891.jpg
2014/07/16 00:57:43 [I][::1] get /webmaster/goods/edit
2014/07/16 00:58:11 [I][::1] get /webmaster/goods/edit
2014/07/16 00:58:54 [I][::1] get /webmaster/goods/edit
2014/07/16 00:59:21 [I][::1] get /webmaster/goods/edit
2014/07/16 00:59:40 [I][::1] get /webmaster/goods/edit
2014/07/16 00:59:47 [I][::1] post /updateprocess/webmaster/uploadify
2014/07/16 00:59:47 [I]save file: E:\SkyDrive\xianmau\Project\goworkspace\ECPlatform\src\uploads\goods\1/1405443587.jpg
2014/07/16 01:00:16 [I][::1] get /webmaster/goods/edit
2014/07/16 01:00:22 [I][::1] post /updateprocess/webmaster/uploadify
2014/07/16 01:00:22 [I]save file: E:\SkyDrive\xianmau\Project\goworkspace\ECPlatform\src\uploads\goods\1/1405443622.jpg
2014/07/16 01:00:36 [I][::1] get /webmaster/goods/edit
2014/07/16 01:00:42 [I][::1] post /updateprocess/webmaster/uploadify
2014/07/16 01:00:42 [I]save file: E:\SkyDrive\xianmau\Project\goworkspace\ECPlatform\src\uploads\goods\1/1405443642.jpg
2014/07/16 01:02:24 [I][::1] get /webmaster/goods/edit
2014/07/16 01:02:30 [I][::1] post /updateprocess/webmaster/uploadify
2014/07/16 01:02:30 [I]save file: E:\SkyDrive\xianmau\Project\goworkspace\ECPlatform\src\uploads\goods\1/1405443750.jpg
2014/07/16 01:04:03 [I][::1] get /webmaster/goods/edit
2014/07/16 01:04:14 [I][::1] post /updateprocess/webmaster/uploadify
2014/07/16 01:04:14 [I]save file: E:\SkyDrive\xianmau\Project\goworkspace\ECPlatform\src\uploads\goods\1/1405443854.jpg
2014/07/16 01:09:19 [I][::1] get /webmaster/goods/edit
2014/07/16 01:09:36 [I][::1] get /webmaster/goods/edit
2014/07/16 01:09:56 [I][::1] get /webmaster/goods/edit
2014/07/16 01:10:53 [I][::1] get /webmaster/goods/edit
2014/07/16 01:12:15 [I][::1] get /webmaster/goods/edit
2014/07/16 01:16:23 [I][::1] post /updateprocess/webmaster/uploadify
2014/07/16 01:16:23 [I]save file: E:\SkyDrive\xianmau\Project\goworkspace\ECPlatform\src\uploads\goods\1/1405444583.jpg
2014/07/16 01:16:26 [I][::1] post /updateprocess/webmaster/uploadify
2014/07/16 01:16:26 [I]save file: E:\SkyDrive\xianmau\Project\goworkspace\ECPlatform\src\uploads\goods\1/1405444586.jpg
2014/07/16 01:16:29 [I][::1] post /updateprocess/webmaster/uploadify
2014/07/16 01:16:29 [I]save file: E:\SkyDrive\xianmau\Project\goworkspace\ECPlatform\src\uploads\goods\1/1405444589.jpg
2014/07/16 01:16:37 [I][::1] post /updateprocess/webmaster/uploadify
2014/07/16 01:16:37 [I]save file: E:\SkyDrive\xianmau\Project\goworkspace\ECPlatform\src\uploads\goods\1/1405444597.jpg
2014/07/16 01:16:41 [I][::1] post /updateprocess/webmaster/uploadify
2014/07/16 01:16:41 [I]save file: E:\SkyDrive\xianmau\Project\goworkspace\ECPlatform\src\uploads\goods\1/1405444601.jpg
2014/07/16 01:17:38 [I][::1] get /webmaster/goods/edit
2014/07/16 01:17:47 [I][::1] post /updateprocess/webmaster/uploadify
2014/07/16 01:17:47 [I]save file: E:\SkyDrive\xianmau\Project\goworkspace\ECPlatform\src\uploads\goods\1/1405444667.jpg
2014/07/16 01:17:52 [I][::1] post /updateprocess/webmaster/uploadify
2014/07/16 01:17:52 [I]save file: E:\SkyDrive\xianmau\Project\goworkspace\ECPlatform\src\uploads\goods\1/1405444672.jpg
2014/07/16 01:20:24 [I][::1] get /webmaster/goods/edit
2014/07/16 01:21:52 [I][::1] get /webmaster/goods/edit
2014/07/16 01:22:28 [I][::1] get /webmaster/goods/edit
2014/07/16 01:22:46 [I][::1] get /webmaster/goods/edit
2014/07/16 01:22:54 [I][::1] post /updateprocess/webmaster/uploadify
2014/07/16 01:22:54 [I]save file: E:\SkyDrive\xianmau\Project\goworkspace\ECPlatform\src\uploads\goods\1/1405444974.jpg
2014/07/16 01:22:57 [I][::1] post /updateprocess/webmaster/uploadify
2014/07/16 01:22:57 [I]save file: E:\SkyDrive\xianmau\Project\goworkspace\ECPlatform\src\uploads\goods\1/1405444977.jpg
2014/07/16 01:23:02 [I][::1] post /updateprocess/webmaster/uploadify
2014/07/16 01:23:02 [I]save file: E:\SkyDrive\xianmau\Project\goworkspace\ECPlatform\src\uploads\goods\1/1405444982.jpg
2014/07/16 01:23:05 [I][::1] post /updateprocess/webmaster/uploadify
2014/07/16 01:23:05 [I]save file: E:\SkyDrive\xianmau\Project\goworkspace\ECPlatform\src\uploads\goods\1/1405444985.jpg
2014/07/16 01:23:07 [I][::1] post /webmaster/goods/edit
2014/07/16 01:23:08 [I][::1] get /webmaster/goods/edit
2014/07/16 01:23:26 [I][::1] post /updateprocess/webmaster/uploadify
2014/07/16 01:23:26 [I]save file: E:\SkyDrive\xianmau\Project\goworkspace\ECPlatform\src\uploads\goods\1/1405445006.jpg
2014/07/16 01:23:27 [I][::1] post /webmaster/goods/edit
2014/07/16 01:23:27 [I][::1] get /webmaster/goods/edit
2014/07/16 01:25:09 [I][::1] get /webmaster/goods/edit
2014/07/16 01:25:30 [I][::1] get /webmaster/goods/edit
2014/07/16 01:33:40 [I][::1] get /webmaster/goods/edit
2014/07/16 01:33:49 [I][::1] post /updateprocess/webmaster/uploadify
2014/07/16 01:33:49 [I]save file: E:\SkyDrive\xianmau\Project\goworkspace\ECPlatform\src\uploads\goods\1/1405445629.jpg
2014/07/16 01:34:31 [I][::1] get /webmaster/goods/edit
2014/07/16 01:34:37 [I][::1] post /updateprocess/webmaster/uploadify
2014/07/16 01:34:37 [I]save file: E:\SkyDrive\xianmau\Project\goworkspace\ECPlatform\src\uploads\goods\1/1405445677.jpg
2014/07/16 01:34:40 [I][::1] post /webmaster/goods/edit
2014/07/16 01:34:40 [I][::1] get /webmaster/goods/edit
2014/07/16 01:35:38 [I][::1] get /webmaster/goods/edit
2014/07/16 01:35:58 [I][::1] get /webmaster/goods/edit
2014/07/16 01:36:04 [I][::1] get /webmaster/goods/edit
2014/07/16 01:36:31 [I][::1] get /webmaster/dashboard
2014/07/16 01:36:32 [I][::1] get /webmaster/goods
2014/07/16 01:36:43 [I][::1] get /webmaster/goods
2014/07/16 01:36:45 [I][::1] get /webmaster/goods/create
2014/07/16 01:36:49 [I][::1] get /webmaster/goods/edit
